[2025-04-05T19:14:23.090+0000] {local_task_job_runner.py:123} INFO - ::group::Pre task execution logs
[2025-04-05T19:14:23.226+0000] {taskinstance.py:2614} INFO - Dependencies all met for dep_context=non-requeueable deps ti=<TaskInstance: data_process.Init_session.Postgres_connection manual__2025-04-05T19:14:19.728345+00:00 [queued]>
[2025-04-05T19:14:23.232+0000] {taskinstance.py:2614} INFO - Dependencies all met for dep_context=requeueable deps ti=<TaskInstance: data_process.Init_session.Postgres_connection manual__2025-04-05T19:14:19.728345+00:00 [queued]>
[2025-04-05T19:14:23.233+0000] {taskinstance.py:2867} INFO - Starting attempt 1 of 6
[2025-04-05T19:14:23.242+0000] {taskinstance.py:2890} INFO - Executing <Task(PythonOperator): Init_session.Postgres_connection> on 2025-04-05 19:14:19.728345+00:00
[2025-04-05T19:14:23.248+0000] {warnings.py:112} WARNING - /home/***/.local/lib/python3.12/site-packages/***/task/task_runner/standard_task_runner.py:70: DeprecationWarning: This process (pid=111) is multi-threaded, use of fork() may lead to deadlocks in the child.
  pid = os.fork()

[2025-04-05T19:14:23.249+0000] {standard_task_runner.py:72} INFO - Started process 113 to run task
[2025-04-05T19:14:23.250+0000] {standard_task_runner.py:104} INFO - Running: ['***', 'tasks', 'run', 'data_process', 'Init_session.Postgres_connection', 'manual__2025-04-05T19:14:19.728345+00:00', '--job-id', '79', '--raw', '--subdir', 'DAGS_FOLDER/main.py', '--cfg-path', '/tmp/tmplyz2r1o4']
[2025-04-05T19:14:23.251+0000] {standard_task_runner.py:105} INFO - Job 79: Subtask Init_session.Postgres_connection
[2025-04-05T19:14:23.284+0000] {task_command.py:467} INFO - Running <TaskInstance: data_process.Init_session.Postgres_connection manual__2025-04-05T19:14:19.728345+00:00 [running]> on host 982aa2ee614c
[2025-04-05T19:14:23.346+0000] {taskinstance.py:3134} INFO - Exporting env vars: AIRFLOW_CTX_DAG_OWNER='***' AIRFLOW_CTX_DAG_ID='data_process' AIRFLOW_CTX_TASK_ID='Init_session.Postgres_connection' AIRFLOW_CTX_EXECUTION_DATE='2025-04-05T19:14:19.728345+00:00' AIRFLOW_CTX_TRY_NUMBER='1' AIRFLOW_CTX_DAG_RUN_ID='manual__2025-04-05T19:14:19.728345+00:00'
[2025-04-05T19:14:23.347+0000] {logging_mixin.py:190} INFO - Task instance is in running state
[2025-04-05T19:14:23.347+0000] {logging_mixin.py:190} INFO -  Previous state of the Task instance: queued
[2025-04-05T19:14:23.347+0000] {logging_mixin.py:190} INFO - Current task name:Init_session.Postgres_connection state:running start_date:2025-04-05 19:14:23.226616+00:00
[2025-04-05T19:14:23.347+0000] {logging_mixin.py:190} INFO - Dag name:data_process and current dag run status:running
[2025-04-05T19:14:23.348+0000] {taskinstance.py:732} INFO - ::endgroup::
[2025-04-05T19:14:23.369+0000] {logging_mixin.py:190} INFO - Успешное подключение! Результат запроса: PostgreSQL 17.4 (Debian 17.4-1.pgdg120+2) on x86_64-pc-linux-gnu, compiled by gcc (Debian 12.2.0-14) 12.2.0, 64-bit
[2025-04-05T19:14:23.370+0000] {python.py:240} INFO - Done. Returned value was: None
[2025-04-05T19:14:23.377+0000] {taskinstance.py:341} INFO - ::group::Post task execution logs
[2025-04-05T19:14:23.378+0000] {taskinstance.py:353} INFO - Marking task as SUCCESS. dag_id=data_process, task_id=Init_session.Postgres_connection, run_id=manual__2025-04-05T19:14:19.728345+00:00, execution_date=20250405T191419, start_date=20250405T191423, end_date=20250405T191423
[2025-04-05T19:14:23.394+0000] {logging_mixin.py:190} INFO - Task instance in success state
[2025-04-05T19:14:23.395+0000] {logging_mixin.py:190} INFO -  Previous state of the Task instance: running
[2025-04-05T19:14:23.395+0000] {logging_mixin.py:190} INFO - Dag name:data_process queued_at:2025-04-05 19:14:19.737720+00:00
[2025-04-05T19:14:23.395+0000] {logging_mixin.py:190} INFO - Task hostname:982aa2ee614c operator:PythonOperator
[2025-04-05T19:14:23.424+0000] {local_task_job_runner.py:266} INFO - Task exited with return code 0
[2025-04-05T19:14:23.437+0000] {taskinstance.py:3901} INFO - 0 downstream tasks scheduled from follow-on schedule check
[2025-04-05T19:14:23.439+0000] {local_task_job_runner.py:245} INFO - ::endgroup::
