[2025-06-12T12:10:00.539+0000] {processor.py:186} INFO - Started process (PID=212) to work on /opt/airflow/dags/main.py
[2025-06-12T12:10:00.540+0000] {processor.py:914} INFO - Processing file /opt/airflow/dags/main.py for tasks to queue
[2025-06-12T12:10:00.542+0000] {logging_mixin.py:190} INFO - [2025-06-12T12:10:00.542+0000] {dagbag.py:588} INFO - Filling up the DagBag from /opt/airflow/dags/main.py
[2025-06-12T12:10:00.560+0000] {processor.py:925} INFO - DAG(s) 'data_process' retrieved from /opt/airflow/dags/main.py
[2025-06-12T12:10:00.615+0000] {logging_mixin.py:190} INFO - [2025-06-12T12:10:00.614+0000] {dag.py:3239} INFO - Sync 1 DAGs
[2025-06-12T12:10:00.633+0000] {logging_mixin.py:190} INFO - [2025-06-12T12:10:00.632+0000] {dag.py:4180} INFO - Setting next_dagrun for data_process to None, run_after=None
[2025-06-12T12:10:00.653+0000] {processor.py:208} INFO - Processing /opt/airflow/dags/main.py took 0.120 seconds
[2025-06-12T12:10:31.086+0000] {processor.py:186} INFO - Started process (PID=516) to work on /opt/airflow/dags/main.py
[2025-06-12T12:10:31.086+0000] {processor.py:914} INFO - Processing file /opt/airflow/dags/main.py for tasks to queue
[2025-06-12T12:10:31.088+0000] {logging_mixin.py:190} INFO - [2025-06-12T12:10:31.088+0000] {dagbag.py:588} INFO - Filling up the DagBag from /opt/airflow/dags/main.py
[2025-06-12T12:10:31.098+0000] {processor.py:925} INFO - DAG(s) 'data_process' retrieved from /opt/airflow/dags/main.py
[2025-06-12T12:10:31.111+0000] {logging_mixin.py:190} INFO - [2025-06-12T12:10:31.110+0000] {dag.py:3239} INFO - Sync 1 DAGs
[2025-06-12T12:10:31.121+0000] {logging_mixin.py:190} INFO - [2025-06-12T12:10:31.121+0000] {dag.py:4180} INFO - Setting next_dagrun for data_process to None, run_after=None
[2025-06-12T12:10:31.143+0000] {processor.py:208} INFO - Processing /opt/airflow/dags/main.py took 0.061 seconds
[2025-06-12T12:11:01.233+0000] {processor.py:186} INFO - Started process (PID=812) to work on /opt/airflow/dags/main.py
[2025-06-12T12:11:01.234+0000] {processor.py:914} INFO - Processing file /opt/airflow/dags/main.py for tasks to queue
[2025-06-12T12:11:01.235+0000] {logging_mixin.py:190} INFO - [2025-06-12T12:11:01.235+0000] {dagbag.py:588} INFO - Filling up the DagBag from /opt/airflow/dags/main.py
[2025-06-12T12:11:01.245+0000] {processor.py:925} INFO - DAG(s) 'data_process' retrieved from /opt/airflow/dags/main.py
[2025-06-12T12:11:01.259+0000] {logging_mixin.py:190} INFO - [2025-06-12T12:11:01.259+0000] {dag.py:3239} INFO - Sync 1 DAGs
[2025-06-12T12:11:01.270+0000] {logging_mixin.py:190} INFO - [2025-06-12T12:11:01.270+0000] {dag.py:4180} INFO - Setting next_dagrun for data_process to None, run_after=None
[2025-06-12T12:11:01.283+0000] {processor.py:208} INFO - Processing /opt/airflow/dags/main.py took 0.056 seconds
[2025-06-12T12:11:31.491+0000] {processor.py:186} INFO - Started process (PID=1108) to work on /opt/airflow/dags/main.py
[2025-06-12T12:11:31.492+0000] {processor.py:914} INFO - Processing file /opt/airflow/dags/main.py for tasks to queue
[2025-06-12T12:11:31.494+0000] {logging_mixin.py:190} INFO - [2025-06-12T12:11:31.493+0000] {dagbag.py:588} INFO - Filling up the DagBag from /opt/airflow/dags/main.py
[2025-06-12T12:11:31.504+0000] {processor.py:925} INFO - DAG(s) 'data_process' retrieved from /opt/airflow/dags/main.py
[2025-06-12T12:11:31.517+0000] {logging_mixin.py:190} INFO - [2025-06-12T12:11:31.517+0000] {dag.py:3239} INFO - Sync 1 DAGs
[2025-06-12T12:11:31.529+0000] {logging_mixin.py:190} INFO - [2025-06-12T12:11:31.528+0000] {dag.py:4180} INFO - Setting next_dagrun for data_process to None, run_after=None
[2025-06-12T12:11:31.542+0000] {processor.py:208} INFO - Processing /opt/airflow/dags/main.py took 0.055 seconds
[2025-06-12T12:12:01.669+0000] {processor.py:186} INFO - Started process (PID=1404) to work on /opt/airflow/dags/main.py
[2025-06-12T12:12:01.670+0000] {processor.py:914} INFO - Processing file /opt/airflow/dags/main.py for tasks to queue
[2025-06-12T12:12:01.672+0000] {logging_mixin.py:190} INFO - [2025-06-12T12:12:01.671+0000] {dagbag.py:588} INFO - Filling up the DagBag from /opt/airflow/dags/main.py
[2025-06-12T12:12:01.682+0000] {processor.py:925} INFO - DAG(s) 'data_process' retrieved from /opt/airflow/dags/main.py
[2025-06-12T12:12:01.697+0000] {logging_mixin.py:190} INFO - [2025-06-12T12:12:01.697+0000] {dag.py:3239} INFO - Sync 1 DAGs
[2025-06-12T12:12:01.710+0000] {logging_mixin.py:190} INFO - [2025-06-12T12:12:01.710+0000] {dag.py:4180} INFO - Setting next_dagrun for data_process to None, run_after=None
[2025-06-12T12:12:01.730+0000] {processor.py:208} INFO - Processing /opt/airflow/dags/main.py took 0.065 seconds
[2025-06-12T12:12:31.817+0000] {processor.py:186} INFO - Started process (PID=1700) to work on /opt/airflow/dags/main.py
[2025-06-12T12:12:31.818+0000] {processor.py:914} INFO - Processing file /opt/airflow/dags/main.py for tasks to queue
[2025-06-12T12:12:31.820+0000] {logging_mixin.py:190} INFO - [2025-06-12T12:12:31.820+0000] {dagbag.py:588} INFO - Filling up the DagBag from /opt/airflow/dags/main.py
[2025-06-12T12:12:31.831+0000] {processor.py:925} INFO - DAG(s) 'data_process' retrieved from /opt/airflow/dags/main.py
[2025-06-12T12:12:31.844+0000] {logging_mixin.py:190} INFO - [2025-06-12T12:12:31.844+0000] {dag.py:3239} INFO - Sync 1 DAGs
[2025-06-12T12:12:31.857+0000] {logging_mixin.py:190} INFO - [2025-06-12T12:12:31.856+0000] {dag.py:4180} INFO - Setting next_dagrun for data_process to None, run_after=None
[2025-06-12T12:12:31.871+0000] {processor.py:208} INFO - Processing /opt/airflow/dags/main.py took 0.059 seconds
[2025-06-12T12:13:01.999+0000] {processor.py:186} INFO - Started process (PID=1996) to work on /opt/airflow/dags/main.py
[2025-06-12T12:13:02.000+0000] {processor.py:914} INFO - Processing file /opt/airflow/dags/main.py for tasks to queue
[2025-06-12T12:13:02.002+0000] {logging_mixin.py:190} INFO - [2025-06-12T12:13:02.002+0000] {dagbag.py:588} INFO - Filling up the DagBag from /opt/airflow/dags/main.py
[2025-06-12T12:13:02.011+0000] {processor.py:925} INFO - DAG(s) 'data_process' retrieved from /opt/airflow/dags/main.py
[2025-06-12T12:13:02.024+0000] {logging_mixin.py:190} INFO - [2025-06-12T12:13:02.024+0000] {dag.py:3239} INFO - Sync 1 DAGs
[2025-06-12T12:13:02.035+0000] {logging_mixin.py:190} INFO - [2025-06-12T12:13:02.035+0000] {dag.py:4180} INFO - Setting next_dagrun for data_process to None, run_after=None
[2025-06-12T12:13:02.056+0000] {processor.py:208} INFO - Processing /opt/airflow/dags/main.py took 0.061 seconds
[2025-06-12T12:13:32.179+0000] {processor.py:186} INFO - Started process (PID=2292) to work on /opt/airflow/dags/main.py
[2025-06-12T12:13:32.180+0000] {processor.py:914} INFO - Processing file /opt/airflow/dags/main.py for tasks to queue
[2025-06-12T12:13:32.182+0000] {logging_mixin.py:190} INFO - [2025-06-12T12:13:32.181+0000] {dagbag.py:588} INFO - Filling up the DagBag from /opt/airflow/dags/main.py
[2025-06-12T12:13:32.192+0000] {processor.py:925} INFO - DAG(s) 'data_process' retrieved from /opt/airflow/dags/main.py
[2025-06-12T12:13:32.205+0000] {logging_mixin.py:190} INFO - [2025-06-12T12:13:32.205+0000] {dag.py:3239} INFO - Sync 1 DAGs
[2025-06-12T12:13:32.215+0000] {logging_mixin.py:190} INFO - [2025-06-12T12:13:32.215+0000] {dag.py:4180} INFO - Setting next_dagrun for data_process to None, run_after=None
[2025-06-12T12:13:32.237+0000] {processor.py:208} INFO - Processing /opt/airflow/dags/main.py took 0.063 seconds
[2025-06-12T12:14:03.033+0000] {processor.py:186} INFO - Started process (PID=2588) to work on /opt/airflow/dags/main.py
[2025-06-12T12:14:03.034+0000] {processor.py:914} INFO - Processing file /opt/airflow/dags/main.py for tasks to queue
[2025-06-12T12:14:03.037+0000] {logging_mixin.py:190} INFO - [2025-06-12T12:14:03.036+0000] {dagbag.py:588} INFO - Filling up the DagBag from /opt/airflow/dags/main.py
[2025-06-12T12:14:03.048+0000] {processor.py:925} INFO - DAG(s) 'data_process' retrieved from /opt/airflow/dags/main.py
[2025-06-12T12:14:03.061+0000] {logging_mixin.py:190} INFO - [2025-06-12T12:14:03.061+0000] {dag.py:3239} INFO - Sync 1 DAGs
[2025-06-12T12:14:03.073+0000] {logging_mixin.py:190} INFO - [2025-06-12T12:14:03.072+0000] {dag.py:4180} INFO - Setting next_dagrun for data_process to None, run_after=None
[2025-06-12T12:14:03.086+0000] {processor.py:208} INFO - Processing /opt/airflow/dags/main.py took 0.059 seconds
[2025-06-12T12:14:33.802+0000] {processor.py:186} INFO - Started process (PID=2884) to work on /opt/airflow/dags/main.py
[2025-06-12T12:14:33.803+0000] {processor.py:914} INFO - Processing file /opt/airflow/dags/main.py for tasks to queue
[2025-06-12T12:14:33.805+0000] {logging_mixin.py:190} INFO - [2025-06-12T12:14:33.805+0000] {dagbag.py:588} INFO - Filling up the DagBag from /opt/airflow/dags/main.py
[2025-06-12T12:14:33.815+0000] {processor.py:925} INFO - DAG(s) 'data_process' retrieved from /opt/airflow/dags/main.py
[2025-06-12T12:14:33.829+0000] {logging_mixin.py:190} INFO - [2025-06-12T12:14:33.829+0000] {dag.py:3239} INFO - Sync 1 DAGs
[2025-06-12T12:14:33.840+0000] {logging_mixin.py:190} INFO - [2025-06-12T12:14:33.840+0000] {dag.py:4180} INFO - Setting next_dagrun for data_process to None, run_after=None
[2025-06-12T12:14:33.853+0000] {processor.py:208} INFO - Processing /opt/airflow/dags/main.py took 0.056 seconds
[2025-06-12T12:15:04.577+0000] {processor.py:186} INFO - Started process (PID=3180) to work on /opt/airflow/dags/main.py
[2025-06-12T12:15:04.577+0000] {processor.py:914} INFO - Processing file /opt/airflow/dags/main.py for tasks to queue
[2025-06-12T12:15:04.579+0000] {logging_mixin.py:190} INFO - [2025-06-12T12:15:04.579+0000] {dagbag.py:588} INFO - Filling up the DagBag from /opt/airflow/dags/main.py
[2025-06-12T12:15:04.591+0000] {processor.py:925} INFO - DAG(s) 'data_process' retrieved from /opt/airflow/dags/main.py
[2025-06-12T12:15:04.605+0000] {logging_mixin.py:190} INFO - [2025-06-12T12:15:04.605+0000] {dag.py:3239} INFO - Sync 1 DAGs
[2025-06-12T12:15:04.616+0000] {logging_mixin.py:190} INFO - [2025-06-12T12:15:04.616+0000] {dag.py:4180} INFO - Setting next_dagrun for data_process to None, run_after=None
[2025-06-12T12:15:04.633+0000] {processor.py:208} INFO - Processing /opt/airflow/dags/main.py took 0.061 seconds
[2025-06-12T12:15:35.154+0000] {processor.py:186} INFO - Started process (PID=3476) to work on /opt/airflow/dags/main.py
[2025-06-12T12:15:35.155+0000] {processor.py:914} INFO - Processing file /opt/airflow/dags/main.py for tasks to queue
[2025-06-12T12:15:35.157+0000] {logging_mixin.py:190} INFO - [2025-06-12T12:15:35.156+0000] {dagbag.py:588} INFO - Filling up the DagBag from /opt/airflow/dags/main.py
[2025-06-12T12:15:35.166+0000] {processor.py:925} INFO - DAG(s) 'data_process' retrieved from /opt/airflow/dags/main.py
[2025-06-12T12:15:35.180+0000] {logging_mixin.py:190} INFO - [2025-06-12T12:15:35.179+0000] {dag.py:3239} INFO - Sync 1 DAGs
[2025-06-12T12:15:35.191+0000] {logging_mixin.py:190} INFO - [2025-06-12T12:15:35.191+0000] {dag.py:4180} INFO - Setting next_dagrun for data_process to None, run_after=None
[2025-06-12T12:15:35.205+0000] {processor.py:208} INFO - Processing /opt/airflow/dags/main.py took 0.056 seconds
[2025-06-12T12:16:05.587+0000] {processor.py:186} INFO - Started process (PID=3772) to work on /opt/airflow/dags/main.py
[2025-06-12T12:16:05.588+0000] {processor.py:914} INFO - Processing file /opt/airflow/dags/main.py for tasks to queue
[2025-06-12T12:16:05.590+0000] {logging_mixin.py:190} INFO - [2025-06-12T12:16:05.590+0000] {dagbag.py:588} INFO - Filling up the DagBag from /opt/airflow/dags/main.py
[2025-06-12T12:16:05.601+0000] {processor.py:925} INFO - DAG(s) 'data_process' retrieved from /opt/airflow/dags/main.py
[2025-06-12T12:16:05.616+0000] {logging_mixin.py:190} INFO - [2025-06-12T12:16:05.616+0000] {dag.py:3239} INFO - Sync 1 DAGs
[2025-06-12T12:16:05.627+0000] {logging_mixin.py:190} INFO - [2025-06-12T12:16:05.627+0000] {dag.py:4180} INFO - Setting next_dagrun for data_process to None, run_after=None
[2025-06-12T12:16:05.650+0000] {processor.py:208} INFO - Processing /opt/airflow/dags/main.py took 0.068 seconds
[2025-06-12T12:16:36.537+0000] {processor.py:186} INFO - Started process (PID=4068) to work on /opt/airflow/dags/main.py
[2025-06-12T12:16:36.538+0000] {processor.py:914} INFO - Processing file /opt/airflow/dags/main.py for tasks to queue
[2025-06-12T12:16:36.540+0000] {logging_mixin.py:190} INFO - [2025-06-12T12:16:36.540+0000] {dagbag.py:588} INFO - Filling up the DagBag from /opt/airflow/dags/main.py
[2025-06-12T12:16:36.550+0000] {processor.py:925} INFO - DAG(s) 'data_process' retrieved from /opt/airflow/dags/main.py
[2025-06-12T12:16:36.563+0000] {logging_mixin.py:190} INFO - [2025-06-12T12:16:36.563+0000] {dag.py:3239} INFO - Sync 1 DAGs
[2025-06-12T12:16:36.574+0000] {logging_mixin.py:190} INFO - [2025-06-12T12:16:36.574+0000] {dag.py:4180} INFO - Setting next_dagrun for data_process to None, run_after=None
[2025-06-12T12:16:36.589+0000] {processor.py:208} INFO - Processing /opt/airflow/dags/main.py took 0.057 seconds
[2025-06-12T12:17:07.121+0000] {processor.py:186} INFO - Started process (PID=4364) to work on /opt/airflow/dags/main.py
[2025-06-12T12:17:07.122+0000] {processor.py:914} INFO - Processing file /opt/airflow/dags/main.py for tasks to queue
[2025-06-12T12:17:07.124+0000] {logging_mixin.py:190} INFO - [2025-06-12T12:17:07.124+0000] {dagbag.py:588} INFO - Filling up the DagBag from /opt/airflow/dags/main.py
[2025-06-12T12:17:07.133+0000] {processor.py:925} INFO - DAG(s) 'data_process' retrieved from /opt/airflow/dags/main.py
[2025-06-12T12:17:07.146+0000] {logging_mixin.py:190} INFO - [2025-06-12T12:17:07.146+0000] {dag.py:3239} INFO - Sync 1 DAGs
[2025-06-12T12:17:07.157+0000] {logging_mixin.py:190} INFO - [2025-06-12T12:17:07.157+0000] {dag.py:4180} INFO - Setting next_dagrun for data_process to None, run_after=None
[2025-06-12T12:17:07.170+0000] {processor.py:208} INFO - Processing /opt/airflow/dags/main.py took 0.053 seconds
[2025-06-12T12:17:37.665+0000] {processor.py:186} INFO - Started process (PID=4660) to work on /opt/airflow/dags/main.py
[2025-06-12T12:17:37.666+0000] {processor.py:914} INFO - Processing file /opt/airflow/dags/main.py for tasks to queue
[2025-06-12T12:17:37.668+0000] {logging_mixin.py:190} INFO - [2025-06-12T12:17:37.668+0000] {dagbag.py:588} INFO - Filling up the DagBag from /opt/airflow/dags/main.py
[2025-06-12T12:17:37.680+0000] {processor.py:925} INFO - DAG(s) 'data_process' retrieved from /opt/airflow/dags/main.py
[2025-06-12T12:17:37.693+0000] {logging_mixin.py:190} INFO - [2025-06-12T12:17:37.692+0000] {dag.py:3239} INFO - Sync 1 DAGs
[2025-06-12T12:17:37.707+0000] {logging_mixin.py:190} INFO - [2025-06-12T12:17:37.707+0000] {dag.py:4180} INFO - Setting next_dagrun for data_process to None, run_after=None
[2025-06-12T12:17:37.725+0000] {processor.py:208} INFO - Processing /opt/airflow/dags/main.py took 0.065 seconds
[2025-06-12T12:18:08.232+0000] {processor.py:186} INFO - Started process (PID=4956) to work on /opt/airflow/dags/main.py
[2025-06-12T12:18:08.233+0000] {processor.py:914} INFO - Processing file /opt/airflow/dags/main.py for tasks to queue
[2025-06-12T12:18:08.235+0000] {logging_mixin.py:190} INFO - [2025-06-12T12:18:08.235+0000] {dagbag.py:588} INFO - Filling up the DagBag from /opt/airflow/dags/main.py
[2025-06-12T12:18:08.245+0000] {processor.py:925} INFO - DAG(s) 'data_process' retrieved from /opt/airflow/dags/main.py
[2025-06-12T12:18:08.258+0000] {logging_mixin.py:190} INFO - [2025-06-12T12:18:08.258+0000] {dag.py:3239} INFO - Sync 1 DAGs
[2025-06-12T12:18:08.269+0000] {logging_mixin.py:190} INFO - [2025-06-12T12:18:08.269+0000] {dag.py:4180} INFO - Setting next_dagrun for data_process to None, run_after=None
[2025-06-12T12:18:08.283+0000] {processor.py:208} INFO - Processing /opt/airflow/dags/main.py took 0.056 seconds
[2025-06-12T12:18:38.806+0000] {processor.py:186} INFO - Started process (PID=5252) to work on /opt/airflow/dags/main.py
[2025-06-12T12:18:38.807+0000] {processor.py:914} INFO - Processing file /opt/airflow/dags/main.py for tasks to queue
[2025-06-12T12:18:38.809+0000] {logging_mixin.py:190} INFO - [2025-06-12T12:18:38.809+0000] {dagbag.py:588} INFO - Filling up the DagBag from /opt/airflow/dags/main.py
[2025-06-12T12:18:38.819+0000] {processor.py:925} INFO - DAG(s) 'data_process' retrieved from /opt/airflow/dags/main.py
[2025-06-12T12:18:38.834+0000] {logging_mixin.py:190} INFO - [2025-06-12T12:18:38.834+0000] {dag.py:3239} INFO - Sync 1 DAGs
[2025-06-12T12:18:38.845+0000] {logging_mixin.py:190} INFO - [2025-06-12T12:18:38.845+0000] {dag.py:4180} INFO - Setting next_dagrun for data_process to None, run_after=None
[2025-06-12T12:18:38.868+0000] {processor.py:208} INFO - Processing /opt/airflow/dags/main.py took 0.068 seconds
[2025-06-12T12:19:09.418+0000] {processor.py:186} INFO - Started process (PID=5548) to work on /opt/airflow/dags/main.py
[2025-06-12T12:19:09.419+0000] {processor.py:914} INFO - Processing file /opt/airflow/dags/main.py for tasks to queue
[2025-06-12T12:19:09.421+0000] {logging_mixin.py:190} INFO - [2025-06-12T12:19:09.421+0000] {dagbag.py:588} INFO - Filling up the DagBag from /opt/airflow/dags/main.py
[2025-06-12T12:19:09.431+0000] {processor.py:925} INFO - DAG(s) 'data_process' retrieved from /opt/airflow/dags/main.py
[2025-06-12T12:19:09.445+0000] {logging_mixin.py:190} INFO - [2025-06-12T12:19:09.445+0000] {dag.py:3239} INFO - Sync 1 DAGs
[2025-06-12T12:19:09.456+0000] {logging_mixin.py:190} INFO - [2025-06-12T12:19:09.455+0000] {dag.py:4180} INFO - Setting next_dagrun for data_process to None, run_after=None
[2025-06-12T12:19:09.477+0000] {processor.py:208} INFO - Processing /opt/airflow/dags/main.py took 0.063 seconds
[2025-06-12T12:19:39.534+0000] {processor.py:186} INFO - Started process (PID=5844) to work on /opt/airflow/dags/main.py
[2025-06-12T12:19:39.535+0000] {processor.py:914} INFO - Processing file /opt/airflow/dags/main.py for tasks to queue
[2025-06-12T12:19:39.537+0000] {logging_mixin.py:190} INFO - [2025-06-12T12:19:39.536+0000] {dagbag.py:588} INFO - Filling up the DagBag from /opt/airflow/dags/main.py
[2025-06-12T12:19:39.548+0000] {processor.py:925} INFO - DAG(s) 'data_process' retrieved from /opt/airflow/dags/main.py
[2025-06-12T12:19:39.561+0000] {logging_mixin.py:190} INFO - [2025-06-12T12:19:39.561+0000] {dag.py:3239} INFO - Sync 1 DAGs
[2025-06-12T12:19:39.573+0000] {logging_mixin.py:190} INFO - [2025-06-12T12:19:39.572+0000] {dag.py:4180} INFO - Setting next_dagrun for data_process to None, run_after=None
[2025-06-12T12:19:39.594+0000] {processor.py:208} INFO - Processing /opt/airflow/dags/main.py took 0.066 seconds
