[2025-06-12T12:10:03.979+0000] {processor.py:186} INFO - Started process (PID=458) to work on /home/airflow/.local/lib/python3.12/site-packages/airflow/example_dags/example_datasets.py
[2025-06-12T12:10:03.980+0000] {processor.py:914} INFO - Processing file /home/airflow/.local/lib/python3.12/site-packages/airflow/example_dags/example_datasets.py for tasks to queue
[2025-06-12T12:10:03.983+0000] {logging_mixin.py:190} INFO - [2025-06-12T12:10:03.982+0000] {dagbag.py:588} INFO - Filling up the DagBag from /home/airflow/.local/lib/python3.12/site-packages/airflow/example_dags/example_datasets.py
[2025-06-12T12:10:04.364+0000] {processor.py:925} INFO - DAG(s) 'dataset_produces_1', 'dataset_consumes_1_never_scheduled', 'consume_1_or_2_with_dataset_expressions', 'consume_1_and_2_with_dataset_expressions', 'consume_1_or_both_2_and_3_with_dataset_expressions', 'dataset_consumes_1_and_2', 'dataset_produces_2', 'conditional_dataset_and_time_based_timetable', 'dataset_consumes_unknown_never_scheduled', 'dataset_consumes_1' retrieved from /home/airflow/.local/lib/python3.12/site-packages/airflow/example_dags/example_datasets.py
[2025-06-12T12:10:04.409+0000] {logging_mixin.py:190} INFO - [2025-06-12T12:10:04.408+0000] {dag.py:3239} INFO - Sync 10 DAGs
[2025-06-12T12:10:04.615+0000] {logging_mixin.py:190} INFO - [2025-06-12T12:10:04.615+0000] {dag.py:4180} INFO - Setting next_dagrun for conditional_dataset_and_time_based_timetable to 2025-06-11 01:00:00+00:00, run_after=2025-06-11 01:00:00+00:00
[2025-06-12T12:10:04.620+0000] {logging_mixin.py:190} INFO - [2025-06-12T12:10:04.620+0000] {dag.py:4180} INFO - Setting next_dagrun for consume_1_and_2_with_dataset_expressions to None, run_after=None
[2025-06-12T12:10:04.622+0000] {logging_mixin.py:190} INFO - [2025-06-12T12:10:04.621+0000] {dag.py:4180} INFO - Setting next_dagrun for consume_1_or_2_with_dataset_expressions to None, run_after=None
[2025-06-12T12:10:04.623+0000] {logging_mixin.py:190} INFO - [2025-06-12T12:10:04.623+0000] {dag.py:4180} INFO - Setting next_dagrun for consume_1_or_both_2_and_3_with_dataset_expressions to None, run_after=None
[2025-06-12T12:10:04.626+0000] {logging_mixin.py:190} INFO - [2025-06-12T12:10:04.625+0000] {dag.py:4180} INFO - Setting next_dagrun for dataset_consumes_1 to None, run_after=None
[2025-06-12T12:10:04.627+0000] {logging_mixin.py:190} INFO - [2025-06-12T12:10:04.627+0000] {dag.py:4180} INFO - Setting next_dagrun for dataset_consumes_1_and_2 to None, run_after=None
[2025-06-12T12:10:04.629+0000] {logging_mixin.py:190} INFO - [2025-06-12T12:10:04.629+0000] {dag.py:4180} INFO - Setting next_dagrun for dataset_consumes_1_never_scheduled to None, run_after=None
[2025-06-12T12:10:04.630+0000] {logging_mixin.py:190} INFO - [2025-06-12T12:10:04.630+0000] {dag.py:4180} INFO - Setting next_dagrun for dataset_consumes_unknown_never_scheduled to None, run_after=None
[2025-06-12T12:10:04.634+0000] {logging_mixin.py:190} INFO - [2025-06-12T12:10:04.633+0000] {dag.py:4180} INFO - Setting next_dagrun for dataset_produces_1 to 2025-06-11 00:00:00+00:00, run_after=2025-06-12 00:00:00+00:00
[2025-06-12T12:10:04.635+0000] {logging_mixin.py:190} INFO - [2025-06-12T12:10:04.635+0000] {dag.py:4180} INFO - Setting next_dagrun for dataset_produces_2 to None, run_after=None
[2025-06-12T12:10:04.680+0000] {processor.py:208} INFO - Processing /home/airflow/.local/lib/python3.12/site-packages/airflow/example_dags/example_datasets.py took 0.706 seconds
[2025-06-12T12:10:35.008+0000] {processor.py:186} INFO - Started process (PID=754) to work on /home/airflow/.local/lib/python3.12/site-packages/airflow/example_dags/example_datasets.py
[2025-06-12T12:10:35.009+0000] {processor.py:914} INFO - Processing file /home/airflow/.local/lib/python3.12/site-packages/airflow/example_dags/example_datasets.py for tasks to queue
[2025-06-12T12:10:35.010+0000] {logging_mixin.py:190} INFO - [2025-06-12T12:10:35.010+0000] {dagbag.py:588} INFO - Filling up the DagBag from /home/airflow/.local/lib/python3.12/site-packages/airflow/example_dags/example_datasets.py
[2025-06-12T12:10:35.317+0000] {processor.py:925} INFO - DAG(s) 'dataset_produces_1', 'dataset_consumes_1', 'dataset_consumes_1_and_2', 'dataset_consumes_1_never_scheduled', 'conditional_dataset_and_time_based_timetable', 'consume_1_or_2_with_dataset_expressions', 'dataset_consumes_unknown_never_scheduled', 'dataset_produces_2', 'consume_1_or_both_2_and_3_with_dataset_expressions', 'consume_1_and_2_with_dataset_expressions' retrieved from /home/airflow/.local/lib/python3.12/site-packages/airflow/example_dags/example_datasets.py
[2025-06-12T12:10:35.359+0000] {logging_mixin.py:190} INFO - [2025-06-12T12:10:35.359+0000] {dag.py:3239} INFO - Sync 10 DAGs
[2025-06-12T12:10:35.524+0000] {logging_mixin.py:190} INFO - [2025-06-12T12:10:35.524+0000] {dag.py:4180} INFO - Setting next_dagrun for conditional_dataset_and_time_based_timetable to 2025-06-11 01:00:00+00:00, run_after=2025-06-11 01:00:00+00:00
[2025-06-12T12:10:35.528+0000] {logging_mixin.py:190} INFO - [2025-06-12T12:10:35.528+0000] {dag.py:4180} INFO - Setting next_dagrun for consume_1_and_2_with_dataset_expressions to None, run_after=None
[2025-06-12T12:10:35.529+0000] {logging_mixin.py:190} INFO - [2025-06-12T12:10:35.529+0000] {dag.py:4180} INFO - Setting next_dagrun for consume_1_or_2_with_dataset_expressions to None, run_after=None
[2025-06-12T12:10:35.530+0000] {logging_mixin.py:190} INFO - [2025-06-12T12:10:35.530+0000] {dag.py:4180} INFO - Setting next_dagrun for consume_1_or_both_2_and_3_with_dataset_expressions to None, run_after=None
[2025-06-12T12:10:35.532+0000] {logging_mixin.py:190} INFO - [2025-06-12T12:10:35.531+0000] {dag.py:4180} INFO - Setting next_dagrun for dataset_consumes_1 to None, run_after=None
[2025-06-12T12:10:35.533+0000] {logging_mixin.py:190} INFO - [2025-06-12T12:10:35.533+0000] {dag.py:4180} INFO - Setting next_dagrun for dataset_consumes_1_and_2 to None, run_after=None
[2025-06-12T12:10:35.534+0000] {logging_mixin.py:190} INFO - [2025-06-12T12:10:35.534+0000] {dag.py:4180} INFO - Setting next_dagrun for dataset_consumes_1_never_scheduled to None, run_after=None
[2025-06-12T12:10:35.535+0000] {logging_mixin.py:190} INFO - [2025-06-12T12:10:35.535+0000] {dag.py:4180} INFO - Setting next_dagrun for dataset_consumes_unknown_never_scheduled to None, run_after=None
[2025-06-12T12:10:35.537+0000] {logging_mixin.py:190} INFO - [2025-06-12T12:10:35.537+0000] {dag.py:4180} INFO - Setting next_dagrun for dataset_produces_1 to 2025-06-11 00:00:00+00:00, run_after=2025-06-12 00:00:00+00:00
[2025-06-12T12:10:35.538+0000] {logging_mixin.py:190} INFO - [2025-06-12T12:10:35.538+0000] {dag.py:4180} INFO - Setting next_dagrun for dataset_produces_2 to None, run_after=None
[2025-06-12T12:10:35.568+0000] {processor.py:208} INFO - Processing /home/airflow/.local/lib/python3.12/site-packages/airflow/example_dags/example_datasets.py took 0.565 seconds
[2025-06-12T12:11:05.770+0000] {processor.py:186} INFO - Started process (PID=1050) to work on /home/airflow/.local/lib/python3.12/site-packages/airflow/example_dags/example_datasets.py
[2025-06-12T12:11:05.771+0000] {processor.py:914} INFO - Processing file /home/airflow/.local/lib/python3.12/site-packages/airflow/example_dags/example_datasets.py for tasks to queue
[2025-06-12T12:11:05.773+0000] {logging_mixin.py:190} INFO - [2025-06-12T12:11:05.773+0000] {dagbag.py:588} INFO - Filling up the DagBag from /home/airflow/.local/lib/python3.12/site-packages/airflow/example_dags/example_datasets.py
[2025-06-12T12:11:06.099+0000] {processor.py:925} INFO - DAG(s) 'dataset_consumes_1_and_2', 'conditional_dataset_and_time_based_timetable', 'dataset_consumes_unknown_never_scheduled', 'consume_1_or_both_2_and_3_with_dataset_expressions', 'consume_1_and_2_with_dataset_expressions', 'dataset_produces_1', 'dataset_produces_2', 'consume_1_or_2_with_dataset_expressions', 'dataset_consumes_1', 'dataset_consumes_1_never_scheduled' retrieved from /home/airflow/.local/lib/python3.12/site-packages/airflow/example_dags/example_datasets.py
[2025-06-12T12:11:06.131+0000] {logging_mixin.py:190} INFO - [2025-06-12T12:11:06.130+0000] {dag.py:3239} INFO - Sync 10 DAGs
[2025-06-12T12:11:06.286+0000] {logging_mixin.py:190} INFO - [2025-06-12T12:11:06.286+0000] {dag.py:4180} INFO - Setting next_dagrun for conditional_dataset_and_time_based_timetable to 2025-06-11 01:00:00+00:00, run_after=2025-06-11 01:00:00+00:00
[2025-06-12T12:11:06.289+0000] {logging_mixin.py:190} INFO - [2025-06-12T12:11:06.289+0000] {dag.py:4180} INFO - Setting next_dagrun for consume_1_and_2_with_dataset_expressions to None, run_after=None
[2025-06-12T12:11:06.290+0000] {logging_mixin.py:190} INFO - [2025-06-12T12:11:06.290+0000] {dag.py:4180} INFO - Setting next_dagrun for consume_1_or_2_with_dataset_expressions to None, run_after=None
[2025-06-12T12:11:06.291+0000] {logging_mixin.py:190} INFO - [2025-06-12T12:11:06.291+0000] {dag.py:4180} INFO - Setting next_dagrun for consume_1_or_both_2_and_3_with_dataset_expressions to None, run_after=None
[2025-06-12T12:11:06.292+0000] {logging_mixin.py:190} INFO - [2025-06-12T12:11:06.292+0000] {dag.py:4180} INFO - Setting next_dagrun for dataset_consumes_1 to None, run_after=None
[2025-06-12T12:11:06.293+0000] {logging_mixin.py:190} INFO - [2025-06-12T12:11:06.293+0000] {dag.py:4180} INFO - Setting next_dagrun for dataset_consumes_1_and_2 to None, run_after=None
[2025-06-12T12:11:06.294+0000] {logging_mixin.py:190} INFO - [2025-06-12T12:11:06.294+0000] {dag.py:4180} INFO - Setting next_dagrun for dataset_consumes_1_never_scheduled to None, run_after=None
[2025-06-12T12:11:06.295+0000] {logging_mixin.py:190} INFO - [2025-06-12T12:11:06.295+0000] {dag.py:4180} INFO - Setting next_dagrun for dataset_consumes_unknown_never_scheduled to None, run_after=None
[2025-06-12T12:11:06.297+0000] {logging_mixin.py:190} INFO - [2025-06-12T12:11:06.297+0000] {dag.py:4180} INFO - Setting next_dagrun for dataset_produces_1 to 2025-06-11 00:00:00+00:00, run_after=2025-06-12 00:00:00+00:00
[2025-06-12T12:11:06.298+0000] {logging_mixin.py:190} INFO - [2025-06-12T12:11:06.298+0000] {dag.py:4180} INFO - Setting next_dagrun for dataset_produces_2 to None, run_after=None
[2025-06-12T12:11:06.324+0000] {processor.py:208} INFO - Processing /home/airflow/.local/lib/python3.12/site-packages/airflow/example_dags/example_datasets.py took 0.560 seconds
[2025-06-12T12:11:36.507+0000] {processor.py:186} INFO - Started process (PID=1346) to work on /home/airflow/.local/lib/python3.12/site-packages/airflow/example_dags/example_datasets.py
[2025-06-12T12:11:36.508+0000] {processor.py:914} INFO - Processing file /home/airflow/.local/lib/python3.12/site-packages/airflow/example_dags/example_datasets.py for tasks to queue
[2025-06-12T12:11:36.510+0000] {logging_mixin.py:190} INFO - [2025-06-12T12:11:36.510+0000] {dagbag.py:588} INFO - Filling up the DagBag from /home/airflow/.local/lib/python3.12/site-packages/airflow/example_dags/example_datasets.py
[2025-06-12T12:11:36.921+0000] {processor.py:925} INFO - DAG(s) 'dataset_consumes_1_never_scheduled', 'dataset_produces_2', 'consume_1_or_both_2_and_3_with_dataset_expressions', 'dataset_consumes_1_and_2', 'consume_1_or_2_with_dataset_expressions', 'dataset_consumes_unknown_never_scheduled', 'dataset_consumes_1', 'conditional_dataset_and_time_based_timetable', 'dataset_produces_1', 'consume_1_and_2_with_dataset_expressions' retrieved from /home/airflow/.local/lib/python3.12/site-packages/airflow/example_dags/example_datasets.py
[2025-06-12T12:11:36.949+0000] {logging_mixin.py:190} INFO - [2025-06-12T12:11:36.949+0000] {dag.py:3239} INFO - Sync 10 DAGs
[2025-06-12T12:11:36.968+0000] {logging_mixin.py:190} INFO - [2025-06-12T12:11:36.967+0000] {dag.py:4180} INFO - Setting next_dagrun for conditional_dataset_and_time_based_timetable to 2025-06-11 01:00:00+00:00, run_after=2025-06-11 01:00:00+00:00
[2025-06-12T12:11:36.970+0000] {logging_mixin.py:190} INFO - [2025-06-12T12:11:36.970+0000] {dag.py:4180} INFO - Setting next_dagrun for consume_1_and_2_with_dataset_expressions to None, run_after=None
[2025-06-12T12:11:36.973+0000] {logging_mixin.py:190} INFO - [2025-06-12T12:11:36.972+0000] {dag.py:4180} INFO - Setting next_dagrun for consume_1_or_2_with_dataset_expressions to None, run_after=None
[2025-06-12T12:11:36.974+0000] {logging_mixin.py:190} INFO - [2025-06-12T12:11:36.973+0000] {dag.py:4180} INFO - Setting next_dagrun for consume_1_or_both_2_and_3_with_dataset_expressions to None, run_after=None
[2025-06-12T12:11:36.975+0000] {logging_mixin.py:190} INFO - [2025-06-12T12:11:36.974+0000] {dag.py:4180} INFO - Setting next_dagrun for dataset_consumes_1 to None, run_after=None
[2025-06-12T12:11:36.976+0000] {logging_mixin.py:190} INFO - [2025-06-12T12:11:36.975+0000] {dag.py:4180} INFO - Setting next_dagrun for dataset_consumes_1_and_2 to None, run_after=None
[2025-06-12T12:11:36.977+0000] {logging_mixin.py:190} INFO - [2025-06-12T12:11:36.976+0000] {dag.py:4180} INFO - Setting next_dagrun for dataset_consumes_1_never_scheduled to None, run_after=None
[2025-06-12T12:11:36.978+0000] {logging_mixin.py:190} INFO - [2025-06-12T12:11:36.977+0000] {dag.py:4180} INFO - Setting next_dagrun for dataset_consumes_unknown_never_scheduled to None, run_after=None
[2025-06-12T12:11:36.979+0000] {logging_mixin.py:190} INFO - [2025-06-12T12:11:36.979+0000] {dag.py:4180} INFO - Setting next_dagrun for dataset_produces_1 to 2025-06-11 00:00:00+00:00, run_after=2025-06-12 00:00:00+00:00
[2025-06-12T12:11:36.980+0000] {logging_mixin.py:190} INFO - [2025-06-12T12:11:36.980+0000] {dag.py:4180} INFO - Setting next_dagrun for dataset_produces_2 to None, run_after=None
[2025-06-12T12:11:37.003+0000] {processor.py:208} INFO - Processing /home/airflow/.local/lib/python3.12/site-packages/airflow/example_dags/example_datasets.py took 0.500 seconds
[2025-06-12T12:12:07.891+0000] {processor.py:186} INFO - Started process (PID=1642) to work on /home/airflow/.local/lib/python3.12/site-packages/airflow/example_dags/example_datasets.py
[2025-06-12T12:12:07.892+0000] {processor.py:914} INFO - Processing file /home/airflow/.local/lib/python3.12/site-packages/airflow/example_dags/example_datasets.py for tasks to queue
[2025-06-12T12:12:07.894+0000] {logging_mixin.py:190} INFO - [2025-06-12T12:12:07.894+0000] {dagbag.py:588} INFO - Filling up the DagBag from /home/airflow/.local/lib/python3.12/site-packages/airflow/example_dags/example_datasets.py
[2025-06-12T12:12:08.275+0000] {processor.py:925} INFO - DAG(s) 'conditional_dataset_and_time_based_timetable', 'consume_1_or_both_2_and_3_with_dataset_expressions', 'consume_1_and_2_with_dataset_expressions', 'dataset_consumes_1', 'dataset_consumes_unknown_never_scheduled', 'consume_1_or_2_with_dataset_expressions', 'dataset_consumes_1_never_scheduled', 'dataset_consumes_1_and_2', 'dataset_produces_2', 'dataset_produces_1' retrieved from /home/airflow/.local/lib/python3.12/site-packages/airflow/example_dags/example_datasets.py
[2025-06-12T12:12:08.306+0000] {logging_mixin.py:190} INFO - [2025-06-12T12:12:08.306+0000] {dag.py:3239} INFO - Sync 10 DAGs
[2025-06-12T12:12:08.323+0000] {logging_mixin.py:190} INFO - [2025-06-12T12:12:08.323+0000] {dag.py:4180} INFO - Setting next_dagrun for conditional_dataset_and_time_based_timetable to 2025-06-11 01:00:00+00:00, run_after=2025-06-11 01:00:00+00:00
[2025-06-12T12:12:08.326+0000] {logging_mixin.py:190} INFO - [2025-06-12T12:12:08.326+0000] {dag.py:4180} INFO - Setting next_dagrun for consume_1_and_2_with_dataset_expressions to None, run_after=None
[2025-06-12T12:12:08.327+0000] {logging_mixin.py:190} INFO - [2025-06-12T12:12:08.327+0000] {dag.py:4180} INFO - Setting next_dagrun for consume_1_or_2_with_dataset_expressions to None, run_after=None
[2025-06-12T12:12:08.328+0000] {logging_mixin.py:190} INFO - [2025-06-12T12:12:08.328+0000] {dag.py:4180} INFO - Setting next_dagrun for consume_1_or_both_2_and_3_with_dataset_expressions to None, run_after=None
[2025-06-12T12:12:08.330+0000] {logging_mixin.py:190} INFO - [2025-06-12T12:12:08.329+0000] {dag.py:4180} INFO - Setting next_dagrun for dataset_consumes_1 to None, run_after=None
[2025-06-12T12:12:08.330+0000] {logging_mixin.py:190} INFO - [2025-06-12T12:12:08.330+0000] {dag.py:4180} INFO - Setting next_dagrun for dataset_consumes_1_and_2 to None, run_after=None
[2025-06-12T12:12:08.331+0000] {logging_mixin.py:190} INFO - [2025-06-12T12:12:08.331+0000] {dag.py:4180} INFO - Setting next_dagrun for dataset_consumes_1_never_scheduled to None, run_after=None
[2025-06-12T12:12:08.332+0000] {logging_mixin.py:190} INFO - [2025-06-12T12:12:08.332+0000] {dag.py:4180} INFO - Setting next_dagrun for dataset_consumes_unknown_never_scheduled to None, run_after=None
[2025-06-12T12:12:08.334+0000] {logging_mixin.py:190} INFO - [2025-06-12T12:12:08.334+0000] {dag.py:4180} INFO - Setting next_dagrun for dataset_produces_1 to 2025-06-11 00:00:00+00:00, run_after=2025-06-12 00:00:00+00:00
[2025-06-12T12:12:08.335+0000] {logging_mixin.py:190} INFO - [2025-06-12T12:12:08.335+0000] {dag.py:4180} INFO - Setting next_dagrun for dataset_produces_2 to None, run_after=None
[2025-06-12T12:12:08.358+0000] {processor.py:208} INFO - Processing /home/airflow/.local/lib/python3.12/site-packages/airflow/example_dags/example_datasets.py took 0.471 seconds
[2025-06-12T12:12:38.884+0000] {processor.py:186} INFO - Started process (PID=1938) to work on /home/airflow/.local/lib/python3.12/site-packages/airflow/example_dags/example_datasets.py
[2025-06-12T12:12:38.884+0000] {processor.py:914} INFO - Processing file /home/airflow/.local/lib/python3.12/site-packages/airflow/example_dags/example_datasets.py for tasks to queue
[2025-06-12T12:12:38.886+0000] {logging_mixin.py:190} INFO - [2025-06-12T12:12:38.886+0000] {dagbag.py:588} INFO - Filling up the DagBag from /home/airflow/.local/lib/python3.12/site-packages/airflow/example_dags/example_datasets.py
[2025-06-12T12:12:39.295+0000] {processor.py:925} INFO - DAG(s) 'dataset_produces_2', 'consume_1_or_2_with_dataset_expressions', 'dataset_consumes_1_and_2', 'dataset_consumes_1_never_scheduled', 'dataset_produces_1', 'consume_1_or_both_2_and_3_with_dataset_expressions', 'dataset_consumes_unknown_never_scheduled', 'consume_1_and_2_with_dataset_expressions', 'conditional_dataset_and_time_based_timetable', 'dataset_consumes_1' retrieved from /home/airflow/.local/lib/python3.12/site-packages/airflow/example_dags/example_datasets.py
[2025-06-12T12:12:39.329+0000] {logging_mixin.py:190} INFO - [2025-06-12T12:12:39.328+0000] {dag.py:3239} INFO - Sync 10 DAGs
[2025-06-12T12:12:39.348+0000] {logging_mixin.py:190} INFO - [2025-06-12T12:12:39.348+0000] {dag.py:4180} INFO - Setting next_dagrun for conditional_dataset_and_time_based_timetable to 2025-06-11 01:00:00+00:00, run_after=2025-06-11 01:00:00+00:00
[2025-06-12T12:12:39.351+0000] {logging_mixin.py:190} INFO - [2025-06-12T12:12:39.351+0000] {dag.py:4180} INFO - Setting next_dagrun for consume_1_and_2_with_dataset_expressions to None, run_after=None
[2025-06-12T12:12:39.352+0000] {logging_mixin.py:190} INFO - [2025-06-12T12:12:39.352+0000] {dag.py:4180} INFO - Setting next_dagrun for consume_1_or_2_with_dataset_expressions to None, run_after=None
[2025-06-12T12:12:39.354+0000] {logging_mixin.py:190} INFO - [2025-06-12T12:12:39.354+0000] {dag.py:4180} INFO - Setting next_dagrun for consume_1_or_both_2_and_3_with_dataset_expressions to None, run_after=None
[2025-06-12T12:12:39.355+0000] {logging_mixin.py:190} INFO - [2025-06-12T12:12:39.355+0000] {dag.py:4180} INFO - Setting next_dagrun for dataset_consumes_1 to None, run_after=None
[2025-06-12T12:12:39.356+0000] {logging_mixin.py:190} INFO - [2025-06-12T12:12:39.356+0000] {dag.py:4180} INFO - Setting next_dagrun for dataset_consumes_1_and_2 to None, run_after=None
[2025-06-12T12:12:39.357+0000] {logging_mixin.py:190} INFO - [2025-06-12T12:12:39.357+0000] {dag.py:4180} INFO - Setting next_dagrun for dataset_consumes_1_never_scheduled to None, run_after=None
[2025-06-12T12:12:39.358+0000] {logging_mixin.py:190} INFO - [2025-06-12T12:12:39.358+0000] {dag.py:4180} INFO - Setting next_dagrun for dataset_consumes_unknown_never_scheduled to None, run_after=None
[2025-06-12T12:12:39.360+0000] {logging_mixin.py:190} INFO - [2025-06-12T12:12:39.359+0000] {dag.py:4180} INFO - Setting next_dagrun for dataset_produces_1 to 2025-06-11 00:00:00+00:00, run_after=2025-06-12 00:00:00+00:00
[2025-06-12T12:12:39.361+0000] {logging_mixin.py:190} INFO - [2025-06-12T12:12:39.361+0000] {dag.py:4180} INFO - Setting next_dagrun for dataset_produces_2 to None, run_after=None
[2025-06-12T12:12:39.387+0000] {processor.py:208} INFO - Processing /home/airflow/.local/lib/python3.12/site-packages/airflow/example_dags/example_datasets.py took 0.508 seconds
[2025-06-12T12:13:10.259+0000] {processor.py:186} INFO - Started process (PID=2236) to work on /home/airflow/.local/lib/python3.12/site-packages/airflow/example_dags/example_datasets.py
[2025-06-12T12:13:10.260+0000] {processor.py:914} INFO - Processing file /home/airflow/.local/lib/python3.12/site-packages/airflow/example_dags/example_datasets.py for tasks to queue
[2025-06-12T12:13:10.262+0000] {logging_mixin.py:190} INFO - [2025-06-12T12:13:10.262+0000] {dagbag.py:588} INFO - Filling up the DagBag from /home/airflow/.local/lib/python3.12/site-packages/airflow/example_dags/example_datasets.py
[2025-06-12T12:13:10.674+0000] {processor.py:925} INFO - DAG(s) 'dataset_consumes_1', 'dataset_consumes_1_never_scheduled', 'dataset_consumes_unknown_never_scheduled', 'consume_1_and_2_with_dataset_expressions', 'dataset_consumes_1_and_2', 'conditional_dataset_and_time_based_timetable', 'consume_1_or_both_2_and_3_with_dataset_expressions', 'dataset_produces_1', 'consume_1_or_2_with_dataset_expressions', 'dataset_produces_2' retrieved from /home/airflow/.local/lib/python3.12/site-packages/airflow/example_dags/example_datasets.py
[2025-06-12T12:13:10.720+0000] {logging_mixin.py:190} INFO - [2025-06-12T12:13:10.720+0000] {dag.py:3239} INFO - Sync 10 DAGs
[2025-06-12T12:13:10.741+0000] {logging_mixin.py:190} INFO - [2025-06-12T12:13:10.740+0000] {dag.py:4180} INFO - Setting next_dagrun for conditional_dataset_and_time_based_timetable to 2025-06-11 01:00:00+00:00, run_after=2025-06-11 01:00:00+00:00
[2025-06-12T12:13:10.744+0000] {logging_mixin.py:190} INFO - [2025-06-12T12:13:10.744+0000] {dag.py:4180} INFO - Setting next_dagrun for consume_1_and_2_with_dataset_expressions to None, run_after=None
[2025-06-12T12:13:10.745+0000] {logging_mixin.py:190} INFO - [2025-06-12T12:13:10.745+0000] {dag.py:4180} INFO - Setting next_dagrun for consume_1_or_2_with_dataset_expressions to None, run_after=None
[2025-06-12T12:13:10.747+0000] {logging_mixin.py:190} INFO - [2025-06-12T12:13:10.746+0000] {dag.py:4180} INFO - Setting next_dagrun for consume_1_or_both_2_and_3_with_dataset_expressions to None, run_after=None
[2025-06-12T12:13:10.748+0000] {logging_mixin.py:190} INFO - [2025-06-12T12:13:10.748+0000] {dag.py:4180} INFO - Setting next_dagrun for dataset_consumes_1 to None, run_after=None
[2025-06-12T12:13:10.749+0000] {logging_mixin.py:190} INFO - [2025-06-12T12:13:10.749+0000] {dag.py:4180} INFO - Setting next_dagrun for dataset_consumes_1_and_2 to None, run_after=None
[2025-06-12T12:13:10.750+0000] {logging_mixin.py:190} INFO - [2025-06-12T12:13:10.750+0000] {dag.py:4180} INFO - Setting next_dagrun for dataset_consumes_1_never_scheduled to None, run_after=None
[2025-06-12T12:13:10.751+0000] {logging_mixin.py:190} INFO - [2025-06-12T12:13:10.751+0000] {dag.py:4180} INFO - Setting next_dagrun for dataset_consumes_unknown_never_scheduled to None, run_after=None
[2025-06-12T12:13:10.753+0000] {logging_mixin.py:190} INFO - [2025-06-12T12:13:10.753+0000] {dag.py:4180} INFO - Setting next_dagrun for dataset_produces_1 to 2025-06-11 00:00:00+00:00, run_after=2025-06-12 00:00:00+00:00
[2025-06-12T12:13:10.755+0000] {logging_mixin.py:190} INFO - [2025-06-12T12:13:10.754+0000] {dag.py:4180} INFO - Setting next_dagrun for dataset_produces_2 to None, run_after=None
[2025-06-12T12:13:10.783+0000] {processor.py:208} INFO - Processing /home/airflow/.local/lib/python3.12/site-packages/airflow/example_dags/example_datasets.py took 0.528 seconds
[2025-06-12T12:13:41.264+0000] {processor.py:186} INFO - Started process (PID=2547) to work on /home/airflow/.local/lib/python3.12/site-packages/airflow/example_dags/example_datasets.py
[2025-06-12T12:13:41.265+0000] {processor.py:914} INFO - Processing file /home/airflow/.local/lib/python3.12/site-packages/airflow/example_dags/example_datasets.py for tasks to queue
[2025-06-12T12:13:41.267+0000] {logging_mixin.py:190} INFO - [2025-06-12T12:13:41.267+0000] {dagbag.py:588} INFO - Filling up the DagBag from /home/airflow/.local/lib/python3.12/site-packages/airflow/example_dags/example_datasets.py
[2025-06-12T12:13:41.659+0000] {processor.py:925} INFO - DAG(s) 'consume_1_or_both_2_and_3_with_dataset_expressions', 'conditional_dataset_and_time_based_timetable', 'dataset_produces_1', 'dataset_consumes_1_never_scheduled', 'consume_1_and_2_with_dataset_expressions', 'consume_1_or_2_with_dataset_expressions', 'dataset_produces_2', 'dataset_consumes_1', 'dataset_consumes_1_and_2', 'dataset_consumes_unknown_never_scheduled' retrieved from /home/airflow/.local/lib/python3.12/site-packages/airflow/example_dags/example_datasets.py
[2025-06-12T12:13:41.697+0000] {logging_mixin.py:190} INFO - [2025-06-12T12:13:41.697+0000] {dag.py:3239} INFO - Sync 10 DAGs
[2025-06-12T12:13:41.724+0000] {logging_mixin.py:190} INFO - [2025-06-12T12:13:41.724+0000] {dag.py:4180} INFO - Setting next_dagrun for conditional_dataset_and_time_based_timetable to 2025-06-11 01:00:00+00:00, run_after=2025-06-11 01:00:00+00:00
[2025-06-12T12:13:41.727+0000] {logging_mixin.py:190} INFO - [2025-06-12T12:13:41.727+0000] {dag.py:4180} INFO - Setting next_dagrun for consume_1_and_2_with_dataset_expressions to None, run_after=None
[2025-06-12T12:13:41.728+0000] {logging_mixin.py:190} INFO - [2025-06-12T12:13:41.728+0000] {dag.py:4180} INFO - Setting next_dagrun for consume_1_or_2_with_dataset_expressions to None, run_after=None
[2025-06-12T12:13:41.730+0000] {logging_mixin.py:190} INFO - [2025-06-12T12:13:41.730+0000] {dag.py:4180} INFO - Setting next_dagrun for consume_1_or_both_2_and_3_with_dataset_expressions to None, run_after=None
[2025-06-12T12:13:41.731+0000] {logging_mixin.py:190} INFO - [2025-06-12T12:13:41.731+0000] {dag.py:4180} INFO - Setting next_dagrun for dataset_consumes_1 to None, run_after=None
[2025-06-12T12:13:41.732+0000] {logging_mixin.py:190} INFO - [2025-06-12T12:13:41.732+0000] {dag.py:4180} INFO - Setting next_dagrun for dataset_consumes_1_and_2 to None, run_after=None
[2025-06-12T12:13:41.733+0000] {logging_mixin.py:190} INFO - [2025-06-12T12:13:41.733+0000] {dag.py:4180} INFO - Setting next_dagrun for dataset_consumes_1_never_scheduled to None, run_after=None
[2025-06-12T12:13:41.734+0000] {logging_mixin.py:190} INFO - [2025-06-12T12:13:41.734+0000] {dag.py:4180} INFO - Setting next_dagrun for dataset_consumes_unknown_never_scheduled to None, run_after=None
[2025-06-12T12:13:41.736+0000] {logging_mixin.py:190} INFO - [2025-06-12T12:13:41.736+0000] {dag.py:4180} INFO - Setting next_dagrun for dataset_produces_1 to 2025-06-11 00:00:00+00:00, run_after=2025-06-12 00:00:00+00:00
[2025-06-12T12:13:41.737+0000] {logging_mixin.py:190} INFO - [2025-06-12T12:13:41.737+0000] {dag.py:4180} INFO - Setting next_dagrun for dataset_produces_2 to None, run_after=None
[2025-06-12T12:13:41.762+0000] {processor.py:208} INFO - Processing /home/airflow/.local/lib/python3.12/site-packages/airflow/example_dags/example_datasets.py took 0.504 seconds
[2025-06-12T12:14:12.035+0000] {processor.py:186} INFO - Started process (PID=2838) to work on /home/airflow/.local/lib/python3.12/site-packages/airflow/example_dags/example_datasets.py
[2025-06-12T12:14:12.036+0000] {processor.py:914} INFO - Processing file /home/airflow/.local/lib/python3.12/site-packages/airflow/example_dags/example_datasets.py for tasks to queue
[2025-06-12T12:14:12.038+0000] {logging_mixin.py:190} INFO - [2025-06-12T12:14:12.038+0000] {dagbag.py:588} INFO - Filling up the DagBag from /home/airflow/.local/lib/python3.12/site-packages/airflow/example_dags/example_datasets.py
[2025-06-12T12:14:12.441+0000] {processor.py:925} INFO - DAG(s) 'dataset_consumes_1_and_2', 'consume_1_or_2_with_dataset_expressions', 'dataset_produces_1', 'dataset_consumes_1', 'consume_1_and_2_with_dataset_expressions', 'consume_1_or_both_2_and_3_with_dataset_expressions', 'dataset_produces_2', 'dataset_consumes_1_never_scheduled', 'dataset_consumes_unknown_never_scheduled', 'conditional_dataset_and_time_based_timetable' retrieved from /home/airflow/.local/lib/python3.12/site-packages/airflow/example_dags/example_datasets.py
[2025-06-12T12:14:12.472+0000] {logging_mixin.py:190} INFO - [2025-06-12T12:14:12.472+0000] {dag.py:3239} INFO - Sync 10 DAGs
[2025-06-12T12:14:12.492+0000] {logging_mixin.py:190} INFO - [2025-06-12T12:14:12.492+0000] {dag.py:4180} INFO - Setting next_dagrun for conditional_dataset_and_time_based_timetable to 2025-06-11 01:00:00+00:00, run_after=2025-06-11 01:00:00+00:00
[2025-06-12T12:14:12.495+0000] {logging_mixin.py:190} INFO - [2025-06-12T12:14:12.495+0000] {dag.py:4180} INFO - Setting next_dagrun for consume_1_and_2_with_dataset_expressions to None, run_after=None
[2025-06-12T12:14:12.496+0000] {logging_mixin.py:190} INFO - [2025-06-12T12:14:12.496+0000] {dag.py:4180} INFO - Setting next_dagrun for consume_1_or_2_with_dataset_expressions to None, run_after=None
[2025-06-12T12:14:12.497+0000] {logging_mixin.py:190} INFO - [2025-06-12T12:14:12.497+0000] {dag.py:4180} INFO - Setting next_dagrun for consume_1_or_both_2_and_3_with_dataset_expressions to None, run_after=None
[2025-06-12T12:14:12.498+0000] {logging_mixin.py:190} INFO - [2025-06-12T12:14:12.498+0000] {dag.py:4180} INFO - Setting next_dagrun for dataset_consumes_1 to None, run_after=None
[2025-06-12T12:14:12.499+0000] {logging_mixin.py:190} INFO - [2025-06-12T12:14:12.499+0000] {dag.py:4180} INFO - Setting next_dagrun for dataset_consumes_1_and_2 to None, run_after=None
[2025-06-12T12:14:12.500+0000] {logging_mixin.py:190} INFO - [2025-06-12T12:14:12.500+0000] {dag.py:4180} INFO - Setting next_dagrun for dataset_consumes_1_never_scheduled to None, run_after=None
[2025-06-12T12:14:12.501+0000] {logging_mixin.py:190} INFO - [2025-06-12T12:14:12.501+0000] {dag.py:4180} INFO - Setting next_dagrun for dataset_consumes_unknown_never_scheduled to None, run_after=None
[2025-06-12T12:14:12.503+0000] {logging_mixin.py:190} INFO - [2025-06-12T12:14:12.503+0000] {dag.py:4180} INFO - Setting next_dagrun for dataset_produces_1 to 2025-06-11 00:00:00+00:00, run_after=2025-06-12 00:00:00+00:00
[2025-06-12T12:14:12.504+0000] {logging_mixin.py:190} INFO - [2025-06-12T12:14:12.504+0000] {dag.py:4180} INFO - Setting next_dagrun for dataset_produces_2 to None, run_after=None
[2025-06-12T12:14:12.527+0000] {processor.py:208} INFO - Processing /home/airflow/.local/lib/python3.12/site-packages/airflow/example_dags/example_datasets.py took 0.496 seconds
[2025-06-12T12:14:42.637+0000] {processor.py:186} INFO - Started process (PID=3129) to work on /home/airflow/.local/lib/python3.12/site-packages/airflow/example_dags/example_datasets.py
[2025-06-12T12:14:42.638+0000] {processor.py:914} INFO - Processing file /home/airflow/.local/lib/python3.12/site-packages/airflow/example_dags/example_datasets.py for tasks to queue
[2025-06-12T12:14:42.640+0000] {logging_mixin.py:190} INFO - [2025-06-12T12:14:42.640+0000] {dagbag.py:588} INFO - Filling up the DagBag from /home/airflow/.local/lib/python3.12/site-packages/airflow/example_dags/example_datasets.py
[2025-06-12T12:14:43.029+0000] {processor.py:925} INFO - DAG(s) 'consume_1_or_both_2_and_3_with_dataset_expressions', 'consume_1_or_2_with_dataset_expressions', 'dataset_consumes_1_and_2', 'dataset_produces_1', 'dataset_produces_2', 'consume_1_and_2_with_dataset_expressions', 'conditional_dataset_and_time_based_timetable', 'dataset_consumes_1', 'dataset_consumes_1_never_scheduled', 'dataset_consumes_unknown_never_scheduled' retrieved from /home/airflow/.local/lib/python3.12/site-packages/airflow/example_dags/example_datasets.py
[2025-06-12T12:14:43.057+0000] {logging_mixin.py:190} INFO - [2025-06-12T12:14:43.057+0000] {dag.py:3239} INFO - Sync 10 DAGs
[2025-06-12T12:14:43.076+0000] {logging_mixin.py:190} INFO - [2025-06-12T12:14:43.076+0000] {dag.py:4180} INFO - Setting next_dagrun for conditional_dataset_and_time_based_timetable to 2025-06-11 01:00:00+00:00, run_after=2025-06-11 01:00:00+00:00
[2025-06-12T12:14:43.082+0000] {logging_mixin.py:190} INFO - [2025-06-12T12:14:43.082+0000] {dag.py:4180} INFO - Setting next_dagrun for consume_1_and_2_with_dataset_expressions to None, run_after=None
[2025-06-12T12:14:43.084+0000] {logging_mixin.py:190} INFO - [2025-06-12T12:14:43.084+0000] {dag.py:4180} INFO - Setting next_dagrun for consume_1_or_2_with_dataset_expressions to None, run_after=None
[2025-06-12T12:14:43.086+0000] {logging_mixin.py:190} INFO - [2025-06-12T12:14:43.085+0000] {dag.py:4180} INFO - Setting next_dagrun for consume_1_or_both_2_and_3_with_dataset_expressions to None, run_after=None
[2025-06-12T12:14:43.087+0000] {logging_mixin.py:190} INFO - [2025-06-12T12:14:43.087+0000] {dag.py:4180} INFO - Setting next_dagrun for dataset_consumes_1 to None, run_after=None
[2025-06-12T12:14:43.089+0000] {logging_mixin.py:190} INFO - [2025-06-12T12:14:43.089+0000] {dag.py:4180} INFO - Setting next_dagrun for dataset_consumes_1_and_2 to None, run_after=None
[2025-06-12T12:14:43.091+0000] {logging_mixin.py:190} INFO - [2025-06-12T12:14:43.091+0000] {dag.py:4180} INFO - Setting next_dagrun for dataset_consumes_1_never_scheduled to None, run_after=None
[2025-06-12T12:14:43.093+0000] {logging_mixin.py:190} INFO - [2025-06-12T12:14:43.093+0000] {dag.py:4180} INFO - Setting next_dagrun for dataset_consumes_unknown_never_scheduled to None, run_after=None
[2025-06-12T12:14:43.096+0000] {logging_mixin.py:190} INFO - [2025-06-12T12:14:43.096+0000] {dag.py:4180} INFO - Setting next_dagrun for dataset_produces_1 to 2025-06-11 00:00:00+00:00, run_after=2025-06-12 00:00:00+00:00
[2025-06-12T12:14:43.098+0000] {logging_mixin.py:190} INFO - [2025-06-12T12:14:43.098+0000] {dag.py:4180} INFO - Setting next_dagrun for dataset_produces_2 to None, run_after=None
[2025-06-12T12:14:43.125+0000] {processor.py:208} INFO - Processing /home/airflow/.local/lib/python3.12/site-packages/airflow/example_dags/example_datasets.py took 0.492 seconds
[2025-06-12T12:15:13.489+0000] {processor.py:186} INFO - Started process (PID=3425) to work on /home/airflow/.local/lib/python3.12/site-packages/airflow/example_dags/example_datasets.py
[2025-06-12T12:15:13.490+0000] {processor.py:914} INFO - Processing file /home/airflow/.local/lib/python3.12/site-packages/airflow/example_dags/example_datasets.py for tasks to queue
[2025-06-12T12:15:13.492+0000] {logging_mixin.py:190} INFO - [2025-06-12T12:15:13.491+0000] {dagbag.py:588} INFO - Filling up the DagBag from /home/airflow/.local/lib/python3.12/site-packages/airflow/example_dags/example_datasets.py
[2025-06-12T12:15:13.898+0000] {processor.py:925} INFO - DAG(s) 'dataset_consumes_1_never_scheduled', 'dataset_produces_2', 'consume_1_and_2_with_dataset_expressions', 'dataset_consumes_1', 'dataset_consumes_1_and_2', 'consume_1_or_both_2_and_3_with_dataset_expressions', 'conditional_dataset_and_time_based_timetable', 'dataset_produces_1', 'consume_1_or_2_with_dataset_expressions', 'dataset_consumes_unknown_never_scheduled' retrieved from /home/airflow/.local/lib/python3.12/site-packages/airflow/example_dags/example_datasets.py
[2025-06-12T12:15:13.927+0000] {logging_mixin.py:190} INFO - [2025-06-12T12:15:13.927+0000] {dag.py:3239} INFO - Sync 10 DAGs
[2025-06-12T12:15:13.946+0000] {logging_mixin.py:190} INFO - [2025-06-12T12:15:13.946+0000] {dag.py:4180} INFO - Setting next_dagrun for conditional_dataset_and_time_based_timetable to 2025-06-11 01:00:00+00:00, run_after=2025-06-11 01:00:00+00:00
[2025-06-12T12:15:13.949+0000] {logging_mixin.py:190} INFO - [2025-06-12T12:15:13.949+0000] {dag.py:4180} INFO - Setting next_dagrun for consume_1_and_2_with_dataset_expressions to None, run_after=None
[2025-06-12T12:15:13.950+0000] {logging_mixin.py:190} INFO - [2025-06-12T12:15:13.950+0000] {dag.py:4180} INFO - Setting next_dagrun for consume_1_or_2_with_dataset_expressions to None, run_after=None
[2025-06-12T12:15:13.951+0000] {logging_mixin.py:190} INFO - [2025-06-12T12:15:13.951+0000] {dag.py:4180} INFO - Setting next_dagrun for consume_1_or_both_2_and_3_with_dataset_expressions to None, run_after=None
[2025-06-12T12:15:13.952+0000] {logging_mixin.py:190} INFO - [2025-06-12T12:15:13.952+0000] {dag.py:4180} INFO - Setting next_dagrun for dataset_consumes_1 to None, run_after=None
[2025-06-12T12:15:13.953+0000] {logging_mixin.py:190} INFO - [2025-06-12T12:15:13.953+0000] {dag.py:4180} INFO - Setting next_dagrun for dataset_consumes_1_and_2 to None, run_after=None
[2025-06-12T12:15:13.954+0000] {logging_mixin.py:190} INFO - [2025-06-12T12:15:13.954+0000] {dag.py:4180} INFO - Setting next_dagrun for dataset_consumes_1_never_scheduled to None, run_after=None
[2025-06-12T12:15:13.955+0000] {logging_mixin.py:190} INFO - [2025-06-12T12:15:13.955+0000] {dag.py:4180} INFO - Setting next_dagrun for dataset_consumes_unknown_never_scheduled to None, run_after=None
[2025-06-12T12:15:13.957+0000] {logging_mixin.py:190} INFO - [2025-06-12T12:15:13.956+0000] {dag.py:4180} INFO - Setting next_dagrun for dataset_produces_1 to 2025-06-11 00:00:00+00:00, run_after=2025-06-12 00:00:00+00:00
[2025-06-12T12:15:13.958+0000] {logging_mixin.py:190} INFO - [2025-06-12T12:15:13.957+0000] {dag.py:4180} INFO - Setting next_dagrun for dataset_produces_2 to None, run_after=None
[2025-06-12T12:15:13.987+0000] {processor.py:208} INFO - Processing /home/airflow/.local/lib/python3.12/site-packages/airflow/example_dags/example_datasets.py took 0.503 seconds
[2025-06-12T12:15:44.274+0000] {processor.py:186} INFO - Started process (PID=3726) to work on /home/airflow/.local/lib/python3.12/site-packages/airflow/example_dags/example_datasets.py
[2025-06-12T12:15:44.275+0000] {processor.py:914} INFO - Processing file /home/airflow/.local/lib/python3.12/site-packages/airflow/example_dags/example_datasets.py for tasks to queue
[2025-06-12T12:15:44.277+0000] {logging_mixin.py:190} INFO - [2025-06-12T12:15:44.276+0000] {dagbag.py:588} INFO - Filling up the DagBag from /home/airflow/.local/lib/python3.12/site-packages/airflow/example_dags/example_datasets.py
[2025-06-12T12:15:44.687+0000] {processor.py:925} INFO - DAG(s) 'consume_1_and_2_with_dataset_expressions', 'dataset_consumes_unknown_never_scheduled', 'consume_1_or_2_with_dataset_expressions', 'dataset_produces_2', 'dataset_produces_1', 'dataset_consumes_1_never_scheduled', 'consume_1_or_both_2_and_3_with_dataset_expressions', 'dataset_consumes_1_and_2', 'conditional_dataset_and_time_based_timetable', 'dataset_consumes_1' retrieved from /home/airflow/.local/lib/python3.12/site-packages/airflow/example_dags/example_datasets.py
[2025-06-12T12:15:44.716+0000] {logging_mixin.py:190} INFO - [2025-06-12T12:15:44.716+0000] {dag.py:3239} INFO - Sync 10 DAGs
[2025-06-12T12:15:44.735+0000] {logging_mixin.py:190} INFO - [2025-06-12T12:15:44.735+0000] {dag.py:4180} INFO - Setting next_dagrun for conditional_dataset_and_time_based_timetable to 2025-06-11 01:00:00+00:00, run_after=2025-06-11 01:00:00+00:00
[2025-06-12T12:15:44.738+0000] {logging_mixin.py:190} INFO - [2025-06-12T12:15:44.738+0000] {dag.py:4180} INFO - Setting next_dagrun for consume_1_and_2_with_dataset_expressions to None, run_after=None
[2025-06-12T12:15:44.739+0000] {logging_mixin.py:190} INFO - [2025-06-12T12:15:44.739+0000] {dag.py:4180} INFO - Setting next_dagrun for consume_1_or_2_with_dataset_expressions to None, run_after=None
[2025-06-12T12:15:44.740+0000] {logging_mixin.py:190} INFO - [2025-06-12T12:15:44.740+0000] {dag.py:4180} INFO - Setting next_dagrun for consume_1_or_both_2_and_3_with_dataset_expressions to None, run_after=None
[2025-06-12T12:15:44.741+0000] {logging_mixin.py:190} INFO - [2025-06-12T12:15:44.741+0000] {dag.py:4180} INFO - Setting next_dagrun for dataset_consumes_1 to None, run_after=None
[2025-06-12T12:15:44.742+0000] {logging_mixin.py:190} INFO - [2025-06-12T12:15:44.741+0000] {dag.py:4180} INFO - Setting next_dagrun for dataset_consumes_1_and_2 to None, run_after=None
[2025-06-12T12:15:44.742+0000] {logging_mixin.py:190} INFO - [2025-06-12T12:15:44.742+0000] {dag.py:4180} INFO - Setting next_dagrun for dataset_consumes_1_never_scheduled to None, run_after=None
[2025-06-12T12:15:44.743+0000] {logging_mixin.py:190} INFO - [2025-06-12T12:15:44.743+0000] {dag.py:4180} INFO - Setting next_dagrun for dataset_consumes_unknown_never_scheduled to None, run_after=None
[2025-06-12T12:15:44.745+0000] {logging_mixin.py:190} INFO - [2025-06-12T12:15:44.745+0000] {dag.py:4180} INFO - Setting next_dagrun for dataset_produces_1 to 2025-06-11 00:00:00+00:00, run_after=2025-06-12 00:00:00+00:00
[2025-06-12T12:15:44.746+0000] {logging_mixin.py:190} INFO - [2025-06-12T12:15:44.746+0000] {dag.py:4180} INFO - Setting next_dagrun for dataset_produces_2 to None, run_after=None
[2025-06-12T12:15:44.771+0000] {processor.py:208} INFO - Processing /home/airflow/.local/lib/python3.12/site-packages/airflow/example_dags/example_datasets.py took 0.501 seconds
[2025-06-12T12:16:15.648+0000] {processor.py:186} INFO - Started process (PID=4012) to work on /home/airflow/.local/lib/python3.12/site-packages/airflow/example_dags/example_datasets.py
[2025-06-12T12:16:15.649+0000] {processor.py:914} INFO - Processing file /home/airflow/.local/lib/python3.12/site-packages/airflow/example_dags/example_datasets.py for tasks to queue
[2025-06-12T12:16:15.651+0000] {logging_mixin.py:190} INFO - [2025-06-12T12:16:15.651+0000] {dagbag.py:588} INFO - Filling up the DagBag from /home/airflow/.local/lib/python3.12/site-packages/airflow/example_dags/example_datasets.py
[2025-06-12T12:16:16.053+0000] {processor.py:925} INFO - DAG(s) 'consume_1_and_2_with_dataset_expressions', 'conditional_dataset_and_time_based_timetable', 'dataset_produces_2', 'dataset_consumes_1_and_2', 'dataset_produces_1', 'dataset_consumes_1_never_scheduled', 'dataset_consumes_unknown_never_scheduled', 'dataset_consumes_1', 'consume_1_or_2_with_dataset_expressions', 'consume_1_or_both_2_and_3_with_dataset_expressions' retrieved from /home/airflow/.local/lib/python3.12/site-packages/airflow/example_dags/example_datasets.py
[2025-06-12T12:16:16.083+0000] {logging_mixin.py:190} INFO - [2025-06-12T12:16:16.083+0000] {dag.py:3239} INFO - Sync 10 DAGs
[2025-06-12T12:16:16.102+0000] {logging_mixin.py:190} INFO - [2025-06-12T12:16:16.102+0000] {dag.py:4180} INFO - Setting next_dagrun for conditional_dataset_and_time_based_timetable to 2025-06-11 01:00:00+00:00, run_after=2025-06-11 01:00:00+00:00
[2025-06-12T12:16:16.105+0000] {logging_mixin.py:190} INFO - [2025-06-12T12:16:16.105+0000] {dag.py:4180} INFO - Setting next_dagrun for consume_1_and_2_with_dataset_expressions to None, run_after=None
[2025-06-12T12:16:16.106+0000] {logging_mixin.py:190} INFO - [2025-06-12T12:16:16.106+0000] {dag.py:4180} INFO - Setting next_dagrun for consume_1_or_2_with_dataset_expressions to None, run_after=None
[2025-06-12T12:16:16.107+0000] {logging_mixin.py:190} INFO - [2025-06-12T12:16:16.107+0000] {dag.py:4180} INFO - Setting next_dagrun for consume_1_or_both_2_and_3_with_dataset_expressions to None, run_after=None
[2025-06-12T12:16:16.108+0000] {logging_mixin.py:190} INFO - [2025-06-12T12:16:16.108+0000] {dag.py:4180} INFO - Setting next_dagrun for dataset_consumes_1 to None, run_after=None
[2025-06-12T12:16:16.109+0000] {logging_mixin.py:190} INFO - [2025-06-12T12:16:16.109+0000] {dag.py:4180} INFO - Setting next_dagrun for dataset_consumes_1_and_2 to None, run_after=None
[2025-06-12T12:16:16.110+0000] {logging_mixin.py:190} INFO - [2025-06-12T12:16:16.110+0000] {dag.py:4180} INFO - Setting next_dagrun for dataset_consumes_1_never_scheduled to None, run_after=None
[2025-06-12T12:16:16.111+0000] {logging_mixin.py:190} INFO - [2025-06-12T12:16:16.111+0000] {dag.py:4180} INFO - Setting next_dagrun for dataset_consumes_unknown_never_scheduled to None, run_after=None
[2025-06-12T12:16:16.113+0000] {logging_mixin.py:190} INFO - [2025-06-12T12:16:16.113+0000] {dag.py:4180} INFO - Setting next_dagrun for dataset_produces_1 to 2025-06-11 00:00:00+00:00, run_after=2025-06-12 00:00:00+00:00
[2025-06-12T12:16:16.114+0000] {logging_mixin.py:190} INFO - [2025-06-12T12:16:16.114+0000] {dag.py:4180} INFO - Setting next_dagrun for dataset_produces_2 to None, run_after=None
[2025-06-12T12:16:16.137+0000] {processor.py:208} INFO - Processing /home/airflow/.local/lib/python3.12/site-packages/airflow/example_dags/example_datasets.py took 0.493 seconds
[2025-06-12T12:16:46.358+0000] {processor.py:186} INFO - Started process (PID=4306) to work on /home/airflow/.local/lib/python3.12/site-packages/airflow/example_dags/example_datasets.py
[2025-06-12T12:16:46.358+0000] {processor.py:914} INFO - Processing file /home/airflow/.local/lib/python3.12/site-packages/airflow/example_dags/example_datasets.py for tasks to queue
[2025-06-12T12:16:46.360+0000] {logging_mixin.py:190} INFO - [2025-06-12T12:16:46.360+0000] {dagbag.py:588} INFO - Filling up the DagBag from /home/airflow/.local/lib/python3.12/site-packages/airflow/example_dags/example_datasets.py
[2025-06-12T12:16:46.804+0000] {processor.py:925} INFO - DAG(s) 'dataset_consumes_1_and_2', 'dataset_consumes_1_never_scheduled', 'consume_1_or_2_with_dataset_expressions', 'dataset_produces_1', 'dataset_produces_2', 'dataset_consumes_1', 'consume_1_or_both_2_and_3_with_dataset_expressions', 'conditional_dataset_and_time_based_timetable', 'consume_1_and_2_with_dataset_expressions', 'dataset_consumes_unknown_never_scheduled' retrieved from /home/airflow/.local/lib/python3.12/site-packages/airflow/example_dags/example_datasets.py
[2025-06-12T12:16:46.836+0000] {logging_mixin.py:190} INFO - [2025-06-12T12:16:46.835+0000] {dag.py:3239} INFO - Sync 10 DAGs
[2025-06-12T12:16:46.855+0000] {logging_mixin.py:190} INFO - [2025-06-12T12:16:46.855+0000] {dag.py:4180} INFO - Setting next_dagrun for conditional_dataset_and_time_based_timetable to 2025-06-11 01:00:00+00:00, run_after=2025-06-11 01:00:00+00:00
[2025-06-12T12:16:46.858+0000] {logging_mixin.py:190} INFO - [2025-06-12T12:16:46.858+0000] {dag.py:4180} INFO - Setting next_dagrun for consume_1_and_2_with_dataset_expressions to None, run_after=None
[2025-06-12T12:16:46.859+0000] {logging_mixin.py:190} INFO - [2025-06-12T12:16:46.859+0000] {dag.py:4180} INFO - Setting next_dagrun for consume_1_or_2_with_dataset_expressions to None, run_after=None
[2025-06-12T12:16:46.860+0000] {logging_mixin.py:190} INFO - [2025-06-12T12:16:46.860+0000] {dag.py:4180} INFO - Setting next_dagrun for consume_1_or_both_2_and_3_with_dataset_expressions to None, run_after=None
[2025-06-12T12:16:46.861+0000] {logging_mixin.py:190} INFO - [2025-06-12T12:16:46.861+0000] {dag.py:4180} INFO - Setting next_dagrun for dataset_consumes_1 to None, run_after=None
[2025-06-12T12:16:46.862+0000] {logging_mixin.py:190} INFO - [2025-06-12T12:16:46.862+0000] {dag.py:4180} INFO - Setting next_dagrun for dataset_consumes_1_and_2 to None, run_after=None
[2025-06-12T12:16:46.863+0000] {logging_mixin.py:190} INFO - [2025-06-12T12:16:46.863+0000] {dag.py:4180} INFO - Setting next_dagrun for dataset_consumes_1_never_scheduled to None, run_after=None
[2025-06-12T12:16:46.864+0000] {logging_mixin.py:190} INFO - [2025-06-12T12:16:46.864+0000] {dag.py:4180} INFO - Setting next_dagrun for dataset_consumes_unknown_never_scheduled to None, run_after=None
[2025-06-12T12:16:46.866+0000] {logging_mixin.py:190} INFO - [2025-06-12T12:16:46.866+0000] {dag.py:4180} INFO - Setting next_dagrun for dataset_produces_1 to 2025-06-11 00:00:00+00:00, run_after=2025-06-12 00:00:00+00:00
[2025-06-12T12:16:46.867+0000] {logging_mixin.py:190} INFO - [2025-06-12T12:16:46.867+0000] {dag.py:4180} INFO - Setting next_dagrun for dataset_produces_2 to None, run_after=None
[2025-06-12T12:16:46.891+0000] {processor.py:208} INFO - Processing /home/airflow/.local/lib/python3.12/site-packages/airflow/example_dags/example_datasets.py took 0.538 seconds
[2025-06-12T12:17:17.014+0000] {processor.py:186} INFO - Started process (PID=4634) to work on /home/airflow/.local/lib/python3.12/site-packages/airflow/example_dags/example_datasets.py
[2025-06-12T12:17:17.015+0000] {processor.py:914} INFO - Processing file /home/airflow/.local/lib/python3.12/site-packages/airflow/example_dags/example_datasets.py for tasks to queue
[2025-06-12T12:17:17.017+0000] {logging_mixin.py:190} INFO - [2025-06-12T12:17:17.017+0000] {dagbag.py:588} INFO - Filling up the DagBag from /home/airflow/.local/lib/python3.12/site-packages/airflow/example_dags/example_datasets.py
[2025-06-12T12:17:17.403+0000] {processor.py:925} INFO - DAG(s) 'dataset_consumes_unknown_never_scheduled', 'dataset_consumes_1_and_2', 'dataset_consumes_1', 'dataset_produces_1', 'conditional_dataset_and_time_based_timetable', 'consume_1_or_both_2_and_3_with_dataset_expressions', 'consume_1_or_2_with_dataset_expressions', 'dataset_produces_2', 'consume_1_and_2_with_dataset_expressions', 'dataset_consumes_1_never_scheduled' retrieved from /home/airflow/.local/lib/python3.12/site-packages/airflow/example_dags/example_datasets.py
[2025-06-12T12:17:17.432+0000] {logging_mixin.py:190} INFO - [2025-06-12T12:17:17.431+0000] {dag.py:3239} INFO - Sync 10 DAGs
[2025-06-12T12:17:17.449+0000] {logging_mixin.py:190} INFO - [2025-06-12T12:17:17.448+0000] {dag.py:4180} INFO - Setting next_dagrun for conditional_dataset_and_time_based_timetable to 2025-06-11 01:00:00+00:00, run_after=2025-06-11 01:00:00+00:00
[2025-06-12T12:17:17.451+0000] {logging_mixin.py:190} INFO - [2025-06-12T12:17:17.451+0000] {dag.py:4180} INFO - Setting next_dagrun for consume_1_and_2_with_dataset_expressions to None, run_after=None
[2025-06-12T12:17:17.453+0000] {logging_mixin.py:190} INFO - [2025-06-12T12:17:17.453+0000] {dag.py:4180} INFO - Setting next_dagrun for consume_1_or_2_with_dataset_expressions to None, run_after=None
[2025-06-12T12:17:17.454+0000] {logging_mixin.py:190} INFO - [2025-06-12T12:17:17.454+0000] {dag.py:4180} INFO - Setting next_dagrun for consume_1_or_both_2_and_3_with_dataset_expressions to None, run_after=None
[2025-06-12T12:17:17.455+0000] {logging_mixin.py:190} INFO - [2025-06-12T12:17:17.455+0000] {dag.py:4180} INFO - Setting next_dagrun for dataset_consumes_1 to None, run_after=None
[2025-06-12T12:17:17.456+0000] {logging_mixin.py:190} INFO - [2025-06-12T12:17:17.456+0000] {dag.py:4180} INFO - Setting next_dagrun for dataset_consumes_1_and_2 to None, run_after=None
[2025-06-12T12:17:17.457+0000] {logging_mixin.py:190} INFO - [2025-06-12T12:17:17.457+0000] {dag.py:4180} INFO - Setting next_dagrun for dataset_consumes_1_never_scheduled to None, run_after=None
[2025-06-12T12:17:17.458+0000] {logging_mixin.py:190} INFO - [2025-06-12T12:17:17.458+0000] {dag.py:4180} INFO - Setting next_dagrun for dataset_consumes_unknown_never_scheduled to None, run_after=None
[2025-06-12T12:17:17.460+0000] {logging_mixin.py:190} INFO - [2025-06-12T12:17:17.460+0000] {dag.py:4180} INFO - Setting next_dagrun for dataset_produces_1 to 2025-06-11 00:00:00+00:00, run_after=2025-06-12 00:00:00+00:00
[2025-06-12T12:17:17.461+0000] {logging_mixin.py:190} INFO - [2025-06-12T12:17:17.461+0000] {dag.py:4180} INFO - Setting next_dagrun for dataset_produces_2 to None, run_after=None
[2025-06-12T12:17:17.483+0000] {processor.py:208} INFO - Processing /home/airflow/.local/lib/python3.12/site-packages/airflow/example_dags/example_datasets.py took 0.473 seconds
[2025-06-12T12:17:47.581+0000] {processor.py:186} INFO - Started process (PID=4933) to work on /home/airflow/.local/lib/python3.12/site-packages/airflow/example_dags/example_datasets.py
[2025-06-12T12:17:47.582+0000] {processor.py:914} INFO - Processing file /home/airflow/.local/lib/python3.12/site-packages/airflow/example_dags/example_datasets.py for tasks to queue
[2025-06-12T12:17:47.584+0000] {logging_mixin.py:190} INFO - [2025-06-12T12:17:47.583+0000] {dagbag.py:588} INFO - Filling up the DagBag from /home/airflow/.local/lib/python3.12/site-packages/airflow/example_dags/example_datasets.py
[2025-06-12T12:17:47.977+0000] {processor.py:925} INFO - DAG(s) 'consume_1_and_2_with_dataset_expressions', 'dataset_consumes_1_never_scheduled', 'dataset_produces_2', 'dataset_consumes_1_and_2', 'dataset_produces_1', 'dataset_consumes_1', 'consume_1_or_2_with_dataset_expressions', 'consume_1_or_both_2_and_3_with_dataset_expressions', 'conditional_dataset_and_time_based_timetable', 'dataset_consumes_unknown_never_scheduled' retrieved from /home/airflow/.local/lib/python3.12/site-packages/airflow/example_dags/example_datasets.py
[2025-06-12T12:17:48.006+0000] {logging_mixin.py:190} INFO - [2025-06-12T12:17:48.006+0000] {dag.py:3239} INFO - Sync 10 DAGs
[2025-06-12T12:17:48.023+0000] {logging_mixin.py:190} INFO - [2025-06-12T12:17:48.023+0000] {dag.py:4180} INFO - Setting next_dagrun for conditional_dataset_and_time_based_timetable to 2025-06-11 01:00:00+00:00, run_after=2025-06-11 01:00:00+00:00
[2025-06-12T12:17:48.026+0000] {logging_mixin.py:190} INFO - [2025-06-12T12:17:48.026+0000] {dag.py:4180} INFO - Setting next_dagrun for consume_1_and_2_with_dataset_expressions to None, run_after=None
[2025-06-12T12:17:48.028+0000] {logging_mixin.py:190} INFO - [2025-06-12T12:17:48.028+0000] {dag.py:4180} INFO - Setting next_dagrun for consume_1_or_2_with_dataset_expressions to None, run_after=None
[2025-06-12T12:17:48.029+0000] {logging_mixin.py:190} INFO - [2025-06-12T12:17:48.029+0000] {dag.py:4180} INFO - Setting next_dagrun for consume_1_or_both_2_and_3_with_dataset_expressions to None, run_after=None
[2025-06-12T12:17:48.030+0000] {logging_mixin.py:190} INFO - [2025-06-12T12:17:48.030+0000] {dag.py:4180} INFO - Setting next_dagrun for dataset_consumes_1 to None, run_after=None
[2025-06-12T12:17:48.031+0000] {logging_mixin.py:190} INFO - [2025-06-12T12:17:48.031+0000] {dag.py:4180} INFO - Setting next_dagrun for dataset_consumes_1_and_2 to None, run_after=None
[2025-06-12T12:17:48.032+0000] {logging_mixin.py:190} INFO - [2025-06-12T12:17:48.031+0000] {dag.py:4180} INFO - Setting next_dagrun for dataset_consumes_1_never_scheduled to None, run_after=None
[2025-06-12T12:17:48.032+0000] {logging_mixin.py:190} INFO - [2025-06-12T12:17:48.032+0000] {dag.py:4180} INFO - Setting next_dagrun for dataset_consumes_unknown_never_scheduled to None, run_after=None
[2025-06-12T12:17:48.034+0000] {logging_mixin.py:190} INFO - [2025-06-12T12:17:48.034+0000] {dag.py:4180} INFO - Setting next_dagrun for dataset_produces_1 to 2025-06-11 00:00:00+00:00, run_after=2025-06-12 00:00:00+00:00
[2025-06-12T12:17:48.035+0000] {logging_mixin.py:190} INFO - [2025-06-12T12:17:48.035+0000] {dag.py:4180} INFO - Setting next_dagrun for dataset_produces_2 to None, run_after=None
[2025-06-12T12:17:48.064+0000] {processor.py:208} INFO - Processing /home/airflow/.local/lib/python3.12/site-packages/airflow/example_dags/example_datasets.py took 0.488 seconds
[2025-06-12T12:18:18.155+0000] {processor.py:186} INFO - Started process (PID=5231) to work on /home/airflow/.local/lib/python3.12/site-packages/airflow/example_dags/example_datasets.py
[2025-06-12T12:18:18.156+0000] {processor.py:914} INFO - Processing file /home/airflow/.local/lib/python3.12/site-packages/airflow/example_dags/example_datasets.py for tasks to queue
[2025-06-12T12:18:18.158+0000] {logging_mixin.py:190} INFO - [2025-06-12T12:18:18.158+0000] {dagbag.py:588} INFO - Filling up the DagBag from /home/airflow/.local/lib/python3.12/site-packages/airflow/example_dags/example_datasets.py
[2025-06-12T12:18:18.536+0000] {processor.py:925} INFO - DAG(s) 'dataset_produces_1', 'dataset_consumes_1', 'dataset_consumes_1_and_2', 'consume_1_and_2_with_dataset_expressions', 'dataset_consumes_unknown_never_scheduled', 'consume_1_or_2_with_dataset_expressions', 'consume_1_or_both_2_and_3_with_dataset_expressions', 'dataset_produces_2', 'conditional_dataset_and_time_based_timetable', 'dataset_consumes_1_never_scheduled' retrieved from /home/airflow/.local/lib/python3.12/site-packages/airflow/example_dags/example_datasets.py
[2025-06-12T12:18:18.566+0000] {logging_mixin.py:190} INFO - [2025-06-12T12:18:18.566+0000] {dag.py:3239} INFO - Sync 10 DAGs
[2025-06-12T12:18:18.584+0000] {logging_mixin.py:190} INFO - [2025-06-12T12:18:18.583+0000] {dag.py:4180} INFO - Setting next_dagrun for conditional_dataset_and_time_based_timetable to 2025-06-11 01:00:00+00:00, run_after=2025-06-11 01:00:00+00:00
[2025-06-12T12:18:18.586+0000] {logging_mixin.py:190} INFO - [2025-06-12T12:18:18.586+0000] {dag.py:4180} INFO - Setting next_dagrun for consume_1_and_2_with_dataset_expressions to None, run_after=None
[2025-06-12T12:18:18.587+0000] {logging_mixin.py:190} INFO - [2025-06-12T12:18:18.587+0000] {dag.py:4180} INFO - Setting next_dagrun for consume_1_or_2_with_dataset_expressions to None, run_after=None
[2025-06-12T12:18:18.589+0000] {logging_mixin.py:190} INFO - [2025-06-12T12:18:18.588+0000] {dag.py:4180} INFO - Setting next_dagrun for consume_1_or_both_2_and_3_with_dataset_expressions to None, run_after=None
[2025-06-12T12:18:18.590+0000] {logging_mixin.py:190} INFO - [2025-06-12T12:18:18.589+0000] {dag.py:4180} INFO - Setting next_dagrun for dataset_consumes_1 to None, run_after=None
[2025-06-12T12:18:18.591+0000] {logging_mixin.py:190} INFO - [2025-06-12T12:18:18.590+0000] {dag.py:4180} INFO - Setting next_dagrun for dataset_consumes_1_and_2 to None, run_after=None
[2025-06-12T12:18:18.592+0000] {logging_mixin.py:190} INFO - [2025-06-12T12:18:18.591+0000] {dag.py:4180} INFO - Setting next_dagrun for dataset_consumes_1_never_scheduled to None, run_after=None
[2025-06-12T12:18:18.592+0000] {logging_mixin.py:190} INFO - [2025-06-12T12:18:18.592+0000] {dag.py:4180} INFO - Setting next_dagrun for dataset_consumes_unknown_never_scheduled to None, run_after=None
[2025-06-12T12:18:18.594+0000] {logging_mixin.py:190} INFO - [2025-06-12T12:18:18.594+0000] {dag.py:4180} INFO - Setting next_dagrun for dataset_produces_1 to 2025-06-11 00:00:00+00:00, run_after=2025-06-12 00:00:00+00:00
[2025-06-12T12:18:18.595+0000] {logging_mixin.py:190} INFO - [2025-06-12T12:18:18.595+0000] {dag.py:4180} INFO - Setting next_dagrun for dataset_produces_2 to None, run_after=None
[2025-06-12T12:18:18.617+0000] {processor.py:208} INFO - Processing /home/airflow/.local/lib/python3.12/site-packages/airflow/example_dags/example_datasets.py took 0.466 seconds
[2025-06-12T12:18:48.781+0000] {processor.py:186} INFO - Started process (PID=5530) to work on /home/airflow/.local/lib/python3.12/site-packages/airflow/example_dags/example_datasets.py
[2025-06-12T12:18:48.782+0000] {processor.py:914} INFO - Processing file /home/airflow/.local/lib/python3.12/site-packages/airflow/example_dags/example_datasets.py for tasks to queue
[2025-06-12T12:18:48.783+0000] {logging_mixin.py:190} INFO - [2025-06-12T12:18:48.783+0000] {dagbag.py:588} INFO - Filling up the DagBag from /home/airflow/.local/lib/python3.12/site-packages/airflow/example_dags/example_datasets.py
[2025-06-12T12:18:49.165+0000] {processor.py:925} INFO - DAG(s) 'dataset_produces_2', 'dataset_consumes_1_and_2', 'conditional_dataset_and_time_based_timetable', 'dataset_consumes_1', 'dataset_consumes_1_never_scheduled', 'consume_1_or_both_2_and_3_with_dataset_expressions', 'dataset_produces_1', 'consume_1_or_2_with_dataset_expressions', 'dataset_consumes_unknown_never_scheduled', 'consume_1_and_2_with_dataset_expressions' retrieved from /home/airflow/.local/lib/python3.12/site-packages/airflow/example_dags/example_datasets.py
[2025-06-12T12:18:49.195+0000] {logging_mixin.py:190} INFO - [2025-06-12T12:18:49.194+0000] {dag.py:3239} INFO - Sync 10 DAGs
[2025-06-12T12:18:49.212+0000] {logging_mixin.py:190} INFO - [2025-06-12T12:18:49.212+0000] {dag.py:4180} INFO - Setting next_dagrun for conditional_dataset_and_time_based_timetable to 2025-06-11 01:00:00+00:00, run_after=2025-06-11 01:00:00+00:00
[2025-06-12T12:18:49.215+0000] {logging_mixin.py:190} INFO - [2025-06-12T12:18:49.215+0000] {dag.py:4180} INFO - Setting next_dagrun for consume_1_and_2_with_dataset_expressions to None, run_after=None
[2025-06-12T12:18:49.216+0000] {logging_mixin.py:190} INFO - [2025-06-12T12:18:49.216+0000] {dag.py:4180} INFO - Setting next_dagrun for consume_1_or_2_with_dataset_expressions to None, run_after=None
[2025-06-12T12:18:49.217+0000] {logging_mixin.py:190} INFO - [2025-06-12T12:18:49.217+0000] {dag.py:4180} INFO - Setting next_dagrun for consume_1_or_both_2_and_3_with_dataset_expressions to None, run_after=None
[2025-06-12T12:18:49.218+0000] {logging_mixin.py:190} INFO - [2025-06-12T12:18:49.218+0000] {dag.py:4180} INFO - Setting next_dagrun for dataset_consumes_1 to None, run_after=None
[2025-06-12T12:18:49.219+0000] {logging_mixin.py:190} INFO - [2025-06-12T12:18:49.219+0000] {dag.py:4180} INFO - Setting next_dagrun for dataset_consumes_1_and_2 to None, run_after=None
[2025-06-12T12:18:49.220+0000] {logging_mixin.py:190} INFO - [2025-06-12T12:18:49.220+0000] {dag.py:4180} INFO - Setting next_dagrun for dataset_consumes_1_never_scheduled to None, run_after=None
[2025-06-12T12:18:49.221+0000] {logging_mixin.py:190} INFO - [2025-06-12T12:18:49.221+0000] {dag.py:4180} INFO - Setting next_dagrun for dataset_consumes_unknown_never_scheduled to None, run_after=None
[2025-06-12T12:18:49.223+0000] {logging_mixin.py:190} INFO - [2025-06-12T12:18:49.223+0000] {dag.py:4180} INFO - Setting next_dagrun for dataset_produces_1 to 2025-06-11 00:00:00+00:00, run_after=2025-06-12 00:00:00+00:00
[2025-06-12T12:18:49.224+0000] {logging_mixin.py:190} INFO - [2025-06-12T12:18:49.223+0000] {dag.py:4180} INFO - Setting next_dagrun for dataset_produces_2 to None, run_after=None
[2025-06-12T12:18:49.245+0000] {processor.py:208} INFO - Processing /home/airflow/.local/lib/python3.12/site-packages/airflow/example_dags/example_datasets.py took 0.469 seconds
[2025-06-12T12:19:19.367+0000] {processor.py:186} INFO - Started process (PID=5826) to work on /home/airflow/.local/lib/python3.12/site-packages/airflow/example_dags/example_datasets.py
[2025-06-12T12:19:19.368+0000] {processor.py:914} INFO - Processing file /home/airflow/.local/lib/python3.12/site-packages/airflow/example_dags/example_datasets.py for tasks to queue
[2025-06-12T12:19:19.369+0000] {logging_mixin.py:190} INFO - [2025-06-12T12:19:19.369+0000] {dagbag.py:588} INFO - Filling up the DagBag from /home/airflow/.local/lib/python3.12/site-packages/airflow/example_dags/example_datasets.py
[2025-06-12T12:19:19.764+0000] {processor.py:925} INFO - DAG(s) 'dataset_produces_2', 'consume_1_and_2_with_dataset_expressions', 'dataset_consumes_1', 'dataset_produces_1', 'dataset_consumes_unknown_never_scheduled', 'conditional_dataset_and_time_based_timetable', 'consume_1_or_2_with_dataset_expressions', 'dataset_consumes_1_never_scheduled', 'dataset_consumes_1_and_2', 'consume_1_or_both_2_and_3_with_dataset_expressions' retrieved from /home/airflow/.local/lib/python3.12/site-packages/airflow/example_dags/example_datasets.py
[2025-06-12T12:19:19.794+0000] {logging_mixin.py:190} INFO - [2025-06-12T12:19:19.794+0000] {dag.py:3239} INFO - Sync 10 DAGs
[2025-06-12T12:19:19.814+0000] {logging_mixin.py:190} INFO - [2025-06-12T12:19:19.814+0000] {dag.py:4180} INFO - Setting next_dagrun for conditional_dataset_and_time_based_timetable to 2025-06-11 01:00:00+00:00, run_after=2025-06-11 01:00:00+00:00
[2025-06-12T12:19:19.818+0000] {logging_mixin.py:190} INFO - [2025-06-12T12:19:19.818+0000] {dag.py:4180} INFO - Setting next_dagrun for consume_1_and_2_with_dataset_expressions to None, run_after=None
[2025-06-12T12:19:19.819+0000] {logging_mixin.py:190} INFO - [2025-06-12T12:19:19.819+0000] {dag.py:4180} INFO - Setting next_dagrun for consume_1_or_2_with_dataset_expressions to None, run_after=None
[2025-06-12T12:19:19.820+0000] {logging_mixin.py:190} INFO - [2025-06-12T12:19:19.820+0000] {dag.py:4180} INFO - Setting next_dagrun for consume_1_or_both_2_and_3_with_dataset_expressions to None, run_after=None
[2025-06-12T12:19:19.821+0000] {logging_mixin.py:190} INFO - [2025-06-12T12:19:19.821+0000] {dag.py:4180} INFO - Setting next_dagrun for dataset_consumes_1 to None, run_after=None
[2025-06-12T12:19:19.822+0000] {logging_mixin.py:190} INFO - [2025-06-12T12:19:19.822+0000] {dag.py:4180} INFO - Setting next_dagrun for dataset_consumes_1_and_2 to None, run_after=None
[2025-06-12T12:19:19.823+0000] {logging_mixin.py:190} INFO - [2025-06-12T12:19:19.823+0000] {dag.py:4180} INFO - Setting next_dagrun for dataset_consumes_1_never_scheduled to None, run_after=None
[2025-06-12T12:19:19.824+0000] {logging_mixin.py:190} INFO - [2025-06-12T12:19:19.824+0000] {dag.py:4180} INFO - Setting next_dagrun for dataset_consumes_unknown_never_scheduled to None, run_after=None
[2025-06-12T12:19:19.826+0000] {logging_mixin.py:190} INFO - [2025-06-12T12:19:19.826+0000] {dag.py:4180} INFO - Setting next_dagrun for dataset_produces_1 to 2025-06-11 00:00:00+00:00, run_after=2025-06-12 00:00:00+00:00
[2025-06-12T12:19:19.827+0000] {logging_mixin.py:190} INFO - [2025-06-12T12:19:19.827+0000] {dag.py:4180} INFO - Setting next_dagrun for dataset_produces_2 to None, run_after=None
[2025-06-12T12:19:19.854+0000] {processor.py:208} INFO - Processing /home/airflow/.local/lib/python3.12/site-packages/airflow/example_dags/example_datasets.py took 0.491 seconds
[2025-06-12T12:19:50.549+0000] {processor.py:186} INFO - Started process (PID=6112) to work on /home/airflow/.local/lib/python3.12/site-packages/airflow/example_dags/example_datasets.py
[2025-06-12T12:19:50.550+0000] {processor.py:914} INFO - Processing file /home/airflow/.local/lib/python3.12/site-packages/airflow/example_dags/example_datasets.py for tasks to queue
[2025-06-12T12:19:50.552+0000] {logging_mixin.py:190} INFO - [2025-06-12T12:19:50.552+0000] {dagbag.py:588} INFO - Filling up the DagBag from /home/airflow/.local/lib/python3.12/site-packages/airflow/example_dags/example_datasets.py
[2025-06-12T12:19:50.947+0000] {processor.py:925} INFO - DAG(s) 'conditional_dataset_and_time_based_timetable', 'dataset_produces_1', 'dataset_consumes_unknown_never_scheduled', 'consume_1_and_2_with_dataset_expressions', 'consume_1_or_2_with_dataset_expressions', 'dataset_consumes_1_never_scheduled', 'dataset_produces_2', 'consume_1_or_both_2_and_3_with_dataset_expressions', 'dataset_consumes_1', 'dataset_consumes_1_and_2' retrieved from /home/airflow/.local/lib/python3.12/site-packages/airflow/example_dags/example_datasets.py
[2025-06-12T12:19:50.980+0000] {logging_mixin.py:190} INFO - [2025-06-12T12:19:50.980+0000] {dag.py:3239} INFO - Sync 10 DAGs
[2025-06-12T12:19:51.000+0000] {logging_mixin.py:190} INFO - [2025-06-12T12:19:50.999+0000] {dag.py:4180} INFO - Setting next_dagrun for conditional_dataset_and_time_based_timetable to 2025-06-11 01:00:00+00:00, run_after=2025-06-11 01:00:00+00:00
[2025-06-12T12:19:51.003+0000] {logging_mixin.py:190} INFO - [2025-06-12T12:19:51.003+0000] {dag.py:4180} INFO - Setting next_dagrun for consume_1_and_2_with_dataset_expressions to None, run_after=None
[2025-06-12T12:19:51.004+0000] {logging_mixin.py:190} INFO - [2025-06-12T12:19:51.004+0000] {dag.py:4180} INFO - Setting next_dagrun for consume_1_or_2_with_dataset_expressions to None, run_after=None
[2025-06-12T12:19:51.005+0000] {logging_mixin.py:190} INFO - [2025-06-12T12:19:51.005+0000] {dag.py:4180} INFO - Setting next_dagrun for consume_1_or_both_2_and_3_with_dataset_expressions to None, run_after=None
[2025-06-12T12:19:51.007+0000] {logging_mixin.py:190} INFO - [2025-06-12T12:19:51.006+0000] {dag.py:4180} INFO - Setting next_dagrun for dataset_consumes_1 to None, run_after=None
[2025-06-12T12:19:51.008+0000] {logging_mixin.py:190} INFO - [2025-06-12T12:19:51.008+0000] {dag.py:4180} INFO - Setting next_dagrun for dataset_consumes_1_and_2 to None, run_after=None
[2025-06-12T12:19:51.009+0000] {logging_mixin.py:190} INFO - [2025-06-12T12:19:51.009+0000] {dag.py:4180} INFO - Setting next_dagrun for dataset_consumes_1_never_scheduled to None, run_after=None
[2025-06-12T12:19:51.010+0000] {logging_mixin.py:190} INFO - [2025-06-12T12:19:51.010+0000] {dag.py:4180} INFO - Setting next_dagrun for dataset_consumes_unknown_never_scheduled to None, run_after=None
[2025-06-12T12:19:51.014+0000] {logging_mixin.py:190} INFO - [2025-06-12T12:19:51.013+0000] {dag.py:4180} INFO - Setting next_dagrun for dataset_produces_1 to 2025-06-11 00:00:00+00:00, run_after=2025-06-12 00:00:00+00:00
[2025-06-12T12:19:51.015+0000] {logging_mixin.py:190} INFO - [2025-06-12T12:19:51.015+0000] {dag.py:4180} INFO - Setting next_dagrun for dataset_produces_2 to None, run_after=None
[2025-06-12T12:19:51.041+0000] {processor.py:208} INFO - Processing /home/airflow/.local/lib/python3.12/site-packages/airflow/example_dags/example_datasets.py took 0.497 seconds
