[2025-06-12T12:10:01.100+0000] {processor.py:186} INFO - Started process (PID=256) to work on /home/airflow/.local/lib/python3.12/site-packages/airflow/example_dags/example_task_group.py
[2025-06-12T12:10:01.101+0000] {processor.py:914} INFO - Processing file /home/airflow/.local/lib/python3.12/site-packages/airflow/example_dags/example_task_group.py for tasks to queue
[2025-06-12T12:10:01.103+0000] {logging_mixin.py:190} INFO - [2025-06-12T12:10:01.102+0000] {dagbag.py:588} INFO - Filling up the DagBag from /home/airflow/.local/lib/python3.12/site-packages/airflow/example_dags/example_task_group.py
[2025-06-12T12:10:01.110+0000] {processor.py:925} INFO - DAG(s) 'example_task_group' retrieved from /home/airflow/.local/lib/python3.12/site-packages/airflow/example_dags/example_task_group.py
[2025-06-12T12:10:01.137+0000] {logging_mixin.py:190} INFO - [2025-06-12T12:10:01.137+0000] {dag.py:3239} INFO - Sync 1 DAGs
[2025-06-12T12:10:01.150+0000] {logging_mixin.py:190} INFO - [2025-06-12T12:10:01.150+0000] {dag.py:4180} INFO - Setting next_dagrun for example_task_group to None, run_after=None
[2025-06-12T12:10:01.166+0000] {processor.py:208} INFO - Processing /home/airflow/.local/lib/python3.12/site-packages/airflow/example_dags/example_task_group.py took 0.072 seconds
[2025-06-12T12:10:31.488+0000] {processor.py:186} INFO - Started process (PID=556) to work on /home/airflow/.local/lib/python3.12/site-packages/airflow/example_dags/example_task_group.py
[2025-06-12T12:10:31.489+0000] {processor.py:914} INFO - Processing file /home/airflow/.local/lib/python3.12/site-packages/airflow/example_dags/example_task_group.py for tasks to queue
[2025-06-12T12:10:31.491+0000] {logging_mixin.py:190} INFO - [2025-06-12T12:10:31.491+0000] {dagbag.py:588} INFO - Filling up the DagBag from /home/airflow/.local/lib/python3.12/site-packages/airflow/example_dags/example_task_group.py
[2025-06-12T12:10:31.501+0000] {processor.py:925} INFO - DAG(s) 'example_task_group' retrieved from /home/airflow/.local/lib/python3.12/site-packages/airflow/example_dags/example_task_group.py
[2025-06-12T12:10:31.526+0000] {logging_mixin.py:190} INFO - [2025-06-12T12:10:31.525+0000] {dag.py:3239} INFO - Sync 1 DAGs
[2025-06-12T12:10:31.542+0000] {logging_mixin.py:190} INFO - [2025-06-12T12:10:31.542+0000] {dag.py:4180} INFO - Setting next_dagrun for example_task_group to None, run_after=None
[2025-06-12T12:10:31.563+0000] {processor.py:208} INFO - Processing /home/airflow/.local/lib/python3.12/site-packages/airflow/example_dags/example_task_group.py took 0.081 seconds
[2025-06-12T12:11:01.639+0000] {processor.py:186} INFO - Started process (PID=852) to work on /home/airflow/.local/lib/python3.12/site-packages/airflow/example_dags/example_task_group.py
[2025-06-12T12:11:01.640+0000] {processor.py:914} INFO - Processing file /home/airflow/.local/lib/python3.12/site-packages/airflow/example_dags/example_task_group.py for tasks to queue
[2025-06-12T12:11:01.642+0000] {logging_mixin.py:190} INFO - [2025-06-12T12:11:01.642+0000] {dagbag.py:588} INFO - Filling up the DagBag from /home/airflow/.local/lib/python3.12/site-packages/airflow/example_dags/example_task_group.py
[2025-06-12T12:11:01.649+0000] {processor.py:925} INFO - DAG(s) 'example_task_group' retrieved from /home/airflow/.local/lib/python3.12/site-packages/airflow/example_dags/example_task_group.py
[2025-06-12T12:11:01.665+0000] {logging_mixin.py:190} INFO - [2025-06-12T12:11:01.665+0000] {dag.py:3239} INFO - Sync 1 DAGs
[2025-06-12T12:11:01.677+0000] {logging_mixin.py:190} INFO - [2025-06-12T12:11:01.677+0000] {dag.py:4180} INFO - Setting next_dagrun for example_task_group to None, run_after=None
[2025-06-12T12:11:01.692+0000] {processor.py:208} INFO - Processing /home/airflow/.local/lib/python3.12/site-packages/airflow/example_dags/example_task_group.py took 0.057 seconds
[2025-06-12T12:11:31.898+0000] {processor.py:186} INFO - Started process (PID=1148) to work on /home/airflow/.local/lib/python3.12/site-packages/airflow/example_dags/example_task_group.py
[2025-06-12T12:11:31.899+0000] {processor.py:914} INFO - Processing file /home/airflow/.local/lib/python3.12/site-packages/airflow/example_dags/example_task_group.py for tasks to queue
[2025-06-12T12:11:31.901+0000] {logging_mixin.py:190} INFO - [2025-06-12T12:11:31.901+0000] {dagbag.py:588} INFO - Filling up the DagBag from /home/airflow/.local/lib/python3.12/site-packages/airflow/example_dags/example_task_group.py
[2025-06-12T12:11:31.908+0000] {processor.py:925} INFO - DAG(s) 'example_task_group' retrieved from /home/airflow/.local/lib/python3.12/site-packages/airflow/example_dags/example_task_group.py
[2025-06-12T12:11:31.924+0000] {logging_mixin.py:190} INFO - [2025-06-12T12:11:31.923+0000] {dag.py:3239} INFO - Sync 1 DAGs
[2025-06-12T12:11:31.935+0000] {logging_mixin.py:190} INFO - [2025-06-12T12:11:31.934+0000] {dag.py:4180} INFO - Setting next_dagrun for example_task_group to None, run_after=None
[2025-06-12T12:11:31.948+0000] {processor.py:208} INFO - Processing /home/airflow/.local/lib/python3.12/site-packages/airflow/example_dags/example_task_group.py took 0.055 seconds
[2025-06-12T12:12:02.067+0000] {processor.py:186} INFO - Started process (PID=1444) to work on /home/airflow/.local/lib/python3.12/site-packages/airflow/example_dags/example_task_group.py
[2025-06-12T12:12:02.068+0000] {processor.py:914} INFO - Processing file /home/airflow/.local/lib/python3.12/site-packages/airflow/example_dags/example_task_group.py for tasks to queue
[2025-06-12T12:12:02.070+0000] {logging_mixin.py:190} INFO - [2025-06-12T12:12:02.070+0000] {dagbag.py:588} INFO - Filling up the DagBag from /home/airflow/.local/lib/python3.12/site-packages/airflow/example_dags/example_task_group.py
[2025-06-12T12:12:02.078+0000] {processor.py:925} INFO - DAG(s) 'example_task_group' retrieved from /home/airflow/.local/lib/python3.12/site-packages/airflow/example_dags/example_task_group.py
[2025-06-12T12:12:02.096+0000] {logging_mixin.py:190} INFO - [2025-06-12T12:12:02.096+0000] {dag.py:3239} INFO - Sync 1 DAGs
[2025-06-12T12:12:02.107+0000] {logging_mixin.py:190} INFO - [2025-06-12T12:12:02.107+0000] {dag.py:4180} INFO - Setting next_dagrun for example_task_group to None, run_after=None
[2025-06-12T12:12:02.120+0000] {processor.py:208} INFO - Processing /home/airflow/.local/lib/python3.12/site-packages/airflow/example_dags/example_task_group.py took 0.058 seconds
[2025-06-12T12:12:32.233+0000] {processor.py:186} INFO - Started process (PID=1740) to work on /home/airflow/.local/lib/python3.12/site-packages/airflow/example_dags/example_task_group.py
[2025-06-12T12:12:32.233+0000] {processor.py:914} INFO - Processing file /home/airflow/.local/lib/python3.12/site-packages/airflow/example_dags/example_task_group.py for tasks to queue
[2025-06-12T12:12:32.235+0000] {logging_mixin.py:190} INFO - [2025-06-12T12:12:32.235+0000] {dagbag.py:588} INFO - Filling up the DagBag from /home/airflow/.local/lib/python3.12/site-packages/airflow/example_dags/example_task_group.py
[2025-06-12T12:12:32.242+0000] {processor.py:925} INFO - DAG(s) 'example_task_group' retrieved from /home/airflow/.local/lib/python3.12/site-packages/airflow/example_dags/example_task_group.py
[2025-06-12T12:12:32.257+0000] {logging_mixin.py:190} INFO - [2025-06-12T12:12:32.256+0000] {dag.py:3239} INFO - Sync 1 DAGs
[2025-06-12T12:12:32.267+0000] {logging_mixin.py:190} INFO - [2025-06-12T12:12:32.267+0000] {dag.py:4180} INFO - Setting next_dagrun for example_task_group to None, run_after=None
[2025-06-12T12:12:32.281+0000] {processor.py:208} INFO - Processing /home/airflow/.local/lib/python3.12/site-packages/airflow/example_dags/example_task_group.py took 0.053 seconds
[2025-06-12T12:13:02.389+0000] {processor.py:186} INFO - Started process (PID=2036) to work on /home/airflow/.local/lib/python3.12/site-packages/airflow/example_dags/example_task_group.py
[2025-06-12T12:13:02.390+0000] {processor.py:914} INFO - Processing file /home/airflow/.local/lib/python3.12/site-packages/airflow/example_dags/example_task_group.py for tasks to queue
[2025-06-12T12:13:02.392+0000] {logging_mixin.py:190} INFO - [2025-06-12T12:13:02.392+0000] {dagbag.py:588} INFO - Filling up the DagBag from /home/airflow/.local/lib/python3.12/site-packages/airflow/example_dags/example_task_group.py
[2025-06-12T12:13:02.398+0000] {processor.py:925} INFO - DAG(s) 'example_task_group' retrieved from /home/airflow/.local/lib/python3.12/site-packages/airflow/example_dags/example_task_group.py
[2025-06-12T12:13:02.413+0000] {logging_mixin.py:190} INFO - [2025-06-12T12:13:02.413+0000] {dag.py:3239} INFO - Sync 1 DAGs
[2025-06-12T12:13:02.424+0000] {logging_mixin.py:190} INFO - [2025-06-12T12:13:02.423+0000] {dag.py:4180} INFO - Setting next_dagrun for example_task_group to None, run_after=None
[2025-06-12T12:13:02.436+0000] {processor.py:208} INFO - Processing /home/airflow/.local/lib/python3.12/site-packages/airflow/example_dags/example_task_group.py took 0.051 seconds
[2025-06-12T12:13:32.565+0000] {processor.py:186} INFO - Started process (PID=2332) to work on /home/airflow/.local/lib/python3.12/site-packages/airflow/example_dags/example_task_group.py
[2025-06-12T12:13:32.566+0000] {processor.py:914} INFO - Processing file /home/airflow/.local/lib/python3.12/site-packages/airflow/example_dags/example_task_group.py for tasks to queue
[2025-06-12T12:13:32.568+0000] {logging_mixin.py:190} INFO - [2025-06-12T12:13:32.567+0000] {dagbag.py:588} INFO - Filling up the DagBag from /home/airflow/.local/lib/python3.12/site-packages/airflow/example_dags/example_task_group.py
[2025-06-12T12:13:32.574+0000] {processor.py:925} INFO - DAG(s) 'example_task_group' retrieved from /home/airflow/.local/lib/python3.12/site-packages/airflow/example_dags/example_task_group.py
[2025-06-12T12:13:32.589+0000] {logging_mixin.py:190} INFO - [2025-06-12T12:13:32.589+0000] {dag.py:3239} INFO - Sync 1 DAGs
[2025-06-12T12:13:32.599+0000] {logging_mixin.py:190} INFO - [2025-06-12T12:13:32.599+0000] {dag.py:4180} INFO - Setting next_dagrun for example_task_group to None, run_after=None
[2025-06-12T12:13:32.613+0000] {processor.py:208} INFO - Processing /home/airflow/.local/lib/python3.12/site-packages/airflow/example_dags/example_task_group.py took 0.052 seconds
[2025-06-12T12:14:03.439+0000] {processor.py:186} INFO - Started process (PID=2628) to work on /home/airflow/.local/lib/python3.12/site-packages/airflow/example_dags/example_task_group.py
[2025-06-12T12:14:03.440+0000] {processor.py:914} INFO - Processing file /home/airflow/.local/lib/python3.12/site-packages/airflow/example_dags/example_task_group.py for tasks to queue
[2025-06-12T12:14:03.442+0000] {logging_mixin.py:190} INFO - [2025-06-12T12:14:03.441+0000] {dagbag.py:588} INFO - Filling up the DagBag from /home/airflow/.local/lib/python3.12/site-packages/airflow/example_dags/example_task_group.py
[2025-06-12T12:14:03.448+0000] {processor.py:925} INFO - DAG(s) 'example_task_group' retrieved from /home/airflow/.local/lib/python3.12/site-packages/airflow/example_dags/example_task_group.py
[2025-06-12T12:14:03.464+0000] {logging_mixin.py:190} INFO - [2025-06-12T12:14:03.464+0000] {dag.py:3239} INFO - Sync 1 DAGs
[2025-06-12T12:14:03.476+0000] {logging_mixin.py:190} INFO - [2025-06-12T12:14:03.476+0000] {dag.py:4180} INFO - Setting next_dagrun for example_task_group to None, run_after=None
[2025-06-12T12:14:03.489+0000] {processor.py:208} INFO - Processing /home/airflow/.local/lib/python3.12/site-packages/airflow/example_dags/example_task_group.py took 0.055 seconds
[2025-06-12T12:14:34.185+0000] {processor.py:186} INFO - Started process (PID=2924) to work on /home/airflow/.local/lib/python3.12/site-packages/airflow/example_dags/example_task_group.py
[2025-06-12T12:14:34.186+0000] {processor.py:914} INFO - Processing file /home/airflow/.local/lib/python3.12/site-packages/airflow/example_dags/example_task_group.py for tasks to queue
[2025-06-12T12:14:34.188+0000] {logging_mixin.py:190} INFO - [2025-06-12T12:14:34.187+0000] {dagbag.py:588} INFO - Filling up the DagBag from /home/airflow/.local/lib/python3.12/site-packages/airflow/example_dags/example_task_group.py
[2025-06-12T12:14:34.195+0000] {processor.py:925} INFO - DAG(s) 'example_task_group' retrieved from /home/airflow/.local/lib/python3.12/site-packages/airflow/example_dags/example_task_group.py
[2025-06-12T12:14:34.211+0000] {logging_mixin.py:190} INFO - [2025-06-12T12:14:34.211+0000] {dag.py:3239} INFO - Sync 1 DAGs
[2025-06-12T12:14:34.222+0000] {logging_mixin.py:190} INFO - [2025-06-12T12:14:34.222+0000] {dag.py:4180} INFO - Setting next_dagrun for example_task_group to None, run_after=None
[2025-06-12T12:14:34.236+0000] {processor.py:208} INFO - Processing /home/airflow/.local/lib/python3.12/site-packages/airflow/example_dags/example_task_group.py took 0.055 seconds
[2025-06-12T12:15:05.009+0000] {processor.py:186} INFO - Started process (PID=3220) to work on /home/airflow/.local/lib/python3.12/site-packages/airflow/example_dags/example_task_group.py
[2025-06-12T12:15:05.010+0000] {processor.py:914} INFO - Processing file /home/airflow/.local/lib/python3.12/site-packages/airflow/example_dags/example_task_group.py for tasks to queue
[2025-06-12T12:15:05.012+0000] {logging_mixin.py:190} INFO - [2025-06-12T12:15:05.012+0000] {dagbag.py:588} INFO - Filling up the DagBag from /home/airflow/.local/lib/python3.12/site-packages/airflow/example_dags/example_task_group.py
[2025-06-12T12:15:05.019+0000] {processor.py:925} INFO - DAG(s) 'example_task_group' retrieved from /home/airflow/.local/lib/python3.12/site-packages/airflow/example_dags/example_task_group.py
[2025-06-12T12:15:05.036+0000] {logging_mixin.py:190} INFO - [2025-06-12T12:15:05.036+0000] {dag.py:3239} INFO - Sync 1 DAGs
[2025-06-12T12:15:05.047+0000] {logging_mixin.py:190} INFO - [2025-06-12T12:15:05.047+0000] {dag.py:4180} INFO - Setting next_dagrun for example_task_group to None, run_after=None
[2025-06-12T12:15:05.060+0000] {processor.py:208} INFO - Processing /home/airflow/.local/lib/python3.12/site-packages/airflow/example_dags/example_task_group.py took 0.055 seconds
[2025-06-12T12:15:35.561+0000] {processor.py:186} INFO - Started process (PID=3516) to work on /home/airflow/.local/lib/python3.12/site-packages/airflow/example_dags/example_task_group.py
[2025-06-12T12:15:35.563+0000] {processor.py:914} INFO - Processing file /home/airflow/.local/lib/python3.12/site-packages/airflow/example_dags/example_task_group.py for tasks to queue
[2025-06-12T12:15:35.565+0000] {logging_mixin.py:190} INFO - [2025-06-12T12:15:35.564+0000] {dagbag.py:588} INFO - Filling up the DagBag from /home/airflow/.local/lib/python3.12/site-packages/airflow/example_dags/example_task_group.py
[2025-06-12T12:15:35.572+0000] {processor.py:925} INFO - DAG(s) 'example_task_group' retrieved from /home/airflow/.local/lib/python3.12/site-packages/airflow/example_dags/example_task_group.py
[2025-06-12T12:15:35.592+0000] {logging_mixin.py:190} INFO - [2025-06-12T12:15:35.592+0000] {dag.py:3239} INFO - Sync 1 DAGs
[2025-06-12T12:15:35.604+0000] {logging_mixin.py:190} INFO - [2025-06-12T12:15:35.604+0000] {dag.py:4180} INFO - Setting next_dagrun for example_task_group to None, run_after=None
[2025-06-12T12:15:35.619+0000] {processor.py:208} INFO - Processing /home/airflow/.local/lib/python3.12/site-packages/airflow/example_dags/example_task_group.py took 0.064 seconds
[2025-06-12T12:16:06.022+0000] {processor.py:186} INFO - Started process (PID=3812) to work on /home/airflow/.local/lib/python3.12/site-packages/airflow/example_dags/example_task_group.py
[2025-06-12T12:16:06.023+0000] {processor.py:914} INFO - Processing file /home/airflow/.local/lib/python3.12/site-packages/airflow/example_dags/example_task_group.py for tasks to queue
[2025-06-12T12:16:06.025+0000] {logging_mixin.py:190} INFO - [2025-06-12T12:16:06.025+0000] {dagbag.py:588} INFO - Filling up the DagBag from /home/airflow/.local/lib/python3.12/site-packages/airflow/example_dags/example_task_group.py
[2025-06-12T12:16:06.032+0000] {processor.py:925} INFO - DAG(s) 'example_task_group' retrieved from /home/airflow/.local/lib/python3.12/site-packages/airflow/example_dags/example_task_group.py
[2025-06-12T12:16:06.047+0000] {logging_mixin.py:190} INFO - [2025-06-12T12:16:06.046+0000] {dag.py:3239} INFO - Sync 1 DAGs
[2025-06-12T12:16:06.057+0000] {logging_mixin.py:190} INFO - [2025-06-12T12:16:06.057+0000] {dag.py:4180} INFO - Setting next_dagrun for example_task_group to None, run_after=None
[2025-06-12T12:16:06.070+0000] {processor.py:208} INFO - Processing /home/airflow/.local/lib/python3.12/site-packages/airflow/example_dags/example_task_group.py took 0.053 seconds
[2025-06-12T12:16:36.933+0000] {processor.py:186} INFO - Started process (PID=4108) to work on /home/airflow/.local/lib/python3.12/site-packages/airflow/example_dags/example_task_group.py
[2025-06-12T12:16:36.934+0000] {processor.py:914} INFO - Processing file /home/airflow/.local/lib/python3.12/site-packages/airflow/example_dags/example_task_group.py for tasks to queue
[2025-06-12T12:16:36.935+0000] {logging_mixin.py:190} INFO - [2025-06-12T12:16:36.935+0000] {dagbag.py:588} INFO - Filling up the DagBag from /home/airflow/.local/lib/python3.12/site-packages/airflow/example_dags/example_task_group.py
[2025-06-12T12:16:36.942+0000] {processor.py:925} INFO - DAG(s) 'example_task_group' retrieved from /home/airflow/.local/lib/python3.12/site-packages/airflow/example_dags/example_task_group.py
[2025-06-12T12:16:36.958+0000] {logging_mixin.py:190} INFO - [2025-06-12T12:16:36.958+0000] {dag.py:3239} INFO - Sync 1 DAGs
[2025-06-12T12:16:36.969+0000] {logging_mixin.py:190} INFO - [2025-06-12T12:16:36.969+0000] {dag.py:4180} INFO - Setting next_dagrun for example_task_group to None, run_after=None
[2025-06-12T12:16:36.982+0000] {processor.py:208} INFO - Processing /home/airflow/.local/lib/python3.12/site-packages/airflow/example_dags/example_task_group.py took 0.054 seconds
[2025-06-12T12:17:07.497+0000] {processor.py:186} INFO - Started process (PID=4404) to work on /home/airflow/.local/lib/python3.12/site-packages/airflow/example_dags/example_task_group.py
[2025-06-12T12:17:07.498+0000] {processor.py:914} INFO - Processing file /home/airflow/.local/lib/python3.12/site-packages/airflow/example_dags/example_task_group.py for tasks to queue
[2025-06-12T12:17:07.500+0000] {logging_mixin.py:190} INFO - [2025-06-12T12:17:07.499+0000] {dagbag.py:588} INFO - Filling up the DagBag from /home/airflow/.local/lib/python3.12/site-packages/airflow/example_dags/example_task_group.py
[2025-06-12T12:17:07.506+0000] {processor.py:925} INFO - DAG(s) 'example_task_group' retrieved from /home/airflow/.local/lib/python3.12/site-packages/airflow/example_dags/example_task_group.py
[2025-06-12T12:17:07.521+0000] {logging_mixin.py:190} INFO - [2025-06-12T12:17:07.521+0000] {dag.py:3239} INFO - Sync 1 DAGs
[2025-06-12T12:17:07.532+0000] {logging_mixin.py:190} INFO - [2025-06-12T12:17:07.531+0000] {dag.py:4180} INFO - Setting next_dagrun for example_task_group to None, run_after=None
[2025-06-12T12:17:07.544+0000] {processor.py:208} INFO - Processing /home/airflow/.local/lib/python3.12/site-packages/airflow/example_dags/example_task_group.py took 0.052 seconds
[2025-06-12T12:17:38.093+0000] {processor.py:186} INFO - Started process (PID=4700) to work on /home/airflow/.local/lib/python3.12/site-packages/airflow/example_dags/example_task_group.py
[2025-06-12T12:17:38.094+0000] {processor.py:914} INFO - Processing file /home/airflow/.local/lib/python3.12/site-packages/airflow/example_dags/example_task_group.py for tasks to queue
[2025-06-12T12:17:38.096+0000] {logging_mixin.py:190} INFO - [2025-06-12T12:17:38.095+0000] {dagbag.py:588} INFO - Filling up the DagBag from /home/airflow/.local/lib/python3.12/site-packages/airflow/example_dags/example_task_group.py
[2025-06-12T12:17:38.102+0000] {processor.py:925} INFO - DAG(s) 'example_task_group' retrieved from /home/airflow/.local/lib/python3.12/site-packages/airflow/example_dags/example_task_group.py
[2025-06-12T12:17:38.119+0000] {logging_mixin.py:190} INFO - [2025-06-12T12:17:38.119+0000] {dag.py:3239} INFO - Sync 1 DAGs
[2025-06-12T12:17:38.130+0000] {logging_mixin.py:190} INFO - [2025-06-12T12:17:38.130+0000] {dag.py:4180} INFO - Setting next_dagrun for example_task_group to None, run_after=None
[2025-06-12T12:17:38.143+0000] {processor.py:208} INFO - Processing /home/airflow/.local/lib/python3.12/site-packages/airflow/example_dags/example_task_group.py took 0.055 seconds
[2025-06-12T12:18:08.632+0000] {processor.py:186} INFO - Started process (PID=4996) to work on /home/airflow/.local/lib/python3.12/site-packages/airflow/example_dags/example_task_group.py
[2025-06-12T12:18:08.633+0000] {processor.py:914} INFO - Processing file /home/airflow/.local/lib/python3.12/site-packages/airflow/example_dags/example_task_group.py for tasks to queue
[2025-06-12T12:18:08.635+0000] {logging_mixin.py:190} INFO - [2025-06-12T12:18:08.634+0000] {dagbag.py:588} INFO - Filling up the DagBag from /home/airflow/.local/lib/python3.12/site-packages/airflow/example_dags/example_task_group.py
[2025-06-12T12:18:08.642+0000] {processor.py:925} INFO - DAG(s) 'example_task_group' retrieved from /home/airflow/.local/lib/python3.12/site-packages/airflow/example_dags/example_task_group.py
[2025-06-12T12:18:08.659+0000] {logging_mixin.py:190} INFO - [2025-06-12T12:18:08.659+0000] {dag.py:3239} INFO - Sync 1 DAGs
[2025-06-12T12:18:08.670+0000] {logging_mixin.py:190} INFO - [2025-06-12T12:18:08.670+0000] {dag.py:4180} INFO - Setting next_dagrun for example_task_group to None, run_after=None
[2025-06-12T12:18:08.683+0000] {processor.py:208} INFO - Processing /home/airflow/.local/lib/python3.12/site-packages/airflow/example_dags/example_task_group.py took 0.056 seconds
[2025-06-12T12:18:39.218+0000] {processor.py:186} INFO - Started process (PID=5292) to work on /home/airflow/.local/lib/python3.12/site-packages/airflow/example_dags/example_task_group.py
[2025-06-12T12:18:39.219+0000] {processor.py:914} INFO - Processing file /home/airflow/.local/lib/python3.12/site-packages/airflow/example_dags/example_task_group.py for tasks to queue
[2025-06-12T12:18:39.221+0000] {logging_mixin.py:190} INFO - [2025-06-12T12:18:39.221+0000] {dagbag.py:588} INFO - Filling up the DagBag from /home/airflow/.local/lib/python3.12/site-packages/airflow/example_dags/example_task_group.py
[2025-06-12T12:18:39.228+0000] {processor.py:925} INFO - DAG(s) 'example_task_group' retrieved from /home/airflow/.local/lib/python3.12/site-packages/airflow/example_dags/example_task_group.py
[2025-06-12T12:18:39.244+0000] {logging_mixin.py:190} INFO - [2025-06-12T12:18:39.244+0000] {dag.py:3239} INFO - Sync 1 DAGs
[2025-06-12T12:18:39.255+0000] {logging_mixin.py:190} INFO - [2025-06-12T12:18:39.254+0000] {dag.py:4180} INFO - Setting next_dagrun for example_task_group to None, run_after=None
[2025-06-12T12:18:39.268+0000] {processor.py:208} INFO - Processing /home/airflow/.local/lib/python3.12/site-packages/airflow/example_dags/example_task_group.py took 0.054 seconds
[2025-06-12T12:19:09.739+0000] {processor.py:186} INFO - Started process (PID=5586) to work on /home/airflow/.local/lib/python3.12/site-packages/airflow/example_dags/example_task_group.py
[2025-06-12T12:19:09.740+0000] {processor.py:914} INFO - Processing file /home/airflow/.local/lib/python3.12/site-packages/airflow/example_dags/example_task_group.py for tasks to queue
[2025-06-12T12:19:09.742+0000] {logging_mixin.py:190} INFO - [2025-06-12T12:19:09.742+0000] {dagbag.py:588} INFO - Filling up the DagBag from /home/airflow/.local/lib/python3.12/site-packages/airflow/example_dags/example_task_group.py
[2025-06-12T12:19:09.750+0000] {processor.py:925} INFO - DAG(s) 'example_task_group' retrieved from /home/airflow/.local/lib/python3.12/site-packages/airflow/example_dags/example_task_group.py
[2025-06-12T12:19:09.770+0000] {logging_mixin.py:190} INFO - [2025-06-12T12:19:09.770+0000] {dag.py:3239} INFO - Sync 1 DAGs
[2025-06-12T12:19:09.782+0000] {logging_mixin.py:190} INFO - [2025-06-12T12:19:09.782+0000] {dag.py:4180} INFO - Setting next_dagrun for example_task_group to None, run_after=None
[2025-06-12T12:19:09.797+0000] {processor.py:208} INFO - Processing /home/airflow/.local/lib/python3.12/site-packages/airflow/example_dags/example_task_group.py took 0.064 seconds
[2025-06-12T12:19:39.937+0000] {processor.py:186} INFO - Started process (PID=5882) to work on /home/airflow/.local/lib/python3.12/site-packages/airflow/example_dags/example_task_group.py
[2025-06-12T12:19:39.937+0000] {processor.py:914} INFO - Processing file /home/airflow/.local/lib/python3.12/site-packages/airflow/example_dags/example_task_group.py for tasks to queue
[2025-06-12T12:19:39.939+0000] {logging_mixin.py:190} INFO - [2025-06-12T12:19:39.939+0000] {dagbag.py:588} INFO - Filling up the DagBag from /home/airflow/.local/lib/python3.12/site-packages/airflow/example_dags/example_task_group.py
[2025-06-12T12:19:39.945+0000] {processor.py:925} INFO - DAG(s) 'example_task_group' retrieved from /home/airflow/.local/lib/python3.12/site-packages/airflow/example_dags/example_task_group.py
[2025-06-12T12:19:39.960+0000] {logging_mixin.py:190} INFO - [2025-06-12T12:19:39.960+0000] {dag.py:3239} INFO - Sync 1 DAGs
[2025-06-12T12:19:39.974+0000] {logging_mixin.py:190} INFO - [2025-06-12T12:19:39.973+0000] {dag.py:4180} INFO - Setting next_dagrun for example_task_group to None, run_after=None
[2025-06-12T12:19:39.987+0000] {processor.py:208} INFO - Processing /home/airflow/.local/lib/python3.12/site-packages/airflow/example_dags/example_task_group.py took 0.055 seconds
