[2025-06-12T12:10:03.753+0000] {processor.py:186} INFO - Started process (PID=438) to work on /home/airflow/.local/lib/python3.12/site-packages/airflow/example_dags/example_bash_decorator.py
[2025-06-12T12:10:03.754+0000] {processor.py:914} INFO - Processing file /home/airflow/.local/lib/python3.12/site-packages/airflow/example_dags/example_bash_decorator.py for tasks to queue
[2025-06-12T12:10:03.756+0000] {logging_mixin.py:190} INFO - [2025-06-12T12:10:03.756+0000] {dagbag.py:588} INFO - Filling up the DagBag from /home/airflow/.local/lib/python3.12/site-packages/airflow/example_dags/example_bash_decorator.py
[2025-06-12T12:10:03.768+0000] {processor.py:925} INFO - DAG(s) 'example_bash_decorator' retrieved from /home/airflow/.local/lib/python3.12/site-packages/airflow/example_dags/example_bash_decorator.py
[2025-06-12T12:10:03.859+0000] {logging_mixin.py:190} INFO - [2025-06-12T12:10:03.859+0000] {dag.py:3239} INFO - Sync 1 DAGs
[2025-06-12T12:10:03.873+0000] {logging_mixin.py:190} INFO - [2025-06-12T12:10:03.873+0000] {dag.py:4180} INFO - Setting next_dagrun for example_bash_decorator to None, run_after=None
[2025-06-12T12:10:03.893+0000] {processor.py:208} INFO - Processing /home/airflow/.local/lib/python3.12/site-packages/airflow/example_dags/example_bash_decorator.py took 0.144 seconds
[2025-06-12T12:10:34.849+0000] {processor.py:186} INFO - Started process (PID=734) to work on /home/airflow/.local/lib/python3.12/site-packages/airflow/example_dags/example_bash_decorator.py
[2025-06-12T12:10:34.850+0000] {processor.py:914} INFO - Processing file /home/airflow/.local/lib/python3.12/site-packages/airflow/example_dags/example_bash_decorator.py for tasks to queue
[2025-06-12T12:10:34.852+0000] {logging_mixin.py:190} INFO - [2025-06-12T12:10:34.852+0000] {dagbag.py:588} INFO - Filling up the DagBag from /home/airflow/.local/lib/python3.12/site-packages/airflow/example_dags/example_bash_decorator.py
[2025-06-12T12:10:34.865+0000] {processor.py:925} INFO - DAG(s) 'example_bash_decorator' retrieved from /home/airflow/.local/lib/python3.12/site-packages/airflow/example_dags/example_bash_decorator.py
[2025-06-12T12:10:34.882+0000] {logging_mixin.py:190} INFO - [2025-06-12T12:10:34.882+0000] {dag.py:3239} INFO - Sync 1 DAGs
[2025-06-12T12:10:34.894+0000] {logging_mixin.py:190} INFO - [2025-06-12T12:10:34.894+0000] {dag.py:4180} INFO - Setting next_dagrun for example_bash_decorator to None, run_after=None
[2025-06-12T12:10:34.906+0000] {processor.py:208} INFO - Processing /home/airflow/.local/lib/python3.12/site-packages/airflow/example_dags/example_bash_decorator.py took 0.063 seconds
[2025-06-12T12:11:05.506+0000] {processor.py:186} INFO - Started process (PID=1030) to work on /home/airflow/.local/lib/python3.12/site-packages/airflow/example_dags/example_bash_decorator.py
[2025-06-12T12:11:05.507+0000] {processor.py:914} INFO - Processing file /home/airflow/.local/lib/python3.12/site-packages/airflow/example_dags/example_bash_decorator.py for tasks to queue
[2025-06-12T12:11:05.508+0000] {logging_mixin.py:190} INFO - [2025-06-12T12:11:05.508+0000] {dagbag.py:588} INFO - Filling up the DagBag from /home/airflow/.local/lib/python3.12/site-packages/airflow/example_dags/example_bash_decorator.py
[2025-06-12T12:11:05.520+0000] {processor.py:925} INFO - DAG(s) 'example_bash_decorator' retrieved from /home/airflow/.local/lib/python3.12/site-packages/airflow/example_dags/example_bash_decorator.py
[2025-06-12T12:11:05.537+0000] {logging_mixin.py:190} INFO - [2025-06-12T12:11:05.537+0000] {dag.py:3239} INFO - Sync 1 DAGs
[2025-06-12T12:11:05.549+0000] {logging_mixin.py:190} INFO - [2025-06-12T12:11:05.549+0000] {dag.py:4180} INFO - Setting next_dagrun for example_bash_decorator to None, run_after=None
[2025-06-12T12:11:05.564+0000] {processor.py:208} INFO - Processing /home/airflow/.local/lib/python3.12/site-packages/airflow/example_dags/example_bash_decorator.py took 0.063 seconds
[2025-06-12T12:11:36.359+0000] {processor.py:186} INFO - Started process (PID=1328) to work on /home/airflow/.local/lib/python3.12/site-packages/airflow/example_dags/example_bash_decorator.py
[2025-06-12T12:11:36.360+0000] {processor.py:914} INFO - Processing file /home/airflow/.local/lib/python3.12/site-packages/airflow/example_dags/example_bash_decorator.py for tasks to queue
[2025-06-12T12:11:36.362+0000] {logging_mixin.py:190} INFO - [2025-06-12T12:11:36.361+0000] {dagbag.py:588} INFO - Filling up the DagBag from /home/airflow/.local/lib/python3.12/site-packages/airflow/example_dags/example_bash_decorator.py
[2025-06-12T12:11:36.372+0000] {processor.py:925} INFO - DAG(s) 'example_bash_decorator' retrieved from /home/airflow/.local/lib/python3.12/site-packages/airflow/example_dags/example_bash_decorator.py
[2025-06-12T12:11:36.388+0000] {logging_mixin.py:190} INFO - [2025-06-12T12:11:36.388+0000] {dag.py:3239} INFO - Sync 1 DAGs
[2025-06-12T12:11:36.399+0000] {logging_mixin.py:190} INFO - [2025-06-12T12:11:36.398+0000] {dag.py:4180} INFO - Setting next_dagrun for example_bash_decorator to None, run_after=None
[2025-06-12T12:11:36.411+0000] {processor.py:208} INFO - Processing /home/airflow/.local/lib/python3.12/site-packages/airflow/example_dags/example_bash_decorator.py took 0.057 seconds
[2025-06-12T12:12:07.743+0000] {processor.py:186} INFO - Started process (PID=1624) to work on /home/airflow/.local/lib/python3.12/site-packages/airflow/example_dags/example_bash_decorator.py
[2025-06-12T12:12:07.744+0000] {processor.py:914} INFO - Processing file /home/airflow/.local/lib/python3.12/site-packages/airflow/example_dags/example_bash_decorator.py for tasks to queue
[2025-06-12T12:12:07.746+0000] {logging_mixin.py:190} INFO - [2025-06-12T12:12:07.746+0000] {dagbag.py:588} INFO - Filling up the DagBag from /home/airflow/.local/lib/python3.12/site-packages/airflow/example_dags/example_bash_decorator.py
[2025-06-12T12:12:07.757+0000] {processor.py:925} INFO - DAG(s) 'example_bash_decorator' retrieved from /home/airflow/.local/lib/python3.12/site-packages/airflow/example_dags/example_bash_decorator.py
[2025-06-12T12:12:07.773+0000] {logging_mixin.py:190} INFO - [2025-06-12T12:12:07.773+0000] {dag.py:3239} INFO - Sync 1 DAGs
[2025-06-12T12:12:07.784+0000] {logging_mixin.py:190} INFO - [2025-06-12T12:12:07.784+0000] {dag.py:4180} INFO - Setting next_dagrun for example_bash_decorator to None, run_after=None
[2025-06-12T12:12:07.796+0000] {processor.py:208} INFO - Processing /home/airflow/.local/lib/python3.12/site-packages/airflow/example_dags/example_bash_decorator.py took 0.057 seconds
[2025-06-12T12:12:38.706+0000] {processor.py:186} INFO - Started process (PID=1920) to work on /home/airflow/.local/lib/python3.12/site-packages/airflow/example_dags/example_bash_decorator.py
[2025-06-12T12:12:38.711+0000] {processor.py:914} INFO - Processing file /home/airflow/.local/lib/python3.12/site-packages/airflow/example_dags/example_bash_decorator.py for tasks to queue
[2025-06-12T12:12:38.714+0000] {logging_mixin.py:190} INFO - [2025-06-12T12:12:38.713+0000] {dagbag.py:588} INFO - Filling up the DagBag from /home/airflow/.local/lib/python3.12/site-packages/airflow/example_dags/example_bash_decorator.py
[2025-06-12T12:12:38.727+0000] {processor.py:925} INFO - DAG(s) 'example_bash_decorator' retrieved from /home/airflow/.local/lib/python3.12/site-packages/airflow/example_dags/example_bash_decorator.py
[2025-06-12T12:12:38.750+0000] {logging_mixin.py:190} INFO - [2025-06-12T12:12:38.750+0000] {dag.py:3239} INFO - Sync 1 DAGs
[2025-06-12T12:12:38.762+0000] {logging_mixin.py:190} INFO - [2025-06-12T12:12:38.762+0000] {dag.py:4180} INFO - Setting next_dagrun for example_bash_decorator to None, run_after=None
[2025-06-12T12:12:38.776+0000] {processor.py:208} INFO - Processing /home/airflow/.local/lib/python3.12/site-packages/airflow/example_dags/example_bash_decorator.py took 0.076 seconds
[2025-06-12T12:13:09.996+0000] {processor.py:186} INFO - Started process (PID=2214) to work on /home/airflow/.local/lib/python3.12/site-packages/airflow/example_dags/example_bash_decorator.py
[2025-06-12T12:13:09.997+0000] {processor.py:914} INFO - Processing file /home/airflow/.local/lib/python3.12/site-packages/airflow/example_dags/example_bash_decorator.py for tasks to queue
[2025-06-12T12:13:09.999+0000] {logging_mixin.py:190} INFO - [2025-06-12T12:13:09.999+0000] {dagbag.py:588} INFO - Filling up the DagBag from /home/airflow/.local/lib/python3.12/site-packages/airflow/example_dags/example_bash_decorator.py
[2025-06-12T12:13:10.010+0000] {processor.py:925} INFO - DAG(s) 'example_bash_decorator' retrieved from /home/airflow/.local/lib/python3.12/site-packages/airflow/example_dags/example_bash_decorator.py
[2025-06-12T12:13:10.027+0000] {logging_mixin.py:190} INFO - [2025-06-12T12:13:10.027+0000] {dag.py:3239} INFO - Sync 1 DAGs
[2025-06-12T12:13:10.037+0000] {logging_mixin.py:190} INFO - [2025-06-12T12:13:10.037+0000] {dag.py:4180} INFO - Setting next_dagrun for example_bash_decorator to None, run_after=None
[2025-06-12T12:13:10.050+0000] {processor.py:208} INFO - Processing /home/airflow/.local/lib/python3.12/site-packages/airflow/example_dags/example_bash_decorator.py took 0.059 seconds
[2025-06-12T12:13:40.843+0000] {processor.py:186} INFO - Started process (PID=2510) to work on /home/airflow/.local/lib/python3.12/site-packages/airflow/example_dags/example_bash_decorator.py
[2025-06-12T12:13:40.844+0000] {processor.py:914} INFO - Processing file /home/airflow/.local/lib/python3.12/site-packages/airflow/example_dags/example_bash_decorator.py for tasks to queue
[2025-06-12T12:13:40.846+0000] {logging_mixin.py:190} INFO - [2025-06-12T12:13:40.845+0000] {dagbag.py:588} INFO - Filling up the DagBag from /home/airflow/.local/lib/python3.12/site-packages/airflow/example_dags/example_bash_decorator.py
[2025-06-12T12:13:40.857+0000] {processor.py:925} INFO - DAG(s) 'example_bash_decorator' retrieved from /home/airflow/.local/lib/python3.12/site-packages/airflow/example_dags/example_bash_decorator.py
[2025-06-12T12:13:40.874+0000] {logging_mixin.py:190} INFO - [2025-06-12T12:13:40.873+0000] {dag.py:3239} INFO - Sync 1 DAGs
[2025-06-12T12:13:40.885+0000] {logging_mixin.py:190} INFO - [2025-06-12T12:13:40.885+0000] {dag.py:4180} INFO - Setting next_dagrun for example_bash_decorator to None, run_after=None
[2025-06-12T12:13:40.898+0000] {processor.py:208} INFO - Processing /home/airflow/.local/lib/python3.12/site-packages/airflow/example_dags/example_bash_decorator.py took 0.059 seconds
[2025-06-12T12:14:11.642+0000] {processor.py:186} INFO - Started process (PID=2806) to work on /home/airflow/.local/lib/python3.12/site-packages/airflow/example_dags/example_bash_decorator.py
[2025-06-12T12:14:11.643+0000] {processor.py:914} INFO - Processing file /home/airflow/.local/lib/python3.12/site-packages/airflow/example_dags/example_bash_decorator.py for tasks to queue
[2025-06-12T12:14:11.645+0000] {logging_mixin.py:190} INFO - [2025-06-12T12:14:11.644+0000] {dagbag.py:588} INFO - Filling up the DagBag from /home/airflow/.local/lib/python3.12/site-packages/airflow/example_dags/example_bash_decorator.py
[2025-06-12T12:14:11.658+0000] {processor.py:925} INFO - DAG(s) 'example_bash_decorator' retrieved from /home/airflow/.local/lib/python3.12/site-packages/airflow/example_dags/example_bash_decorator.py
[2025-06-12T12:14:11.678+0000] {logging_mixin.py:190} INFO - [2025-06-12T12:14:11.678+0000] {dag.py:3239} INFO - Sync 1 DAGs
[2025-06-12T12:14:11.689+0000] {logging_mixin.py:190} INFO - [2025-06-12T12:14:11.689+0000] {dag.py:4180} INFO - Setting next_dagrun for example_bash_decorator to None, run_after=None
[2025-06-12T12:14:11.703+0000] {processor.py:208} INFO - Processing /home/airflow/.local/lib/python3.12/site-packages/airflow/example_dags/example_bash_decorator.py took 0.068 seconds
[2025-06-12T12:14:42.348+0000] {processor.py:186} INFO - Started process (PID=3102) to work on /home/airflow/.local/lib/python3.12/site-packages/airflow/example_dags/example_bash_decorator.py
[2025-06-12T12:14:42.349+0000] {processor.py:914} INFO - Processing file /home/airflow/.local/lib/python3.12/site-packages/airflow/example_dags/example_bash_decorator.py for tasks to queue
[2025-06-12T12:14:42.351+0000] {logging_mixin.py:190} INFO - [2025-06-12T12:14:42.350+0000] {dagbag.py:588} INFO - Filling up the DagBag from /home/airflow/.local/lib/python3.12/site-packages/airflow/example_dags/example_bash_decorator.py
[2025-06-12T12:14:42.362+0000] {processor.py:925} INFO - DAG(s) 'example_bash_decorator' retrieved from /home/airflow/.local/lib/python3.12/site-packages/airflow/example_dags/example_bash_decorator.py
[2025-06-12T12:14:42.378+0000] {logging_mixin.py:190} INFO - [2025-06-12T12:14:42.377+0000] {dag.py:3239} INFO - Sync 1 DAGs
[2025-06-12T12:14:42.388+0000] {logging_mixin.py:190} INFO - [2025-06-12T12:14:42.388+0000] {dag.py:4180} INFO - Setting next_dagrun for example_bash_decorator to None, run_after=None
[2025-06-12T12:14:42.403+0000] {processor.py:208} INFO - Processing /home/airflow/.local/lib/python3.12/site-packages/airflow/example_dags/example_bash_decorator.py took 0.059 seconds
[2025-06-12T12:15:13.076+0000] {processor.py:186} INFO - Started process (PID=3398) to work on /home/airflow/.local/lib/python3.12/site-packages/airflow/example_dags/example_bash_decorator.py
[2025-06-12T12:15:13.077+0000] {processor.py:914} INFO - Processing file /home/airflow/.local/lib/python3.12/site-packages/airflow/example_dags/example_bash_decorator.py for tasks to queue
[2025-06-12T12:15:13.079+0000] {logging_mixin.py:190} INFO - [2025-06-12T12:15:13.079+0000] {dagbag.py:588} INFO - Filling up the DagBag from /home/airflow/.local/lib/python3.12/site-packages/airflow/example_dags/example_bash_decorator.py
[2025-06-12T12:15:13.090+0000] {processor.py:925} INFO - DAG(s) 'example_bash_decorator' retrieved from /home/airflow/.local/lib/python3.12/site-packages/airflow/example_dags/example_bash_decorator.py
[2025-06-12T12:15:13.107+0000] {logging_mixin.py:190} INFO - [2025-06-12T12:15:13.106+0000] {dag.py:3239} INFO - Sync 1 DAGs
[2025-06-12T12:15:13.117+0000] {logging_mixin.py:190} INFO - [2025-06-12T12:15:13.117+0000] {dag.py:4180} INFO - Setting next_dagrun for example_bash_decorator to None, run_after=None
[2025-06-12T12:15:13.130+0000] {processor.py:208} INFO - Processing /home/airflow/.local/lib/python3.12/site-packages/airflow/example_dags/example_bash_decorator.py took 0.058 seconds
[2025-06-12T12:15:43.864+0000] {processor.py:186} INFO - Started process (PID=3694) to work on /home/airflow/.local/lib/python3.12/site-packages/airflow/example_dags/example_bash_decorator.py
[2025-06-12T12:15:43.865+0000] {processor.py:914} INFO - Processing file /home/airflow/.local/lib/python3.12/site-packages/airflow/example_dags/example_bash_decorator.py for tasks to queue
[2025-06-12T12:15:43.867+0000] {logging_mixin.py:190} INFO - [2025-06-12T12:15:43.867+0000] {dagbag.py:588} INFO - Filling up the DagBag from /home/airflow/.local/lib/python3.12/site-packages/airflow/example_dags/example_bash_decorator.py
[2025-06-12T12:15:43.878+0000] {processor.py:925} INFO - DAG(s) 'example_bash_decorator' retrieved from /home/airflow/.local/lib/python3.12/site-packages/airflow/example_dags/example_bash_decorator.py
[2025-06-12T12:15:43.896+0000] {logging_mixin.py:190} INFO - [2025-06-12T12:15:43.896+0000] {dag.py:3239} INFO - Sync 1 DAGs
[2025-06-12T12:15:43.907+0000] {logging_mixin.py:190} INFO - [2025-06-12T12:15:43.907+0000] {dag.py:4180} INFO - Setting next_dagrun for example_bash_decorator to None, run_after=None
[2025-06-12T12:15:43.921+0000] {processor.py:208} INFO - Processing /home/airflow/.local/lib/python3.12/site-packages/airflow/example_dags/example_bash_decorator.py took 0.061 seconds
[2025-06-12T12:16:15.377+0000] {processor.py:186} INFO - Started process (PID=3992) to work on /home/airflow/.local/lib/python3.12/site-packages/airflow/example_dags/example_bash_decorator.py
[2025-06-12T12:16:15.378+0000] {processor.py:914} INFO - Processing file /home/airflow/.local/lib/python3.12/site-packages/airflow/example_dags/example_bash_decorator.py for tasks to queue
[2025-06-12T12:16:15.379+0000] {logging_mixin.py:190} INFO - [2025-06-12T12:16:15.379+0000] {dagbag.py:588} INFO - Filling up the DagBag from /home/airflow/.local/lib/python3.12/site-packages/airflow/example_dags/example_bash_decorator.py
[2025-06-12T12:16:15.391+0000] {processor.py:925} INFO - DAG(s) 'example_bash_decorator' retrieved from /home/airflow/.local/lib/python3.12/site-packages/airflow/example_dags/example_bash_decorator.py
[2025-06-12T12:16:15.407+0000] {logging_mixin.py:190} INFO - [2025-06-12T12:16:15.407+0000] {dag.py:3239} INFO - Sync 1 DAGs
[2025-06-12T12:16:15.417+0000] {logging_mixin.py:190} INFO - [2025-06-12T12:16:15.417+0000] {dag.py:4180} INFO - Setting next_dagrun for example_bash_decorator to None, run_after=None
[2025-06-12T12:16:15.430+0000] {processor.py:208} INFO - Processing /home/airflow/.local/lib/python3.12/site-packages/airflow/example_dags/example_bash_decorator.py took 0.058 seconds
[2025-06-12T12:16:46.109+0000] {processor.py:186} INFO - Started process (PID=4286) to work on /home/airflow/.local/lib/python3.12/site-packages/airflow/example_dags/example_bash_decorator.py
[2025-06-12T12:16:46.110+0000] {processor.py:914} INFO - Processing file /home/airflow/.local/lib/python3.12/site-packages/airflow/example_dags/example_bash_decorator.py for tasks to queue
[2025-06-12T12:16:46.111+0000] {logging_mixin.py:190} INFO - [2025-06-12T12:16:46.111+0000] {dagbag.py:588} INFO - Filling up the DagBag from /home/airflow/.local/lib/python3.12/site-packages/airflow/example_dags/example_bash_decorator.py
[2025-06-12T12:16:46.125+0000] {processor.py:925} INFO - DAG(s) 'example_bash_decorator' retrieved from /home/airflow/.local/lib/python3.12/site-packages/airflow/example_dags/example_bash_decorator.py
[2025-06-12T12:16:46.142+0000] {logging_mixin.py:190} INFO - [2025-06-12T12:16:46.142+0000] {dag.py:3239} INFO - Sync 1 DAGs
[2025-06-12T12:16:46.153+0000] {logging_mixin.py:190} INFO - [2025-06-12T12:16:46.153+0000] {dag.py:4180} INFO - Setting next_dagrun for example_bash_decorator to None, run_after=None
[2025-06-12T12:16:46.166+0000] {processor.py:208} INFO - Processing /home/airflow/.local/lib/python3.12/site-packages/airflow/example_dags/example_bash_decorator.py took 0.061 seconds
[2025-06-12T12:17:16.478+0000] {processor.py:186} INFO - Started process (PID=4582) to work on /home/airflow/.local/lib/python3.12/site-packages/airflow/example_dags/example_bash_decorator.py
[2025-06-12T12:17:16.479+0000] {processor.py:914} INFO - Processing file /home/airflow/.local/lib/python3.12/site-packages/airflow/example_dags/example_bash_decorator.py for tasks to queue
[2025-06-12T12:17:16.481+0000] {logging_mixin.py:190} INFO - [2025-06-12T12:17:16.480+0000] {dagbag.py:588} INFO - Filling up the DagBag from /home/airflow/.local/lib/python3.12/site-packages/airflow/example_dags/example_bash_decorator.py
[2025-06-12T12:17:16.492+0000] {processor.py:925} INFO - DAG(s) 'example_bash_decorator' retrieved from /home/airflow/.local/lib/python3.12/site-packages/airflow/example_dags/example_bash_decorator.py
[2025-06-12T12:17:16.508+0000] {logging_mixin.py:190} INFO - [2025-06-12T12:17:16.508+0000] {dag.py:3239} INFO - Sync 1 DAGs
[2025-06-12T12:17:16.519+0000] {logging_mixin.py:190} INFO - [2025-06-12T12:17:16.519+0000] {dag.py:4180} INFO - Setting next_dagrun for example_bash_decorator to None, run_after=None
[2025-06-12T12:17:16.532+0000] {processor.py:208} INFO - Processing /home/airflow/.local/lib/python3.12/site-packages/airflow/example_dags/example_bash_decorator.py took 0.058 seconds
[2025-06-12T12:17:46.961+0000] {processor.py:186} INFO - Started process (PID=4873) to work on /home/airflow/.local/lib/python3.12/site-packages/airflow/example_dags/example_bash_decorator.py
[2025-06-12T12:17:46.962+0000] {processor.py:914} INFO - Processing file /home/airflow/.local/lib/python3.12/site-packages/airflow/example_dags/example_bash_decorator.py for tasks to queue
[2025-06-12T12:17:46.964+0000] {logging_mixin.py:190} INFO - [2025-06-12T12:17:46.963+0000] {dagbag.py:588} INFO - Filling up the DagBag from /home/airflow/.local/lib/python3.12/site-packages/airflow/example_dags/example_bash_decorator.py
[2025-06-12T12:17:46.975+0000] {processor.py:925} INFO - DAG(s) 'example_bash_decorator' retrieved from /home/airflow/.local/lib/python3.12/site-packages/airflow/example_dags/example_bash_decorator.py
[2025-06-12T12:17:46.991+0000] {logging_mixin.py:190} INFO - [2025-06-12T12:17:46.991+0000] {dag.py:3239} INFO - Sync 1 DAGs
[2025-06-12T12:17:47.002+0000] {logging_mixin.py:190} INFO - [2025-06-12T12:17:47.002+0000] {dag.py:4180} INFO - Setting next_dagrun for example_bash_decorator to None, run_after=None
[2025-06-12T12:17:47.015+0000] {processor.py:208} INFO - Processing /home/airflow/.local/lib/python3.12/site-packages/airflow/example_dags/example_bash_decorator.py took 0.059 seconds
[2025-06-12T12:18:17.478+0000] {processor.py:186} INFO - Started process (PID=5171) to work on /home/airflow/.local/lib/python3.12/site-packages/airflow/example_dags/example_bash_decorator.py
[2025-06-12T12:18:17.479+0000] {processor.py:914} INFO - Processing file /home/airflow/.local/lib/python3.12/site-packages/airflow/example_dags/example_bash_decorator.py for tasks to queue
[2025-06-12T12:18:17.481+0000] {logging_mixin.py:190} INFO - [2025-06-12T12:18:17.480+0000] {dagbag.py:588} INFO - Filling up the DagBag from /home/airflow/.local/lib/python3.12/site-packages/airflow/example_dags/example_bash_decorator.py
[2025-06-12T12:18:17.492+0000] {processor.py:925} INFO - DAG(s) 'example_bash_decorator' retrieved from /home/airflow/.local/lib/python3.12/site-packages/airflow/example_dags/example_bash_decorator.py
[2025-06-12T12:18:17.508+0000] {logging_mixin.py:190} INFO - [2025-06-12T12:18:17.508+0000] {dag.py:3239} INFO - Sync 1 DAGs
[2025-06-12T12:18:17.519+0000] {logging_mixin.py:190} INFO - [2025-06-12T12:18:17.518+0000] {dag.py:4180} INFO - Setting next_dagrun for example_bash_decorator to None, run_after=None
[2025-06-12T12:18:17.532+0000] {processor.py:208} INFO - Processing /home/airflow/.local/lib/python3.12/site-packages/airflow/example_dags/example_bash_decorator.py took 0.059 seconds
[2025-06-12T12:18:48.247+0000] {processor.py:186} INFO - Started process (PID=5467) to work on /home/airflow/.local/lib/python3.12/site-packages/airflow/example_dags/example_bash_decorator.py
[2025-06-12T12:18:48.248+0000] {processor.py:914} INFO - Processing file /home/airflow/.local/lib/python3.12/site-packages/airflow/example_dags/example_bash_decorator.py for tasks to queue
[2025-06-12T12:18:48.250+0000] {logging_mixin.py:190} INFO - [2025-06-12T12:18:48.249+0000] {dagbag.py:588} INFO - Filling up the DagBag from /home/airflow/.local/lib/python3.12/site-packages/airflow/example_dags/example_bash_decorator.py
[2025-06-12T12:18:48.260+0000] {processor.py:925} INFO - DAG(s) 'example_bash_decorator' retrieved from /home/airflow/.local/lib/python3.12/site-packages/airflow/example_dags/example_bash_decorator.py
[2025-06-12T12:18:48.276+0000] {logging_mixin.py:190} INFO - [2025-06-12T12:18:48.276+0000] {dag.py:3239} INFO - Sync 1 DAGs
[2025-06-12T12:18:48.286+0000] {logging_mixin.py:190} INFO - [2025-06-12T12:18:48.286+0000] {dag.py:4180} INFO - Setting next_dagrun for example_bash_decorator to None, run_after=None
[2025-06-12T12:18:48.300+0000] {processor.py:208} INFO - Processing /home/airflow/.local/lib/python3.12/site-packages/airflow/example_dags/example_bash_decorator.py took 0.057 seconds
[2025-06-12T12:19:18.871+0000] {processor.py:186} INFO - Started process (PID=5763) to work on /home/airflow/.local/lib/python3.12/site-packages/airflow/example_dags/example_bash_decorator.py
[2025-06-12T12:19:18.871+0000] {processor.py:914} INFO - Processing file /home/airflow/.local/lib/python3.12/site-packages/airflow/example_dags/example_bash_decorator.py for tasks to queue
[2025-06-12T12:19:18.874+0000] {logging_mixin.py:190} INFO - [2025-06-12T12:19:18.873+0000] {dagbag.py:588} INFO - Filling up the DagBag from /home/airflow/.local/lib/python3.12/site-packages/airflow/example_dags/example_bash_decorator.py
[2025-06-12T12:19:18.885+0000] {processor.py:925} INFO - DAG(s) 'example_bash_decorator' retrieved from /home/airflow/.local/lib/python3.12/site-packages/airflow/example_dags/example_bash_decorator.py
[2025-06-12T12:19:18.905+0000] {logging_mixin.py:190} INFO - [2025-06-12T12:19:18.905+0000] {dag.py:3239} INFO - Sync 1 DAGs
[2025-06-12T12:19:18.916+0000] {logging_mixin.py:190} INFO - [2025-06-12T12:19:18.916+0000] {dag.py:4180} INFO - Setting next_dagrun for example_bash_decorator to None, run_after=None
[2025-06-12T12:19:18.931+0000] {processor.py:208} INFO - Processing /home/airflow/.local/lib/python3.12/site-packages/airflow/example_dags/example_bash_decorator.py took 0.065 seconds
[2025-06-12T12:19:50.127+0000] {processor.py:186} INFO - Started process (PID=6059) to work on /home/airflow/.local/lib/python3.12/site-packages/airflow/example_dags/example_bash_decorator.py
[2025-06-12T12:19:50.128+0000] {processor.py:914} INFO - Processing file /home/airflow/.local/lib/python3.12/site-packages/airflow/example_dags/example_bash_decorator.py for tasks to queue
[2025-06-12T12:19:50.130+0000] {logging_mixin.py:190} INFO - [2025-06-12T12:19:50.129+0000] {dagbag.py:588} INFO - Filling up the DagBag from /home/airflow/.local/lib/python3.12/site-packages/airflow/example_dags/example_bash_decorator.py
[2025-06-12T12:19:50.141+0000] {processor.py:925} INFO - DAG(s) 'example_bash_decorator' retrieved from /home/airflow/.local/lib/python3.12/site-packages/airflow/example_dags/example_bash_decorator.py
[2025-06-12T12:19:50.157+0000] {logging_mixin.py:190} INFO - [2025-06-12T12:19:50.157+0000] {dag.py:3239} INFO - Sync 1 DAGs
[2025-06-12T12:19:50.169+0000] {logging_mixin.py:190} INFO - [2025-06-12T12:19:50.169+0000] {dag.py:4180} INFO - Setting next_dagrun for example_bash_decorator to None, run_after=None
[2025-06-12T12:19:50.182+0000] {processor.py:208} INFO - Processing /home/airflow/.local/lib/python3.12/site-packages/airflow/example_dags/example_bash_decorator.py took 0.059 seconds
