[2025-06-12T12:10:00.715+0000] {processor.py:186} INFO - Started process (PID=231) to work on /home/airflow/.local/lib/python3.12/site-packages/airflow/example_dags/example_short_circuit_operator.py
[2025-06-12T12:10:00.716+0000] {processor.py:914} INFO - Processing file /home/airflow/.local/lib/python3.12/site-packages/airflow/example_dags/example_short_circuit_operator.py for tasks to queue
[2025-06-12T12:10:00.718+0000] {logging_mixin.py:190} INFO - [2025-06-12T12:10:00.718+0000] {dagbag.py:588} INFO - Filling up the DagBag from /home/airflow/.local/lib/python3.12/site-packages/airflow/example_dags/example_short_circuit_operator.py
[2025-06-12T12:10:00.730+0000] {processor.py:925} INFO - DAG(s) 'example_short_circuit_operator' retrieved from /home/airflow/.local/lib/python3.12/site-packages/airflow/example_dags/example_short_circuit_operator.py
[2025-06-12T12:10:00.762+0000] {logging_mixin.py:190} INFO - [2025-06-12T12:10:00.762+0000] {dag.py:3239} INFO - Sync 1 DAGs
[2025-06-12T12:10:00.775+0000] {logging_mixin.py:190} INFO - [2025-06-12T12:10:00.775+0000] {dag.py:4180} INFO - Setting next_dagrun for example_short_circuit_operator to None, run_after=None
[2025-06-12T12:10:00.792+0000] {processor.py:208} INFO - Processing /home/airflow/.local/lib/python3.12/site-packages/airflow/example_dags/example_short_circuit_operator.py took 0.083 seconds
[2025-06-12T12:10:31.244+0000] {processor.py:186} INFO - Started process (PID=531) to work on /home/airflow/.local/lib/python3.12/site-packages/airflow/example_dags/example_short_circuit_operator.py
[2025-06-12T12:10:31.245+0000] {processor.py:914} INFO - Processing file /home/airflow/.local/lib/python3.12/site-packages/airflow/example_dags/example_short_circuit_operator.py for tasks to queue
[2025-06-12T12:10:31.247+0000] {logging_mixin.py:190} INFO - [2025-06-12T12:10:31.246+0000] {dagbag.py:588} INFO - Filling up the DagBag from /home/airflow/.local/lib/python3.12/site-packages/airflow/example_dags/example_short_circuit_operator.py
[2025-06-12T12:10:31.254+0000] {processor.py:925} INFO - DAG(s) 'example_short_circuit_operator' retrieved from /home/airflow/.local/lib/python3.12/site-packages/airflow/example_dags/example_short_circuit_operator.py
[2025-06-12T12:10:31.270+0000] {logging_mixin.py:190} INFO - [2025-06-12T12:10:31.270+0000] {dag.py:3239} INFO - Sync 1 DAGs
[2025-06-12T12:10:31.280+0000] {logging_mixin.py:190} INFO - [2025-06-12T12:10:31.280+0000] {dag.py:4180} INFO - Setting next_dagrun for example_short_circuit_operator to None, run_after=None
[2025-06-12T12:10:31.293+0000] {processor.py:208} INFO - Processing /home/airflow/.local/lib/python3.12/site-packages/airflow/example_dags/example_short_circuit_operator.py took 0.053 seconds
[2025-06-12T12:11:01.387+0000] {processor.py:186} INFO - Started process (PID=827) to work on /home/airflow/.local/lib/python3.12/site-packages/airflow/example_dags/example_short_circuit_operator.py
[2025-06-12T12:11:01.387+0000] {processor.py:914} INFO - Processing file /home/airflow/.local/lib/python3.12/site-packages/airflow/example_dags/example_short_circuit_operator.py for tasks to queue
[2025-06-12T12:11:01.389+0000] {logging_mixin.py:190} INFO - [2025-06-12T12:11:01.389+0000] {dagbag.py:588} INFO - Filling up the DagBag from /home/airflow/.local/lib/python3.12/site-packages/airflow/example_dags/example_short_circuit_operator.py
[2025-06-12T12:11:01.396+0000] {processor.py:925} INFO - DAG(s) 'example_short_circuit_operator' retrieved from /home/airflow/.local/lib/python3.12/site-packages/airflow/example_dags/example_short_circuit_operator.py
[2025-06-12T12:11:01.413+0000] {logging_mixin.py:190} INFO - [2025-06-12T12:11:01.413+0000] {dag.py:3239} INFO - Sync 1 DAGs
[2025-06-12T12:11:01.423+0000] {logging_mixin.py:190} INFO - [2025-06-12T12:11:01.423+0000] {dag.py:4180} INFO - Setting next_dagrun for example_short_circuit_operator to None, run_after=None
[2025-06-12T12:11:01.437+0000] {processor.py:208} INFO - Processing /home/airflow/.local/lib/python3.12/site-packages/airflow/example_dags/example_short_circuit_operator.py took 0.055 seconds
[2025-06-12T12:11:31.648+0000] {processor.py:186} INFO - Started process (PID=1123) to work on /home/airflow/.local/lib/python3.12/site-packages/airflow/example_dags/example_short_circuit_operator.py
[2025-06-12T12:11:31.649+0000] {processor.py:914} INFO - Processing file /home/airflow/.local/lib/python3.12/site-packages/airflow/example_dags/example_short_circuit_operator.py for tasks to queue
[2025-06-12T12:11:31.651+0000] {logging_mixin.py:190} INFO - [2025-06-12T12:11:31.651+0000] {dagbag.py:588} INFO - Filling up the DagBag from /home/airflow/.local/lib/python3.12/site-packages/airflow/example_dags/example_short_circuit_operator.py
[2025-06-12T12:11:31.658+0000] {processor.py:925} INFO - DAG(s) 'example_short_circuit_operator' retrieved from /home/airflow/.local/lib/python3.12/site-packages/airflow/example_dags/example_short_circuit_operator.py
[2025-06-12T12:11:31.675+0000] {logging_mixin.py:190} INFO - [2025-06-12T12:11:31.675+0000] {dag.py:3239} INFO - Sync 1 DAGs
[2025-06-12T12:11:31.688+0000] {logging_mixin.py:190} INFO - [2025-06-12T12:11:31.688+0000] {dag.py:4180} INFO - Setting next_dagrun for example_short_circuit_operator to None, run_after=None
[2025-06-12T12:11:31.705+0000] {processor.py:208} INFO - Processing /home/airflow/.local/lib/python3.12/site-packages/airflow/example_dags/example_short_circuit_operator.py took 0.062 seconds
[2025-06-12T12:12:01.838+0000] {processor.py:186} INFO - Started process (PID=1419) to work on /home/airflow/.local/lib/python3.12/site-packages/airflow/example_dags/example_short_circuit_operator.py
[2025-06-12T12:12:01.839+0000] {processor.py:914} INFO - Processing file /home/airflow/.local/lib/python3.12/site-packages/airflow/example_dags/example_short_circuit_operator.py for tasks to queue
[2025-06-12T12:12:01.841+0000] {logging_mixin.py:190} INFO - [2025-06-12T12:12:01.840+0000] {dagbag.py:588} INFO - Filling up the DagBag from /home/airflow/.local/lib/python3.12/site-packages/airflow/example_dags/example_short_circuit_operator.py
[2025-06-12T12:12:01.847+0000] {processor.py:925} INFO - DAG(s) 'example_short_circuit_operator' retrieved from /home/airflow/.local/lib/python3.12/site-packages/airflow/example_dags/example_short_circuit_operator.py
[2025-06-12T12:12:01.863+0000] {logging_mixin.py:190} INFO - [2025-06-12T12:12:01.863+0000] {dag.py:3239} INFO - Sync 1 DAGs
[2025-06-12T12:12:01.874+0000] {logging_mixin.py:190} INFO - [2025-06-12T12:12:01.874+0000] {dag.py:4180} INFO - Setting next_dagrun for example_short_circuit_operator to None, run_after=None
[2025-06-12T12:12:01.887+0000] {processor.py:208} INFO - Processing /home/airflow/.local/lib/python3.12/site-packages/airflow/example_dags/example_short_circuit_operator.py took 0.053 seconds
[2025-06-12T12:12:31.984+0000] {processor.py:186} INFO - Started process (PID=1715) to work on /home/airflow/.local/lib/python3.12/site-packages/airflow/example_dags/example_short_circuit_operator.py
[2025-06-12T12:12:31.985+0000] {processor.py:914} INFO - Processing file /home/airflow/.local/lib/python3.12/site-packages/airflow/example_dags/example_short_circuit_operator.py for tasks to queue
[2025-06-12T12:12:31.986+0000] {logging_mixin.py:190} INFO - [2025-06-12T12:12:31.986+0000] {dagbag.py:588} INFO - Filling up the DagBag from /home/airflow/.local/lib/python3.12/site-packages/airflow/example_dags/example_short_circuit_operator.py
[2025-06-12T12:12:31.994+0000] {processor.py:925} INFO - DAG(s) 'example_short_circuit_operator' retrieved from /home/airflow/.local/lib/python3.12/site-packages/airflow/example_dags/example_short_circuit_operator.py
[2025-06-12T12:12:32.012+0000] {logging_mixin.py:190} INFO - [2025-06-12T12:12:32.012+0000] {dag.py:3239} INFO - Sync 1 DAGs
[2025-06-12T12:12:32.024+0000] {logging_mixin.py:190} INFO - [2025-06-12T12:12:32.024+0000] {dag.py:4180} INFO - Setting next_dagrun for example_short_circuit_operator to None, run_after=None
[2025-06-12T12:12:32.038+0000] {processor.py:208} INFO - Processing /home/airflow/.local/lib/python3.12/site-packages/airflow/example_dags/example_short_circuit_operator.py took 0.058 seconds
[2025-06-12T12:13:02.159+0000] {processor.py:186} INFO - Started process (PID=2011) to work on /home/airflow/.local/lib/python3.12/site-packages/airflow/example_dags/example_short_circuit_operator.py
[2025-06-12T12:13:02.159+0000] {processor.py:914} INFO - Processing file /home/airflow/.local/lib/python3.12/site-packages/airflow/example_dags/example_short_circuit_operator.py for tasks to queue
[2025-06-12T12:13:02.161+0000] {logging_mixin.py:190} INFO - [2025-06-12T12:13:02.161+0000] {dagbag.py:588} INFO - Filling up the DagBag from /home/airflow/.local/lib/python3.12/site-packages/airflow/example_dags/example_short_circuit_operator.py
[2025-06-12T12:13:02.168+0000] {processor.py:925} INFO - DAG(s) 'example_short_circuit_operator' retrieved from /home/airflow/.local/lib/python3.12/site-packages/airflow/example_dags/example_short_circuit_operator.py
[2025-06-12T12:13:02.184+0000] {logging_mixin.py:190} INFO - [2025-06-12T12:13:02.183+0000] {dag.py:3239} INFO - Sync 1 DAGs
[2025-06-12T12:13:02.194+0000] {logging_mixin.py:190} INFO - [2025-06-12T12:13:02.194+0000] {dag.py:4180} INFO - Setting next_dagrun for example_short_circuit_operator to None, run_after=None
[2025-06-12T12:13:02.209+0000] {processor.py:208} INFO - Processing /home/airflow/.local/lib/python3.12/site-packages/airflow/example_dags/example_short_circuit_operator.py took 0.055 seconds
[2025-06-12T12:13:32.337+0000] {processor.py:186} INFO - Started process (PID=2307) to work on /home/airflow/.local/lib/python3.12/site-packages/airflow/example_dags/example_short_circuit_operator.py
[2025-06-12T12:13:32.338+0000] {processor.py:914} INFO - Processing file /home/airflow/.local/lib/python3.12/site-packages/airflow/example_dags/example_short_circuit_operator.py for tasks to queue
[2025-06-12T12:13:32.340+0000] {logging_mixin.py:190} INFO - [2025-06-12T12:13:32.340+0000] {dagbag.py:588} INFO - Filling up the DagBag from /home/airflow/.local/lib/python3.12/site-packages/airflow/example_dags/example_short_circuit_operator.py
[2025-06-12T12:13:32.346+0000] {processor.py:925} INFO - DAG(s) 'example_short_circuit_operator' retrieved from /home/airflow/.local/lib/python3.12/site-packages/airflow/example_dags/example_short_circuit_operator.py
[2025-06-12T12:13:32.362+0000] {logging_mixin.py:190} INFO - [2025-06-12T12:13:32.362+0000] {dag.py:3239} INFO - Sync 1 DAGs
[2025-06-12T12:13:32.373+0000] {logging_mixin.py:190} INFO - [2025-06-12T12:13:32.372+0000] {dag.py:4180} INFO - Setting next_dagrun for example_short_circuit_operator to None, run_after=None
[2025-06-12T12:13:32.386+0000] {processor.py:208} INFO - Processing /home/airflow/.local/lib/python3.12/site-packages/airflow/example_dags/example_short_circuit_operator.py took 0.053 seconds
[2025-06-12T12:14:03.115+0000] {processor.py:186} INFO - Started process (PID=2601) to work on /home/airflow/.local/lib/python3.12/site-packages/airflow/example_dags/example_short_circuit_operator.py
[2025-06-12T12:14:03.116+0000] {processor.py:914} INFO - Processing file /home/airflow/.local/lib/python3.12/site-packages/airflow/example_dags/example_short_circuit_operator.py for tasks to queue
[2025-06-12T12:14:03.118+0000] {logging_mixin.py:190} INFO - [2025-06-12T12:14:03.118+0000] {dagbag.py:588} INFO - Filling up the DagBag from /home/airflow/.local/lib/python3.12/site-packages/airflow/example_dags/example_short_circuit_operator.py
[2025-06-12T12:14:03.125+0000] {processor.py:925} INFO - DAG(s) 'example_short_circuit_operator' retrieved from /home/airflow/.local/lib/python3.12/site-packages/airflow/example_dags/example_short_circuit_operator.py
[2025-06-12T12:14:03.140+0000] {logging_mixin.py:190} INFO - [2025-06-12T12:14:03.140+0000] {dag.py:3239} INFO - Sync 1 DAGs
[2025-06-12T12:14:03.151+0000] {logging_mixin.py:190} INFO - [2025-06-12T12:14:03.151+0000] {dag.py:4180} INFO - Setting next_dagrun for example_short_circuit_operator to None, run_after=None
[2025-06-12T12:14:03.164+0000] {processor.py:208} INFO - Processing /home/airflow/.local/lib/python3.12/site-packages/airflow/example_dags/example_short_circuit_operator.py took 0.053 seconds
[2025-06-12T12:14:33.954+0000] {processor.py:186} INFO - Started process (PID=2899) to work on /home/airflow/.local/lib/python3.12/site-packages/airflow/example_dags/example_short_circuit_operator.py
[2025-06-12T12:14:33.955+0000] {processor.py:914} INFO - Processing file /home/airflow/.local/lib/python3.12/site-packages/airflow/example_dags/example_short_circuit_operator.py for tasks to queue
[2025-06-12T12:14:33.957+0000] {logging_mixin.py:190} INFO - [2025-06-12T12:14:33.956+0000] {dagbag.py:588} INFO - Filling up the DagBag from /home/airflow/.local/lib/python3.12/site-packages/airflow/example_dags/example_short_circuit_operator.py
[2025-06-12T12:14:33.963+0000] {processor.py:925} INFO - DAG(s) 'example_short_circuit_operator' retrieved from /home/airflow/.local/lib/python3.12/site-packages/airflow/example_dags/example_short_circuit_operator.py
[2025-06-12T12:14:33.979+0000] {logging_mixin.py:190} INFO - [2025-06-12T12:14:33.979+0000] {dag.py:3239} INFO - Sync 1 DAGs
[2025-06-12T12:14:33.989+0000] {logging_mixin.py:190} INFO - [2025-06-12T12:14:33.989+0000] {dag.py:4180} INFO - Setting next_dagrun for example_short_circuit_operator to None, run_after=None
[2025-06-12T12:14:34.002+0000] {processor.py:208} INFO - Processing /home/airflow/.local/lib/python3.12/site-packages/airflow/example_dags/example_short_circuit_operator.py took 0.053 seconds
[2025-06-12T12:15:04.740+0000] {processor.py:186} INFO - Started process (PID=3195) to work on /home/airflow/.local/lib/python3.12/site-packages/airflow/example_dags/example_short_circuit_operator.py
[2025-06-12T12:15:04.741+0000] {processor.py:914} INFO - Processing file /home/airflow/.local/lib/python3.12/site-packages/airflow/example_dags/example_short_circuit_operator.py for tasks to queue
[2025-06-12T12:15:04.744+0000] {logging_mixin.py:190} INFO - [2025-06-12T12:15:04.744+0000] {dagbag.py:588} INFO - Filling up the DagBag from /home/airflow/.local/lib/python3.12/site-packages/airflow/example_dags/example_short_circuit_operator.py
[2025-06-12T12:15:04.752+0000] {processor.py:925} INFO - DAG(s) 'example_short_circuit_operator' retrieved from /home/airflow/.local/lib/python3.12/site-packages/airflow/example_dags/example_short_circuit_operator.py
[2025-06-12T12:15:04.774+0000] {logging_mixin.py:190} INFO - [2025-06-12T12:15:04.774+0000] {dag.py:3239} INFO - Sync 1 DAGs
[2025-06-12T12:15:04.787+0000] {logging_mixin.py:190} INFO - [2025-06-12T12:15:04.787+0000] {dag.py:4180} INFO - Setting next_dagrun for example_short_circuit_operator to None, run_after=None
[2025-06-12T12:15:04.803+0000] {processor.py:208} INFO - Processing /home/airflow/.local/lib/python3.12/site-packages/airflow/example_dags/example_short_circuit_operator.py took 0.067 seconds
[2025-06-12T12:15:35.311+0000] {processor.py:186} INFO - Started process (PID=3491) to work on /home/airflow/.local/lib/python3.12/site-packages/airflow/example_dags/example_short_circuit_operator.py
[2025-06-12T12:15:35.312+0000] {processor.py:914} INFO - Processing file /home/airflow/.local/lib/python3.12/site-packages/airflow/example_dags/example_short_circuit_operator.py for tasks to queue
[2025-06-12T12:15:35.314+0000] {logging_mixin.py:190} INFO - [2025-06-12T12:15:35.314+0000] {dagbag.py:588} INFO - Filling up the DagBag from /home/airflow/.local/lib/python3.12/site-packages/airflow/example_dags/example_short_circuit_operator.py
[2025-06-12T12:15:35.321+0000] {processor.py:925} INFO - DAG(s) 'example_short_circuit_operator' retrieved from /home/airflow/.local/lib/python3.12/site-packages/airflow/example_dags/example_short_circuit_operator.py
[2025-06-12T12:15:35.338+0000] {logging_mixin.py:190} INFO - [2025-06-12T12:15:35.338+0000] {dag.py:3239} INFO - Sync 1 DAGs
[2025-06-12T12:15:35.350+0000] {logging_mixin.py:190} INFO - [2025-06-12T12:15:35.350+0000] {dag.py:4180} INFO - Setting next_dagrun for example_short_circuit_operator to None, run_after=None
[2025-06-12T12:15:35.364+0000] {processor.py:208} INFO - Processing /home/airflow/.local/lib/python3.12/site-packages/airflow/example_dags/example_short_circuit_operator.py took 0.058 seconds
[2025-06-12T12:16:05.769+0000] {processor.py:186} INFO - Started process (PID=3787) to work on /home/airflow/.local/lib/python3.12/site-packages/airflow/example_dags/example_short_circuit_operator.py
[2025-06-12T12:16:05.770+0000] {processor.py:914} INFO - Processing file /home/airflow/.local/lib/python3.12/site-packages/airflow/example_dags/example_short_circuit_operator.py for tasks to queue
[2025-06-12T12:16:05.772+0000] {logging_mixin.py:190} INFO - [2025-06-12T12:16:05.772+0000] {dagbag.py:588} INFO - Filling up the DagBag from /home/airflow/.local/lib/python3.12/site-packages/airflow/example_dags/example_short_circuit_operator.py
[2025-06-12T12:16:05.779+0000] {processor.py:925} INFO - DAG(s) 'example_short_circuit_operator' retrieved from /home/airflow/.local/lib/python3.12/site-packages/airflow/example_dags/example_short_circuit_operator.py
[2025-06-12T12:16:05.796+0000] {logging_mixin.py:190} INFO - [2025-06-12T12:16:05.796+0000] {dag.py:3239} INFO - Sync 1 DAGs
[2025-06-12T12:16:05.807+0000] {logging_mixin.py:190} INFO - [2025-06-12T12:16:05.807+0000] {dag.py:4180} INFO - Setting next_dagrun for example_short_circuit_operator to None, run_after=None
[2025-06-12T12:16:05.822+0000] {processor.py:208} INFO - Processing /home/airflow/.local/lib/python3.12/site-packages/airflow/example_dags/example_short_circuit_operator.py took 0.058 seconds
[2025-06-12T12:16:36.618+0000] {processor.py:186} INFO - Started process (PID=4081) to work on /home/airflow/.local/lib/python3.12/site-packages/airflow/example_dags/example_short_circuit_operator.py
[2025-06-12T12:16:36.618+0000] {processor.py:914} INFO - Processing file /home/airflow/.local/lib/python3.12/site-packages/airflow/example_dags/example_short_circuit_operator.py for tasks to queue
[2025-06-12T12:16:36.620+0000] {logging_mixin.py:190} INFO - [2025-06-12T12:16:36.620+0000] {dagbag.py:588} INFO - Filling up the DagBag from /home/airflow/.local/lib/python3.12/site-packages/airflow/example_dags/example_short_circuit_operator.py
[2025-06-12T12:16:36.626+0000] {processor.py:925} INFO - DAG(s) 'example_short_circuit_operator' retrieved from /home/airflow/.local/lib/python3.12/site-packages/airflow/example_dags/example_short_circuit_operator.py
[2025-06-12T12:16:36.642+0000] {logging_mixin.py:190} INFO - [2025-06-12T12:16:36.641+0000] {dag.py:3239} INFO - Sync 1 DAGs
[2025-06-12T12:16:36.652+0000] {logging_mixin.py:190} INFO - [2025-06-12T12:16:36.652+0000] {dag.py:4180} INFO - Setting next_dagrun for example_short_circuit_operator to None, run_after=None
[2025-06-12T12:16:36.665+0000] {processor.py:208} INFO - Processing /home/airflow/.local/lib/python3.12/site-packages/airflow/example_dags/example_short_circuit_operator.py took 0.051 seconds
[2025-06-12T12:17:07.269+0000] {processor.py:186} INFO - Started process (PID=4379) to work on /home/airflow/.local/lib/python3.12/site-packages/airflow/example_dags/example_short_circuit_operator.py
[2025-06-12T12:17:07.270+0000] {processor.py:914} INFO - Processing file /home/airflow/.local/lib/python3.12/site-packages/airflow/example_dags/example_short_circuit_operator.py for tasks to queue
[2025-06-12T12:17:07.272+0000] {logging_mixin.py:190} INFO - [2025-06-12T12:17:07.272+0000] {dagbag.py:588} INFO - Filling up the DagBag from /home/airflow/.local/lib/python3.12/site-packages/airflow/example_dags/example_short_circuit_operator.py
[2025-06-12T12:17:07.279+0000] {processor.py:925} INFO - DAG(s) 'example_short_circuit_operator' retrieved from /home/airflow/.local/lib/python3.12/site-packages/airflow/example_dags/example_short_circuit_operator.py
[2025-06-12T12:17:07.295+0000] {logging_mixin.py:190} INFO - [2025-06-12T12:17:07.295+0000] {dag.py:3239} INFO - Sync 1 DAGs
[2025-06-12T12:17:07.306+0000] {logging_mixin.py:190} INFO - [2025-06-12T12:17:07.305+0000] {dag.py:4180} INFO - Setting next_dagrun for example_short_circuit_operator to None, run_after=None
[2025-06-12T12:17:07.318+0000] {processor.py:208} INFO - Processing /home/airflow/.local/lib/python3.12/site-packages/airflow/example_dags/example_short_circuit_operator.py took 0.053 seconds
[2025-06-12T12:17:37.847+0000] {processor.py:186} INFO - Started process (PID=4675) to work on /home/airflow/.local/lib/python3.12/site-packages/airflow/example_dags/example_short_circuit_operator.py
[2025-06-12T12:17:37.848+0000] {processor.py:914} INFO - Processing file /home/airflow/.local/lib/python3.12/site-packages/airflow/example_dags/example_short_circuit_operator.py for tasks to queue
[2025-06-12T12:17:37.850+0000] {logging_mixin.py:190} INFO - [2025-06-12T12:17:37.850+0000] {dagbag.py:588} INFO - Filling up the DagBag from /home/airflow/.local/lib/python3.12/site-packages/airflow/example_dags/example_short_circuit_operator.py
[2025-06-12T12:17:37.856+0000] {processor.py:925} INFO - DAG(s) 'example_short_circuit_operator' retrieved from /home/airflow/.local/lib/python3.12/site-packages/airflow/example_dags/example_short_circuit_operator.py
[2025-06-12T12:17:37.874+0000] {logging_mixin.py:190} INFO - [2025-06-12T12:17:37.873+0000] {dag.py:3239} INFO - Sync 1 DAGs
[2025-06-12T12:17:37.884+0000] {logging_mixin.py:190} INFO - [2025-06-12T12:17:37.884+0000] {dag.py:4180} INFO - Setting next_dagrun for example_short_circuit_operator to None, run_after=None
[2025-06-12T12:17:37.898+0000] {processor.py:208} INFO - Processing /home/airflow/.local/lib/python3.12/site-packages/airflow/example_dags/example_short_circuit_operator.py took 0.056 seconds
[2025-06-12T12:18:08.387+0000] {processor.py:186} INFO - Started process (PID=4971) to work on /home/airflow/.local/lib/python3.12/site-packages/airflow/example_dags/example_short_circuit_operator.py
[2025-06-12T12:18:08.388+0000] {processor.py:914} INFO - Processing file /home/airflow/.local/lib/python3.12/site-packages/airflow/example_dags/example_short_circuit_operator.py for tasks to queue
[2025-06-12T12:18:08.390+0000] {logging_mixin.py:190} INFO - [2025-06-12T12:18:08.390+0000] {dagbag.py:588} INFO - Filling up the DagBag from /home/airflow/.local/lib/python3.12/site-packages/airflow/example_dags/example_short_circuit_operator.py
[2025-06-12T12:18:08.396+0000] {processor.py:925} INFO - DAG(s) 'example_short_circuit_operator' retrieved from /home/airflow/.local/lib/python3.12/site-packages/airflow/example_dags/example_short_circuit_operator.py
[2025-06-12T12:18:08.413+0000] {logging_mixin.py:190} INFO - [2025-06-12T12:18:08.413+0000] {dag.py:3239} INFO - Sync 1 DAGs
[2025-06-12T12:18:08.423+0000] {logging_mixin.py:190} INFO - [2025-06-12T12:18:08.423+0000] {dag.py:4180} INFO - Setting next_dagrun for example_short_circuit_operator to None, run_after=None
[2025-06-12T12:18:08.437+0000] {processor.py:208} INFO - Processing /home/airflow/.local/lib/python3.12/site-packages/airflow/example_dags/example_short_circuit_operator.py took 0.055 seconds
[2025-06-12T12:18:38.971+0000] {processor.py:186} INFO - Started process (PID=5267) to work on /home/airflow/.local/lib/python3.12/site-packages/airflow/example_dags/example_short_circuit_operator.py
[2025-06-12T12:18:38.972+0000] {processor.py:914} INFO - Processing file /home/airflow/.local/lib/python3.12/site-packages/airflow/example_dags/example_short_circuit_operator.py for tasks to queue
[2025-06-12T12:18:38.974+0000] {logging_mixin.py:190} INFO - [2025-06-12T12:18:38.974+0000] {dagbag.py:588} INFO - Filling up the DagBag from /home/airflow/.local/lib/python3.12/site-packages/airflow/example_dags/example_short_circuit_operator.py
[2025-06-12T12:18:38.981+0000] {processor.py:925} INFO - DAG(s) 'example_short_circuit_operator' retrieved from /home/airflow/.local/lib/python3.12/site-packages/airflow/example_dags/example_short_circuit_operator.py
[2025-06-12T12:18:38.999+0000] {logging_mixin.py:190} INFO - [2025-06-12T12:18:38.999+0000] {dag.py:3239} INFO - Sync 1 DAGs
[2025-06-12T12:18:39.013+0000] {logging_mixin.py:190} INFO - [2025-06-12T12:18:39.013+0000] {dag.py:4180} INFO - Setting next_dagrun for example_short_circuit_operator to None, run_after=None
[2025-06-12T12:18:39.027+0000] {processor.py:208} INFO - Processing /home/airflow/.local/lib/python3.12/site-packages/airflow/example_dags/example_short_circuit_operator.py took 0.060 seconds
[2025-06-12T12:19:09.579+0000] {processor.py:186} INFO - Started process (PID=5563) to work on /home/airflow/.local/lib/python3.12/site-packages/airflow/example_dags/example_short_circuit_operator.py
[2025-06-12T12:19:09.580+0000] {processor.py:914} INFO - Processing file /home/airflow/.local/lib/python3.12/site-packages/airflow/example_dags/example_short_circuit_operator.py for tasks to queue
[2025-06-12T12:19:09.582+0000] {logging_mixin.py:190} INFO - [2025-06-12T12:19:09.582+0000] {dagbag.py:588} INFO - Filling up the DagBag from /home/airflow/.local/lib/python3.12/site-packages/airflow/example_dags/example_short_circuit_operator.py
[2025-06-12T12:19:09.588+0000] {processor.py:925} INFO - DAG(s) 'example_short_circuit_operator' retrieved from /home/airflow/.local/lib/python3.12/site-packages/airflow/example_dags/example_short_circuit_operator.py
[2025-06-12T12:19:09.604+0000] {logging_mixin.py:190} INFO - [2025-06-12T12:19:09.604+0000] {dag.py:3239} INFO - Sync 1 DAGs
[2025-06-12T12:19:09.615+0000] {logging_mixin.py:190} INFO - [2025-06-12T12:19:09.615+0000] {dag.py:4180} INFO - Setting next_dagrun for example_short_circuit_operator to None, run_after=None
[2025-06-12T12:19:09.628+0000] {processor.py:208} INFO - Processing /home/airflow/.local/lib/python3.12/site-packages/airflow/example_dags/example_short_circuit_operator.py took 0.053 seconds
[2025-06-12T12:19:39.700+0000] {processor.py:186} INFO - Started process (PID=5859) to work on /home/airflow/.local/lib/python3.12/site-packages/airflow/example_dags/example_short_circuit_operator.py
[2025-06-12T12:19:39.701+0000] {processor.py:914} INFO - Processing file /home/airflow/.local/lib/python3.12/site-packages/airflow/example_dags/example_short_circuit_operator.py for tasks to queue
[2025-06-12T12:19:39.703+0000] {logging_mixin.py:190} INFO - [2025-06-12T12:19:39.703+0000] {dagbag.py:588} INFO - Filling up the DagBag from /home/airflow/.local/lib/python3.12/site-packages/airflow/example_dags/example_short_circuit_operator.py
[2025-06-12T12:19:39.709+0000] {processor.py:925} INFO - DAG(s) 'example_short_circuit_operator' retrieved from /home/airflow/.local/lib/python3.12/site-packages/airflow/example_dags/example_short_circuit_operator.py
[2025-06-12T12:19:39.725+0000] {logging_mixin.py:190} INFO - [2025-06-12T12:19:39.725+0000] {dag.py:3239} INFO - Sync 1 DAGs
[2025-06-12T12:19:39.736+0000] {logging_mixin.py:190} INFO - [2025-06-12T12:19:39.736+0000] {dag.py:4180} INFO - Setting next_dagrun for example_short_circuit_operator to None, run_after=None
[2025-06-12T12:19:39.749+0000] {processor.py:208} INFO - Processing /home/airflow/.local/lib/python3.12/site-packages/airflow/example_dags/example_short_circuit_operator.py took 0.054 seconds
