[2025-06-12T12:10:02.811+0000] {processor.py:186} INFO - Started process (PID=370) to work on /home/airflow/.local/lib/python3.12/site-packages/airflow/example_dags/example_workday_timetable.py
[2025-06-12T12:10:02.812+0000] {processor.py:914} INFO - Processing file /home/airflow/.local/lib/python3.12/site-packages/airflow/example_dags/example_workday_timetable.py for tasks to queue
[2025-06-12T12:10:02.814+0000] {logging_mixin.py:190} INFO - [2025-06-12T12:10:02.814+0000] {dagbag.py:588} INFO - Filling up the DagBag from /home/airflow/.local/lib/python3.12/site-packages/airflow/example_dags/example_workday_timetable.py
[2025-06-12T12:10:02.820+0000] {processor.py:925} INFO - DAG(s) 'example_workday_timetable' retrieved from /home/airflow/.local/lib/python3.12/site-packages/airflow/example_dags/example_workday_timetable.py
[2025-06-12T12:10:02.834+0000] {logging_mixin.py:190} INFO - [2025-06-12T12:10:02.834+0000] {dag.py:3239} INFO - Sync 1 DAGs
[2025-06-12T12:10:02.890+0000] {logging_mixin.py:190} INFO - [2025-06-12T12:10:02.890+0000] {dag.py:4180} INFO - Setting next_dagrun for example_workday_timetable to 2021-01-04 00:00:00+00:00, run_after=2021-01-05 00:00:00+00:00
[2025-06-12T12:10:02.904+0000] {processor.py:208} INFO - Processing /home/airflow/.local/lib/python3.12/site-packages/airflow/example_dags/example_workday_timetable.py took 0.098 seconds
[2025-06-12T12:10:33.756+0000] {processor.py:186} INFO - Started process (PID=664) to work on /home/airflow/.local/lib/python3.12/site-packages/airflow/example_dags/example_workday_timetable.py
[2025-06-12T12:10:33.757+0000] {processor.py:914} INFO - Processing file /home/airflow/.local/lib/python3.12/site-packages/airflow/example_dags/example_workday_timetable.py for tasks to queue
[2025-06-12T12:10:33.759+0000] {logging_mixin.py:190} INFO - [2025-06-12T12:10:33.758+0000] {dagbag.py:588} INFO - Filling up the DagBag from /home/airflow/.local/lib/python3.12/site-packages/airflow/example_dags/example_workday_timetable.py
[2025-06-12T12:10:33.765+0000] {processor.py:925} INFO - DAG(s) 'example_workday_timetable' retrieved from /home/airflow/.local/lib/python3.12/site-packages/airflow/example_dags/example_workday_timetable.py
[2025-06-12T12:10:33.780+0000] {logging_mixin.py:190} INFO - [2025-06-12T12:10:33.780+0000] {dag.py:3239} INFO - Sync 1 DAGs
[2025-06-12T12:10:33.829+0000] {logging_mixin.py:190} INFO - [2025-06-12T12:10:33.828+0000] {dag.py:4180} INFO - Setting next_dagrun for example_workday_timetable to 2021-01-04 00:00:00+00:00, run_after=2021-01-05 00:00:00+00:00
[2025-06-12T12:10:33.842+0000] {processor.py:208} INFO - Processing /home/airflow/.local/lib/python3.12/site-packages/airflow/example_dags/example_workday_timetable.py took 0.091 seconds
[2025-06-12T12:11:03.886+0000] {processor.py:186} INFO - Started process (PID=957) to work on /home/airflow/.local/lib/python3.12/site-packages/airflow/example_dags/example_workday_timetable.py
[2025-06-12T12:11:03.887+0000] {processor.py:914} INFO - Processing file /home/airflow/.local/lib/python3.12/site-packages/airflow/example_dags/example_workday_timetable.py for tasks to queue
[2025-06-12T12:11:03.889+0000] {logging_mixin.py:190} INFO - [2025-06-12T12:11:03.888+0000] {dagbag.py:588} INFO - Filling up the DagBag from /home/airflow/.local/lib/python3.12/site-packages/airflow/example_dags/example_workday_timetable.py
[2025-06-12T12:11:03.893+0000] {processor.py:925} INFO - DAG(s) 'example_workday_timetable' retrieved from /home/airflow/.local/lib/python3.12/site-packages/airflow/example_dags/example_workday_timetable.py
[2025-06-12T12:11:03.907+0000] {logging_mixin.py:190} INFO - [2025-06-12T12:11:03.906+0000] {dag.py:3239} INFO - Sync 1 DAGs
[2025-06-12T12:11:03.950+0000] {logging_mixin.py:190} INFO - [2025-06-12T12:11:03.950+0000] {dag.py:4180} INFO - Setting next_dagrun for example_workday_timetable to 2021-01-04 00:00:00+00:00, run_after=2021-01-05 00:00:00+00:00
[2025-06-12T12:11:03.965+0000] {processor.py:208} INFO - Processing /home/airflow/.local/lib/python3.12/site-packages/airflow/example_dags/example_workday_timetable.py took 0.083 seconds
[2025-06-12T12:11:33.993+0000] {processor.py:186} INFO - Started process (PID=1251) to work on /home/airflow/.local/lib/python3.12/site-packages/airflow/example_dags/example_workday_timetable.py
[2025-06-12T12:11:33.993+0000] {processor.py:914} INFO - Processing file /home/airflow/.local/lib/python3.12/site-packages/airflow/example_dags/example_workday_timetable.py for tasks to queue
[2025-06-12T12:11:33.995+0000] {logging_mixin.py:190} INFO - [2025-06-12T12:11:33.995+0000] {dagbag.py:588} INFO - Filling up the DagBag from /home/airflow/.local/lib/python3.12/site-packages/airflow/example_dags/example_workday_timetable.py
[2025-06-12T12:11:33.999+0000] {processor.py:925} INFO - DAG(s) 'example_workday_timetable' retrieved from /home/airflow/.local/lib/python3.12/site-packages/airflow/example_dags/example_workday_timetable.py
[2025-06-12T12:11:34.013+0000] {logging_mixin.py:190} INFO - [2025-06-12T12:11:34.013+0000] {dag.py:3239} INFO - Sync 1 DAGs
[2025-06-12T12:11:34.058+0000] {logging_mixin.py:190} INFO - [2025-06-12T12:11:34.058+0000] {dag.py:4180} INFO - Setting next_dagrun for example_workday_timetable to 2021-01-04 00:00:00+00:00, run_after=2021-01-05 00:00:00+00:00
[2025-06-12T12:11:34.071+0000] {processor.py:208} INFO - Processing /home/airflow/.local/lib/python3.12/site-packages/airflow/example_dags/example_workday_timetable.py took 0.083 seconds
[2025-06-12T12:12:04.192+0000] {processor.py:186} INFO - Started process (PID=1549) to work on /home/airflow/.local/lib/python3.12/site-packages/airflow/example_dags/example_workday_timetable.py
[2025-06-12T12:12:04.193+0000] {processor.py:914} INFO - Processing file /home/airflow/.local/lib/python3.12/site-packages/airflow/example_dags/example_workday_timetable.py for tasks to queue
[2025-06-12T12:12:04.195+0000] {logging_mixin.py:190} INFO - [2025-06-12T12:12:04.195+0000] {dagbag.py:588} INFO - Filling up the DagBag from /home/airflow/.local/lib/python3.12/site-packages/airflow/example_dags/example_workday_timetable.py
[2025-06-12T12:12:04.200+0000] {processor.py:925} INFO - DAG(s) 'example_workday_timetable' retrieved from /home/airflow/.local/lib/python3.12/site-packages/airflow/example_dags/example_workday_timetable.py
[2025-06-12T12:12:04.212+0000] {logging_mixin.py:190} INFO - [2025-06-12T12:12:04.212+0000] {dag.py:3239} INFO - Sync 1 DAGs
[2025-06-12T12:12:04.257+0000] {logging_mixin.py:190} INFO - [2025-06-12T12:12:04.256+0000] {dag.py:4180} INFO - Setting next_dagrun for example_workday_timetable to 2021-01-04 00:00:00+00:00, run_after=2021-01-05 00:00:00+00:00
[2025-06-12T12:12:04.272+0000] {processor.py:208} INFO - Processing /home/airflow/.local/lib/python3.12/site-packages/airflow/example_dags/example_workday_timetable.py took 0.084 seconds
[2025-06-12T12:12:34.451+0000] {processor.py:186} INFO - Started process (PID=1843) to work on /home/airflow/.local/lib/python3.12/site-packages/airflow/example_dags/example_workday_timetable.py
[2025-06-12T12:12:34.452+0000] {processor.py:914} INFO - Processing file /home/airflow/.local/lib/python3.12/site-packages/airflow/example_dags/example_workday_timetable.py for tasks to queue
[2025-06-12T12:12:34.453+0000] {logging_mixin.py:190} INFO - [2025-06-12T12:12:34.453+0000] {dagbag.py:588} INFO - Filling up the DagBag from /home/airflow/.local/lib/python3.12/site-packages/airflow/example_dags/example_workday_timetable.py
[2025-06-12T12:12:34.458+0000] {processor.py:925} INFO - DAG(s) 'example_workday_timetable' retrieved from /home/airflow/.local/lib/python3.12/site-packages/airflow/example_dags/example_workday_timetable.py
[2025-06-12T12:12:34.471+0000] {logging_mixin.py:190} INFO - [2025-06-12T12:12:34.471+0000] {dag.py:3239} INFO - Sync 1 DAGs
[2025-06-12T12:12:34.516+0000] {logging_mixin.py:190} INFO - [2025-06-12T12:12:34.516+0000] {dag.py:4180} INFO - Setting next_dagrun for example_workday_timetable to 2021-01-04 00:00:00+00:00, run_after=2021-01-05 00:00:00+00:00
[2025-06-12T12:12:34.531+0000] {processor.py:208} INFO - Processing /home/airflow/.local/lib/python3.12/site-packages/airflow/example_dags/example_workday_timetable.py took 0.084 seconds
[2025-06-12T12:13:05.445+0000] {processor.py:186} INFO - Started process (PID=2139) to work on /home/airflow/.local/lib/python3.12/site-packages/airflow/example_dags/example_workday_timetable.py
[2025-06-12T12:13:05.445+0000] {processor.py:914} INFO - Processing file /home/airflow/.local/lib/python3.12/site-packages/airflow/example_dags/example_workday_timetable.py for tasks to queue
[2025-06-12T12:13:05.447+0000] {logging_mixin.py:190} INFO - [2025-06-12T12:13:05.447+0000] {dagbag.py:588} INFO - Filling up the DagBag from /home/airflow/.local/lib/python3.12/site-packages/airflow/example_dags/example_workday_timetable.py
[2025-06-12T12:13:05.452+0000] {processor.py:925} INFO - DAG(s) 'example_workday_timetable' retrieved from /home/airflow/.local/lib/python3.12/site-packages/airflow/example_dags/example_workday_timetable.py
[2025-06-12T12:13:05.466+0000] {logging_mixin.py:190} INFO - [2025-06-12T12:13:05.465+0000] {dag.py:3239} INFO - Sync 1 DAGs
[2025-06-12T12:13:05.511+0000] {logging_mixin.py:190} INFO - [2025-06-12T12:13:05.511+0000] {dag.py:4180} INFO - Setting next_dagrun for example_workday_timetable to 2021-01-04 00:00:00+00:00, run_after=2021-01-05 00:00:00+00:00
[2025-06-12T12:13:05.525+0000] {processor.py:208} INFO - Processing /home/airflow/.local/lib/python3.12/site-packages/airflow/example_dags/example_workday_timetable.py took 0.085 seconds
[2025-06-12T12:13:35.628+0000] {processor.py:186} INFO - Started process (PID=2435) to work on /home/airflow/.local/lib/python3.12/site-packages/airflow/example_dags/example_workday_timetable.py
[2025-06-12T12:13:35.629+0000] {processor.py:914} INFO - Processing file /home/airflow/.local/lib/python3.12/site-packages/airflow/example_dags/example_workday_timetable.py for tasks to queue
[2025-06-12T12:13:35.631+0000] {logging_mixin.py:190} INFO - [2025-06-12T12:13:35.631+0000] {dagbag.py:588} INFO - Filling up the DagBag from /home/airflow/.local/lib/python3.12/site-packages/airflow/example_dags/example_workday_timetable.py
[2025-06-12T12:13:35.638+0000] {processor.py:925} INFO - DAG(s) 'example_workday_timetable' retrieved from /home/airflow/.local/lib/python3.12/site-packages/airflow/example_dags/example_workday_timetable.py
[2025-06-12T12:13:35.654+0000] {logging_mixin.py:190} INFO - [2025-06-12T12:13:35.654+0000] {dag.py:3239} INFO - Sync 1 DAGs
[2025-06-12T12:13:35.707+0000] {logging_mixin.py:190} INFO - [2025-06-12T12:13:35.707+0000] {dag.py:4180} INFO - Setting next_dagrun for example_workday_timetable to 2021-01-04 00:00:00+00:00, run_after=2021-01-05 00:00:00+00:00
[2025-06-12T12:13:35.723+0000] {processor.py:208} INFO - Processing /home/airflow/.local/lib/python3.12/site-packages/airflow/example_dags/example_workday_timetable.py took 0.100 seconds
[2025-06-12T12:14:06.452+0000] {processor.py:186} INFO - Started process (PID=2731) to work on /home/airflow/.local/lib/python3.12/site-packages/airflow/example_dags/example_workday_timetable.py
[2025-06-12T12:14:06.453+0000] {processor.py:914} INFO - Processing file /home/airflow/.local/lib/python3.12/site-packages/airflow/example_dags/example_workday_timetable.py for tasks to queue
[2025-06-12T12:14:06.455+0000] {logging_mixin.py:190} INFO - [2025-06-12T12:14:06.455+0000] {dagbag.py:588} INFO - Filling up the DagBag from /home/airflow/.local/lib/python3.12/site-packages/airflow/example_dags/example_workday_timetable.py
[2025-06-12T12:14:06.460+0000] {processor.py:925} INFO - DAG(s) 'example_workday_timetable' retrieved from /home/airflow/.local/lib/python3.12/site-packages/airflow/example_dags/example_workday_timetable.py
[2025-06-12T12:14:06.475+0000] {logging_mixin.py:190} INFO - [2025-06-12T12:14:06.475+0000] {dag.py:3239} INFO - Sync 1 DAGs
[2025-06-12T12:14:06.520+0000] {logging_mixin.py:190} INFO - [2025-06-12T12:14:06.520+0000] {dag.py:4180} INFO - Setting next_dagrun for example_workday_timetable to 2021-01-04 00:00:00+00:00, run_after=2021-01-05 00:00:00+00:00
[2025-06-12T12:14:06.535+0000] {processor.py:208} INFO - Processing /home/airflow/.local/lib/python3.12/site-packages/airflow/example_dags/example_workday_timetable.py took 0.087 seconds
[2025-06-12T12:14:37.173+0000] {processor.py:186} INFO - Started process (PID=3027) to work on /home/airflow/.local/lib/python3.12/site-packages/airflow/example_dags/example_workday_timetable.py
[2025-06-12T12:14:37.174+0000] {processor.py:914} INFO - Processing file /home/airflow/.local/lib/python3.12/site-packages/airflow/example_dags/example_workday_timetable.py for tasks to queue
[2025-06-12T12:14:37.176+0000] {logging_mixin.py:190} INFO - [2025-06-12T12:14:37.176+0000] {dagbag.py:588} INFO - Filling up the DagBag from /home/airflow/.local/lib/python3.12/site-packages/airflow/example_dags/example_workday_timetable.py
[2025-06-12T12:14:37.181+0000] {processor.py:925} INFO - DAG(s) 'example_workday_timetable' retrieved from /home/airflow/.local/lib/python3.12/site-packages/airflow/example_dags/example_workday_timetable.py
[2025-06-12T12:14:37.197+0000] {logging_mixin.py:190} INFO - [2025-06-12T12:14:37.196+0000] {dag.py:3239} INFO - Sync 1 DAGs
[2025-06-12T12:14:37.244+0000] {logging_mixin.py:190} INFO - [2025-06-12T12:14:37.244+0000] {dag.py:4180} INFO - Setting next_dagrun for example_workday_timetable to 2021-01-04 00:00:00+00:00, run_after=2021-01-05 00:00:00+00:00
[2025-06-12T12:14:37.258+0000] {processor.py:208} INFO - Processing /home/airflow/.local/lib/python3.12/site-packages/airflow/example_dags/example_workday_timetable.py took 0.089 seconds
[2025-06-12T12:15:07.979+0000] {processor.py:186} INFO - Started process (PID=3323) to work on /home/airflow/.local/lib/python3.12/site-packages/airflow/example_dags/example_workday_timetable.py
[2025-06-12T12:15:07.980+0000] {processor.py:914} INFO - Processing file /home/airflow/.local/lib/python3.12/site-packages/airflow/example_dags/example_workday_timetable.py for tasks to queue
[2025-06-12T12:15:07.982+0000] {logging_mixin.py:190} INFO - [2025-06-12T12:15:07.982+0000] {dagbag.py:588} INFO - Filling up the DagBag from /home/airflow/.local/lib/python3.12/site-packages/airflow/example_dags/example_workday_timetable.py
[2025-06-12T12:15:07.986+0000] {processor.py:925} INFO - DAG(s) 'example_workday_timetable' retrieved from /home/airflow/.local/lib/python3.12/site-packages/airflow/example_dags/example_workday_timetable.py
[2025-06-12T12:15:08.000+0000] {logging_mixin.py:190} INFO - [2025-06-12T12:15:08.000+0000] {dag.py:3239} INFO - Sync 1 DAGs
[2025-06-12T12:15:08.044+0000] {logging_mixin.py:190} INFO - [2025-06-12T12:15:08.043+0000] {dag.py:4180} INFO - Setting next_dagrun for example_workday_timetable to 2021-01-04 00:00:00+00:00, run_after=2021-01-05 00:00:00+00:00
[2025-06-12T12:15:08.057+0000] {processor.py:208} INFO - Processing /home/airflow/.local/lib/python3.12/site-packages/airflow/example_dags/example_workday_timetable.py took 0.082 seconds
[2025-06-12T12:15:38.742+0000] {processor.py:186} INFO - Started process (PID=3621) to work on /home/airflow/.local/lib/python3.12/site-packages/airflow/example_dags/example_workday_timetable.py
[2025-06-12T12:15:38.742+0000] {processor.py:914} INFO - Processing file /home/airflow/.local/lib/python3.12/site-packages/airflow/example_dags/example_workday_timetable.py for tasks to queue
[2025-06-12T12:15:38.744+0000] {logging_mixin.py:190} INFO - [2025-06-12T12:15:38.744+0000] {dagbag.py:588} INFO - Filling up the DagBag from /home/airflow/.local/lib/python3.12/site-packages/airflow/example_dags/example_workday_timetable.py
[2025-06-12T12:15:38.748+0000] {processor.py:925} INFO - DAG(s) 'example_workday_timetable' retrieved from /home/airflow/.local/lib/python3.12/site-packages/airflow/example_dags/example_workday_timetable.py
[2025-06-12T12:15:38.762+0000] {logging_mixin.py:190} INFO - [2025-06-12T12:15:38.761+0000] {dag.py:3239} INFO - Sync 1 DAGs
[2025-06-12T12:15:38.813+0000] {logging_mixin.py:190} INFO - [2025-06-12T12:15:38.813+0000] {dag.py:4180} INFO - Setting next_dagrun for example_workday_timetable to 2021-01-04 00:00:00+00:00, run_after=2021-01-05 00:00:00+00:00
[2025-06-12T12:15:38.827+0000] {processor.py:208} INFO - Processing /home/airflow/.local/lib/python3.12/site-packages/airflow/example_dags/example_workday_timetable.py took 0.089 seconds
[2025-06-12T12:16:08.987+0000] {processor.py:186} INFO - Started process (PID=3915) to work on /home/airflow/.local/lib/python3.12/site-packages/airflow/example_dags/example_workday_timetable.py
[2025-06-12T12:16:08.988+0000] {processor.py:914} INFO - Processing file /home/airflow/.local/lib/python3.12/site-packages/airflow/example_dags/example_workday_timetable.py for tasks to queue
[2025-06-12T12:16:08.990+0000] {logging_mixin.py:190} INFO - [2025-06-12T12:16:08.990+0000] {dagbag.py:588} INFO - Filling up the DagBag from /home/airflow/.local/lib/python3.12/site-packages/airflow/example_dags/example_workday_timetable.py
[2025-06-12T12:16:08.995+0000] {processor.py:925} INFO - DAG(s) 'example_workday_timetable' retrieved from /home/airflow/.local/lib/python3.12/site-packages/airflow/example_dags/example_workday_timetable.py
[2025-06-12T12:16:09.009+0000] {logging_mixin.py:190} INFO - [2025-06-12T12:16:09.008+0000] {dag.py:3239} INFO - Sync 1 DAGs
[2025-06-12T12:16:09.057+0000] {logging_mixin.py:190} INFO - [2025-06-12T12:16:09.057+0000] {dag.py:4180} INFO - Setting next_dagrun for example_workday_timetable to 2021-01-04 00:00:00+00:00, run_after=2021-01-05 00:00:00+00:00
[2025-06-12T12:16:09.071+0000] {processor.py:208} INFO - Processing /home/airflow/.local/lib/python3.12/site-packages/airflow/example_dags/example_workday_timetable.py took 0.089 seconds
[2025-06-12T12:16:39.803+0000] {processor.py:186} INFO - Started process (PID=4211) to work on /home/airflow/.local/lib/python3.12/site-packages/airflow/example_dags/example_workday_timetable.py
[2025-06-12T12:16:39.804+0000] {processor.py:914} INFO - Processing file /home/airflow/.local/lib/python3.12/site-packages/airflow/example_dags/example_workday_timetable.py for tasks to queue
[2025-06-12T12:16:39.806+0000] {logging_mixin.py:190} INFO - [2025-06-12T12:16:39.806+0000] {dagbag.py:588} INFO - Filling up the DagBag from /home/airflow/.local/lib/python3.12/site-packages/airflow/example_dags/example_workday_timetable.py
[2025-06-12T12:16:39.811+0000] {processor.py:925} INFO - DAG(s) 'example_workday_timetable' retrieved from /home/airflow/.local/lib/python3.12/site-packages/airflow/example_dags/example_workday_timetable.py
[2025-06-12T12:16:39.825+0000] {logging_mixin.py:190} INFO - [2025-06-12T12:16:39.825+0000] {dag.py:3239} INFO - Sync 1 DAGs
[2025-06-12T12:16:39.871+0000] {logging_mixin.py:190} INFO - [2025-06-12T12:16:39.871+0000] {dag.py:4180} INFO - Setting next_dagrun for example_workday_timetable to 2021-01-04 00:00:00+00:00, run_after=2021-01-05 00:00:00+00:00
[2025-06-12T12:16:39.885+0000] {processor.py:208} INFO - Processing /home/airflow/.local/lib/python3.12/site-packages/airflow/example_dags/example_workday_timetable.py took 0.086 seconds
[2025-06-12T12:17:10.354+0000] {processor.py:186} INFO - Started process (PID=4507) to work on /home/airflow/.local/lib/python3.12/site-packages/airflow/example_dags/example_workday_timetable.py
[2025-06-12T12:17:10.355+0000] {processor.py:914} INFO - Processing file /home/airflow/.local/lib/python3.12/site-packages/airflow/example_dags/example_workday_timetable.py for tasks to queue
[2025-06-12T12:17:10.356+0000] {logging_mixin.py:190} INFO - [2025-06-12T12:17:10.356+0000] {dagbag.py:588} INFO - Filling up the DagBag from /home/airflow/.local/lib/python3.12/site-packages/airflow/example_dags/example_workday_timetable.py
[2025-06-12T12:17:10.361+0000] {processor.py:925} INFO - DAG(s) 'example_workday_timetable' retrieved from /home/airflow/.local/lib/python3.12/site-packages/airflow/example_dags/example_workday_timetable.py
[2025-06-12T12:17:10.374+0000] {logging_mixin.py:190} INFO - [2025-06-12T12:17:10.374+0000] {dag.py:3239} INFO - Sync 1 DAGs
[2025-06-12T12:17:10.418+0000] {logging_mixin.py:190} INFO - [2025-06-12T12:17:10.418+0000] {dag.py:4180} INFO - Setting next_dagrun for example_workday_timetable to 2021-01-04 00:00:00+00:00, run_after=2021-01-05 00:00:00+00:00
[2025-06-12T12:17:10.436+0000] {processor.py:208} INFO - Processing /home/airflow/.local/lib/python3.12/site-packages/airflow/example_dags/example_workday_timetable.py took 0.086 seconds
[2025-06-12T12:17:40.966+0000] {processor.py:186} INFO - Started process (PID=4803) to work on /home/airflow/.local/lib/python3.12/site-packages/airflow/example_dags/example_workday_timetable.py
[2025-06-12T12:17:40.967+0000] {processor.py:914} INFO - Processing file /home/airflow/.local/lib/python3.12/site-packages/airflow/example_dags/example_workday_timetable.py for tasks to queue
[2025-06-12T12:17:40.969+0000] {logging_mixin.py:190} INFO - [2025-06-12T12:17:40.968+0000] {dagbag.py:588} INFO - Filling up the DagBag from /home/airflow/.local/lib/python3.12/site-packages/airflow/example_dags/example_workday_timetable.py
[2025-06-12T12:17:40.973+0000] {processor.py:925} INFO - DAG(s) 'example_workday_timetable' retrieved from /home/airflow/.local/lib/python3.12/site-packages/airflow/example_dags/example_workday_timetable.py
[2025-06-12T12:17:40.987+0000] {logging_mixin.py:190} INFO - [2025-06-12T12:17:40.987+0000] {dag.py:3239} INFO - Sync 1 DAGs
[2025-06-12T12:17:41.033+0000] {logging_mixin.py:190} INFO - [2025-06-12T12:17:41.032+0000] {dag.py:4180} INFO - Setting next_dagrun for example_workday_timetable to 2021-01-04 00:00:00+00:00, run_after=2021-01-05 00:00:00+00:00
[2025-06-12T12:17:41.047+0000] {processor.py:208} INFO - Processing /home/airflow/.local/lib/python3.12/site-packages/airflow/example_dags/example_workday_timetable.py took 0.085 seconds
[2025-06-12T12:18:11.481+0000] {processor.py:186} INFO - Started process (PID=5099) to work on /home/airflow/.local/lib/python3.12/site-packages/airflow/example_dags/example_workday_timetable.py
[2025-06-12T12:18:11.482+0000] {processor.py:914} INFO - Processing file /home/airflow/.local/lib/python3.12/site-packages/airflow/example_dags/example_workday_timetable.py for tasks to queue
[2025-06-12T12:18:11.484+0000] {logging_mixin.py:190} INFO - [2025-06-12T12:18:11.484+0000] {dagbag.py:588} INFO - Filling up the DagBag from /home/airflow/.local/lib/python3.12/site-packages/airflow/example_dags/example_workday_timetable.py
[2025-06-12T12:18:11.488+0000] {processor.py:925} INFO - DAG(s) 'example_workday_timetable' retrieved from /home/airflow/.local/lib/python3.12/site-packages/airflow/example_dags/example_workday_timetable.py
[2025-06-12T12:18:11.502+0000] {logging_mixin.py:190} INFO - [2025-06-12T12:18:11.502+0000] {dag.py:3239} INFO - Sync 1 DAGs
[2025-06-12T12:18:11.546+0000] {logging_mixin.py:190} INFO - [2025-06-12T12:18:11.546+0000] {dag.py:4180} INFO - Setting next_dagrun for example_workday_timetable to 2021-01-04 00:00:00+00:00, run_after=2021-01-05 00:00:00+00:00
[2025-06-12T12:18:11.559+0000] {processor.py:208} INFO - Processing /home/airflow/.local/lib/python3.12/site-packages/airflow/example_dags/example_workday_timetable.py took 0.082 seconds
[2025-06-12T12:18:42.211+0000] {processor.py:186} INFO - Started process (PID=5395) to work on /home/airflow/.local/lib/python3.12/site-packages/airflow/example_dags/example_workday_timetable.py
[2025-06-12T12:18:42.211+0000] {processor.py:914} INFO - Processing file /home/airflow/.local/lib/python3.12/site-packages/airflow/example_dags/example_workday_timetable.py for tasks to queue
[2025-06-12T12:18:42.213+0000] {logging_mixin.py:190} INFO - [2025-06-12T12:18:42.213+0000] {dagbag.py:588} INFO - Filling up the DagBag from /home/airflow/.local/lib/python3.12/site-packages/airflow/example_dags/example_workday_timetable.py
[2025-06-12T12:18:42.218+0000] {processor.py:925} INFO - DAG(s) 'example_workday_timetable' retrieved from /home/airflow/.local/lib/python3.12/site-packages/airflow/example_dags/example_workday_timetable.py
[2025-06-12T12:18:42.233+0000] {logging_mixin.py:190} INFO - [2025-06-12T12:18:42.233+0000] {dag.py:3239} INFO - Sync 1 DAGs
[2025-06-12T12:18:42.283+0000] {logging_mixin.py:190} INFO - [2025-06-12T12:18:42.283+0000] {dag.py:4180} INFO - Setting next_dagrun for example_workday_timetable to 2021-01-04 00:00:00+00:00, run_after=2021-01-05 00:00:00+00:00
[2025-06-12T12:18:42.297+0000] {processor.py:208} INFO - Processing /home/airflow/.local/lib/python3.12/site-packages/airflow/example_dags/example_workday_timetable.py took 0.091 seconds
[2025-06-12T12:19:12.815+0000] {processor.py:186} INFO - Started process (PID=5691) to work on /home/airflow/.local/lib/python3.12/site-packages/airflow/example_dags/example_workday_timetable.py
[2025-06-12T12:19:12.815+0000] {processor.py:914} INFO - Processing file /home/airflow/.local/lib/python3.12/site-packages/airflow/example_dags/example_workday_timetable.py for tasks to queue
[2025-06-12T12:19:12.818+0000] {logging_mixin.py:190} INFO - [2025-06-12T12:19:12.817+0000] {dagbag.py:588} INFO - Filling up the DagBag from /home/airflow/.local/lib/python3.12/site-packages/airflow/example_dags/example_workday_timetable.py
[2025-06-12T12:19:12.822+0000] {processor.py:925} INFO - DAG(s) 'example_workday_timetable' retrieved from /home/airflow/.local/lib/python3.12/site-packages/airflow/example_dags/example_workday_timetable.py
[2025-06-12T12:19:12.837+0000] {logging_mixin.py:190} INFO - [2025-06-12T12:19:12.837+0000] {dag.py:3239} INFO - Sync 1 DAGs
[2025-06-12T12:19:12.884+0000] {logging_mixin.py:190} INFO - [2025-06-12T12:19:12.884+0000] {dag.py:4180} INFO - Setting next_dagrun for example_workday_timetable to 2021-01-04 00:00:00+00:00, run_after=2021-01-05 00:00:00+00:00
[2025-06-12T12:19:12.898+0000] {processor.py:208} INFO - Processing /home/airflow/.local/lib/python3.12/site-packages/airflow/example_dags/example_workday_timetable.py took 0.088 seconds
[2025-06-12T12:19:43.082+0000] {processor.py:186} INFO - Started process (PID=5987) to work on /home/airflow/.local/lib/python3.12/site-packages/airflow/example_dags/example_workday_timetable.py
[2025-06-12T12:19:43.083+0000] {processor.py:914} INFO - Processing file /home/airflow/.local/lib/python3.12/site-packages/airflow/example_dags/example_workday_timetable.py for tasks to queue
[2025-06-12T12:19:43.085+0000] {logging_mixin.py:190} INFO - [2025-06-12T12:19:43.085+0000] {dagbag.py:588} INFO - Filling up the DagBag from /home/airflow/.local/lib/python3.12/site-packages/airflow/example_dags/example_workday_timetable.py
[2025-06-12T12:19:43.090+0000] {processor.py:925} INFO - DAG(s) 'example_workday_timetable' retrieved from /home/airflow/.local/lib/python3.12/site-packages/airflow/example_dags/example_workday_timetable.py
[2025-06-12T12:19:43.104+0000] {logging_mixin.py:190} INFO - [2025-06-12T12:19:43.104+0000] {dag.py:3239} INFO - Sync 1 DAGs
[2025-06-12T12:19:43.148+0000] {logging_mixin.py:190} INFO - [2025-06-12T12:19:43.148+0000] {dag.py:4180} INFO - Setting next_dagrun for example_workday_timetable to 2021-01-04 00:00:00+00:00, run_after=2021-01-05 00:00:00+00:00
[2025-06-12T12:19:43.160+0000] {processor.py:208} INFO - Processing /home/airflow/.local/lib/python3.12/site-packages/airflow/example_dags/example_workday_timetable.py took 0.083 seconds
