[2025-06-12T12:10:01.763+0000] {processor.py:186} INFO - Started process (PID=311) to work on /home/airflow/.local/lib/python3.12/site-packages/airflow/example_dags/example_bash_operator.py
[2025-06-12T12:10:01.763+0000] {processor.py:914} INFO - Processing file /home/airflow/.local/lib/python3.12/site-packages/airflow/example_dags/example_bash_operator.py for tasks to queue
[2025-06-12T12:10:01.766+0000] {logging_mixin.py:190} INFO - [2025-06-12T12:10:01.765+0000] {dagbag.py:588} INFO - Filling up the DagBag from /home/airflow/.local/lib/python3.12/site-packages/airflow/example_dags/example_bash_operator.py
[2025-06-12T12:10:01.779+0000] {processor.py:925} INFO - DAG(s) 'example_bash_operator' retrieved from /home/airflow/.local/lib/python3.12/site-packages/airflow/example_dags/example_bash_operator.py
[2025-06-12T12:10:01.809+0000] {logging_mixin.py:190} INFO - [2025-06-12T12:10:01.809+0000] {dag.py:3239} INFO - Sync 1 DAGs
[2025-06-12T12:10:01.830+0000] {logging_mixin.py:190} INFO - [2025-06-12T12:10:01.829+0000] {dag.py:4180} INFO - Setting next_dagrun for example_bash_operator to 2025-06-11 00:00:00+00:00, run_after=2025-06-12 00:00:00+00:00
[2025-06-12T12:10:01.848+0000] {processor.py:208} INFO - Processing /home/airflow/.local/lib/python3.12/site-packages/airflow/example_dags/example_bash_operator.py took 0.089 seconds
[2025-06-12T12:10:32.133+0000] {processor.py:186} INFO - Started process (PID=611) to work on /home/airflow/.local/lib/python3.12/site-packages/airflow/example_dags/example_bash_operator.py
[2025-06-12T12:10:32.134+0000] {processor.py:914} INFO - Processing file /home/airflow/.local/lib/python3.12/site-packages/airflow/example_dags/example_bash_operator.py for tasks to queue
[2025-06-12T12:10:32.136+0000] {logging_mixin.py:190} INFO - [2025-06-12T12:10:32.136+0000] {dagbag.py:588} INFO - Filling up the DagBag from /home/airflow/.local/lib/python3.12/site-packages/airflow/example_dags/example_bash_operator.py
[2025-06-12T12:10:32.147+0000] {processor.py:925} INFO - DAG(s) 'example_bash_operator' retrieved from /home/airflow/.local/lib/python3.12/site-packages/airflow/example_dags/example_bash_operator.py
[2025-06-12T12:10:32.166+0000] {logging_mixin.py:190} INFO - [2025-06-12T12:10:32.166+0000] {dag.py:3239} INFO - Sync 1 DAGs
[2025-06-12T12:10:32.185+0000] {logging_mixin.py:190} INFO - [2025-06-12T12:10:32.185+0000] {dag.py:4180} INFO - Setting next_dagrun for example_bash_operator to 2025-06-11 00:00:00+00:00, run_after=2025-06-12 00:00:00+00:00
[2025-06-12T12:10:32.198+0000] {processor.py:208} INFO - Processing /home/airflow/.local/lib/python3.12/site-packages/airflow/example_dags/example_bash_operator.py took 0.069 seconds
[2025-06-12T12:11:02.331+0000] {processor.py:186} INFO - Started process (PID=905) to work on /home/airflow/.local/lib/python3.12/site-packages/airflow/example_dags/example_bash_operator.py
[2025-06-12T12:11:02.332+0000] {processor.py:914} INFO - Processing file /home/airflow/.local/lib/python3.12/site-packages/airflow/example_dags/example_bash_operator.py for tasks to queue
[2025-06-12T12:11:02.334+0000] {logging_mixin.py:190} INFO - [2025-06-12T12:11:02.333+0000] {dagbag.py:588} INFO - Filling up the DagBag from /home/airflow/.local/lib/python3.12/site-packages/airflow/example_dags/example_bash_operator.py
[2025-06-12T12:11:02.345+0000] {processor.py:925} INFO - DAG(s) 'example_bash_operator' retrieved from /home/airflow/.local/lib/python3.12/site-packages/airflow/example_dags/example_bash_operator.py
[2025-06-12T12:11:02.365+0000] {logging_mixin.py:190} INFO - [2025-06-12T12:11:02.364+0000] {dag.py:3239} INFO - Sync 1 DAGs
[2025-06-12T12:11:02.382+0000] {logging_mixin.py:190} INFO - [2025-06-12T12:11:02.382+0000] {dag.py:4180} INFO - Setting next_dagrun for example_bash_operator to 2025-06-11 00:00:00+00:00, run_after=2025-06-12 00:00:00+00:00
[2025-06-12T12:11:02.395+0000] {processor.py:208} INFO - Processing /home/airflow/.local/lib/python3.12/site-packages/airflow/example_dags/example_bash_operator.py took 0.068 seconds
[2025-06-12T12:11:32.499+0000] {processor.py:186} INFO - Started process (PID=1201) to work on /home/airflow/.local/lib/python3.12/site-packages/airflow/example_dags/example_bash_operator.py
[2025-06-12T12:11:32.499+0000] {processor.py:914} INFO - Processing file /home/airflow/.local/lib/python3.12/site-packages/airflow/example_dags/example_bash_operator.py for tasks to queue
[2025-06-12T12:11:32.501+0000] {logging_mixin.py:190} INFO - [2025-06-12T12:11:32.501+0000] {dagbag.py:588} INFO - Filling up the DagBag from /home/airflow/.local/lib/python3.12/site-packages/airflow/example_dags/example_bash_operator.py
[2025-06-12T12:11:32.512+0000] {processor.py:925} INFO - DAG(s) 'example_bash_operator' retrieved from /home/airflow/.local/lib/python3.12/site-packages/airflow/example_dags/example_bash_operator.py
[2025-06-12T12:11:32.532+0000] {logging_mixin.py:190} INFO - [2025-06-12T12:11:32.532+0000] {dag.py:3239} INFO - Sync 1 DAGs
[2025-06-12T12:11:32.552+0000] {logging_mixin.py:190} INFO - [2025-06-12T12:11:32.552+0000] {dag.py:4180} INFO - Setting next_dagrun for example_bash_operator to 2025-06-11 00:00:00+00:00, run_after=2025-06-12 00:00:00+00:00
[2025-06-12T12:11:32.564+0000] {processor.py:208} INFO - Processing /home/airflow/.local/lib/python3.12/site-packages/airflow/example_dags/example_bash_operator.py took 0.070 seconds
[2025-06-12T12:12:03.580+0000] {processor.py:186} INFO - Started process (PID=1497) to work on /home/airflow/.local/lib/python3.12/site-packages/airflow/example_dags/example_bash_operator.py
[2025-06-12T12:12:03.581+0000] {processor.py:914} INFO - Processing file /home/airflow/.local/lib/python3.12/site-packages/airflow/example_dags/example_bash_operator.py for tasks to queue
[2025-06-12T12:12:03.584+0000] {logging_mixin.py:190} INFO - [2025-06-12T12:12:03.583+0000] {dagbag.py:588} INFO - Filling up the DagBag from /home/airflow/.local/lib/python3.12/site-packages/airflow/example_dags/example_bash_operator.py
[2025-06-12T12:12:03.594+0000] {processor.py:925} INFO - DAG(s) 'example_bash_operator' retrieved from /home/airflow/.local/lib/python3.12/site-packages/airflow/example_dags/example_bash_operator.py
[2025-06-12T12:12:03.614+0000] {logging_mixin.py:190} INFO - [2025-06-12T12:12:03.614+0000] {dag.py:3239} INFO - Sync 1 DAGs
[2025-06-12T12:12:03.635+0000] {logging_mixin.py:190} INFO - [2025-06-12T12:12:03.635+0000] {dag.py:4180} INFO - Setting next_dagrun for example_bash_operator to 2025-06-11 00:00:00+00:00, run_after=2025-06-12 00:00:00+00:00
[2025-06-12T12:12:03.658+0000] {processor.py:208} INFO - Processing /home/airflow/.local/lib/python3.12/site-packages/airflow/example_dags/example_bash_operator.py took 0.082 seconds
[2025-06-12T12:12:33.813+0000] {processor.py:186} INFO - Started process (PID=1790) to work on /home/airflow/.local/lib/python3.12/site-packages/airflow/example_dags/example_bash_operator.py
[2025-06-12T12:12:33.814+0000] {processor.py:914} INFO - Processing file /home/airflow/.local/lib/python3.12/site-packages/airflow/example_dags/example_bash_operator.py for tasks to queue
[2025-06-12T12:12:33.815+0000] {logging_mixin.py:190} INFO - [2025-06-12T12:12:33.815+0000] {dagbag.py:588} INFO - Filling up the DagBag from /home/airflow/.local/lib/python3.12/site-packages/airflow/example_dags/example_bash_operator.py
[2025-06-12T12:12:33.826+0000] {processor.py:925} INFO - DAG(s) 'example_bash_operator' retrieved from /home/airflow/.local/lib/python3.12/site-packages/airflow/example_dags/example_bash_operator.py
[2025-06-12T12:12:33.846+0000] {logging_mixin.py:190} INFO - [2025-06-12T12:12:33.846+0000] {dag.py:3239} INFO - Sync 1 DAGs
[2025-06-12T12:12:33.867+0000] {logging_mixin.py:190} INFO - [2025-06-12T12:12:33.867+0000] {dag.py:4180} INFO - Setting next_dagrun for example_bash_operator to 2025-06-11 00:00:00+00:00, run_after=2025-06-12 00:00:00+00:00
[2025-06-12T12:12:33.882+0000] {processor.py:208} INFO - Processing /home/airflow/.local/lib/python3.12/site-packages/airflow/example_dags/example_bash_operator.py took 0.074 seconds
[2025-06-12T12:13:03.916+0000] {processor.py:186} INFO - Started process (PID=2086) to work on /home/airflow/.local/lib/python3.12/site-packages/airflow/example_dags/example_bash_operator.py
[2025-06-12T12:13:03.917+0000] {processor.py:914} INFO - Processing file /home/airflow/.local/lib/python3.12/site-packages/airflow/example_dags/example_bash_operator.py for tasks to queue
[2025-06-12T12:13:03.918+0000] {logging_mixin.py:190} INFO - [2025-06-12T12:13:03.918+0000] {dagbag.py:588} INFO - Filling up the DagBag from /home/airflow/.local/lib/python3.12/site-packages/airflow/example_dags/example_bash_operator.py
[2025-06-12T12:13:03.929+0000] {processor.py:925} INFO - DAG(s) 'example_bash_operator' retrieved from /home/airflow/.local/lib/python3.12/site-packages/airflow/example_dags/example_bash_operator.py
[2025-06-12T12:13:03.949+0000] {logging_mixin.py:190} INFO - [2025-06-12T12:13:03.948+0000] {dag.py:3239} INFO - Sync 1 DAGs
[2025-06-12T12:13:03.967+0000] {logging_mixin.py:190} INFO - [2025-06-12T12:13:03.967+0000] {dag.py:4180} INFO - Setting next_dagrun for example_bash_operator to 2025-06-11 00:00:00+00:00, run_after=2025-06-12 00:00:00+00:00
[2025-06-12T12:13:03.980+0000] {processor.py:208} INFO - Processing /home/airflow/.local/lib/python3.12/site-packages/airflow/example_dags/example_bash_operator.py took 0.069 seconds
[2025-06-12T12:13:34.016+0000] {processor.py:186} INFO - Started process (PID=2382) to work on /home/airflow/.local/lib/python3.12/site-packages/airflow/example_dags/example_bash_operator.py
[2025-06-12T12:13:34.017+0000] {processor.py:914} INFO - Processing file /home/airflow/.local/lib/python3.12/site-packages/airflow/example_dags/example_bash_operator.py for tasks to queue
[2025-06-12T12:13:34.019+0000] {logging_mixin.py:190} INFO - [2025-06-12T12:13:34.019+0000] {dagbag.py:588} INFO - Filling up the DagBag from /home/airflow/.local/lib/python3.12/site-packages/airflow/example_dags/example_bash_operator.py
[2025-06-12T12:13:34.029+0000] {processor.py:925} INFO - DAG(s) 'example_bash_operator' retrieved from /home/airflow/.local/lib/python3.12/site-packages/airflow/example_dags/example_bash_operator.py
[2025-06-12T12:13:34.050+0000] {logging_mixin.py:190} INFO - [2025-06-12T12:13:34.050+0000] {dag.py:3239} INFO - Sync 1 DAGs
[2025-06-12T12:13:34.068+0000] {logging_mixin.py:190} INFO - [2025-06-12T12:13:34.068+0000] {dag.py:4180} INFO - Setting next_dagrun for example_bash_operator to 2025-06-11 00:00:00+00:00, run_after=2025-06-12 00:00:00+00:00
[2025-06-12T12:13:34.089+0000] {processor.py:208} INFO - Processing /home/airflow/.local/lib/python3.12/site-packages/airflow/example_dags/example_bash_operator.py took 0.077 seconds
[2025-06-12T12:14:04.888+0000] {processor.py:186} INFO - Started process (PID=2678) to work on /home/airflow/.local/lib/python3.12/site-packages/airflow/example_dags/example_bash_operator.py
[2025-06-12T12:14:04.888+0000] {processor.py:914} INFO - Processing file /home/airflow/.local/lib/python3.12/site-packages/airflow/example_dags/example_bash_operator.py for tasks to queue
[2025-06-12T12:14:04.890+0000] {logging_mixin.py:190} INFO - [2025-06-12T12:14:04.890+0000] {dagbag.py:588} INFO - Filling up the DagBag from /home/airflow/.local/lib/python3.12/site-packages/airflow/example_dags/example_bash_operator.py
[2025-06-12T12:14:04.901+0000] {processor.py:925} INFO - DAG(s) 'example_bash_operator' retrieved from /home/airflow/.local/lib/python3.12/site-packages/airflow/example_dags/example_bash_operator.py
[2025-06-12T12:14:04.922+0000] {logging_mixin.py:190} INFO - [2025-06-12T12:14:04.921+0000] {dag.py:3239} INFO - Sync 1 DAGs
[2025-06-12T12:14:04.941+0000] {logging_mixin.py:190} INFO - [2025-06-12T12:14:04.941+0000] {dag.py:4180} INFO - Setting next_dagrun for example_bash_operator to 2025-06-11 00:00:00+00:00, run_after=2025-06-12 00:00:00+00:00
[2025-06-12T12:14:04.955+0000] {processor.py:208} INFO - Processing /home/airflow/.local/lib/python3.12/site-packages/airflow/example_dags/example_bash_operator.py took 0.072 seconds
[2025-06-12T12:14:35.623+0000] {processor.py:186} INFO - Started process (PID=2974) to work on /home/airflow/.local/lib/python3.12/site-packages/airflow/example_dags/example_bash_operator.py
[2025-06-12T12:14:35.624+0000] {processor.py:914} INFO - Processing file /home/airflow/.local/lib/python3.12/site-packages/airflow/example_dags/example_bash_operator.py for tasks to queue
[2025-06-12T12:14:35.626+0000] {logging_mixin.py:190} INFO - [2025-06-12T12:14:35.625+0000] {dagbag.py:588} INFO - Filling up the DagBag from /home/airflow/.local/lib/python3.12/site-packages/airflow/example_dags/example_bash_operator.py
[2025-06-12T12:14:35.643+0000] {processor.py:925} INFO - DAG(s) 'example_bash_operator' retrieved from /home/airflow/.local/lib/python3.12/site-packages/airflow/example_dags/example_bash_operator.py
[2025-06-12T12:14:35.669+0000] {logging_mixin.py:190} INFO - [2025-06-12T12:14:35.669+0000] {dag.py:3239} INFO - Sync 1 DAGs
[2025-06-12T12:14:35.690+0000] {logging_mixin.py:190} INFO - [2025-06-12T12:14:35.690+0000] {dag.py:4180} INFO - Setting next_dagrun for example_bash_operator to 2025-06-11 00:00:00+00:00, run_after=2025-06-12 00:00:00+00:00
[2025-06-12T12:14:35.706+0000] {processor.py:208} INFO - Processing /home/airflow/.local/lib/python3.12/site-packages/airflow/example_dags/example_bash_operator.py took 0.087 seconds
[2025-06-12T12:15:06.444+0000] {processor.py:186} INFO - Started process (PID=3270) to work on /home/airflow/.local/lib/python3.12/site-packages/airflow/example_dags/example_bash_operator.py
[2025-06-12T12:15:06.445+0000] {processor.py:914} INFO - Processing file /home/airflow/.local/lib/python3.12/site-packages/airflow/example_dags/example_bash_operator.py for tasks to queue
[2025-06-12T12:15:06.447+0000] {logging_mixin.py:190} INFO - [2025-06-12T12:15:06.447+0000] {dagbag.py:588} INFO - Filling up the DagBag from /home/airflow/.local/lib/python3.12/site-packages/airflow/example_dags/example_bash_operator.py
[2025-06-12T12:15:06.458+0000] {processor.py:925} INFO - DAG(s) 'example_bash_operator' retrieved from /home/airflow/.local/lib/python3.12/site-packages/airflow/example_dags/example_bash_operator.py
[2025-06-12T12:15:06.480+0000] {logging_mixin.py:190} INFO - [2025-06-12T12:15:06.480+0000] {dag.py:3239} INFO - Sync 1 DAGs
[2025-06-12T12:15:06.502+0000] {logging_mixin.py:190} INFO - [2025-06-12T12:15:06.502+0000] {dag.py:4180} INFO - Setting next_dagrun for example_bash_operator to 2025-06-11 00:00:00+00:00, run_after=2025-06-12 00:00:00+00:00
[2025-06-12T12:15:06.518+0000] {processor.py:208} INFO - Processing /home/airflow/.local/lib/python3.12/site-packages/airflow/example_dags/example_bash_operator.py took 0.078 seconds
[2025-06-12T12:15:37.105+0000] {processor.py:186} INFO - Started process (PID=3566) to work on /home/airflow/.local/lib/python3.12/site-packages/airflow/example_dags/example_bash_operator.py
[2025-06-12T12:15:37.106+0000] {processor.py:914} INFO - Processing file /home/airflow/.local/lib/python3.12/site-packages/airflow/example_dags/example_bash_operator.py for tasks to queue
[2025-06-12T12:15:37.108+0000] {logging_mixin.py:190} INFO - [2025-06-12T12:15:37.107+0000] {dagbag.py:588} INFO - Filling up the DagBag from /home/airflow/.local/lib/python3.12/site-packages/airflow/example_dags/example_bash_operator.py
[2025-06-12T12:15:37.118+0000] {processor.py:925} INFO - DAG(s) 'example_bash_operator' retrieved from /home/airflow/.local/lib/python3.12/site-packages/airflow/example_dags/example_bash_operator.py
[2025-06-12T12:15:37.140+0000] {logging_mixin.py:190} INFO - [2025-06-12T12:15:37.140+0000] {dag.py:3239} INFO - Sync 1 DAGs
[2025-06-12T12:15:37.159+0000] {logging_mixin.py:190} INFO - [2025-06-12T12:15:37.159+0000] {dag.py:4180} INFO - Setting next_dagrun for example_bash_operator to 2025-06-11 00:00:00+00:00, run_after=2025-06-12 00:00:00+00:00
[2025-06-12T12:15:37.172+0000] {processor.py:208} INFO - Processing /home/airflow/.local/lib/python3.12/site-packages/airflow/example_dags/example_bash_operator.py took 0.071 seconds
[2025-06-12T12:16:07.447+0000] {processor.py:186} INFO - Started process (PID=3862) to work on /home/airflow/.local/lib/python3.12/site-packages/airflow/example_dags/example_bash_operator.py
[2025-06-12T12:16:07.447+0000] {processor.py:914} INFO - Processing file /home/airflow/.local/lib/python3.12/site-packages/airflow/example_dags/example_bash_operator.py for tasks to queue
[2025-06-12T12:16:07.449+0000] {logging_mixin.py:190} INFO - [2025-06-12T12:16:07.449+0000] {dagbag.py:588} INFO - Filling up the DagBag from /home/airflow/.local/lib/python3.12/site-packages/airflow/example_dags/example_bash_operator.py
[2025-06-12T12:16:07.459+0000] {processor.py:925} INFO - DAG(s) 'example_bash_operator' retrieved from /home/airflow/.local/lib/python3.12/site-packages/airflow/example_dags/example_bash_operator.py
[2025-06-12T12:16:07.479+0000] {logging_mixin.py:190} INFO - [2025-06-12T12:16:07.478+0000] {dag.py:3239} INFO - Sync 1 DAGs
[2025-06-12T12:16:07.496+0000] {logging_mixin.py:190} INFO - [2025-06-12T12:16:07.496+0000] {dag.py:4180} INFO - Setting next_dagrun for example_bash_operator to 2025-06-11 00:00:00+00:00, run_after=2025-06-12 00:00:00+00:00
[2025-06-12T12:16:07.509+0000] {processor.py:208} INFO - Processing /home/airflow/.local/lib/python3.12/site-packages/airflow/example_dags/example_bash_operator.py took 0.067 seconds
[2025-06-12T12:16:38.349+0000] {processor.py:186} INFO - Started process (PID=4158) to work on /home/airflow/.local/lib/python3.12/site-packages/airflow/example_dags/example_bash_operator.py
[2025-06-12T12:16:38.350+0000] {processor.py:914} INFO - Processing file /home/airflow/.local/lib/python3.12/site-packages/airflow/example_dags/example_bash_operator.py for tasks to queue
[2025-06-12T12:16:38.352+0000] {logging_mixin.py:190} INFO - [2025-06-12T12:16:38.352+0000] {dagbag.py:588} INFO - Filling up the DagBag from /home/airflow/.local/lib/python3.12/site-packages/airflow/example_dags/example_bash_operator.py
[2025-06-12T12:16:38.363+0000] {processor.py:925} INFO - DAG(s) 'example_bash_operator' retrieved from /home/airflow/.local/lib/python3.12/site-packages/airflow/example_dags/example_bash_operator.py
[2025-06-12T12:16:38.384+0000] {logging_mixin.py:190} INFO - [2025-06-12T12:16:38.383+0000] {dag.py:3239} INFO - Sync 1 DAGs
[2025-06-12T12:16:38.401+0000] {logging_mixin.py:190} INFO - [2025-06-12T12:16:38.401+0000] {dag.py:4180} INFO - Setting next_dagrun for example_bash_operator to 2025-06-11 00:00:00+00:00, run_after=2025-06-12 00:00:00+00:00
[2025-06-12T12:16:38.423+0000] {processor.py:208} INFO - Processing /home/airflow/.local/lib/python3.12/site-packages/airflow/example_dags/example_bash_operator.py took 0.079 seconds
[2025-06-12T12:17:08.910+0000] {processor.py:186} INFO - Started process (PID=4454) to work on /home/airflow/.local/lib/python3.12/site-packages/airflow/example_dags/example_bash_operator.py
[2025-06-12T12:17:08.911+0000] {processor.py:914} INFO - Processing file /home/airflow/.local/lib/python3.12/site-packages/airflow/example_dags/example_bash_operator.py for tasks to queue
[2025-06-12T12:17:08.912+0000] {logging_mixin.py:190} INFO - [2025-06-12T12:17:08.912+0000] {dagbag.py:588} INFO - Filling up the DagBag from /home/airflow/.local/lib/python3.12/site-packages/airflow/example_dags/example_bash_operator.py
[2025-06-12T12:17:08.923+0000] {processor.py:925} INFO - DAG(s) 'example_bash_operator' retrieved from /home/airflow/.local/lib/python3.12/site-packages/airflow/example_dags/example_bash_operator.py
[2025-06-12T12:17:08.942+0000] {logging_mixin.py:190} INFO - [2025-06-12T12:17:08.942+0000] {dag.py:3239} INFO - Sync 1 DAGs
[2025-06-12T12:17:08.959+0000] {logging_mixin.py:190} INFO - [2025-06-12T12:17:08.959+0000] {dag.py:4180} INFO - Setting next_dagrun for example_bash_operator to 2025-06-11 00:00:00+00:00, run_after=2025-06-12 00:00:00+00:00
[2025-06-12T12:17:08.979+0000] {processor.py:208} INFO - Processing /home/airflow/.local/lib/python3.12/site-packages/airflow/example_dags/example_bash_operator.py took 0.074 seconds
[2025-06-12T12:17:39.515+0000] {processor.py:186} INFO - Started process (PID=4750) to work on /home/airflow/.local/lib/python3.12/site-packages/airflow/example_dags/example_bash_operator.py
[2025-06-12T12:17:39.516+0000] {processor.py:914} INFO - Processing file /home/airflow/.local/lib/python3.12/site-packages/airflow/example_dags/example_bash_operator.py for tasks to queue
[2025-06-12T12:17:39.517+0000] {logging_mixin.py:190} INFO - [2025-06-12T12:17:39.517+0000] {dagbag.py:588} INFO - Filling up the DagBag from /home/airflow/.local/lib/python3.12/site-packages/airflow/example_dags/example_bash_operator.py
[2025-06-12T12:17:39.529+0000] {processor.py:925} INFO - DAG(s) 'example_bash_operator' retrieved from /home/airflow/.local/lib/python3.12/site-packages/airflow/example_dags/example_bash_operator.py
[2025-06-12T12:17:39.549+0000] {logging_mixin.py:190} INFO - [2025-06-12T12:17:39.548+0000] {dag.py:3239} INFO - Sync 1 DAGs
[2025-06-12T12:17:39.566+0000] {logging_mixin.py:190} INFO - [2025-06-12T12:17:39.566+0000] {dag.py:4180} INFO - Setting next_dagrun for example_bash_operator to 2025-06-11 00:00:00+00:00, run_after=2025-06-12 00:00:00+00:00
[2025-06-12T12:17:39.587+0000] {processor.py:208} INFO - Processing /home/airflow/.local/lib/python3.12/site-packages/airflow/example_dags/example_bash_operator.py took 0.077 seconds
[2025-06-12T12:18:10.051+0000] {processor.py:186} INFO - Started process (PID=5046) to work on /home/airflow/.local/lib/python3.12/site-packages/airflow/example_dags/example_bash_operator.py
[2025-06-12T12:18:10.052+0000] {processor.py:914} INFO - Processing file /home/airflow/.local/lib/python3.12/site-packages/airflow/example_dags/example_bash_operator.py for tasks to queue
[2025-06-12T12:18:10.053+0000] {logging_mixin.py:190} INFO - [2025-06-12T12:18:10.053+0000] {dagbag.py:588} INFO - Filling up the DagBag from /home/airflow/.local/lib/python3.12/site-packages/airflow/example_dags/example_bash_operator.py
[2025-06-12T12:18:10.063+0000] {processor.py:925} INFO - DAG(s) 'example_bash_operator' retrieved from /home/airflow/.local/lib/python3.12/site-packages/airflow/example_dags/example_bash_operator.py
[2025-06-12T12:18:10.083+0000] {logging_mixin.py:190} INFO - [2025-06-12T12:18:10.083+0000] {dag.py:3239} INFO - Sync 1 DAGs
[2025-06-12T12:18:10.101+0000] {logging_mixin.py:190} INFO - [2025-06-12T12:18:10.101+0000] {dag.py:4180} INFO - Setting next_dagrun for example_bash_operator to 2025-06-11 00:00:00+00:00, run_after=2025-06-12 00:00:00+00:00
[2025-06-12T12:18:10.124+0000] {processor.py:208} INFO - Processing /home/airflow/.local/lib/python3.12/site-packages/airflow/example_dags/example_bash_operator.py took 0.077 seconds
[2025-06-12T12:18:40.656+0000] {processor.py:186} INFO - Started process (PID=5342) to work on /home/airflow/.local/lib/python3.12/site-packages/airflow/example_dags/example_bash_operator.py
[2025-06-12T12:18:40.656+0000] {processor.py:914} INFO - Processing file /home/airflow/.local/lib/python3.12/site-packages/airflow/example_dags/example_bash_operator.py for tasks to queue
[2025-06-12T12:18:40.658+0000] {logging_mixin.py:190} INFO - [2025-06-12T12:18:40.658+0000] {dagbag.py:588} INFO - Filling up the DagBag from /home/airflow/.local/lib/python3.12/site-packages/airflow/example_dags/example_bash_operator.py
[2025-06-12T12:18:40.668+0000] {processor.py:925} INFO - DAG(s) 'example_bash_operator' retrieved from /home/airflow/.local/lib/python3.12/site-packages/airflow/example_dags/example_bash_operator.py
[2025-06-12T12:18:40.688+0000] {logging_mixin.py:190} INFO - [2025-06-12T12:18:40.687+0000] {dag.py:3239} INFO - Sync 1 DAGs
[2025-06-12T12:18:40.707+0000] {logging_mixin.py:190} INFO - [2025-06-12T12:18:40.707+0000] {dag.py:4180} INFO - Setting next_dagrun for example_bash_operator to 2025-06-11 00:00:00+00:00, run_after=2025-06-12 00:00:00+00:00
[2025-06-12T12:18:40.721+0000] {processor.py:208} INFO - Processing /home/airflow/.local/lib/python3.12/site-packages/airflow/example_dags/example_bash_operator.py took 0.069 seconds
[2025-06-12T12:19:11.348+0000] {processor.py:186} INFO - Started process (PID=5638) to work on /home/airflow/.local/lib/python3.12/site-packages/airflow/example_dags/example_bash_operator.py
[2025-06-12T12:19:11.349+0000] {processor.py:914} INFO - Processing file /home/airflow/.local/lib/python3.12/site-packages/airflow/example_dags/example_bash_operator.py for tasks to queue
[2025-06-12T12:19:11.351+0000] {logging_mixin.py:190} INFO - [2025-06-12T12:19:11.351+0000] {dagbag.py:588} INFO - Filling up the DagBag from /home/airflow/.local/lib/python3.12/site-packages/airflow/example_dags/example_bash_operator.py
[2025-06-12T12:19:11.361+0000] {processor.py:925} INFO - DAG(s) 'example_bash_operator' retrieved from /home/airflow/.local/lib/python3.12/site-packages/airflow/example_dags/example_bash_operator.py
[2025-06-12T12:19:11.380+0000] {logging_mixin.py:190} INFO - [2025-06-12T12:19:11.380+0000] {dag.py:3239} INFO - Sync 1 DAGs
[2025-06-12T12:19:11.401+0000] {logging_mixin.py:190} INFO - [2025-06-12T12:19:11.401+0000] {dag.py:4180} INFO - Setting next_dagrun for example_bash_operator to 2025-06-11 00:00:00+00:00, run_after=2025-06-12 00:00:00+00:00
[2025-06-12T12:19:11.423+0000] {processor.py:208} INFO - Processing /home/airflow/.local/lib/python3.12/site-packages/airflow/example_dags/example_bash_operator.py took 0.080 seconds
[2025-06-12T12:19:41.458+0000] {processor.py:186} INFO - Started process (PID=5934) to work on /home/airflow/.local/lib/python3.12/site-packages/airflow/example_dags/example_bash_operator.py
[2025-06-12T12:19:41.459+0000] {processor.py:914} INFO - Processing file /home/airflow/.local/lib/python3.12/site-packages/airflow/example_dags/example_bash_operator.py for tasks to queue
[2025-06-12T12:19:41.460+0000] {logging_mixin.py:190} INFO - [2025-06-12T12:19:41.460+0000] {dagbag.py:588} INFO - Filling up the DagBag from /home/airflow/.local/lib/python3.12/site-packages/airflow/example_dags/example_bash_operator.py
[2025-06-12T12:19:41.470+0000] {processor.py:925} INFO - DAG(s) 'example_bash_operator' retrieved from /home/airflow/.local/lib/python3.12/site-packages/airflow/example_dags/example_bash_operator.py
[2025-06-12T12:19:41.490+0000] {logging_mixin.py:190} INFO - [2025-06-12T12:19:41.490+0000] {dag.py:3239} INFO - Sync 1 DAGs
[2025-06-12T12:19:41.509+0000] {logging_mixin.py:190} INFO - [2025-06-12T12:19:41.509+0000] {dag.py:4180} INFO - Setting next_dagrun for example_bash_operator to 2025-06-11 00:00:00+00:00, run_after=2025-06-12 00:00:00+00:00
[2025-06-12T12:19:41.530+0000] {processor.py:208} INFO - Processing /home/airflow/.local/lib/python3.12/site-packages/airflow/example_dags/example_bash_operator.py took 0.077 seconds
