[2025-06-12T12:10:04.356+0000] {processor.py:186} INFO - Started process (PID=473) to work on /home/airflow/.local/lib/python3.12/site-packages/airflow/example_dags/example_params_trigger_ui.py
[2025-06-12T12:10:04.357+0000] {processor.py:914} INFO - Processing file /home/airflow/.local/lib/python3.12/site-packages/airflow/example_dags/example_params_trigger_ui.py for tasks to queue
[2025-06-12T12:10:04.359+0000] {logging_mixin.py:190} INFO - [2025-06-12T12:10:04.359+0000] {dagbag.py:588} INFO - Filling up the DagBag from /home/airflow/.local/lib/python3.12/site-packages/airflow/example_dags/example_params_trigger_ui.py
[2025-06-12T12:10:04.368+0000] {processor.py:925} INFO - DAG(s) 'example_params_trigger_ui' retrieved from /home/airflow/.local/lib/python3.12/site-packages/airflow/example_dags/example_params_trigger_ui.py
[2025-06-12T12:10:04.416+0000] {logging_mixin.py:190} INFO - [2025-06-12T12:10:04.416+0000] {dag.py:3239} INFO - Sync 1 DAGs
[2025-06-12T12:10:04.433+0000] {logging_mixin.py:190} INFO - [2025-06-12T12:10:04.433+0000] {dag.py:4180} INFO - Setting next_dagrun for example_params_trigger_ui to None, run_after=None
[2025-06-12T12:10:04.457+0000] {processor.py:208} INFO - Processing /home/airflow/.local/lib/python3.12/site-packages/airflow/example_dags/example_params_trigger_ui.py took 0.105 seconds
[2025-06-12T12:10:35.233+0000] {processor.py:186} INFO - Started process (PID=769) to work on /home/airflow/.local/lib/python3.12/site-packages/airflow/example_dags/example_params_trigger_ui.py
[2025-06-12T12:10:35.235+0000] {processor.py:914} INFO - Processing file /home/airflow/.local/lib/python3.12/site-packages/airflow/example_dags/example_params_trigger_ui.py for tasks to queue
[2025-06-12T12:10:35.237+0000] {logging_mixin.py:190} INFO - [2025-06-12T12:10:35.236+0000] {dagbag.py:588} INFO - Filling up the DagBag from /home/airflow/.local/lib/python3.12/site-packages/airflow/example_dags/example_params_trigger_ui.py
[2025-06-12T12:10:35.246+0000] {processor.py:925} INFO - DAG(s) 'example_params_trigger_ui' retrieved from /home/airflow/.local/lib/python3.12/site-packages/airflow/example_dags/example_params_trigger_ui.py
[2025-06-12T12:10:35.280+0000] {logging_mixin.py:190} INFO - [2025-06-12T12:10:35.280+0000] {dag.py:3239} INFO - Sync 1 DAGs
[2025-06-12T12:10:35.292+0000] {logging_mixin.py:190} INFO - [2025-06-12T12:10:35.291+0000] {dag.py:4180} INFO - Setting next_dagrun for example_params_trigger_ui to None, run_after=None
[2025-06-12T12:10:35.307+0000] {processor.py:208} INFO - Processing /home/airflow/.local/lib/python3.12/site-packages/airflow/example_dags/example_params_trigger_ui.py took 0.079 seconds
[2025-06-12T12:11:06.056+0000] {processor.py:186} INFO - Started process (PID=1065) to work on /home/airflow/.local/lib/python3.12/site-packages/airflow/example_dags/example_params_trigger_ui.py
[2025-06-12T12:11:06.056+0000] {processor.py:914} INFO - Processing file /home/airflow/.local/lib/python3.12/site-packages/airflow/example_dags/example_params_trigger_ui.py for tasks to queue
[2025-06-12T12:11:06.058+0000] {logging_mixin.py:190} INFO - [2025-06-12T12:11:06.058+0000] {dagbag.py:588} INFO - Filling up the DagBag from /home/airflow/.local/lib/python3.12/site-packages/airflow/example_dags/example_params_trigger_ui.py
[2025-06-12T12:11:06.066+0000] {processor.py:925} INFO - DAG(s) 'example_params_trigger_ui' retrieved from /home/airflow/.local/lib/python3.12/site-packages/airflow/example_dags/example_params_trigger_ui.py
[2025-06-12T12:11:06.106+0000] {logging_mixin.py:190} INFO - [2025-06-12T12:11:06.105+0000] {dag.py:3239} INFO - Sync 1 DAGs
[2025-06-12T12:11:06.116+0000] {logging_mixin.py:190} INFO - [2025-06-12T12:11:06.116+0000] {dag.py:4180} INFO - Setting next_dagrun for example_params_trigger_ui to None, run_after=None
[2025-06-12T12:11:06.129+0000] {processor.py:208} INFO - Processing /home/airflow/.local/lib/python3.12/site-packages/airflow/example_dags/example_params_trigger_ui.py took 0.078 seconds
[2025-06-12T12:11:36.731+0000] {processor.py:186} INFO - Started process (PID=1361) to work on /home/airflow/.local/lib/python3.12/site-packages/airflow/example_dags/example_params_trigger_ui.py
[2025-06-12T12:11:36.732+0000] {processor.py:914} INFO - Processing file /home/airflow/.local/lib/python3.12/site-packages/airflow/example_dags/example_params_trigger_ui.py for tasks to queue
[2025-06-12T12:11:36.733+0000] {logging_mixin.py:190} INFO - [2025-06-12T12:11:36.733+0000] {dagbag.py:588} INFO - Filling up the DagBag from /home/airflow/.local/lib/python3.12/site-packages/airflow/example_dags/example_params_trigger_ui.py
[2025-06-12T12:11:36.742+0000] {processor.py:925} INFO - DAG(s) 'example_params_trigger_ui' retrieved from /home/airflow/.local/lib/python3.12/site-packages/airflow/example_dags/example_params_trigger_ui.py
[2025-06-12T12:11:36.775+0000] {logging_mixin.py:190} INFO - [2025-06-12T12:11:36.775+0000] {dag.py:3239} INFO - Sync 1 DAGs
[2025-06-12T12:11:36.786+0000] {logging_mixin.py:190} INFO - [2025-06-12T12:11:36.786+0000] {dag.py:4180} INFO - Setting next_dagrun for example_params_trigger_ui to None, run_after=None
[2025-06-12T12:11:36.800+0000] {processor.py:208} INFO - Processing /home/airflow/.local/lib/python3.12/site-packages/airflow/example_dags/example_params_trigger_ui.py took 0.074 seconds
[2025-06-12T12:12:08.093+0000] {processor.py:186} INFO - Started process (PID=1657) to work on /home/airflow/.local/lib/python3.12/site-packages/airflow/example_dags/example_params_trigger_ui.py
[2025-06-12T12:12:08.094+0000] {processor.py:914} INFO - Processing file /home/airflow/.local/lib/python3.12/site-packages/airflow/example_dags/example_params_trigger_ui.py for tasks to queue
[2025-06-12T12:12:08.095+0000] {logging_mixin.py:190} INFO - [2025-06-12T12:12:08.095+0000] {dagbag.py:588} INFO - Filling up the DagBag from /home/airflow/.local/lib/python3.12/site-packages/airflow/example_dags/example_params_trigger_ui.py
[2025-06-12T12:12:08.104+0000] {processor.py:925} INFO - DAG(s) 'example_params_trigger_ui' retrieved from /home/airflow/.local/lib/python3.12/site-packages/airflow/example_dags/example_params_trigger_ui.py
[2025-06-12T12:12:08.135+0000] {logging_mixin.py:190} INFO - [2025-06-12T12:12:08.135+0000] {dag.py:3239} INFO - Sync 1 DAGs
[2025-06-12T12:12:08.146+0000] {logging_mixin.py:190} INFO - [2025-06-12T12:12:08.146+0000] {dag.py:4180} INFO - Setting next_dagrun for example_params_trigger_ui to None, run_after=None
[2025-06-12T12:12:08.160+0000] {processor.py:208} INFO - Processing /home/airflow/.local/lib/python3.12/site-packages/airflow/example_dags/example_params_trigger_ui.py took 0.071 seconds
[2025-06-12T12:12:39.147+0000] {processor.py:186} INFO - Started process (PID=1953) to work on /home/airflow/.local/lib/python3.12/site-packages/airflow/example_dags/example_params_trigger_ui.py
[2025-06-12T12:12:39.148+0000] {processor.py:914} INFO - Processing file /home/airflow/.local/lib/python3.12/site-packages/airflow/example_dags/example_params_trigger_ui.py for tasks to queue
[2025-06-12T12:12:39.150+0000] {logging_mixin.py:190} INFO - [2025-06-12T12:12:39.150+0000] {dagbag.py:588} INFO - Filling up the DagBag from /home/airflow/.local/lib/python3.12/site-packages/airflow/example_dags/example_params_trigger_ui.py
[2025-06-12T12:12:39.159+0000] {processor.py:925} INFO - DAG(s) 'example_params_trigger_ui' retrieved from /home/airflow/.local/lib/python3.12/site-packages/airflow/example_dags/example_params_trigger_ui.py
[2025-06-12T12:12:39.192+0000] {logging_mixin.py:190} INFO - [2025-06-12T12:12:39.192+0000] {dag.py:3239} INFO - Sync 1 DAGs
[2025-06-12T12:12:39.206+0000] {logging_mixin.py:190} INFO - [2025-06-12T12:12:39.205+0000] {dag.py:4180} INFO - Setting next_dagrun for example_params_trigger_ui to None, run_after=None
[2025-06-12T12:12:39.224+0000] {processor.py:208} INFO - Processing /home/airflow/.local/lib/python3.12/site-packages/airflow/example_dags/example_params_trigger_ui.py took 0.081 seconds
[2025-06-12T12:13:10.433+0000] {processor.py:186} INFO - Started process (PID=2249) to work on /home/airflow/.local/lib/python3.12/site-packages/airflow/example_dags/example_params_trigger_ui.py
[2025-06-12T12:13:10.434+0000] {processor.py:914} INFO - Processing file /home/airflow/.local/lib/python3.12/site-packages/airflow/example_dags/example_params_trigger_ui.py for tasks to queue
[2025-06-12T12:13:10.436+0000] {logging_mixin.py:190} INFO - [2025-06-12T12:13:10.436+0000] {dagbag.py:588} INFO - Filling up the DagBag from /home/airflow/.local/lib/python3.12/site-packages/airflow/example_dags/example_params_trigger_ui.py
[2025-06-12T12:13:10.444+0000] {processor.py:925} INFO - DAG(s) 'example_params_trigger_ui' retrieved from /home/airflow/.local/lib/python3.12/site-packages/airflow/example_dags/example_params_trigger_ui.py
[2025-06-12T12:13:10.476+0000] {logging_mixin.py:190} INFO - [2025-06-12T12:13:10.476+0000] {dag.py:3239} INFO - Sync 1 DAGs
[2025-06-12T12:13:10.487+0000] {logging_mixin.py:190} INFO - [2025-06-12T12:13:10.487+0000] {dag.py:4180} INFO - Setting next_dagrun for example_params_trigger_ui to None, run_after=None
[2025-06-12T12:13:10.501+0000] {processor.py:208} INFO - Processing /home/airflow/.local/lib/python3.12/site-packages/airflow/example_dags/example_params_trigger_ui.py took 0.072 seconds
[2025-06-12T12:13:41.167+0000] {processor.py:186} INFO - Started process (PID=2542) to work on /home/airflow/.local/lib/python3.12/site-packages/airflow/example_dags/example_params_trigger_ui.py
[2025-06-12T12:13:41.167+0000] {processor.py:914} INFO - Processing file /home/airflow/.local/lib/python3.12/site-packages/airflow/example_dags/example_params_trigger_ui.py for tasks to queue
[2025-06-12T12:13:41.169+0000] {logging_mixin.py:190} INFO - [2025-06-12T12:13:41.169+0000] {dagbag.py:588} INFO - Filling up the DagBag from /home/airflow/.local/lib/python3.12/site-packages/airflow/example_dags/example_params_trigger_ui.py
[2025-06-12T12:13:41.178+0000] {processor.py:925} INFO - DAG(s) 'example_params_trigger_ui' retrieved from /home/airflow/.local/lib/python3.12/site-packages/airflow/example_dags/example_params_trigger_ui.py
[2025-06-12T12:13:41.211+0000] {logging_mixin.py:190} INFO - [2025-06-12T12:13:41.211+0000] {dag.py:3239} INFO - Sync 1 DAGs
[2025-06-12T12:13:41.222+0000] {logging_mixin.py:190} INFO - [2025-06-12T12:13:41.222+0000] {dag.py:4180} INFO - Setting next_dagrun for example_params_trigger_ui to None, run_after=None
[2025-06-12T12:13:41.235+0000] {processor.py:208} INFO - Processing /home/airflow/.local/lib/python3.12/site-packages/airflow/example_dags/example_params_trigger_ui.py took 0.073 seconds
[2025-06-12T12:14:12.036+0000] {processor.py:186} INFO - Started process (PID=2841) to work on /home/airflow/.local/lib/python3.12/site-packages/airflow/example_dags/example_params_trigger_ui.py
[2025-06-12T12:14:12.037+0000] {processor.py:914} INFO - Processing file /home/airflow/.local/lib/python3.12/site-packages/airflow/example_dags/example_params_trigger_ui.py for tasks to queue
[2025-06-12T12:14:12.039+0000] {logging_mixin.py:190} INFO - [2025-06-12T12:14:12.039+0000] {dagbag.py:588} INFO - Filling up the DagBag from /home/airflow/.local/lib/python3.12/site-packages/airflow/example_dags/example_params_trigger_ui.py
[2025-06-12T12:14:12.048+0000] {processor.py:925} INFO - DAG(s) 'example_params_trigger_ui' retrieved from /home/airflow/.local/lib/python3.12/site-packages/airflow/example_dags/example_params_trigger_ui.py
[2025-06-12T12:14:12.083+0000] {logging_mixin.py:190} INFO - [2025-06-12T12:14:12.083+0000] {dag.py:3239} INFO - Sync 1 DAGs
[2025-06-12T12:14:12.094+0000] {logging_mixin.py:190} INFO - [2025-06-12T12:14:12.094+0000] {dag.py:4180} INFO - Setting next_dagrun for example_params_trigger_ui to None, run_after=None
[2025-06-12T12:14:12.109+0000] {processor.py:208} INFO - Processing /home/airflow/.local/lib/python3.12/site-packages/airflow/example_dags/example_params_trigger_ui.py took 0.077 seconds
[2025-06-12T12:14:43.159+0000] {processor.py:186} INFO - Started process (PID=3137) to work on /home/airflow/.local/lib/python3.12/site-packages/airflow/example_dags/example_params_trigger_ui.py
[2025-06-12T12:14:43.159+0000] {processor.py:914} INFO - Processing file /home/airflow/.local/lib/python3.12/site-packages/airflow/example_dags/example_params_trigger_ui.py for tasks to queue
[2025-06-12T12:14:43.161+0000] {logging_mixin.py:190} INFO - [2025-06-12T12:14:43.161+0000] {dagbag.py:588} INFO - Filling up the DagBag from /home/airflow/.local/lib/python3.12/site-packages/airflow/example_dags/example_params_trigger_ui.py
[2025-06-12T12:14:43.169+0000] {processor.py:925} INFO - DAG(s) 'example_params_trigger_ui' retrieved from /home/airflow/.local/lib/python3.12/site-packages/airflow/example_dags/example_params_trigger_ui.py
[2025-06-12T12:14:43.200+0000] {logging_mixin.py:190} INFO - [2025-06-12T12:14:43.200+0000] {dag.py:3239} INFO - Sync 1 DAGs
[2025-06-12T12:14:43.210+0000] {logging_mixin.py:190} INFO - [2025-06-12T12:14:43.210+0000] {dag.py:4180} INFO - Setting next_dagrun for example_params_trigger_ui to None, run_after=None
[2025-06-12T12:14:43.224+0000] {processor.py:208} INFO - Processing /home/airflow/.local/lib/python3.12/site-packages/airflow/example_dags/example_params_trigger_ui.py took 0.070 seconds
[2025-06-12T12:15:13.578+0000] {processor.py:186} INFO - Started process (PID=3433) to work on /home/airflow/.local/lib/python3.12/site-packages/airflow/example_dags/example_params_trigger_ui.py
[2025-06-12T12:15:13.579+0000] {processor.py:914} INFO - Processing file /home/airflow/.local/lib/python3.12/site-packages/airflow/example_dags/example_params_trigger_ui.py for tasks to queue
[2025-06-12T12:15:13.581+0000] {logging_mixin.py:190} INFO - [2025-06-12T12:15:13.580+0000] {dagbag.py:588} INFO - Filling up the DagBag from /home/airflow/.local/lib/python3.12/site-packages/airflow/example_dags/example_params_trigger_ui.py
[2025-06-12T12:15:13.590+0000] {processor.py:925} INFO - DAG(s) 'example_params_trigger_ui' retrieved from /home/airflow/.local/lib/python3.12/site-packages/airflow/example_dags/example_params_trigger_ui.py
[2025-06-12T12:15:13.633+0000] {logging_mixin.py:190} INFO - [2025-06-12T12:15:13.632+0000] {dag.py:3239} INFO - Sync 1 DAGs
[2025-06-12T12:15:13.644+0000] {logging_mixin.py:190} INFO - [2025-06-12T12:15:13.644+0000] {dag.py:4180} INFO - Setting next_dagrun for example_params_trigger_ui to None, run_after=None
[2025-06-12T12:15:13.657+0000] {processor.py:208} INFO - Processing /home/airflow/.local/lib/python3.12/site-packages/airflow/example_dags/example_params_trigger_ui.py took 0.084 seconds
[2025-06-12T12:15:44.811+0000] {processor.py:186} INFO - Started process (PID=3731) to work on /home/airflow/.local/lib/python3.12/site-packages/airflow/example_dags/example_params_trigger_ui.py
[2025-06-12T12:15:44.812+0000] {processor.py:914} INFO - Processing file /home/airflow/.local/lib/python3.12/site-packages/airflow/example_dags/example_params_trigger_ui.py for tasks to queue
[2025-06-12T12:15:44.814+0000] {logging_mixin.py:190} INFO - [2025-06-12T12:15:44.814+0000] {dagbag.py:588} INFO - Filling up the DagBag from /home/airflow/.local/lib/python3.12/site-packages/airflow/example_dags/example_params_trigger_ui.py
[2025-06-12T12:15:44.824+0000] {processor.py:925} INFO - DAG(s) 'example_params_trigger_ui' retrieved from /home/airflow/.local/lib/python3.12/site-packages/airflow/example_dags/example_params_trigger_ui.py
[2025-06-12T12:15:44.863+0000] {logging_mixin.py:190} INFO - [2025-06-12T12:15:44.862+0000] {dag.py:3239} INFO - Sync 1 DAGs
[2025-06-12T12:15:44.875+0000] {logging_mixin.py:190} INFO - [2025-06-12T12:15:44.874+0000] {dag.py:4180} INFO - Setting next_dagrun for example_params_trigger_ui to None, run_after=None
[2025-06-12T12:15:44.892+0000] {processor.py:208} INFO - Processing /home/airflow/.local/lib/python3.12/site-packages/airflow/example_dags/example_params_trigger_ui.py took 0.085 seconds
[2025-06-12T12:16:15.808+0000] {processor.py:186} INFO - Started process (PID=4025) to work on /home/airflow/.local/lib/python3.12/site-packages/airflow/example_dags/example_params_trigger_ui.py
[2025-06-12T12:16:15.809+0000] {processor.py:914} INFO - Processing file /home/airflow/.local/lib/python3.12/site-packages/airflow/example_dags/example_params_trigger_ui.py for tasks to queue
[2025-06-12T12:16:15.810+0000] {logging_mixin.py:190} INFO - [2025-06-12T12:16:15.810+0000] {dagbag.py:588} INFO - Filling up the DagBag from /home/airflow/.local/lib/python3.12/site-packages/airflow/example_dags/example_params_trigger_ui.py
[2025-06-12T12:16:15.820+0000] {processor.py:925} INFO - DAG(s) 'example_params_trigger_ui' retrieved from /home/airflow/.local/lib/python3.12/site-packages/airflow/example_dags/example_params_trigger_ui.py
[2025-06-12T12:16:15.852+0000] {logging_mixin.py:190} INFO - [2025-06-12T12:16:15.852+0000] {dag.py:3239} INFO - Sync 1 DAGs
[2025-06-12T12:16:15.863+0000] {logging_mixin.py:190} INFO - [2025-06-12T12:16:15.863+0000] {dag.py:4180} INFO - Setting next_dagrun for example_params_trigger_ui to None, run_after=None
[2025-06-12T12:16:15.879+0000] {processor.py:208} INFO - Processing /home/airflow/.local/lib/python3.12/site-packages/airflow/example_dags/example_params_trigger_ui.py took 0.076 seconds
[2025-06-12T12:16:46.577+0000] {processor.py:186} INFO - Started process (PID=4321) to work on /home/airflow/.local/lib/python3.12/site-packages/airflow/example_dags/example_params_trigger_ui.py
[2025-06-12T12:16:46.578+0000] {processor.py:914} INFO - Processing file /home/airflow/.local/lib/python3.12/site-packages/airflow/example_dags/example_params_trigger_ui.py for tasks to queue
[2025-06-12T12:16:46.580+0000] {logging_mixin.py:190} INFO - [2025-06-12T12:16:46.580+0000] {dagbag.py:588} INFO - Filling up the DagBag from /home/airflow/.local/lib/python3.12/site-packages/airflow/example_dags/example_params_trigger_ui.py
[2025-06-12T12:16:46.590+0000] {processor.py:925} INFO - DAG(s) 'example_params_trigger_ui' retrieved from /home/airflow/.local/lib/python3.12/site-packages/airflow/example_dags/example_params_trigger_ui.py
[2025-06-12T12:16:46.630+0000] {logging_mixin.py:190} INFO - [2025-06-12T12:16:46.629+0000] {dag.py:3239} INFO - Sync 1 DAGs
[2025-06-12T12:16:46.641+0000] {logging_mixin.py:190} INFO - [2025-06-12T12:16:46.640+0000] {dag.py:4180} INFO - Setting next_dagrun for example_params_trigger_ui to None, run_after=None
[2025-06-12T12:16:46.654+0000] {processor.py:208} INFO - Processing /home/airflow/.local/lib/python3.12/site-packages/airflow/example_dags/example_params_trigger_ui.py took 0.082 seconds
[2025-06-12T12:17:16.881+0000] {processor.py:186} INFO - Started process (PID=4612) to work on /home/airflow/.local/lib/python3.12/site-packages/airflow/example_dags/example_params_trigger_ui.py
[2025-06-12T12:17:16.882+0000] {processor.py:914} INFO - Processing file /home/airflow/.local/lib/python3.12/site-packages/airflow/example_dags/example_params_trigger_ui.py for tasks to queue
[2025-06-12T12:17:16.884+0000] {logging_mixin.py:190} INFO - [2025-06-12T12:17:16.884+0000] {dagbag.py:588} INFO - Filling up the DagBag from /home/airflow/.local/lib/python3.12/site-packages/airflow/example_dags/example_params_trigger_ui.py
[2025-06-12T12:17:16.892+0000] {processor.py:925} INFO - DAG(s) 'example_params_trigger_ui' retrieved from /home/airflow/.local/lib/python3.12/site-packages/airflow/example_dags/example_params_trigger_ui.py
[2025-06-12T12:17:16.923+0000] {logging_mixin.py:190} INFO - [2025-06-12T12:17:16.923+0000] {dag.py:3239} INFO - Sync 1 DAGs
[2025-06-12T12:17:16.934+0000] {logging_mixin.py:190} INFO - [2025-06-12T12:17:16.934+0000] {dag.py:4180} INFO - Setting next_dagrun for example_params_trigger_ui to None, run_after=None
[2025-06-12T12:17:16.947+0000] {processor.py:208} INFO - Processing /home/airflow/.local/lib/python3.12/site-packages/airflow/example_dags/example_params_trigger_ui.py took 0.070 seconds
[2025-06-12T12:17:47.373+0000] {processor.py:186} INFO - Started process (PID=4908) to work on /home/airflow/.local/lib/python3.12/site-packages/airflow/example_dags/example_params_trigger_ui.py
[2025-06-12T12:17:47.374+0000] {processor.py:914} INFO - Processing file /home/airflow/.local/lib/python3.12/site-packages/airflow/example_dags/example_params_trigger_ui.py for tasks to queue
[2025-06-12T12:17:47.375+0000] {logging_mixin.py:190} INFO - [2025-06-12T12:17:47.375+0000] {dagbag.py:588} INFO - Filling up the DagBag from /home/airflow/.local/lib/python3.12/site-packages/airflow/example_dags/example_params_trigger_ui.py
[2025-06-12T12:17:47.384+0000] {processor.py:925} INFO - DAG(s) 'example_params_trigger_ui' retrieved from /home/airflow/.local/lib/python3.12/site-packages/airflow/example_dags/example_params_trigger_ui.py
[2025-06-12T12:17:47.416+0000] {logging_mixin.py:190} INFO - [2025-06-12T12:17:47.416+0000] {dag.py:3239} INFO - Sync 1 DAGs
[2025-06-12T12:17:47.427+0000] {logging_mixin.py:190} INFO - [2025-06-12T12:17:47.427+0000] {dag.py:4180} INFO - Setting next_dagrun for example_params_trigger_ui to None, run_after=None
[2025-06-12T12:17:47.441+0000] {processor.py:208} INFO - Processing /home/airflow/.local/lib/python3.12/site-packages/airflow/example_dags/example_params_trigger_ui.py took 0.072 seconds
[2025-06-12T12:18:17.903+0000] {processor.py:186} INFO - Started process (PID=5204) to work on /home/airflow/.local/lib/python3.12/site-packages/airflow/example_dags/example_params_trigger_ui.py
[2025-06-12T12:18:17.903+0000] {processor.py:914} INFO - Processing file /home/airflow/.local/lib/python3.12/site-packages/airflow/example_dags/example_params_trigger_ui.py for tasks to queue
[2025-06-12T12:18:17.905+0000] {logging_mixin.py:190} INFO - [2025-06-12T12:18:17.905+0000] {dagbag.py:588} INFO - Filling up the DagBag from /home/airflow/.local/lib/python3.12/site-packages/airflow/example_dags/example_params_trigger_ui.py
[2025-06-12T12:18:17.914+0000] {processor.py:925} INFO - DAG(s) 'example_params_trigger_ui' retrieved from /home/airflow/.local/lib/python3.12/site-packages/airflow/example_dags/example_params_trigger_ui.py
[2025-06-12T12:18:17.946+0000] {logging_mixin.py:190} INFO - [2025-06-12T12:18:17.946+0000] {dag.py:3239} INFO - Sync 1 DAGs
[2025-06-12T12:18:17.958+0000] {logging_mixin.py:190} INFO - [2025-06-12T12:18:17.958+0000] {dag.py:4180} INFO - Setting next_dagrun for example_params_trigger_ui to None, run_after=None
[2025-06-12T12:18:17.972+0000] {processor.py:208} INFO - Processing /home/airflow/.local/lib/python3.12/site-packages/airflow/example_dags/example_params_trigger_ui.py took 0.074 seconds
[2025-06-12T12:18:48.495+0000] {processor.py:186} INFO - Started process (PID=5495) to work on /home/airflow/.local/lib/python3.12/site-packages/airflow/example_dags/example_params_trigger_ui.py
[2025-06-12T12:18:48.496+0000] {processor.py:914} INFO - Processing file /home/airflow/.local/lib/python3.12/site-packages/airflow/example_dags/example_params_trigger_ui.py for tasks to queue
[2025-06-12T12:18:48.498+0000] {logging_mixin.py:190} INFO - [2025-06-12T12:18:48.498+0000] {dagbag.py:588} INFO - Filling up the DagBag from /home/airflow/.local/lib/python3.12/site-packages/airflow/example_dags/example_params_trigger_ui.py
[2025-06-12T12:18:48.506+0000] {processor.py:925} INFO - DAG(s) 'example_params_trigger_ui' retrieved from /home/airflow/.local/lib/python3.12/site-packages/airflow/example_dags/example_params_trigger_ui.py
[2025-06-12T12:18:48.538+0000] {logging_mixin.py:190} INFO - [2025-06-12T12:18:48.538+0000] {dag.py:3239} INFO - Sync 1 DAGs
[2025-06-12T12:18:48.549+0000] {logging_mixin.py:190} INFO - [2025-06-12T12:18:48.549+0000] {dag.py:4180} INFO - Setting next_dagrun for example_params_trigger_ui to None, run_after=None
[2025-06-12T12:18:48.563+0000] {processor.py:208} INFO - Processing /home/airflow/.local/lib/python3.12/site-packages/airflow/example_dags/example_params_trigger_ui.py took 0.072 seconds
[2025-06-12T12:19:19.113+0000] {processor.py:186} INFO - Started process (PID=5791) to work on /home/airflow/.local/lib/python3.12/site-packages/airflow/example_dags/example_params_trigger_ui.py
[2025-06-12T12:19:19.114+0000] {processor.py:914} INFO - Processing file /home/airflow/.local/lib/python3.12/site-packages/airflow/example_dags/example_params_trigger_ui.py for tasks to queue
[2025-06-12T12:19:19.116+0000] {logging_mixin.py:190} INFO - [2025-06-12T12:19:19.115+0000] {dagbag.py:588} INFO - Filling up the DagBag from /home/airflow/.local/lib/python3.12/site-packages/airflow/example_dags/example_params_trigger_ui.py
[2025-06-12T12:19:19.124+0000] {processor.py:925} INFO - DAG(s) 'example_params_trigger_ui' retrieved from /home/airflow/.local/lib/python3.12/site-packages/airflow/example_dags/example_params_trigger_ui.py
[2025-06-12T12:19:19.156+0000] {logging_mixin.py:190} INFO - [2025-06-12T12:19:19.156+0000] {dag.py:3239} INFO - Sync 1 DAGs
[2025-06-12T12:19:19.167+0000] {logging_mixin.py:190} INFO - [2025-06-12T12:19:19.167+0000] {dag.py:4180} INFO - Setting next_dagrun for example_params_trigger_ui to None, run_after=None
[2025-06-12T12:19:19.182+0000] {processor.py:208} INFO - Processing /home/airflow/.local/lib/python3.12/site-packages/airflow/example_dags/example_params_trigger_ui.py took 0.074 seconds
[2025-06-12T12:19:50.397+0000] {processor.py:186} INFO - Started process (PID=6087) to work on /home/airflow/.local/lib/python3.12/site-packages/airflow/example_dags/example_params_trigger_ui.py
[2025-06-12T12:19:50.398+0000] {processor.py:914} INFO - Processing file /home/airflow/.local/lib/python3.12/site-packages/airflow/example_dags/example_params_trigger_ui.py for tasks to queue
[2025-06-12T12:19:50.400+0000] {logging_mixin.py:190} INFO - [2025-06-12T12:19:50.400+0000] {dagbag.py:588} INFO - Filling up the DagBag from /home/airflow/.local/lib/python3.12/site-packages/airflow/example_dags/example_params_trigger_ui.py
[2025-06-12T12:19:50.408+0000] {processor.py:925} INFO - DAG(s) 'example_params_trigger_ui' retrieved from /home/airflow/.local/lib/python3.12/site-packages/airflow/example_dags/example_params_trigger_ui.py
[2025-06-12T12:19:50.440+0000] {logging_mixin.py:190} INFO - [2025-06-12T12:19:50.440+0000] {dag.py:3239} INFO - Sync 1 DAGs
[2025-06-12T12:19:50.452+0000] {logging_mixin.py:190} INFO - [2025-06-12T12:19:50.451+0000] {dag.py:4180} INFO - Setting next_dagrun for example_params_trigger_ui to None, run_after=None
[2025-06-12T12:19:50.466+0000] {processor.py:208} INFO - Processing /home/airflow/.local/lib/python3.12/site-packages/airflow/example_dags/example_params_trigger_ui.py took 0.073 seconds
