[2025-06-12T12:10:04.500+0000] {processor.py:186} INFO - Started process (PID=478) to work on /home/airflow/.local/lib/python3.12/site-packages/airflow/example_dags/example_dataset_alias_with_no_taskflow.py
[2025-06-12T12:10:04.501+0000] {processor.py:914} INFO - Processing file /home/airflow/.local/lib/python3.12/site-packages/airflow/example_dags/example_dataset_alias_with_no_taskflow.py for tasks to queue
[2025-06-12T12:10:04.504+0000] {logging_mixin.py:190} INFO - [2025-06-12T12:10:04.504+0000] {dagbag.py:588} INFO - Filling up the DagBag from /home/airflow/.local/lib/python3.12/site-packages/airflow/example_dags/example_dataset_alias_with_no_taskflow.py
[2025-06-12T12:10:04.914+0000] {processor.py:925} INFO - DAG(s) 'dataset_s3_bucket_producer_with_no_taskflow', 'dataset_s3_bucket_consumer_with_no_taskflow', 'dataset_alias_example_alias_producer_with_no_taskflow', 'dataset_alias_example_alias_consumer_with_no_taskflow' retrieved from /home/airflow/.local/lib/python3.12/site-packages/airflow/example_dags/example_dataset_alias_with_no_taskflow.py
[2025-06-12T12:10:04.932+0000] {logging_mixin.py:190} INFO - [2025-06-12T12:10:04.932+0000] {dag.py:3239} INFO - Sync 4 DAGs
[2025-06-12T12:10:05.107+0000] {logging_mixin.py:190} INFO - [2025-06-12T12:10:05.107+0000] {dag.py:4180} INFO - Setting next_dagrun for dataset_alias_example_alias_consumer_with_no_taskflow to None, run_after=None
[2025-06-12T12:10:05.110+0000] {logging_mixin.py:190} INFO - [2025-06-12T12:10:05.109+0000] {dag.py:4180} INFO - Setting next_dagrun for dataset_alias_example_alias_producer_with_no_taskflow to None, run_after=None
[2025-06-12T12:10:05.111+0000] {logging_mixin.py:190} INFO - [2025-06-12T12:10:05.111+0000] {dag.py:4180} INFO - Setting next_dagrun for dataset_s3_bucket_consumer_with_no_taskflow to None, run_after=None
[2025-06-12T12:10:05.113+0000] {logging_mixin.py:190} INFO - [2025-06-12T12:10:05.113+0000] {dag.py:4180} INFO - Setting next_dagrun for dataset_s3_bucket_producer_with_no_taskflow to None, run_after=None
[2025-06-12T12:10:05.134+0000] {processor.py:208} INFO - Processing /home/airflow/.local/lib/python3.12/site-packages/airflow/example_dags/example_dataset_alias_with_no_taskflow.py took 0.640 seconds
[2025-06-12T12:10:35.566+0000] {processor.py:186} INFO - Started process (PID=799) to work on /home/airflow/.local/lib/python3.12/site-packages/airflow/example_dags/example_dataset_alias_with_no_taskflow.py
[2025-06-12T12:10:35.567+0000] {processor.py:914} INFO - Processing file /home/airflow/.local/lib/python3.12/site-packages/airflow/example_dags/example_dataset_alias_with_no_taskflow.py for tasks to queue
[2025-06-12T12:10:35.569+0000] {logging_mixin.py:190} INFO - [2025-06-12T12:10:35.569+0000] {dagbag.py:588} INFO - Filling up the DagBag from /home/airflow/.local/lib/python3.12/site-packages/airflow/example_dags/example_dataset_alias_with_no_taskflow.py
[2025-06-12T12:10:35.892+0000] {processor.py:925} INFO - DAG(s) 'dataset_s3_bucket_consumer_with_no_taskflow', 'dataset_alias_example_alias_consumer_with_no_taskflow', 'dataset_alias_example_alias_producer_with_no_taskflow', 'dataset_s3_bucket_producer_with_no_taskflow' retrieved from /home/airflow/.local/lib/python3.12/site-packages/airflow/example_dags/example_dataset_alias_with_no_taskflow.py
[2025-06-12T12:10:35.910+0000] {logging_mixin.py:190} INFO - [2025-06-12T12:10:35.910+0000] {dag.py:3239} INFO - Sync 4 DAGs
[2025-06-12T12:10:36.070+0000] {logging_mixin.py:190} INFO - [2025-06-12T12:10:36.070+0000] {dag.py:4180} INFO - Setting next_dagrun for dataset_alias_example_alias_consumer_with_no_taskflow to None, run_after=None
[2025-06-12T12:10:36.072+0000] {logging_mixin.py:190} INFO - [2025-06-12T12:10:36.072+0000] {dag.py:4180} INFO - Setting next_dagrun for dataset_alias_example_alias_producer_with_no_taskflow to None, run_after=None
[2025-06-12T12:10:36.073+0000] {logging_mixin.py:190} INFO - [2025-06-12T12:10:36.073+0000] {dag.py:4180} INFO - Setting next_dagrun for dataset_s3_bucket_consumer_with_no_taskflow to None, run_after=None
[2025-06-12T12:10:36.074+0000] {logging_mixin.py:190} INFO - [2025-06-12T12:10:36.074+0000] {dag.py:4180} INFO - Setting next_dagrun for dataset_s3_bucket_producer_with_no_taskflow to None, run_after=None
[2025-06-12T12:10:36.090+0000] {processor.py:208} INFO - Processing /home/airflow/.local/lib/python3.12/site-packages/airflow/example_dags/example_dataset_alias_with_no_taskflow.py took 0.528 seconds
[2025-06-12T12:11:06.357+0000] {processor.py:186} INFO - Started process (PID=1097) to work on /home/airflow/.local/lib/python3.12/site-packages/airflow/example_dags/example_dataset_alias_with_no_taskflow.py
[2025-06-12T12:11:06.358+0000] {processor.py:914} INFO - Processing file /home/airflow/.local/lib/python3.12/site-packages/airflow/example_dags/example_dataset_alias_with_no_taskflow.py for tasks to queue
[2025-06-12T12:11:06.359+0000] {logging_mixin.py:190} INFO - [2025-06-12T12:11:06.359+0000] {dagbag.py:588} INFO - Filling up the DagBag from /home/airflow/.local/lib/python3.12/site-packages/airflow/example_dags/example_dataset_alias_with_no_taskflow.py
[2025-06-12T12:11:06.634+0000] {processor.py:925} INFO - DAG(s) 'dataset_s3_bucket_consumer_with_no_taskflow', 'dataset_alias_example_alias_consumer_with_no_taskflow', 'dataset_alias_example_alias_producer_with_no_taskflow', 'dataset_s3_bucket_producer_with_no_taskflow' retrieved from /home/airflow/.local/lib/python3.12/site-packages/airflow/example_dags/example_dataset_alias_with_no_taskflow.py
[2025-06-12T12:11:06.650+0000] {logging_mixin.py:190} INFO - [2025-06-12T12:11:06.649+0000] {dag.py:3239} INFO - Sync 4 DAGs
[2025-06-12T12:11:06.801+0000] {logging_mixin.py:190} INFO - [2025-06-12T12:11:06.800+0000] {dag.py:4180} INFO - Setting next_dagrun for dataset_alias_example_alias_consumer_with_no_taskflow to None, run_after=None
[2025-06-12T12:11:06.803+0000] {logging_mixin.py:190} INFO - [2025-06-12T12:11:06.803+0000] {dag.py:4180} INFO - Setting next_dagrun for dataset_alias_example_alias_producer_with_no_taskflow to None, run_after=None
[2025-06-12T12:11:06.804+0000] {logging_mixin.py:190} INFO - [2025-06-12T12:11:06.804+0000] {dag.py:4180} INFO - Setting next_dagrun for dataset_s3_bucket_consumer_with_no_taskflow to None, run_after=None
[2025-06-12T12:11:06.805+0000] {logging_mixin.py:190} INFO - [2025-06-12T12:11:06.805+0000] {dag.py:4180} INFO - Setting next_dagrun for dataset_s3_bucket_producer_with_no_taskflow to None, run_after=None
[2025-06-12T12:11:06.819+0000] {processor.py:208} INFO - Processing /home/airflow/.local/lib/python3.12/site-packages/airflow/example_dags/example_dataset_alias_with_no_taskflow.py took 0.467 seconds
[2025-06-12T12:11:37.014+0000] {processor.py:186} INFO - Started process (PID=1391) to work on /home/airflow/.local/lib/python3.12/site-packages/airflow/example_dags/example_dataset_alias_with_no_taskflow.py
[2025-06-12T12:11:37.015+0000] {processor.py:914} INFO - Processing file /home/airflow/.local/lib/python3.12/site-packages/airflow/example_dags/example_dataset_alias_with_no_taskflow.py for tasks to queue
[2025-06-12T12:11:37.016+0000] {logging_mixin.py:190} INFO - [2025-06-12T12:11:37.016+0000] {dagbag.py:588} INFO - Filling up the DagBag from /home/airflow/.local/lib/python3.12/site-packages/airflow/example_dags/example_dataset_alias_with_no_taskflow.py
[2025-06-12T12:11:37.284+0000] {processor.py:925} INFO - DAG(s) 'dataset_s3_bucket_consumer_with_no_taskflow', 'dataset_alias_example_alias_producer_with_no_taskflow', 'dataset_s3_bucket_producer_with_no_taskflow', 'dataset_alias_example_alias_consumer_with_no_taskflow' retrieved from /home/airflow/.local/lib/python3.12/site-packages/airflow/example_dags/example_dataset_alias_with_no_taskflow.py
[2025-06-12T12:11:37.298+0000] {logging_mixin.py:190} INFO - [2025-06-12T12:11:37.298+0000] {dag.py:3239} INFO - Sync 4 DAGs
[2025-06-12T12:11:37.442+0000] {logging_mixin.py:190} INFO - [2025-06-12T12:11:37.442+0000] {dag.py:4180} INFO - Setting next_dagrun for dataset_alias_example_alias_consumer_with_no_taskflow to None, run_after=None
[2025-06-12T12:11:37.445+0000] {logging_mixin.py:190} INFO - [2025-06-12T12:11:37.444+0000] {dag.py:4180} INFO - Setting next_dagrun for dataset_alias_example_alias_producer_with_no_taskflow to None, run_after=None
[2025-06-12T12:11:37.446+0000] {logging_mixin.py:190} INFO - [2025-06-12T12:11:37.446+0000] {dag.py:4180} INFO - Setting next_dagrun for dataset_s3_bucket_consumer_with_no_taskflow to None, run_after=None
[2025-06-12T12:11:37.447+0000] {logging_mixin.py:190} INFO - [2025-06-12T12:11:37.447+0000] {dag.py:4180} INFO - Setting next_dagrun for dataset_s3_bucket_producer_with_no_taskflow to None, run_after=None
[2025-06-12T12:11:37.461+0000] {processor.py:208} INFO - Processing /home/airflow/.local/lib/python3.12/site-packages/airflow/example_dags/example_dataset_alias_with_no_taskflow.py took 0.452 seconds
[2025-06-12T12:12:08.184+0000] {processor.py:186} INFO - Started process (PID=1662) to work on /home/airflow/.local/lib/python3.12/site-packages/airflow/example_dags/example_dataset_alias_with_no_taskflow.py
[2025-06-12T12:12:08.185+0000] {processor.py:914} INFO - Processing file /home/airflow/.local/lib/python3.12/site-packages/airflow/example_dags/example_dataset_alias_with_no_taskflow.py for tasks to queue
[2025-06-12T12:12:08.186+0000] {logging_mixin.py:190} INFO - [2025-06-12T12:12:08.186+0000] {dagbag.py:588} INFO - Filling up the DagBag from /home/airflow/.local/lib/python3.12/site-packages/airflow/example_dags/example_dataset_alias_with_no_taskflow.py
[2025-06-12T12:12:08.594+0000] {processor.py:925} INFO - DAG(s) 'dataset_alias_example_alias_producer_with_no_taskflow', 'dataset_s3_bucket_consumer_with_no_taskflow', 'dataset_alias_example_alias_consumer_with_no_taskflow', 'dataset_s3_bucket_producer_with_no_taskflow' retrieved from /home/airflow/.local/lib/python3.12/site-packages/airflow/example_dags/example_dataset_alias_with_no_taskflow.py
[2025-06-12T12:12:08.616+0000] {logging_mixin.py:190} INFO - [2025-06-12T12:12:08.615+0000] {dag.py:3239} INFO - Sync 4 DAGs
[2025-06-12T12:12:08.637+0000] {logging_mixin.py:190} INFO - [2025-06-12T12:12:08.637+0000] {dag.py:4180} INFO - Setting next_dagrun for dataset_alias_example_alias_consumer_with_no_taskflow to None, run_after=None
[2025-06-12T12:12:08.642+0000] {logging_mixin.py:190} INFO - [2025-06-12T12:12:08.642+0000] {dag.py:4180} INFO - Setting next_dagrun for dataset_alias_example_alias_producer_with_no_taskflow to None, run_after=None
[2025-06-12T12:12:08.644+0000] {logging_mixin.py:190} INFO - [2025-06-12T12:12:08.644+0000] {dag.py:4180} INFO - Setting next_dagrun for dataset_s3_bucket_consumer_with_no_taskflow to None, run_after=None
[2025-06-12T12:12:08.646+0000] {logging_mixin.py:190} INFO - [2025-06-12T12:12:08.646+0000] {dag.py:4180} INFO - Setting next_dagrun for dataset_s3_bucket_producer_with_no_taskflow to None, run_after=None
[2025-06-12T12:12:08.674+0000] {processor.py:208} INFO - Processing /home/airflow/.local/lib/python3.12/site-packages/airflow/example_dags/example_dataset_alias_with_no_taskflow.py took 0.495 seconds
[2025-06-12T12:12:39.300+0000] {processor.py:186} INFO - Started process (PID=1963) to work on /home/airflow/.local/lib/python3.12/site-packages/airflow/example_dags/example_dataset_alias_with_no_taskflow.py
[2025-06-12T12:12:39.301+0000] {processor.py:914} INFO - Processing file /home/airflow/.local/lib/python3.12/site-packages/airflow/example_dags/example_dataset_alias_with_no_taskflow.py for tasks to queue
[2025-06-12T12:12:39.302+0000] {logging_mixin.py:190} INFO - [2025-06-12T12:12:39.302+0000] {dagbag.py:588} INFO - Filling up the DagBag from /home/airflow/.local/lib/python3.12/site-packages/airflow/example_dags/example_dataset_alias_with_no_taskflow.py
[2025-06-12T12:12:39.740+0000] {processor.py:925} INFO - DAG(s) 'dataset_s3_bucket_producer_with_no_taskflow', 'dataset_alias_example_alias_consumer_with_no_taskflow', 'dataset_s3_bucket_consumer_with_no_taskflow', 'dataset_alias_example_alias_producer_with_no_taskflow' retrieved from /home/airflow/.local/lib/python3.12/site-packages/airflow/example_dags/example_dataset_alias_with_no_taskflow.py
[2025-06-12T12:12:39.757+0000] {logging_mixin.py:190} INFO - [2025-06-12T12:12:39.757+0000] {dag.py:3239} INFO - Sync 4 DAGs
[2025-06-12T12:12:39.774+0000] {logging_mixin.py:190} INFO - [2025-06-12T12:12:39.774+0000] {dag.py:4180} INFO - Setting next_dagrun for dataset_alias_example_alias_consumer_with_no_taskflow to None, run_after=None
[2025-06-12T12:12:39.776+0000] {logging_mixin.py:190} INFO - [2025-06-12T12:12:39.776+0000] {dag.py:4180} INFO - Setting next_dagrun for dataset_alias_example_alias_producer_with_no_taskflow to None, run_after=None
[2025-06-12T12:12:39.777+0000] {logging_mixin.py:190} INFO - [2025-06-12T12:12:39.777+0000] {dag.py:4180} INFO - Setting next_dagrun for dataset_s3_bucket_consumer_with_no_taskflow to None, run_after=None
[2025-06-12T12:12:39.778+0000] {logging_mixin.py:190} INFO - [2025-06-12T12:12:39.778+0000] {dag.py:4180} INFO - Setting next_dagrun for dataset_s3_bucket_producer_with_no_taskflow to None, run_after=None
[2025-06-12T12:12:39.792+0000] {processor.py:208} INFO - Processing /home/airflow/.local/lib/python3.12/site-packages/airflow/example_dags/example_dataset_alias_with_no_taskflow.py took 0.498 seconds
[2025-06-12T12:13:10.524+0000] {processor.py:186} INFO - Started process (PID=2254) to work on /home/airflow/.local/lib/python3.12/site-packages/airflow/example_dags/example_dataset_alias_with_no_taskflow.py
[2025-06-12T12:13:10.525+0000] {processor.py:914} INFO - Processing file /home/airflow/.local/lib/python3.12/site-packages/airflow/example_dags/example_dataset_alias_with_no_taskflow.py for tasks to queue
[2025-06-12T12:13:10.526+0000] {logging_mixin.py:190} INFO - [2025-06-12T12:13:10.526+0000] {dagbag.py:588} INFO - Filling up the DagBag from /home/airflow/.local/lib/python3.12/site-packages/airflow/example_dags/example_dataset_alias_with_no_taskflow.py
[2025-06-12T12:13:10.954+0000] {processor.py:925} INFO - DAG(s) 'dataset_s3_bucket_consumer_with_no_taskflow', 'dataset_alias_example_alias_producer_with_no_taskflow', 'dataset_alias_example_alias_consumer_with_no_taskflow', 'dataset_s3_bucket_producer_with_no_taskflow' retrieved from /home/airflow/.local/lib/python3.12/site-packages/airflow/example_dags/example_dataset_alias_with_no_taskflow.py
[2025-06-12T12:13:10.970+0000] {logging_mixin.py:190} INFO - [2025-06-12T12:13:10.969+0000] {dag.py:3239} INFO - Sync 4 DAGs
[2025-06-12T12:13:10.987+0000] {logging_mixin.py:190} INFO - [2025-06-12T12:13:10.987+0000] {dag.py:4180} INFO - Setting next_dagrun for dataset_alias_example_alias_consumer_with_no_taskflow to None, run_after=None
[2025-06-12T12:13:10.990+0000] {logging_mixin.py:190} INFO - [2025-06-12T12:13:10.990+0000] {dag.py:4180} INFO - Setting next_dagrun for dataset_alias_example_alias_producer_with_no_taskflow to None, run_after=None
[2025-06-12T12:13:10.991+0000] {logging_mixin.py:190} INFO - [2025-06-12T12:13:10.991+0000] {dag.py:4180} INFO - Setting next_dagrun for dataset_s3_bucket_consumer_with_no_taskflow to None, run_after=None
[2025-06-12T12:13:10.992+0000] {logging_mixin.py:190} INFO - [2025-06-12T12:13:10.992+0000] {dag.py:4180} INFO - Setting next_dagrun for dataset_s3_bucket_producer_with_no_taskflow to None, run_after=None
[2025-06-12T12:13:11.010+0000] {processor.py:208} INFO - Processing /home/airflow/.local/lib/python3.12/site-packages/airflow/example_dags/example_dataset_alias_with_no_taskflow.py took 0.490 seconds
[2025-06-12T12:13:41.265+0000] {processor.py:186} INFO - Started process (PID=2550) to work on /home/airflow/.local/lib/python3.12/site-packages/airflow/example_dags/example_dataset_alias_with_no_taskflow.py
[2025-06-12T12:13:41.266+0000] {processor.py:914} INFO - Processing file /home/airflow/.local/lib/python3.12/site-packages/airflow/example_dags/example_dataset_alias_with_no_taskflow.py for tasks to queue
[2025-06-12T12:13:41.269+0000] {logging_mixin.py:190} INFO - [2025-06-12T12:13:41.268+0000] {dagbag.py:588} INFO - Filling up the DagBag from /home/airflow/.local/lib/python3.12/site-packages/airflow/example_dags/example_dataset_alias_with_no_taskflow.py
[2025-06-12T12:13:41.666+0000] {processor.py:925} INFO - DAG(s) 'dataset_alias_example_alias_consumer_with_no_taskflow', 'dataset_s3_bucket_consumer_with_no_taskflow', 'dataset_s3_bucket_producer_with_no_taskflow', 'dataset_alias_example_alias_producer_with_no_taskflow' retrieved from /home/airflow/.local/lib/python3.12/site-packages/airflow/example_dags/example_dataset_alias_with_no_taskflow.py
[2025-06-12T12:13:41.686+0000] {logging_mixin.py:190} INFO - [2025-06-12T12:13:41.686+0000] {dag.py:3239} INFO - Sync 4 DAGs
[2025-06-12T12:13:41.711+0000] {logging_mixin.py:190} INFO - [2025-06-12T12:13:41.711+0000] {dag.py:4180} INFO - Setting next_dagrun for dataset_alias_example_alias_consumer_with_no_taskflow to None, run_after=None
[2025-06-12T12:13:41.713+0000] {logging_mixin.py:190} INFO - [2025-06-12T12:13:41.713+0000] {dag.py:4180} INFO - Setting next_dagrun for dataset_alias_example_alias_producer_with_no_taskflow to None, run_after=None
[2025-06-12T12:13:41.715+0000] {logging_mixin.py:190} INFO - [2025-06-12T12:13:41.714+0000] {dag.py:4180} INFO - Setting next_dagrun for dataset_s3_bucket_consumer_with_no_taskflow to None, run_after=None
[2025-06-12T12:13:41.717+0000] {logging_mixin.py:190} INFO - [2025-06-12T12:13:41.717+0000] {dag.py:4180} INFO - Setting next_dagrun for dataset_s3_bucket_producer_with_no_taskflow to None, run_after=None
[2025-06-12T12:13:41.735+0000] {processor.py:208} INFO - Processing /home/airflow/.local/lib/python3.12/site-packages/airflow/example_dags/example_dataset_alias_with_no_taskflow.py took 0.475 seconds
[2025-06-12T12:14:12.138+0000] {processor.py:186} INFO - Started process (PID=2846) to work on /home/airflow/.local/lib/python3.12/site-packages/airflow/example_dags/example_dataset_alias_with_no_taskflow.py
[2025-06-12T12:14:12.138+0000] {processor.py:914} INFO - Processing file /home/airflow/.local/lib/python3.12/site-packages/airflow/example_dags/example_dataset_alias_with_no_taskflow.py for tasks to queue
[2025-06-12T12:14:12.140+0000] {logging_mixin.py:190} INFO - [2025-06-12T12:14:12.140+0000] {dagbag.py:588} INFO - Filling up the DagBag from /home/airflow/.local/lib/python3.12/site-packages/airflow/example_dags/example_dataset_alias_with_no_taskflow.py
[2025-06-12T12:14:12.547+0000] {processor.py:925} INFO - DAG(s) 'dataset_s3_bucket_consumer_with_no_taskflow', 'dataset_alias_example_alias_producer_with_no_taskflow', 'dataset_alias_example_alias_consumer_with_no_taskflow', 'dataset_s3_bucket_producer_with_no_taskflow' retrieved from /home/airflow/.local/lib/python3.12/site-packages/airflow/example_dags/example_dataset_alias_with_no_taskflow.py
[2025-06-12T12:14:12.562+0000] {logging_mixin.py:190} INFO - [2025-06-12T12:14:12.562+0000] {dag.py:3239} INFO - Sync 4 DAGs
[2025-06-12T12:14:12.579+0000] {logging_mixin.py:190} INFO - [2025-06-12T12:14:12.579+0000] {dag.py:4180} INFO - Setting next_dagrun for dataset_alias_example_alias_consumer_with_no_taskflow to None, run_after=None
[2025-06-12T12:14:12.581+0000] {logging_mixin.py:190} INFO - [2025-06-12T12:14:12.581+0000] {dag.py:4180} INFO - Setting next_dagrun for dataset_alias_example_alias_producer_with_no_taskflow to None, run_after=None
[2025-06-12T12:14:12.583+0000] {logging_mixin.py:190} INFO - [2025-06-12T12:14:12.583+0000] {dag.py:4180} INFO - Setting next_dagrun for dataset_s3_bucket_consumer_with_no_taskflow to None, run_after=None
[2025-06-12T12:14:12.584+0000] {logging_mixin.py:190} INFO - [2025-06-12T12:14:12.584+0000] {dag.py:4180} INFO - Setting next_dagrun for dataset_s3_bucket_producer_with_no_taskflow to None, run_after=None
[2025-06-12T12:14:12.598+0000] {processor.py:208} INFO - Processing /home/airflow/.local/lib/python3.12/site-packages/airflow/example_dags/example_dataset_alias_with_no_taskflow.py took 0.466 seconds
[2025-06-12T12:14:43.251+0000] {processor.py:186} INFO - Started process (PID=3147) to work on /home/airflow/.local/lib/python3.12/site-packages/airflow/example_dags/example_dataset_alias_with_no_taskflow.py
[2025-06-12T12:14:43.251+0000] {processor.py:914} INFO - Processing file /home/airflow/.local/lib/python3.12/site-packages/airflow/example_dags/example_dataset_alias_with_no_taskflow.py for tasks to queue
[2025-06-12T12:14:43.253+0000] {logging_mixin.py:190} INFO - [2025-06-12T12:14:43.253+0000] {dagbag.py:588} INFO - Filling up the DagBag from /home/airflow/.local/lib/python3.12/site-packages/airflow/example_dags/example_dataset_alias_with_no_taskflow.py
[2025-06-12T12:14:43.635+0000] {processor.py:925} INFO - DAG(s) 'dataset_alias_example_alias_consumer_with_no_taskflow', 'dataset_alias_example_alias_producer_with_no_taskflow', 'dataset_s3_bucket_consumer_with_no_taskflow', 'dataset_s3_bucket_producer_with_no_taskflow' retrieved from /home/airflow/.local/lib/python3.12/site-packages/airflow/example_dags/example_dataset_alias_with_no_taskflow.py
[2025-06-12T12:14:43.651+0000] {logging_mixin.py:190} INFO - [2025-06-12T12:14:43.651+0000] {dag.py:3239} INFO - Sync 4 DAGs
[2025-06-12T12:14:43.669+0000] {logging_mixin.py:190} INFO - [2025-06-12T12:14:43.669+0000] {dag.py:4180} INFO - Setting next_dagrun for dataset_alias_example_alias_consumer_with_no_taskflow to None, run_after=None
[2025-06-12T12:14:43.671+0000] {logging_mixin.py:190} INFO - [2025-06-12T12:14:43.671+0000] {dag.py:4180} INFO - Setting next_dagrun for dataset_alias_example_alias_producer_with_no_taskflow to None, run_after=None
[2025-06-12T12:14:43.672+0000] {logging_mixin.py:190} INFO - [2025-06-12T12:14:43.672+0000] {dag.py:4180} INFO - Setting next_dagrun for dataset_s3_bucket_consumer_with_no_taskflow to None, run_after=None
[2025-06-12T12:14:43.673+0000] {logging_mixin.py:190} INFO - [2025-06-12T12:14:43.673+0000] {dag.py:4180} INFO - Setting next_dagrun for dataset_s3_bucket_producer_with_no_taskflow to None, run_after=None
[2025-06-12T12:14:43.689+0000] {processor.py:208} INFO - Processing /home/airflow/.local/lib/python3.12/site-packages/airflow/example_dags/example_dataset_alias_with_no_taskflow.py took 0.443 seconds
[2025-06-12T12:15:13.878+0000] {processor.py:186} INFO - Started process (PID=3463) to work on /home/airflow/.local/lib/python3.12/site-packages/airflow/example_dags/example_dataset_alias_with_no_taskflow.py
[2025-06-12T12:15:13.879+0000] {processor.py:914} INFO - Processing file /home/airflow/.local/lib/python3.12/site-packages/airflow/example_dags/example_dataset_alias_with_no_taskflow.py for tasks to queue
[2025-06-12T12:15:13.881+0000] {logging_mixin.py:190} INFO - [2025-06-12T12:15:13.880+0000] {dagbag.py:588} INFO - Filling up the DagBag from /home/airflow/.local/lib/python3.12/site-packages/airflow/example_dags/example_dataset_alias_with_no_taskflow.py
[2025-06-12T12:15:14.268+0000] {processor.py:925} INFO - DAG(s) 'dataset_s3_bucket_producer_with_no_taskflow', 'dataset_alias_example_alias_producer_with_no_taskflow', 'dataset_s3_bucket_consumer_with_no_taskflow', 'dataset_alias_example_alias_consumer_with_no_taskflow' retrieved from /home/airflow/.local/lib/python3.12/site-packages/airflow/example_dags/example_dataset_alias_with_no_taskflow.py
[2025-06-12T12:15:14.285+0000] {logging_mixin.py:190} INFO - [2025-06-12T12:15:14.285+0000] {dag.py:3239} INFO - Sync 4 DAGs
[2025-06-12T12:15:14.304+0000] {logging_mixin.py:190} INFO - [2025-06-12T12:15:14.304+0000] {dag.py:4180} INFO - Setting next_dagrun for dataset_alias_example_alias_consumer_with_no_taskflow to None, run_after=None
[2025-06-12T12:15:14.306+0000] {logging_mixin.py:190} INFO - [2025-06-12T12:15:14.306+0000] {dag.py:4180} INFO - Setting next_dagrun for dataset_alias_example_alias_producer_with_no_taskflow to None, run_after=None
[2025-06-12T12:15:14.307+0000] {logging_mixin.py:190} INFO - [2025-06-12T12:15:14.307+0000] {dag.py:4180} INFO - Setting next_dagrun for dataset_s3_bucket_consumer_with_no_taskflow to None, run_after=None
[2025-06-12T12:15:14.308+0000] {logging_mixin.py:190} INFO - [2025-06-12T12:15:14.308+0000] {dag.py:4180} INFO - Setting next_dagrun for dataset_s3_bucket_producer_with_no_taskflow to None, run_after=None
[2025-06-12T12:15:14.323+0000] {processor.py:208} INFO - Processing /home/airflow/.local/lib/python3.12/site-packages/airflow/example_dags/example_dataset_alias_with_no_taskflow.py took 0.449 seconds
[2025-06-12T12:15:44.967+0000] {processor.py:186} INFO - Started process (PID=3759) to work on /home/airflow/.local/lib/python3.12/site-packages/airflow/example_dags/example_dataset_alias_with_no_taskflow.py
[2025-06-12T12:15:44.968+0000] {processor.py:914} INFO - Processing file /home/airflow/.local/lib/python3.12/site-packages/airflow/example_dags/example_dataset_alias_with_no_taskflow.py for tasks to queue
[2025-06-12T12:15:44.970+0000] {logging_mixin.py:190} INFO - [2025-06-12T12:15:44.969+0000] {dagbag.py:588} INFO - Filling up the DagBag from /home/airflow/.local/lib/python3.12/site-packages/airflow/example_dags/example_dataset_alias_with_no_taskflow.py
[2025-06-12T12:15:45.354+0000] {processor.py:925} INFO - DAG(s) 'dataset_alias_example_alias_producer_with_no_taskflow', 'dataset_alias_example_alias_consumer_with_no_taskflow', 'dataset_s3_bucket_consumer_with_no_taskflow', 'dataset_s3_bucket_producer_with_no_taskflow' retrieved from /home/airflow/.local/lib/python3.12/site-packages/airflow/example_dags/example_dataset_alias_with_no_taskflow.py
[2025-06-12T12:15:45.368+0000] {logging_mixin.py:190} INFO - [2025-06-12T12:15:45.368+0000] {dag.py:3239} INFO - Sync 4 DAGs
[2025-06-12T12:15:45.384+0000] {logging_mixin.py:190} INFO - [2025-06-12T12:15:45.384+0000] {dag.py:4180} INFO - Setting next_dagrun for dataset_alias_example_alias_consumer_with_no_taskflow to None, run_after=None
[2025-06-12T12:15:45.386+0000] {logging_mixin.py:190} INFO - [2025-06-12T12:15:45.386+0000] {dag.py:4180} INFO - Setting next_dagrun for dataset_alias_example_alias_producer_with_no_taskflow to None, run_after=None
[2025-06-12T12:15:45.388+0000] {logging_mixin.py:190} INFO - [2025-06-12T12:15:45.387+0000] {dag.py:4180} INFO - Setting next_dagrun for dataset_s3_bucket_consumer_with_no_taskflow to None, run_after=None
[2025-06-12T12:15:45.389+0000] {logging_mixin.py:190} INFO - [2025-06-12T12:15:45.388+0000] {dag.py:4180} INFO - Setting next_dagrun for dataset_s3_bucket_producer_with_no_taskflow to None, run_after=None
[2025-06-12T12:15:45.411+0000] {processor.py:208} INFO - Processing /home/airflow/.local/lib/python3.12/site-packages/airflow/example_dags/example_dataset_alias_with_no_taskflow.py took 0.450 seconds
[2025-06-12T12:16:15.906+0000] {processor.py:186} INFO - Started process (PID=4030) to work on /home/airflow/.local/lib/python3.12/site-packages/airflow/example_dags/example_dataset_alias_with_no_taskflow.py
[2025-06-12T12:16:15.907+0000] {processor.py:914} INFO - Processing file /home/airflow/.local/lib/python3.12/site-packages/airflow/example_dags/example_dataset_alias_with_no_taskflow.py for tasks to queue
[2025-06-12T12:16:15.909+0000] {logging_mixin.py:190} INFO - [2025-06-12T12:16:15.909+0000] {dagbag.py:588} INFO - Filling up the DagBag from /home/airflow/.local/lib/python3.12/site-packages/airflow/example_dags/example_dataset_alias_with_no_taskflow.py
[2025-06-12T12:16:16.314+0000] {processor.py:925} INFO - DAG(s) 'dataset_alias_example_alias_consumer_with_no_taskflow', 'dataset_s3_bucket_producer_with_no_taskflow', 'dataset_s3_bucket_consumer_with_no_taskflow', 'dataset_alias_example_alias_producer_with_no_taskflow' retrieved from /home/airflow/.local/lib/python3.12/site-packages/airflow/example_dags/example_dataset_alias_with_no_taskflow.py
[2025-06-12T12:16:16.331+0000] {logging_mixin.py:190} INFO - [2025-06-12T12:16:16.330+0000] {dag.py:3239} INFO - Sync 4 DAGs
[2025-06-12T12:16:16.348+0000] {logging_mixin.py:190} INFO - [2025-06-12T12:16:16.348+0000] {dag.py:4180} INFO - Setting next_dagrun for dataset_alias_example_alias_consumer_with_no_taskflow to None, run_after=None
[2025-06-12T12:16:16.350+0000] {logging_mixin.py:190} INFO - [2025-06-12T12:16:16.350+0000] {dag.py:4180} INFO - Setting next_dagrun for dataset_alias_example_alias_producer_with_no_taskflow to None, run_after=None
[2025-06-12T12:16:16.351+0000] {logging_mixin.py:190} INFO - [2025-06-12T12:16:16.351+0000] {dag.py:4180} INFO - Setting next_dagrun for dataset_s3_bucket_consumer_with_no_taskflow to None, run_after=None
[2025-06-12T12:16:16.352+0000] {logging_mixin.py:190} INFO - [2025-06-12T12:16:16.352+0000] {dag.py:4180} INFO - Setting next_dagrun for dataset_s3_bucket_producer_with_no_taskflow to None, run_after=None
[2025-06-12T12:16:16.366+0000] {processor.py:208} INFO - Processing /home/airflow/.local/lib/python3.12/site-packages/airflow/example_dags/example_dataset_alias_with_no_taskflow.py took 0.465 seconds
[2025-06-12T12:16:46.836+0000] {processor.py:186} INFO - Started process (PID=4346) to work on /home/airflow/.local/lib/python3.12/site-packages/airflow/example_dags/example_dataset_alias_with_no_taskflow.py
[2025-06-12T12:16:46.837+0000] {processor.py:914} INFO - Processing file /home/airflow/.local/lib/python3.12/site-packages/airflow/example_dags/example_dataset_alias_with_no_taskflow.py for tasks to queue
[2025-06-12T12:16:46.838+0000] {logging_mixin.py:190} INFO - [2025-06-12T12:16:46.838+0000] {dagbag.py:588} INFO - Filling up the DagBag from /home/airflow/.local/lib/python3.12/site-packages/airflow/example_dags/example_dataset_alias_with_no_taskflow.py
[2025-06-12T12:16:47.231+0000] {processor.py:925} INFO - DAG(s) 'dataset_alias_example_alias_consumer_with_no_taskflow', 'dataset_alias_example_alias_producer_with_no_taskflow', 'dataset_s3_bucket_producer_with_no_taskflow', 'dataset_s3_bucket_consumer_with_no_taskflow' retrieved from /home/airflow/.local/lib/python3.12/site-packages/airflow/example_dags/example_dataset_alias_with_no_taskflow.py
[2025-06-12T12:16:47.245+0000] {logging_mixin.py:190} INFO - [2025-06-12T12:16:47.245+0000] {dag.py:3239} INFO - Sync 4 DAGs
[2025-06-12T12:16:47.262+0000] {logging_mixin.py:190} INFO - [2025-06-12T12:16:47.262+0000] {dag.py:4180} INFO - Setting next_dagrun for dataset_alias_example_alias_consumer_with_no_taskflow to None, run_after=None
[2025-06-12T12:16:47.264+0000] {logging_mixin.py:190} INFO - [2025-06-12T12:16:47.264+0000] {dag.py:4180} INFO - Setting next_dagrun for dataset_alias_example_alias_producer_with_no_taskflow to None, run_after=None
[2025-06-12T12:16:47.265+0000] {logging_mixin.py:190} INFO - [2025-06-12T12:16:47.265+0000] {dag.py:4180} INFO - Setting next_dagrun for dataset_s3_bucket_consumer_with_no_taskflow to None, run_after=None
[2025-06-12T12:16:47.266+0000] {logging_mixin.py:190} INFO - [2025-06-12T12:16:47.266+0000] {dag.py:4180} INFO - Setting next_dagrun for dataset_s3_bucket_producer_with_no_taskflow to None, run_after=None
[2025-06-12T12:16:47.280+0000] {processor.py:208} INFO - Processing /home/airflow/.local/lib/python3.12/site-packages/airflow/example_dags/example_dataset_alias_with_no_taskflow.py took 0.449 seconds
[2025-06-12T12:17:17.515+0000] {processor.py:186} INFO - Started process (PID=4649) to work on /home/airflow/.local/lib/python3.12/site-packages/airflow/example_dags/example_dataset_alias_with_no_taskflow.py
[2025-06-12T12:17:17.515+0000] {processor.py:914} INFO - Processing file /home/airflow/.local/lib/python3.12/site-packages/airflow/example_dags/example_dataset_alias_with_no_taskflow.py for tasks to queue
[2025-06-12T12:17:17.517+0000] {logging_mixin.py:190} INFO - [2025-06-12T12:17:17.517+0000] {dagbag.py:588} INFO - Filling up the DagBag from /home/airflow/.local/lib/python3.12/site-packages/airflow/example_dags/example_dataset_alias_with_no_taskflow.py
[2025-06-12T12:17:17.911+0000] {processor.py:925} INFO - DAG(s) 'dataset_alias_example_alias_producer_with_no_taskflow', 'dataset_s3_bucket_producer_with_no_taskflow', 'dataset_alias_example_alias_consumer_with_no_taskflow', 'dataset_s3_bucket_consumer_with_no_taskflow' retrieved from /home/airflow/.local/lib/python3.12/site-packages/airflow/example_dags/example_dataset_alias_with_no_taskflow.py
[2025-06-12T12:17:17.925+0000] {logging_mixin.py:190} INFO - [2025-06-12T12:17:17.925+0000] {dag.py:3239} INFO - Sync 4 DAGs
[2025-06-12T12:17:17.941+0000] {logging_mixin.py:190} INFO - [2025-06-12T12:17:17.941+0000] {dag.py:4180} INFO - Setting next_dagrun for dataset_alias_example_alias_consumer_with_no_taskflow to None, run_after=None
[2025-06-12T12:17:17.943+0000] {logging_mixin.py:190} INFO - [2025-06-12T12:17:17.943+0000] {dag.py:4180} INFO - Setting next_dagrun for dataset_alias_example_alias_producer_with_no_taskflow to None, run_after=None
[2025-06-12T12:17:17.945+0000] {logging_mixin.py:190} INFO - [2025-06-12T12:17:17.944+0000] {dag.py:4180} INFO - Setting next_dagrun for dataset_s3_bucket_consumer_with_no_taskflow to None, run_after=None
[2025-06-12T12:17:17.946+0000] {logging_mixin.py:190} INFO - [2025-06-12T12:17:17.945+0000] {dag.py:4180} INFO - Setting next_dagrun for dataset_s3_bucket_producer_with_no_taskflow to None, run_after=None
[2025-06-12T12:17:17.960+0000] {processor.py:208} INFO - Processing /home/airflow/.local/lib/python3.12/site-packages/airflow/example_dags/example_dataset_alias_with_no_taskflow.py took 0.451 seconds
[2025-06-12T12:17:48.096+0000] {processor.py:186} INFO - Started process (PID=4945) to work on /home/airflow/.local/lib/python3.12/site-packages/airflow/example_dags/example_dataset_alias_with_no_taskflow.py
[2025-06-12T12:17:48.097+0000] {processor.py:914} INFO - Processing file /home/airflow/.local/lib/python3.12/site-packages/airflow/example_dags/example_dataset_alias_with_no_taskflow.py for tasks to queue
[2025-06-12T12:17:48.099+0000] {logging_mixin.py:190} INFO - [2025-06-12T12:17:48.099+0000] {dagbag.py:588} INFO - Filling up the DagBag from /home/airflow/.local/lib/python3.12/site-packages/airflow/example_dags/example_dataset_alias_with_no_taskflow.py
[2025-06-12T12:17:48.474+0000] {processor.py:925} INFO - DAG(s) 'dataset_alias_example_alias_consumer_with_no_taskflow', 'dataset_s3_bucket_consumer_with_no_taskflow', 'dataset_alias_example_alias_producer_with_no_taskflow', 'dataset_s3_bucket_producer_with_no_taskflow' retrieved from /home/airflow/.local/lib/python3.12/site-packages/airflow/example_dags/example_dataset_alias_with_no_taskflow.py
[2025-06-12T12:17:48.488+0000] {logging_mixin.py:190} INFO - [2025-06-12T12:17:48.488+0000] {dag.py:3239} INFO - Sync 4 DAGs
[2025-06-12T12:17:48.503+0000] {logging_mixin.py:190} INFO - [2025-06-12T12:17:48.503+0000] {dag.py:4180} INFO - Setting next_dagrun for dataset_alias_example_alias_consumer_with_no_taskflow to None, run_after=None
[2025-06-12T12:17:48.505+0000] {logging_mixin.py:190} INFO - [2025-06-12T12:17:48.505+0000] {dag.py:4180} INFO - Setting next_dagrun for dataset_alias_example_alias_producer_with_no_taskflow to None, run_after=None
[2025-06-12T12:17:48.507+0000] {logging_mixin.py:190} INFO - [2025-06-12T12:17:48.507+0000] {dag.py:4180} INFO - Setting next_dagrun for dataset_s3_bucket_consumer_with_no_taskflow to None, run_after=None
[2025-06-12T12:17:48.508+0000] {logging_mixin.py:190} INFO - [2025-06-12T12:17:48.508+0000] {dag.py:4180} INFO - Setting next_dagrun for dataset_s3_bucket_producer_with_no_taskflow to None, run_after=None
[2025-06-12T12:17:48.530+0000] {processor.py:208} INFO - Processing /home/airflow/.local/lib/python3.12/site-packages/airflow/example_dags/example_dataset_alias_with_no_taskflow.py took 0.438 seconds
[2025-06-12T12:18:18.649+0000] {processor.py:186} INFO - Started process (PID=5241) to work on /home/airflow/.local/lib/python3.12/site-packages/airflow/example_dags/example_dataset_alias_with_no_taskflow.py
[2025-06-12T12:18:18.650+0000] {processor.py:914} INFO - Processing file /home/airflow/.local/lib/python3.12/site-packages/airflow/example_dags/example_dataset_alias_with_no_taskflow.py for tasks to queue
[2025-06-12T12:18:18.651+0000] {logging_mixin.py:190} INFO - [2025-06-12T12:18:18.651+0000] {dagbag.py:588} INFO - Filling up the DagBag from /home/airflow/.local/lib/python3.12/site-packages/airflow/example_dags/example_dataset_alias_with_no_taskflow.py
[2025-06-12T12:18:19.029+0000] {processor.py:925} INFO - DAG(s) 'dataset_alias_example_alias_consumer_with_no_taskflow', 'dataset_s3_bucket_producer_with_no_taskflow', 'dataset_alias_example_alias_producer_with_no_taskflow', 'dataset_s3_bucket_consumer_with_no_taskflow' retrieved from /home/airflow/.local/lib/python3.12/site-packages/airflow/example_dags/example_dataset_alias_with_no_taskflow.py
[2025-06-12T12:18:19.043+0000] {logging_mixin.py:190} INFO - [2025-06-12T12:18:19.043+0000] {dag.py:3239} INFO - Sync 4 DAGs
[2025-06-12T12:18:19.058+0000] {logging_mixin.py:190} INFO - [2025-06-12T12:18:19.058+0000] {dag.py:4180} INFO - Setting next_dagrun for dataset_alias_example_alias_consumer_with_no_taskflow to None, run_after=None
[2025-06-12T12:18:19.060+0000] {logging_mixin.py:190} INFO - [2025-06-12T12:18:19.060+0000] {dag.py:4180} INFO - Setting next_dagrun for dataset_alias_example_alias_producer_with_no_taskflow to None, run_after=None
[2025-06-12T12:18:19.061+0000] {logging_mixin.py:190} INFO - [2025-06-12T12:18:19.061+0000] {dag.py:4180} INFO - Setting next_dagrun for dataset_s3_bucket_consumer_with_no_taskflow to None, run_after=None
[2025-06-12T12:18:19.062+0000] {logging_mixin.py:190} INFO - [2025-06-12T12:18:19.062+0000] {dag.py:4180} INFO - Setting next_dagrun for dataset_s3_bucket_producer_with_no_taskflow to None, run_after=None
[2025-06-12T12:18:19.077+0000] {processor.py:208} INFO - Processing /home/airflow/.local/lib/python3.12/site-packages/airflow/example_dags/example_dataset_alias_with_no_taskflow.py took 0.433 seconds
[2025-06-12T12:18:49.278+0000] {processor.py:186} INFO - Started process (PID=5537) to work on /home/airflow/.local/lib/python3.12/site-packages/airflow/example_dags/example_dataset_alias_with_no_taskflow.py
[2025-06-12T12:18:49.278+0000] {processor.py:914} INFO - Processing file /home/airflow/.local/lib/python3.12/site-packages/airflow/example_dags/example_dataset_alias_with_no_taskflow.py for tasks to queue
[2025-06-12T12:18:49.280+0000] {logging_mixin.py:190} INFO - [2025-06-12T12:18:49.280+0000] {dagbag.py:588} INFO - Filling up the DagBag from /home/airflow/.local/lib/python3.12/site-packages/airflow/example_dags/example_dataset_alias_with_no_taskflow.py
[2025-06-12T12:18:49.658+0000] {processor.py:925} INFO - DAG(s) 'dataset_s3_bucket_consumer_with_no_taskflow', 'dataset_s3_bucket_producer_with_no_taskflow', 'dataset_alias_example_alias_producer_with_no_taskflow', 'dataset_alias_example_alias_consumer_with_no_taskflow' retrieved from /home/airflow/.local/lib/python3.12/site-packages/airflow/example_dags/example_dataset_alias_with_no_taskflow.py
[2025-06-12T12:18:49.674+0000] {logging_mixin.py:190} INFO - [2025-06-12T12:18:49.674+0000] {dag.py:3239} INFO - Sync 4 DAGs
[2025-06-12T12:18:49.690+0000] {logging_mixin.py:190} INFO - [2025-06-12T12:18:49.690+0000] {dag.py:4180} INFO - Setting next_dagrun for dataset_alias_example_alias_consumer_with_no_taskflow to None, run_after=None
[2025-06-12T12:18:49.692+0000] {logging_mixin.py:190} INFO - [2025-06-12T12:18:49.692+0000] {dag.py:4180} INFO - Setting next_dagrun for dataset_alias_example_alias_producer_with_no_taskflow to None, run_after=None
[2025-06-12T12:18:49.693+0000] {logging_mixin.py:190} INFO - [2025-06-12T12:18:49.693+0000] {dag.py:4180} INFO - Setting next_dagrun for dataset_s3_bucket_consumer_with_no_taskflow to None, run_after=None
[2025-06-12T12:18:49.694+0000] {logging_mixin.py:190} INFO - [2025-06-12T12:18:49.694+0000] {dag.py:4180} INFO - Setting next_dagrun for dataset_s3_bucket_producer_with_no_taskflow to None, run_after=None
[2025-06-12T12:18:49.708+0000] {processor.py:208} INFO - Processing /home/airflow/.local/lib/python3.12/site-packages/airflow/example_dags/example_dataset_alias_with_no_taskflow.py took 0.435 seconds
[2025-06-12T12:19:19.891+0000] {processor.py:186} INFO - Started process (PID=5833) to work on /home/airflow/.local/lib/python3.12/site-packages/airflow/example_dags/example_dataset_alias_with_no_taskflow.py
[2025-06-12T12:19:19.892+0000] {processor.py:914} INFO - Processing file /home/airflow/.local/lib/python3.12/site-packages/airflow/example_dags/example_dataset_alias_with_no_taskflow.py for tasks to queue
[2025-06-12T12:19:19.894+0000] {logging_mixin.py:190} INFO - [2025-06-12T12:19:19.893+0000] {dagbag.py:588} INFO - Filling up the DagBag from /home/airflow/.local/lib/python3.12/site-packages/airflow/example_dags/example_dataset_alias_with_no_taskflow.py
[2025-06-12T12:19:20.308+0000] {processor.py:925} INFO - DAG(s) 'dataset_alias_example_alias_producer_with_no_taskflow', 'dataset_s3_bucket_producer_with_no_taskflow', 'dataset_s3_bucket_consumer_with_no_taskflow', 'dataset_alias_example_alias_consumer_with_no_taskflow' retrieved from /home/airflow/.local/lib/python3.12/site-packages/airflow/example_dags/example_dataset_alias_with_no_taskflow.py
[2025-06-12T12:19:20.322+0000] {logging_mixin.py:190} INFO - [2025-06-12T12:19:20.322+0000] {dag.py:3239} INFO - Sync 4 DAGs
[2025-06-12T12:19:20.337+0000] {logging_mixin.py:190} INFO - [2025-06-12T12:19:20.337+0000] {dag.py:4180} INFO - Setting next_dagrun for dataset_alias_example_alias_consumer_with_no_taskflow to None, run_after=None
[2025-06-12T12:19:20.339+0000] {logging_mixin.py:190} INFO - [2025-06-12T12:19:20.339+0000] {dag.py:4180} INFO - Setting next_dagrun for dataset_alias_example_alias_producer_with_no_taskflow to None, run_after=None
[2025-06-12T12:19:20.340+0000] {logging_mixin.py:190} INFO - [2025-06-12T12:19:20.340+0000] {dag.py:4180} INFO - Setting next_dagrun for dataset_s3_bucket_consumer_with_no_taskflow to None, run_after=None
[2025-06-12T12:19:20.341+0000] {logging_mixin.py:190} INFO - [2025-06-12T12:19:20.341+0000] {dag.py:4180} INFO - Setting next_dagrun for dataset_s3_bucket_producer_with_no_taskflow to None, run_after=None
[2025-06-12T12:19:20.356+0000] {processor.py:208} INFO - Processing /home/airflow/.local/lib/python3.12/site-packages/airflow/example_dags/example_dataset_alias_with_no_taskflow.py took 0.470 seconds
[2025-06-12T12:19:51.026+0000] {processor.py:186} INFO - Started process (PID=6117) to work on /home/airflow/.local/lib/python3.12/site-packages/airflow/example_dags/example_dataset_alias_with_no_taskflow.py
[2025-06-12T12:19:51.027+0000] {processor.py:914} INFO - Processing file /home/airflow/.local/lib/python3.12/site-packages/airflow/example_dags/example_dataset_alias_with_no_taskflow.py for tasks to queue
[2025-06-12T12:19:51.029+0000] {logging_mixin.py:190} INFO - [2025-06-12T12:19:51.028+0000] {dagbag.py:588} INFO - Filling up the DagBag from /home/airflow/.local/lib/python3.12/site-packages/airflow/example_dags/example_dataset_alias_with_no_taskflow.py
[2025-06-12T12:19:51.435+0000] {processor.py:925} INFO - DAG(s) 'dataset_s3_bucket_producer_with_no_taskflow', 'dataset_s3_bucket_consumer_with_no_taskflow', 'dataset_alias_example_alias_consumer_with_no_taskflow', 'dataset_alias_example_alias_producer_with_no_taskflow' retrieved from /home/airflow/.local/lib/python3.12/site-packages/airflow/example_dags/example_dataset_alias_with_no_taskflow.py
[2025-06-12T12:19:51.451+0000] {logging_mixin.py:190} INFO - [2025-06-12T12:19:51.451+0000] {dag.py:3239} INFO - Sync 4 DAGs
[2025-06-12T12:19:51.468+0000] {logging_mixin.py:190} INFO - [2025-06-12T12:19:51.468+0000] {dag.py:4180} INFO - Setting next_dagrun for dataset_alias_example_alias_consumer_with_no_taskflow to None, run_after=None
[2025-06-12T12:19:51.470+0000] {logging_mixin.py:190} INFO - [2025-06-12T12:19:51.470+0000] {dag.py:4180} INFO - Setting next_dagrun for dataset_alias_example_alias_producer_with_no_taskflow to None, run_after=None
[2025-06-12T12:19:51.471+0000] {logging_mixin.py:190} INFO - [2025-06-12T12:19:51.471+0000] {dag.py:4180} INFO - Setting next_dagrun for dataset_s3_bucket_consumer_with_no_taskflow to None, run_after=None
[2025-06-12T12:19:51.472+0000] {logging_mixin.py:190} INFO - [2025-06-12T12:19:51.472+0000] {dag.py:4180} INFO - Setting next_dagrun for dataset_s3_bucket_producer_with_no_taskflow to None, run_after=None
[2025-06-12T12:19:51.487+0000] {processor.py:208} INFO - Processing /home/airflow/.local/lib/python3.12/site-packages/airflow/example_dags/example_dataset_alias_with_no_taskflow.py took 0.466 seconds
