[2025-06-12T12:10:01.298+0000] {processor.py:186} INFO - Started process (PID=271) to work on /home/airflow/.local/lib/python3.12/site-packages/airflow/example_dags/example_branch_day_of_week_operator.py
[2025-06-12T12:10:01.299+0000] {processor.py:914} INFO - Processing file /home/airflow/.local/lib/python3.12/site-packages/airflow/example_dags/example_branch_day_of_week_operator.py for tasks to queue
[2025-06-12T12:10:01.301+0000] {logging_mixin.py:190} INFO - [2025-06-12T12:10:01.300+0000] {dagbag.py:588} INFO - Filling up the DagBag from /home/airflow/.local/lib/python3.12/site-packages/airflow/example_dags/example_branch_day_of_week_operator.py
[2025-06-12T12:10:01.310+0000] {processor.py:925} INFO - DAG(s) 'example_weekday_branch_operator' retrieved from /home/airflow/.local/lib/python3.12/site-packages/airflow/example_dags/example_branch_day_of_week_operator.py
[2025-06-12T12:10:01.337+0000] {logging_mixin.py:190} INFO - [2025-06-12T12:10:01.337+0000] {dag.py:3239} INFO - Sync 1 DAGs
[2025-06-12T12:10:01.356+0000] {logging_mixin.py:190} INFO - [2025-06-12T12:10:01.356+0000] {dag.py:4180} INFO - Setting next_dagrun for example_weekday_branch_operator to 2025-06-11 00:00:00+00:00, run_after=2025-06-12 00:00:00+00:00
[2025-06-12T12:10:01.370+0000] {processor.py:208} INFO - Processing /home/airflow/.local/lib/python3.12/site-packages/airflow/example_dags/example_branch_day_of_week_operator.py took 0.077 seconds
[2025-06-12T12:10:31.718+0000] {processor.py:186} INFO - Started process (PID=569) to work on /home/airflow/.local/lib/python3.12/site-packages/airflow/example_dags/example_branch_day_of_week_operator.py
[2025-06-12T12:10:31.719+0000] {processor.py:914} INFO - Processing file /home/airflow/.local/lib/python3.12/site-packages/airflow/example_dags/example_branch_day_of_week_operator.py for tasks to queue
[2025-06-12T12:10:31.721+0000] {logging_mixin.py:190} INFO - [2025-06-12T12:10:31.721+0000] {dagbag.py:588} INFO - Filling up the DagBag from /home/airflow/.local/lib/python3.12/site-packages/airflow/example_dags/example_branch_day_of_week_operator.py
[2025-06-12T12:10:31.732+0000] {processor.py:925} INFO - DAG(s) 'example_weekday_branch_operator' retrieved from /home/airflow/.local/lib/python3.12/site-packages/airflow/example_dags/example_branch_day_of_week_operator.py
[2025-06-12T12:10:31.752+0000] {logging_mixin.py:190} INFO - [2025-06-12T12:10:31.752+0000] {dag.py:3239} INFO - Sync 1 DAGs
[2025-06-12T12:10:31.771+0000] {logging_mixin.py:190} INFO - [2025-06-12T12:10:31.771+0000] {dag.py:4180} INFO - Setting next_dagrun for example_weekday_branch_operator to 2025-06-11 00:00:00+00:00, run_after=2025-06-12 00:00:00+00:00
[2025-06-12T12:10:31.784+0000] {processor.py:208} INFO - Processing /home/airflow/.local/lib/python3.12/site-packages/airflow/example_dags/example_branch_day_of_week_operator.py took 0.073 seconds
[2025-06-12T12:11:01.902+0000] {processor.py:186} INFO - Started process (PID=867) to work on /home/airflow/.local/lib/python3.12/site-packages/airflow/example_dags/example_branch_day_of_week_operator.py
[2025-06-12T12:11:01.903+0000] {processor.py:914} INFO - Processing file /home/airflow/.local/lib/python3.12/site-packages/airflow/example_dags/example_branch_day_of_week_operator.py for tasks to queue
[2025-06-12T12:11:01.905+0000] {logging_mixin.py:190} INFO - [2025-06-12T12:11:01.905+0000] {dagbag.py:588} INFO - Filling up the DagBag from /home/airflow/.local/lib/python3.12/site-packages/airflow/example_dags/example_branch_day_of_week_operator.py
[2025-06-12T12:11:01.913+0000] {processor.py:925} INFO - DAG(s) 'example_weekday_branch_operator' retrieved from /home/airflow/.local/lib/python3.12/site-packages/airflow/example_dags/example_branch_day_of_week_operator.py
[2025-06-12T12:11:01.927+0000] {logging_mixin.py:190} INFO - [2025-06-12T12:11:01.926+0000] {dag.py:3239} INFO - Sync 1 DAGs
[2025-06-12T12:11:01.944+0000] {logging_mixin.py:190} INFO - [2025-06-12T12:11:01.944+0000] {dag.py:4180} INFO - Setting next_dagrun for example_weekday_branch_operator to 2025-06-11 00:00:00+00:00, run_after=2025-06-12 00:00:00+00:00
[2025-06-12T12:11:01.958+0000] {processor.py:208} INFO - Processing /home/airflow/.local/lib/python3.12/site-packages/airflow/example_dags/example_branch_day_of_week_operator.py took 0.060 seconds
[2025-06-12T12:11:32.051+0000] {processor.py:186} INFO - Started process (PID=1161) to work on /home/airflow/.local/lib/python3.12/site-packages/airflow/example_dags/example_branch_day_of_week_operator.py
[2025-06-12T12:11:32.052+0000] {processor.py:914} INFO - Processing file /home/airflow/.local/lib/python3.12/site-packages/airflow/example_dags/example_branch_day_of_week_operator.py for tasks to queue
[2025-06-12T12:11:32.054+0000] {logging_mixin.py:190} INFO - [2025-06-12T12:11:32.053+0000] {dagbag.py:588} INFO - Filling up the DagBag from /home/airflow/.local/lib/python3.12/site-packages/airflow/example_dags/example_branch_day_of_week_operator.py
[2025-06-12T12:11:32.061+0000] {processor.py:925} INFO - DAG(s) 'example_weekday_branch_operator' retrieved from /home/airflow/.local/lib/python3.12/site-packages/airflow/example_dags/example_branch_day_of_week_operator.py
[2025-06-12T12:11:32.075+0000] {logging_mixin.py:190} INFO - [2025-06-12T12:11:32.075+0000] {dag.py:3239} INFO - Sync 1 DAGs
[2025-06-12T12:11:32.092+0000] {logging_mixin.py:190} INFO - [2025-06-12T12:11:32.092+0000] {dag.py:4180} INFO - Setting next_dagrun for example_weekday_branch_operator to 2025-06-11 00:00:00+00:00, run_after=2025-06-12 00:00:00+00:00
[2025-06-12T12:11:32.104+0000] {processor.py:208} INFO - Processing /home/airflow/.local/lib/python3.12/site-packages/airflow/example_dags/example_branch_day_of_week_operator.py took 0.058 seconds
[2025-06-12T12:12:02.244+0000] {processor.py:186} INFO - Started process (PID=1459) to work on /home/airflow/.local/lib/python3.12/site-packages/airflow/example_dags/example_branch_day_of_week_operator.py
[2025-06-12T12:12:02.244+0000] {processor.py:914} INFO - Processing file /home/airflow/.local/lib/python3.12/site-packages/airflow/example_dags/example_branch_day_of_week_operator.py for tasks to queue
[2025-06-12T12:12:02.246+0000] {logging_mixin.py:190} INFO - [2025-06-12T12:12:02.246+0000] {dagbag.py:588} INFO - Filling up the DagBag from /home/airflow/.local/lib/python3.12/site-packages/airflow/example_dags/example_branch_day_of_week_operator.py
[2025-06-12T12:12:02.253+0000] {processor.py:925} INFO - DAG(s) 'example_weekday_branch_operator' retrieved from /home/airflow/.local/lib/python3.12/site-packages/airflow/example_dags/example_branch_day_of_week_operator.py
[2025-06-12T12:12:02.267+0000] {logging_mixin.py:190} INFO - [2025-06-12T12:12:02.267+0000] {dag.py:3239} INFO - Sync 1 DAGs
[2025-06-12T12:12:02.285+0000] {logging_mixin.py:190} INFO - [2025-06-12T12:12:02.285+0000] {dag.py:4180} INFO - Setting next_dagrun for example_weekday_branch_operator to 2025-06-11 00:00:00+00:00, run_after=2025-06-12 00:00:00+00:00
[2025-06-12T12:12:02.298+0000] {processor.py:208} INFO - Processing /home/airflow/.local/lib/python3.12/site-packages/airflow/example_dags/example_branch_day_of_week_operator.py took 0.060 seconds
[2025-06-12T12:12:32.420+0000] {processor.py:186} INFO - Started process (PID=1755) to work on /home/airflow/.local/lib/python3.12/site-packages/airflow/example_dags/example_branch_day_of_week_operator.py
[2025-06-12T12:12:32.421+0000] {processor.py:914} INFO - Processing file /home/airflow/.local/lib/python3.12/site-packages/airflow/example_dags/example_branch_day_of_week_operator.py for tasks to queue
[2025-06-12T12:12:32.423+0000] {logging_mixin.py:190} INFO - [2025-06-12T12:12:32.423+0000] {dagbag.py:588} INFO - Filling up the DagBag from /home/airflow/.local/lib/python3.12/site-packages/airflow/example_dags/example_branch_day_of_week_operator.py
[2025-06-12T12:12:32.431+0000] {processor.py:925} INFO - DAG(s) 'example_weekday_branch_operator' retrieved from /home/airflow/.local/lib/python3.12/site-packages/airflow/example_dags/example_branch_day_of_week_operator.py
[2025-06-12T12:12:32.447+0000] {logging_mixin.py:190} INFO - [2025-06-12T12:12:32.446+0000] {dag.py:3239} INFO - Sync 1 DAGs
[2025-06-12T12:12:32.465+0000] {logging_mixin.py:190} INFO - [2025-06-12T12:12:32.464+0000] {dag.py:4180} INFO - Setting next_dagrun for example_weekday_branch_operator to 2025-06-11 00:00:00+00:00, run_after=2025-06-12 00:00:00+00:00
[2025-06-12T12:12:32.478+0000] {processor.py:208} INFO - Processing /home/airflow/.local/lib/python3.12/site-packages/airflow/example_dags/example_branch_day_of_week_operator.py took 0.063 seconds
[2025-06-12T12:13:02.536+0000] {processor.py:186} INFO - Started process (PID=2049) to work on /home/airflow/.local/lib/python3.12/site-packages/airflow/example_dags/example_branch_day_of_week_operator.py
[2025-06-12T12:13:02.537+0000] {processor.py:914} INFO - Processing file /home/airflow/.local/lib/python3.12/site-packages/airflow/example_dags/example_branch_day_of_week_operator.py for tasks to queue
[2025-06-12T12:13:02.539+0000] {logging_mixin.py:190} INFO - [2025-06-12T12:13:02.538+0000] {dagbag.py:588} INFO - Filling up the DagBag from /home/airflow/.local/lib/python3.12/site-packages/airflow/example_dags/example_branch_day_of_week_operator.py
[2025-06-12T12:13:02.545+0000] {processor.py:925} INFO - DAG(s) 'example_weekday_branch_operator' retrieved from /home/airflow/.local/lib/python3.12/site-packages/airflow/example_dags/example_branch_day_of_week_operator.py
[2025-06-12T12:13:02.559+0000] {logging_mixin.py:190} INFO - [2025-06-12T12:13:02.559+0000] {dag.py:3239} INFO - Sync 1 DAGs
[2025-06-12T12:13:02.576+0000] {logging_mixin.py:190} INFO - [2025-06-12T12:13:02.576+0000] {dag.py:4180} INFO - Setting next_dagrun for example_weekday_branch_operator to 2025-06-11 00:00:00+00:00, run_after=2025-06-12 00:00:00+00:00
[2025-06-12T12:13:02.589+0000] {processor.py:208} INFO - Processing /home/airflow/.local/lib/python3.12/site-packages/airflow/example_dags/example_branch_day_of_week_operator.py took 0.057 seconds
[2025-06-12T12:13:32.730+0000] {processor.py:186} INFO - Started process (PID=2345) to work on /home/airflow/.local/lib/python3.12/site-packages/airflow/example_dags/example_branch_day_of_week_operator.py
[2025-06-12T12:13:32.730+0000] {processor.py:914} INFO - Processing file /home/airflow/.local/lib/python3.12/site-packages/airflow/example_dags/example_branch_day_of_week_operator.py for tasks to queue
[2025-06-12T12:13:32.732+0000] {logging_mixin.py:190} INFO - [2025-06-12T12:13:32.732+0000] {dagbag.py:588} INFO - Filling up the DagBag from /home/airflow/.local/lib/python3.12/site-packages/airflow/example_dags/example_branch_day_of_week_operator.py
[2025-06-12T12:13:32.740+0000] {processor.py:925} INFO - DAG(s) 'example_weekday_branch_operator' retrieved from /home/airflow/.local/lib/python3.12/site-packages/airflow/example_dags/example_branch_day_of_week_operator.py
[2025-06-12T12:13:32.754+0000] {logging_mixin.py:190} INFO - [2025-06-12T12:13:32.754+0000] {dag.py:3239} INFO - Sync 1 DAGs
[2025-06-12T12:13:32.773+0000] {logging_mixin.py:190} INFO - [2025-06-12T12:13:32.773+0000] {dag.py:4180} INFO - Setting next_dagrun for example_weekday_branch_operator to 2025-06-11 00:00:00+00:00, run_after=2025-06-12 00:00:00+00:00
[2025-06-12T12:13:32.786+0000] {processor.py:208} INFO - Processing /home/airflow/.local/lib/python3.12/site-packages/airflow/example_dags/example_branch_day_of_week_operator.py took 0.061 seconds
[2025-06-12T12:14:03.536+0000] {processor.py:186} INFO - Started process (PID=2641) to work on /home/airflow/.local/lib/python3.12/site-packages/airflow/example_dags/example_branch_day_of_week_operator.py
[2025-06-12T12:14:03.537+0000] {processor.py:914} INFO - Processing file /home/airflow/.local/lib/python3.12/site-packages/airflow/example_dags/example_branch_day_of_week_operator.py for tasks to queue
[2025-06-12T12:14:03.539+0000] {logging_mixin.py:190} INFO - [2025-06-12T12:14:03.538+0000] {dagbag.py:588} INFO - Filling up the DagBag from /home/airflow/.local/lib/python3.12/site-packages/airflow/example_dags/example_branch_day_of_week_operator.py
[2025-06-12T12:14:03.546+0000] {processor.py:925} INFO - DAG(s) 'example_weekday_branch_operator' retrieved from /home/airflow/.local/lib/python3.12/site-packages/airflow/example_dags/example_branch_day_of_week_operator.py
[2025-06-12T12:14:03.562+0000] {logging_mixin.py:190} INFO - [2025-06-12T12:14:03.561+0000] {dag.py:3239} INFO - Sync 1 DAGs
[2025-06-12T12:14:03.582+0000] {logging_mixin.py:190} INFO - [2025-06-12T12:14:03.581+0000] {dag.py:4180} INFO - Setting next_dagrun for example_weekday_branch_operator to 2025-06-11 00:00:00+00:00, run_after=2025-06-12 00:00:00+00:00
[2025-06-12T12:14:03.595+0000] {processor.py:208} INFO - Processing /home/airflow/.local/lib/python3.12/site-packages/airflow/example_dags/example_branch_day_of_week_operator.py took 0.063 seconds
[2025-06-12T12:14:34.335+0000] {processor.py:186} INFO - Started process (PID=2937) to work on /home/airflow/.local/lib/python3.12/site-packages/airflow/example_dags/example_branch_day_of_week_operator.py
[2025-06-12T12:14:34.335+0000] {processor.py:914} INFO - Processing file /home/airflow/.local/lib/python3.12/site-packages/airflow/example_dags/example_branch_day_of_week_operator.py for tasks to queue
[2025-06-12T12:14:34.337+0000] {logging_mixin.py:190} INFO - [2025-06-12T12:14:34.337+0000] {dagbag.py:588} INFO - Filling up the DagBag from /home/airflow/.local/lib/python3.12/site-packages/airflow/example_dags/example_branch_day_of_week_operator.py
[2025-06-12T12:14:34.345+0000] {processor.py:925} INFO - DAG(s) 'example_weekday_branch_operator' retrieved from /home/airflow/.local/lib/python3.12/site-packages/airflow/example_dags/example_branch_day_of_week_operator.py
[2025-06-12T12:14:34.359+0000] {logging_mixin.py:190} INFO - [2025-06-12T12:14:34.358+0000] {dag.py:3239} INFO - Sync 1 DAGs
[2025-06-12T12:14:34.376+0000] {logging_mixin.py:190} INFO - [2025-06-12T12:14:34.376+0000] {dag.py:4180} INFO - Setting next_dagrun for example_weekday_branch_operator to 2025-06-11 00:00:00+00:00, run_after=2025-06-12 00:00:00+00:00
[2025-06-12T12:14:34.389+0000] {processor.py:208} INFO - Processing /home/airflow/.local/lib/python3.12/site-packages/airflow/example_dags/example_branch_day_of_week_operator.py took 0.059 seconds
[2025-06-12T12:15:05.113+0000] {processor.py:186} INFO - Started process (PID=3233) to work on /home/airflow/.local/lib/python3.12/site-packages/airflow/example_dags/example_branch_day_of_week_operator.py
[2025-06-12T12:15:05.114+0000] {processor.py:914} INFO - Processing file /home/airflow/.local/lib/python3.12/site-packages/airflow/example_dags/example_branch_day_of_week_operator.py for tasks to queue
[2025-06-12T12:15:05.115+0000] {logging_mixin.py:190} INFO - [2025-06-12T12:15:05.115+0000] {dagbag.py:588} INFO - Filling up the DagBag from /home/airflow/.local/lib/python3.12/site-packages/airflow/example_dags/example_branch_day_of_week_operator.py
[2025-06-12T12:15:05.123+0000] {processor.py:925} INFO - DAG(s) 'example_weekday_branch_operator' retrieved from /home/airflow/.local/lib/python3.12/site-packages/airflow/example_dags/example_branch_day_of_week_operator.py
[2025-06-12T12:15:05.138+0000] {logging_mixin.py:190} INFO - [2025-06-12T12:15:05.138+0000] {dag.py:3239} INFO - Sync 1 DAGs
[2025-06-12T12:15:05.157+0000] {logging_mixin.py:190} INFO - [2025-06-12T12:15:05.157+0000] {dag.py:4180} INFO - Setting next_dagrun for example_weekday_branch_operator to 2025-06-11 00:00:00+00:00, run_after=2025-06-12 00:00:00+00:00
[2025-06-12T12:15:05.173+0000] {processor.py:208} INFO - Processing /home/airflow/.local/lib/python3.12/site-packages/airflow/example_dags/example_branch_day_of_week_operator.py took 0.065 seconds
[2025-06-12T12:15:35.751+0000] {processor.py:186} INFO - Started process (PID=3529) to work on /home/airflow/.local/lib/python3.12/site-packages/airflow/example_dags/example_branch_day_of_week_operator.py
[2025-06-12T12:15:35.752+0000] {processor.py:914} INFO - Processing file /home/airflow/.local/lib/python3.12/site-packages/airflow/example_dags/example_branch_day_of_week_operator.py for tasks to queue
[2025-06-12T12:15:35.753+0000] {logging_mixin.py:190} INFO - [2025-06-12T12:15:35.753+0000] {dagbag.py:588} INFO - Filling up the DagBag from /home/airflow/.local/lib/python3.12/site-packages/airflow/example_dags/example_branch_day_of_week_operator.py
[2025-06-12T12:15:35.762+0000] {processor.py:925} INFO - DAG(s) 'example_weekday_branch_operator' retrieved from /home/airflow/.local/lib/python3.12/site-packages/airflow/example_dags/example_branch_day_of_week_operator.py
[2025-06-12T12:15:35.776+0000] {logging_mixin.py:190} INFO - [2025-06-12T12:15:35.776+0000] {dag.py:3239} INFO - Sync 1 DAGs
[2025-06-12T12:15:35.797+0000] {logging_mixin.py:190} INFO - [2025-06-12T12:15:35.797+0000] {dag.py:4180} INFO - Setting next_dagrun for example_weekday_branch_operator to 2025-06-11 00:00:00+00:00, run_after=2025-06-12 00:00:00+00:00
[2025-06-12T12:15:35.812+0000] {processor.py:208} INFO - Processing /home/airflow/.local/lib/python3.12/site-packages/airflow/example_dags/example_branch_day_of_week_operator.py took 0.065 seconds
[2025-06-12T12:16:06.115+0000] {processor.py:186} INFO - Started process (PID=3825) to work on /home/airflow/.local/lib/python3.12/site-packages/airflow/example_dags/example_branch_day_of_week_operator.py
[2025-06-12T12:16:06.115+0000] {processor.py:914} INFO - Processing file /home/airflow/.local/lib/python3.12/site-packages/airflow/example_dags/example_branch_day_of_week_operator.py for tasks to queue
[2025-06-12T12:16:06.117+0000] {logging_mixin.py:190} INFO - [2025-06-12T12:16:06.117+0000] {dagbag.py:588} INFO - Filling up the DagBag from /home/airflow/.local/lib/python3.12/site-packages/airflow/example_dags/example_branch_day_of_week_operator.py
[2025-06-12T12:16:06.124+0000] {processor.py:925} INFO - DAG(s) 'example_weekday_branch_operator' retrieved from /home/airflow/.local/lib/python3.12/site-packages/airflow/example_dags/example_branch_day_of_week_operator.py
[2025-06-12T12:16:06.138+0000] {logging_mixin.py:190} INFO - [2025-06-12T12:16:06.138+0000] {dag.py:3239} INFO - Sync 1 DAGs
[2025-06-12T12:16:06.156+0000] {logging_mixin.py:190} INFO - [2025-06-12T12:16:06.156+0000] {dag.py:4180} INFO - Setting next_dagrun for example_weekday_branch_operator to 2025-06-11 00:00:00+00:00, run_after=2025-06-12 00:00:00+00:00
[2025-06-12T12:16:06.172+0000] {processor.py:208} INFO - Processing /home/airflow/.local/lib/python3.12/site-packages/airflow/example_dags/example_branch_day_of_week_operator.py took 0.062 seconds
[2025-06-12T12:16:37.027+0000] {processor.py:186} INFO - Started process (PID=4121) to work on /home/airflow/.local/lib/python3.12/site-packages/airflow/example_dags/example_branch_day_of_week_operator.py
[2025-06-12T12:16:37.028+0000] {processor.py:914} INFO - Processing file /home/airflow/.local/lib/python3.12/site-packages/airflow/example_dags/example_branch_day_of_week_operator.py for tasks to queue
[2025-06-12T12:16:37.029+0000] {logging_mixin.py:190} INFO - [2025-06-12T12:16:37.029+0000] {dagbag.py:588} INFO - Filling up the DagBag from /home/airflow/.local/lib/python3.12/site-packages/airflow/example_dags/example_branch_day_of_week_operator.py
[2025-06-12T12:16:37.042+0000] {processor.py:925} INFO - DAG(s) 'example_weekday_branch_operator' retrieved from /home/airflow/.local/lib/python3.12/site-packages/airflow/example_dags/example_branch_day_of_week_operator.py
[2025-06-12T12:16:37.058+0000] {logging_mixin.py:190} INFO - [2025-06-12T12:16:37.057+0000] {dag.py:3239} INFO - Sync 1 DAGs
[2025-06-12T12:16:37.076+0000] {logging_mixin.py:190} INFO - [2025-06-12T12:16:37.076+0000] {dag.py:4180} INFO - Setting next_dagrun for example_weekday_branch_operator to 2025-06-11 00:00:00+00:00, run_after=2025-06-12 00:00:00+00:00
[2025-06-12T12:16:37.090+0000] {processor.py:208} INFO - Processing /home/airflow/.local/lib/python3.12/site-packages/airflow/example_dags/example_branch_day_of_week_operator.py took 0.067 seconds
[2025-06-12T12:17:07.591+0000] {processor.py:186} INFO - Started process (PID=4417) to work on /home/airflow/.local/lib/python3.12/site-packages/airflow/example_dags/example_branch_day_of_week_operator.py
[2025-06-12T12:17:07.592+0000] {processor.py:914} INFO - Processing file /home/airflow/.local/lib/python3.12/site-packages/airflow/example_dags/example_branch_day_of_week_operator.py for tasks to queue
[2025-06-12T12:17:07.594+0000] {logging_mixin.py:190} INFO - [2025-06-12T12:17:07.593+0000] {dagbag.py:588} INFO - Filling up the DagBag from /home/airflow/.local/lib/python3.12/site-packages/airflow/example_dags/example_branch_day_of_week_operator.py
[2025-06-12T12:17:07.601+0000] {processor.py:925} INFO - DAG(s) 'example_weekday_branch_operator' retrieved from /home/airflow/.local/lib/python3.12/site-packages/airflow/example_dags/example_branch_day_of_week_operator.py
[2025-06-12T12:17:07.616+0000] {logging_mixin.py:190} INFO - [2025-06-12T12:17:07.616+0000] {dag.py:3239} INFO - Sync 1 DAGs
[2025-06-12T12:17:07.636+0000] {logging_mixin.py:190} INFO - [2025-06-12T12:17:07.636+0000] {dag.py:4180} INFO - Setting next_dagrun for example_weekday_branch_operator to 2025-06-11 00:00:00+00:00, run_after=2025-06-12 00:00:00+00:00
[2025-06-12T12:17:07.649+0000] {processor.py:208} INFO - Processing /home/airflow/.local/lib/python3.12/site-packages/airflow/example_dags/example_branch_day_of_week_operator.py took 0.063 seconds
[2025-06-12T12:17:38.187+0000] {processor.py:186} INFO - Started process (PID=4713) to work on /home/airflow/.local/lib/python3.12/site-packages/airflow/example_dags/example_branch_day_of_week_operator.py
[2025-06-12T12:17:38.188+0000] {processor.py:914} INFO - Processing file /home/airflow/.local/lib/python3.12/site-packages/airflow/example_dags/example_branch_day_of_week_operator.py for tasks to queue
[2025-06-12T12:17:38.190+0000] {logging_mixin.py:190} INFO - [2025-06-12T12:17:38.189+0000] {dagbag.py:588} INFO - Filling up the DagBag from /home/airflow/.local/lib/python3.12/site-packages/airflow/example_dags/example_branch_day_of_week_operator.py
[2025-06-12T12:17:38.198+0000] {processor.py:925} INFO - DAG(s) 'example_weekday_branch_operator' retrieved from /home/airflow/.local/lib/python3.12/site-packages/airflow/example_dags/example_branch_day_of_week_operator.py
[2025-06-12T12:17:38.213+0000] {logging_mixin.py:190} INFO - [2025-06-12T12:17:38.213+0000] {dag.py:3239} INFO - Sync 1 DAGs
[2025-06-12T12:17:38.231+0000] {logging_mixin.py:190} INFO - [2025-06-12T12:17:38.231+0000] {dag.py:4180} INFO - Setting next_dagrun for example_weekday_branch_operator to 2025-06-11 00:00:00+00:00, run_after=2025-06-12 00:00:00+00:00
[2025-06-12T12:17:38.244+0000] {processor.py:208} INFO - Processing /home/airflow/.local/lib/python3.12/site-packages/airflow/example_dags/example_branch_day_of_week_operator.py took 0.062 seconds
[2025-06-12T12:18:08.728+0000] {processor.py:186} INFO - Started process (PID=5009) to work on /home/airflow/.local/lib/python3.12/site-packages/airflow/example_dags/example_branch_day_of_week_operator.py
[2025-06-12T12:18:08.729+0000] {processor.py:914} INFO - Processing file /home/airflow/.local/lib/python3.12/site-packages/airflow/example_dags/example_branch_day_of_week_operator.py for tasks to queue
[2025-06-12T12:18:08.731+0000] {logging_mixin.py:190} INFO - [2025-06-12T12:18:08.731+0000] {dagbag.py:588} INFO - Filling up the DagBag from /home/airflow/.local/lib/python3.12/site-packages/airflow/example_dags/example_branch_day_of_week_operator.py
[2025-06-12T12:18:08.738+0000] {processor.py:925} INFO - DAG(s) 'example_weekday_branch_operator' retrieved from /home/airflow/.local/lib/python3.12/site-packages/airflow/example_dags/example_branch_day_of_week_operator.py
[2025-06-12T12:18:08.753+0000] {logging_mixin.py:190} INFO - [2025-06-12T12:18:08.752+0000] {dag.py:3239} INFO - Sync 1 DAGs
[2025-06-12T12:18:08.771+0000] {logging_mixin.py:190} INFO - [2025-06-12T12:18:08.771+0000] {dag.py:4180} INFO - Setting next_dagrun for example_weekday_branch_operator to 2025-06-11 00:00:00+00:00, run_after=2025-06-12 00:00:00+00:00
[2025-06-12T12:18:08.785+0000] {processor.py:208} INFO - Processing /home/airflow/.local/lib/python3.12/site-packages/airflow/example_dags/example_branch_day_of_week_operator.py took 0.061 seconds
[2025-06-12T12:18:39.366+0000] {processor.py:186} INFO - Started process (PID=5305) to work on /home/airflow/.local/lib/python3.12/site-packages/airflow/example_dags/example_branch_day_of_week_operator.py
[2025-06-12T12:18:39.367+0000] {processor.py:914} INFO - Processing file /home/airflow/.local/lib/python3.12/site-packages/airflow/example_dags/example_branch_day_of_week_operator.py for tasks to queue
[2025-06-12T12:18:39.368+0000] {logging_mixin.py:190} INFO - [2025-06-12T12:18:39.368+0000] {dagbag.py:588} INFO - Filling up the DagBag from /home/airflow/.local/lib/python3.12/site-packages/airflow/example_dags/example_branch_day_of_week_operator.py
[2025-06-12T12:18:39.376+0000] {processor.py:925} INFO - DAG(s) 'example_weekday_branch_operator' retrieved from /home/airflow/.local/lib/python3.12/site-packages/airflow/example_dags/example_branch_day_of_week_operator.py
[2025-06-12T12:18:39.390+0000] {logging_mixin.py:190} INFO - [2025-06-12T12:18:39.390+0000] {dag.py:3239} INFO - Sync 1 DAGs
[2025-06-12T12:18:39.407+0000] {logging_mixin.py:190} INFO - [2025-06-12T12:18:39.407+0000] {dag.py:4180} INFO - Setting next_dagrun for example_weekday_branch_operator to 2025-06-11 00:00:00+00:00, run_after=2025-06-12 00:00:00+00:00
[2025-06-12T12:18:39.420+0000] {processor.py:208} INFO - Processing /home/airflow/.local/lib/python3.12/site-packages/airflow/example_dags/example_branch_day_of_week_operator.py took 0.059 seconds
[2025-06-12T12:19:10.003+0000] {processor.py:186} INFO - Started process (PID=5603) to work on /home/airflow/.local/lib/python3.12/site-packages/airflow/example_dags/example_branch_day_of_week_operator.py
[2025-06-12T12:19:10.004+0000] {processor.py:914} INFO - Processing file /home/airflow/.local/lib/python3.12/site-packages/airflow/example_dags/example_branch_day_of_week_operator.py for tasks to queue
[2025-06-12T12:19:10.006+0000] {logging_mixin.py:190} INFO - [2025-06-12T12:19:10.006+0000] {dagbag.py:588} INFO - Filling up the DagBag from /home/airflow/.local/lib/python3.12/site-packages/airflow/example_dags/example_branch_day_of_week_operator.py
[2025-06-12T12:19:10.014+0000] {processor.py:925} INFO - DAG(s) 'example_weekday_branch_operator' retrieved from /home/airflow/.local/lib/python3.12/site-packages/airflow/example_dags/example_branch_day_of_week_operator.py
[2025-06-12T12:19:10.028+0000] {logging_mixin.py:190} INFO - [2025-06-12T12:19:10.028+0000] {dag.py:3239} INFO - Sync 1 DAGs
[2025-06-12T12:19:10.046+0000] {logging_mixin.py:190} INFO - [2025-06-12T12:19:10.046+0000] {dag.py:4180} INFO - Setting next_dagrun for example_weekday_branch_operator to 2025-06-11 00:00:00+00:00, run_after=2025-06-12 00:00:00+00:00
[2025-06-12T12:19:10.059+0000] {processor.py:208} INFO - Processing /home/airflow/.local/lib/python3.12/site-packages/airflow/example_dags/example_branch_day_of_week_operator.py took 0.062 seconds
[2025-06-12T12:19:40.111+0000] {processor.py:186} INFO - Started process (PID=5897) to work on /home/airflow/.local/lib/python3.12/site-packages/airflow/example_dags/example_branch_day_of_week_operator.py
[2025-06-12T12:19:40.112+0000] {processor.py:914} INFO - Processing file /home/airflow/.local/lib/python3.12/site-packages/airflow/example_dags/example_branch_day_of_week_operator.py for tasks to queue
[2025-06-12T12:19:40.114+0000] {logging_mixin.py:190} INFO - [2025-06-12T12:19:40.113+0000] {dagbag.py:588} INFO - Filling up the DagBag from /home/airflow/.local/lib/python3.12/site-packages/airflow/example_dags/example_branch_day_of_week_operator.py
[2025-06-12T12:19:40.121+0000] {processor.py:925} INFO - DAG(s) 'example_weekday_branch_operator' retrieved from /home/airflow/.local/lib/python3.12/site-packages/airflow/example_dags/example_branch_day_of_week_operator.py
[2025-06-12T12:19:40.134+0000] {logging_mixin.py:190} INFO - [2025-06-12T12:19:40.134+0000] {dag.py:3239} INFO - Sync 1 DAGs
[2025-06-12T12:19:40.152+0000] {logging_mixin.py:190} INFO - [2025-06-12T12:19:40.151+0000] {dag.py:4180} INFO - Setting next_dagrun for example_weekday_branch_operator to 2025-06-11 00:00:00+00:00, run_after=2025-06-12 00:00:00+00:00
[2025-06-12T12:19:40.164+0000] {processor.py:208} INFO - Processing /home/airflow/.local/lib/python3.12/site-packages/airflow/example_dags/example_branch_day_of_week_operator.py took 0.057 seconds
