[2025-06-12T12:10:02.150+0000] {processor.py:186} INFO - Started process (PID=343) to work on /home/airflow/.local/lib/python3.12/site-packages/airflow/example_dags/example_inlet_event_extra.py
[2025-06-12T12:10:02.151+0000] {processor.py:914} INFO - Processing file /home/airflow/.local/lib/python3.12/site-packages/airflow/example_dags/example_inlet_event_extra.py for tasks to queue
[2025-06-12T12:10:02.153+0000] {logging_mixin.py:190} INFO - [2025-06-12T12:10:02.152+0000] {dagbag.py:588} INFO - Filling up the DagBag from /home/airflow/.local/lib/python3.12/site-packages/airflow/example_dags/example_inlet_event_extra.py
[2025-06-12T12:10:02.454+0000] {processor.py:925} INFO - DAG(s) 'read_dataset_event', 'read_dataset_event_from_classic' retrieved from /home/airflow/.local/lib/python3.12/site-packages/airflow/example_dags/example_inlet_event_extra.py
[2025-06-12T12:10:02.473+0000] {logging_mixin.py:190} INFO - [2025-06-12T12:10:02.472+0000] {dag.py:3239} INFO - Sync 2 DAGs
[2025-06-12T12:10:02.493+0000] {logging_mixin.py:190} INFO - [2025-06-12T12:10:02.493+0000] {dag.py:4180} INFO - Setting next_dagrun for read_dataset_event to 2025-06-11 00:00:00+00:00, run_after=2025-06-12 00:00:00+00:00
[2025-06-12T12:10:02.498+0000] {logging_mixin.py:190} INFO - [2025-06-12T12:10:02.498+0000] {dag.py:4180} INFO - Setting next_dagrun for read_dataset_event_from_classic to 2025-06-11 00:00:00+00:00, run_after=2025-06-12 00:00:00+00:00
[2025-06-12T12:10:02.511+0000] {processor.py:208} INFO - Processing /home/airflow/.local/lib/python3.12/site-packages/airflow/example_dags/example_inlet_event_extra.py took 0.365 seconds
[2025-06-12T12:10:33.396+0000] {processor.py:186} INFO - Started process (PID=641) to work on /home/airflow/.local/lib/python3.12/site-packages/airflow/example_dags/example_inlet_event_extra.py
[2025-06-12T12:10:33.397+0000] {processor.py:914} INFO - Processing file /home/airflow/.local/lib/python3.12/site-packages/airflow/example_dags/example_inlet_event_extra.py for tasks to queue
[2025-06-12T12:10:33.399+0000] {logging_mixin.py:190} INFO - [2025-06-12T12:10:33.399+0000] {dagbag.py:588} INFO - Filling up the DagBag from /home/airflow/.local/lib/python3.12/site-packages/airflow/example_dags/example_inlet_event_extra.py
[2025-06-12T12:10:33.845+0000] {processor.py:925} INFO - DAG(s) 'read_dataset_event_from_classic', 'read_dataset_event' retrieved from /home/airflow/.local/lib/python3.12/site-packages/airflow/example_dags/example_inlet_event_extra.py
[2025-06-12T12:10:33.860+0000] {logging_mixin.py:190} INFO - [2025-06-12T12:10:33.860+0000] {dag.py:3239} INFO - Sync 2 DAGs
[2025-06-12T12:10:33.877+0000] {logging_mixin.py:190} INFO - [2025-06-12T12:10:33.877+0000] {dag.py:4180} INFO - Setting next_dagrun for read_dataset_event to 2025-06-11 00:00:00+00:00, run_after=2025-06-12 00:00:00+00:00
[2025-06-12T12:10:33.881+0000] {logging_mixin.py:190} INFO - [2025-06-12T12:10:33.881+0000] {dag.py:4180} INFO - Setting next_dagrun for read_dataset_event_from_classic to 2025-06-11 00:00:00+00:00, run_after=2025-06-12 00:00:00+00:00
[2025-06-12T12:10:33.892+0000] {processor.py:208} INFO - Processing /home/airflow/.local/lib/python3.12/site-packages/airflow/example_dags/example_inlet_event_extra.py took 0.501 seconds
[2025-06-12T12:11:03.993+0000] {processor.py:186} INFO - Started process (PID=962) to work on /home/airflow/.local/lib/python3.12/site-packages/airflow/example_dags/example_inlet_event_extra.py
[2025-06-12T12:11:03.993+0000] {processor.py:914} INFO - Processing file /home/airflow/.local/lib/python3.12/site-packages/airflow/example_dags/example_inlet_event_extra.py for tasks to queue
[2025-06-12T12:11:03.995+0000] {logging_mixin.py:190} INFO - [2025-06-12T12:11:03.995+0000] {dagbag.py:588} INFO - Filling up the DagBag from /home/airflow/.local/lib/python3.12/site-packages/airflow/example_dags/example_inlet_event_extra.py
[2025-06-12T12:11:04.385+0000] {processor.py:925} INFO - DAG(s) 'read_dataset_event_from_classic', 'read_dataset_event' retrieved from /home/airflow/.local/lib/python3.12/site-packages/airflow/example_dags/example_inlet_event_extra.py
[2025-06-12T12:11:04.399+0000] {logging_mixin.py:190} INFO - [2025-06-12T12:11:04.399+0000] {dag.py:3239} INFO - Sync 2 DAGs
[2025-06-12T12:11:04.416+0000] {logging_mixin.py:190} INFO - [2025-06-12T12:11:04.416+0000] {dag.py:4180} INFO - Setting next_dagrun for read_dataset_event to 2025-06-11 00:00:00+00:00, run_after=2025-06-12 00:00:00+00:00
[2025-06-12T12:11:04.419+0000] {logging_mixin.py:190} INFO - [2025-06-12T12:11:04.419+0000] {dag.py:4180} INFO - Setting next_dagrun for read_dataset_event_from_classic to 2025-06-11 00:00:00+00:00, run_after=2025-06-12 00:00:00+00:00
[2025-06-12T12:11:04.431+0000] {processor.py:208} INFO - Processing /home/airflow/.local/lib/python3.12/site-packages/airflow/example_dags/example_inlet_event_extra.py took 0.442 seconds
[2025-06-12T12:11:35.089+0000] {processor.py:186} INFO - Started process (PID=1258) to work on /home/airflow/.local/lib/python3.12/site-packages/airflow/example_dags/example_inlet_event_extra.py
[2025-06-12T12:11:35.090+0000] {processor.py:914} INFO - Processing file /home/airflow/.local/lib/python3.12/site-packages/airflow/example_dags/example_inlet_event_extra.py for tasks to queue
[2025-06-12T12:11:35.092+0000] {logging_mixin.py:190} INFO - [2025-06-12T12:11:35.092+0000] {dagbag.py:588} INFO - Filling up the DagBag from /home/airflow/.local/lib/python3.12/site-packages/airflow/example_dags/example_inlet_event_extra.py
[2025-06-12T12:11:35.408+0000] {processor.py:925} INFO - DAG(s) 'read_dataset_event_from_classic', 'read_dataset_event' retrieved from /home/airflow/.local/lib/python3.12/site-packages/airflow/example_dags/example_inlet_event_extra.py
[2025-06-12T12:11:35.553+0000] {logging_mixin.py:190} INFO - [2025-06-12T12:11:35.553+0000] {dag.py:3239} INFO - Sync 2 DAGs
[2025-06-12T12:11:35.572+0000] {logging_mixin.py:190} INFO - [2025-06-12T12:11:35.572+0000] {dag.py:4180} INFO - Setting next_dagrun for read_dataset_event to 2025-06-11 00:00:00+00:00, run_after=2025-06-12 00:00:00+00:00
[2025-06-12T12:11:35.576+0000] {logging_mixin.py:190} INFO - [2025-06-12T12:11:35.576+0000] {dag.py:4180} INFO - Setting next_dagrun for read_dataset_event_from_classic to 2025-06-11 00:00:00+00:00, run_after=2025-06-12 00:00:00+00:00
[2025-06-12T12:11:35.590+0000] {processor.py:208} INFO - Processing /home/airflow/.local/lib/python3.12/site-packages/airflow/example_dags/example_inlet_event_extra.py took 0.505 seconds
[2025-06-12T12:12:06.446+0000] {processor.py:186} INFO - Started process (PID=1574) to work on /home/airflow/.local/lib/python3.12/site-packages/airflow/example_dags/example_inlet_event_extra.py
[2025-06-12T12:12:06.447+0000] {processor.py:914} INFO - Processing file /home/airflow/.local/lib/python3.12/site-packages/airflow/example_dags/example_inlet_event_extra.py for tasks to queue
[2025-06-12T12:12:06.450+0000] {logging_mixin.py:190} INFO - [2025-06-12T12:12:06.449+0000] {dagbag.py:588} INFO - Filling up the DagBag from /home/airflow/.local/lib/python3.12/site-packages/airflow/example_dags/example_inlet_event_extra.py
[2025-06-12T12:12:06.718+0000] {processor.py:925} INFO - DAG(s) 'read_dataset_event', 'read_dataset_event_from_classic' retrieved from /home/airflow/.local/lib/python3.12/site-packages/airflow/example_dags/example_inlet_event_extra.py
[2025-06-12T12:12:06.852+0000] {logging_mixin.py:190} INFO - [2025-06-12T12:12:06.852+0000] {dag.py:3239} INFO - Sync 2 DAGs
[2025-06-12T12:12:06.870+0000] {logging_mixin.py:190} INFO - [2025-06-12T12:12:06.870+0000] {dag.py:4180} INFO - Setting next_dagrun for read_dataset_event to 2025-06-11 00:00:00+00:00, run_after=2025-06-12 00:00:00+00:00
[2025-06-12T12:12:06.873+0000] {logging_mixin.py:190} INFO - [2025-06-12T12:12:06.873+0000] {dag.py:4180} INFO - Setting next_dagrun for read_dataset_event_from_classic to 2025-06-11 00:00:00+00:00, run_after=2025-06-12 00:00:00+00:00
[2025-06-12T12:12:06.892+0000] {processor.py:208} INFO - Processing /home/airflow/.local/lib/python3.12/site-packages/airflow/example_dags/example_inlet_event_extra.py took 0.451 seconds
[2025-06-12T12:12:37.618+0000] {processor.py:186} INFO - Started process (PID=1870) to work on /home/airflow/.local/lib/python3.12/site-packages/airflow/example_dags/example_inlet_event_extra.py
[2025-06-12T12:12:37.620+0000] {processor.py:914} INFO - Processing file /home/airflow/.local/lib/python3.12/site-packages/airflow/example_dags/example_inlet_event_extra.py for tasks to queue
[2025-06-12T12:12:37.623+0000] {logging_mixin.py:190} INFO - [2025-06-12T12:12:37.623+0000] {dagbag.py:588} INFO - Filling up the DagBag from /home/airflow/.local/lib/python3.12/site-packages/airflow/example_dags/example_inlet_event_extra.py
[2025-06-12T12:12:37.915+0000] {processor.py:925} INFO - DAG(s) 'read_dataset_event_from_classic', 'read_dataset_event' retrieved from /home/airflow/.local/lib/python3.12/site-packages/airflow/example_dags/example_inlet_event_extra.py
[2025-06-12T12:12:37.933+0000] {logging_mixin.py:190} INFO - [2025-06-12T12:12:37.933+0000] {dag.py:3239} INFO - Sync 2 DAGs
[2025-06-12T12:12:38.076+0000] {logging_mixin.py:190} INFO - [2025-06-12T12:12:38.075+0000] {dag.py:4180} INFO - Setting next_dagrun for read_dataset_event to 2025-06-11 00:00:00+00:00, run_after=2025-06-12 00:00:00+00:00
[2025-06-12T12:12:38.079+0000] {logging_mixin.py:190} INFO - [2025-06-12T12:12:38.079+0000] {dag.py:4180} INFO - Setting next_dagrun for read_dataset_event_from_classic to 2025-06-11 00:00:00+00:00, run_after=2025-06-12 00:00:00+00:00
[2025-06-12T12:12:38.092+0000] {processor.py:208} INFO - Processing /home/airflow/.local/lib/python3.12/site-packages/airflow/example_dags/example_inlet_event_extra.py took 0.478 seconds
[2025-06-12T12:13:08.665+0000] {processor.py:186} INFO - Started process (PID=2166) to work on /home/airflow/.local/lib/python3.12/site-packages/airflow/example_dags/example_inlet_event_extra.py
[2025-06-12T12:13:08.666+0000] {processor.py:914} INFO - Processing file /home/airflow/.local/lib/python3.12/site-packages/airflow/example_dags/example_inlet_event_extra.py for tasks to queue
[2025-06-12T12:13:08.668+0000] {logging_mixin.py:190} INFO - [2025-06-12T12:13:08.668+0000] {dagbag.py:588} INFO - Filling up the DagBag from /home/airflow/.local/lib/python3.12/site-packages/airflow/example_dags/example_inlet_event_extra.py
[2025-06-12T12:13:09.085+0000] {processor.py:925} INFO - DAG(s) 'read_dataset_event', 'read_dataset_event_from_classic' retrieved from /home/airflow/.local/lib/python3.12/site-packages/airflow/example_dags/example_inlet_event_extra.py
[2025-06-12T12:13:09.098+0000] {logging_mixin.py:190} INFO - [2025-06-12T12:13:09.098+0000] {dag.py:3239} INFO - Sync 2 DAGs
[2025-06-12T12:13:09.118+0000] {logging_mixin.py:190} INFO - [2025-06-12T12:13:09.118+0000] {dag.py:4180} INFO - Setting next_dagrun for read_dataset_event to 2025-06-11 00:00:00+00:00, run_after=2025-06-12 00:00:00+00:00
[2025-06-12T12:13:09.122+0000] {logging_mixin.py:190} INFO - [2025-06-12T12:13:09.122+0000] {dag.py:4180} INFO - Setting next_dagrun for read_dataset_event_from_classic to 2025-06-11 00:00:00+00:00, run_after=2025-06-12 00:00:00+00:00
[2025-06-12T12:13:09.133+0000] {processor.py:208} INFO - Processing /home/airflow/.local/lib/python3.12/site-packages/airflow/example_dags/example_inlet_event_extra.py took 0.472 seconds
[2025-06-12T12:13:39.851+0000] {processor.py:186} INFO - Started process (PID=2462) to work on /home/airflow/.local/lib/python3.12/site-packages/airflow/example_dags/example_inlet_event_extra.py
[2025-06-12T12:13:39.852+0000] {processor.py:914} INFO - Processing file /home/airflow/.local/lib/python3.12/site-packages/airflow/example_dags/example_inlet_event_extra.py for tasks to queue
[2025-06-12T12:13:39.854+0000] {logging_mixin.py:190} INFO - [2025-06-12T12:13:39.854+0000] {dagbag.py:588} INFO - Filling up the DagBag from /home/airflow/.local/lib/python3.12/site-packages/airflow/example_dags/example_inlet_event_extra.py
[2025-06-12T12:13:40.232+0000] {processor.py:925} INFO - DAG(s) 'read_dataset_event_from_classic', 'read_dataset_event' retrieved from /home/airflow/.local/lib/python3.12/site-packages/airflow/example_dags/example_inlet_event_extra.py
[2025-06-12T12:13:40.245+0000] {logging_mixin.py:190} INFO - [2025-06-12T12:13:40.245+0000] {dag.py:3239} INFO - Sync 2 DAGs
[2025-06-12T12:13:40.263+0000] {logging_mixin.py:190} INFO - [2025-06-12T12:13:40.263+0000] {dag.py:4180} INFO - Setting next_dagrun for read_dataset_event to 2025-06-11 00:00:00+00:00, run_after=2025-06-12 00:00:00+00:00
[2025-06-12T12:13:40.266+0000] {logging_mixin.py:190} INFO - [2025-06-12T12:13:40.266+0000] {dag.py:4180} INFO - Setting next_dagrun for read_dataset_event_from_classic to 2025-06-11 00:00:00+00:00, run_after=2025-06-12 00:00:00+00:00
[2025-06-12T12:13:40.278+0000] {processor.py:208} INFO - Processing /home/airflow/.local/lib/python3.12/site-packages/airflow/example_dags/example_inlet_event_extra.py took 0.432 seconds
[2025-06-12T12:14:10.629+0000] {processor.py:186} INFO - Started process (PID=2758) to work on /home/airflow/.local/lib/python3.12/site-packages/airflow/example_dags/example_inlet_event_extra.py
[2025-06-12T12:14:10.631+0000] {processor.py:914} INFO - Processing file /home/airflow/.local/lib/python3.12/site-packages/airflow/example_dags/example_inlet_event_extra.py for tasks to queue
[2025-06-12T12:14:10.636+0000] {logging_mixin.py:190} INFO - [2025-06-12T12:14:10.636+0000] {dagbag.py:588} INFO - Filling up the DagBag from /home/airflow/.local/lib/python3.12/site-packages/airflow/example_dags/example_inlet_event_extra.py
[2025-06-12T12:14:11.060+0000] {processor.py:925} INFO - DAG(s) 'read_dataset_event', 'read_dataset_event_from_classic' retrieved from /home/airflow/.local/lib/python3.12/site-packages/airflow/example_dags/example_inlet_event_extra.py
[2025-06-12T12:14:11.075+0000] {logging_mixin.py:190} INFO - [2025-06-12T12:14:11.075+0000] {dag.py:3239} INFO - Sync 2 DAGs
[2025-06-12T12:14:11.094+0000] {logging_mixin.py:190} INFO - [2025-06-12T12:14:11.094+0000] {dag.py:4180} INFO - Setting next_dagrun for read_dataset_event to 2025-06-11 00:00:00+00:00, run_after=2025-06-12 00:00:00+00:00
[2025-06-12T12:14:11.098+0000] {logging_mixin.py:190} INFO - [2025-06-12T12:14:11.098+0000] {dag.py:4180} INFO - Setting next_dagrun for read_dataset_event_from_classic to 2025-06-11 00:00:00+00:00, run_after=2025-06-12 00:00:00+00:00
[2025-06-12T12:14:11.110+0000] {processor.py:208} INFO - Processing /home/airflow/.local/lib/python3.12/site-packages/airflow/example_dags/example_inlet_event_extra.py took 0.490 seconds
[2025-06-12T12:14:41.395+0000] {processor.py:186} INFO - Started process (PID=3054) to work on /home/airflow/.local/lib/python3.12/site-packages/airflow/example_dags/example_inlet_event_extra.py
[2025-06-12T12:14:41.395+0000] {processor.py:914} INFO - Processing file /home/airflow/.local/lib/python3.12/site-packages/airflow/example_dags/example_inlet_event_extra.py for tasks to queue
[2025-06-12T12:14:41.398+0000] {logging_mixin.py:190} INFO - [2025-06-12T12:14:41.397+0000] {dagbag.py:588} INFO - Filling up the DagBag from /home/airflow/.local/lib/python3.12/site-packages/airflow/example_dags/example_inlet_event_extra.py
[2025-06-12T12:14:41.795+0000] {processor.py:925} INFO - DAG(s) 'read_dataset_event_from_classic', 'read_dataset_event' retrieved from /home/airflow/.local/lib/python3.12/site-packages/airflow/example_dags/example_inlet_event_extra.py
[2025-06-12T12:14:41.810+0000] {logging_mixin.py:190} INFO - [2025-06-12T12:14:41.809+0000] {dag.py:3239} INFO - Sync 2 DAGs
[2025-06-12T12:14:41.829+0000] {logging_mixin.py:190} INFO - [2025-06-12T12:14:41.829+0000] {dag.py:4180} INFO - Setting next_dagrun for read_dataset_event to 2025-06-11 00:00:00+00:00, run_after=2025-06-12 00:00:00+00:00
[2025-06-12T12:14:41.834+0000] {logging_mixin.py:190} INFO - [2025-06-12T12:14:41.833+0000] {dag.py:4180} INFO - Setting next_dagrun for read_dataset_event_from_classic to 2025-06-11 00:00:00+00:00, run_after=2025-06-12 00:00:00+00:00
[2025-06-12T12:14:41.847+0000] {processor.py:208} INFO - Processing /home/airflow/.local/lib/python3.12/site-packages/airflow/example_dags/example_inlet_event_extra.py took 0.460 seconds
[2025-06-12T12:15:12.133+0000] {processor.py:186} INFO - Started process (PID=3350) to work on /home/airflow/.local/lib/python3.12/site-packages/airflow/example_dags/example_inlet_event_extra.py
[2025-06-12T12:15:12.134+0000] {processor.py:914} INFO - Processing file /home/airflow/.local/lib/python3.12/site-packages/airflow/example_dags/example_inlet_event_extra.py for tasks to queue
[2025-06-12T12:15:12.136+0000] {logging_mixin.py:190} INFO - [2025-06-12T12:15:12.136+0000] {dagbag.py:588} INFO - Filling up the DagBag from /home/airflow/.local/lib/python3.12/site-packages/airflow/example_dags/example_inlet_event_extra.py
[2025-06-12T12:15:12.521+0000] {processor.py:925} INFO - DAG(s) 'read_dataset_event', 'read_dataset_event_from_classic' retrieved from /home/airflow/.local/lib/python3.12/site-packages/airflow/example_dags/example_inlet_event_extra.py
[2025-06-12T12:15:12.534+0000] {logging_mixin.py:190} INFO - [2025-06-12T12:15:12.534+0000] {dag.py:3239} INFO - Sync 2 DAGs
[2025-06-12T12:15:12.550+0000] {logging_mixin.py:190} INFO - [2025-06-12T12:15:12.550+0000] {dag.py:4180} INFO - Setting next_dagrun for read_dataset_event to 2025-06-11 00:00:00+00:00, run_after=2025-06-12 00:00:00+00:00
[2025-06-12T12:15:12.554+0000] {logging_mixin.py:190} INFO - [2025-06-12T12:15:12.554+0000] {dag.py:4180} INFO - Setting next_dagrun for read_dataset_event_from_classic to 2025-06-11 00:00:00+00:00, run_after=2025-06-12 00:00:00+00:00
[2025-06-12T12:15:12.572+0000] {processor.py:208} INFO - Processing /home/airflow/.local/lib/python3.12/site-packages/airflow/example_dags/example_inlet_event_extra.py took 0.443 seconds
[2025-06-12T12:15:42.890+0000] {processor.py:186} INFO - Started process (PID=3646) to work on /home/airflow/.local/lib/python3.12/site-packages/airflow/example_dags/example_inlet_event_extra.py
[2025-06-12T12:15:42.891+0000] {processor.py:914} INFO - Processing file /home/airflow/.local/lib/python3.12/site-packages/airflow/example_dags/example_inlet_event_extra.py for tasks to queue
[2025-06-12T12:15:42.892+0000] {logging_mixin.py:190} INFO - [2025-06-12T12:15:42.892+0000] {dagbag.py:588} INFO - Filling up the DagBag from /home/airflow/.local/lib/python3.12/site-packages/airflow/example_dags/example_inlet_event_extra.py
[2025-06-12T12:15:43.268+0000] {processor.py:925} INFO - DAG(s) 'read_dataset_event_from_classic', 'read_dataset_event' retrieved from /home/airflow/.local/lib/python3.12/site-packages/airflow/example_dags/example_inlet_event_extra.py
[2025-06-12T12:15:43.282+0000] {logging_mixin.py:190} INFO - [2025-06-12T12:15:43.281+0000] {dag.py:3239} INFO - Sync 2 DAGs
[2025-06-12T12:15:43.299+0000] {logging_mixin.py:190} INFO - [2025-06-12T12:15:43.299+0000] {dag.py:4180} INFO - Setting next_dagrun for read_dataset_event to 2025-06-11 00:00:00+00:00, run_after=2025-06-12 00:00:00+00:00
[2025-06-12T12:15:43.303+0000] {logging_mixin.py:190} INFO - [2025-06-12T12:15:43.302+0000] {dag.py:4180} INFO - Setting next_dagrun for read_dataset_event_from_classic to 2025-06-11 00:00:00+00:00, run_after=2025-06-12 00:00:00+00:00
[2025-06-12T12:15:43.314+0000] {processor.py:208} INFO - Processing /home/airflow/.local/lib/python3.12/site-packages/airflow/example_dags/example_inlet_event_extra.py took 0.429 seconds
[2025-06-12T12:16:14.224+0000] {processor.py:186} INFO - Started process (PID=3942) to work on /home/airflow/.local/lib/python3.12/site-packages/airflow/example_dags/example_inlet_event_extra.py
[2025-06-12T12:16:14.225+0000] {processor.py:914} INFO - Processing file /home/airflow/.local/lib/python3.12/site-packages/airflow/example_dags/example_inlet_event_extra.py for tasks to queue
[2025-06-12T12:16:14.227+0000] {logging_mixin.py:190} INFO - [2025-06-12T12:16:14.227+0000] {dagbag.py:588} INFO - Filling up the DagBag from /home/airflow/.local/lib/python3.12/site-packages/airflow/example_dags/example_inlet_event_extra.py
[2025-06-12T12:16:14.684+0000] {processor.py:925} INFO - DAG(s) 'read_dataset_event', 'read_dataset_event_from_classic' retrieved from /home/airflow/.local/lib/python3.12/site-packages/airflow/example_dags/example_inlet_event_extra.py
[2025-06-12T12:16:14.698+0000] {logging_mixin.py:190} INFO - [2025-06-12T12:16:14.698+0000] {dag.py:3239} INFO - Sync 2 DAGs
[2025-06-12T12:16:14.715+0000] {logging_mixin.py:190} INFO - [2025-06-12T12:16:14.714+0000] {dag.py:4180} INFO - Setting next_dagrun for read_dataset_event to 2025-06-11 00:00:00+00:00, run_after=2025-06-12 00:00:00+00:00
[2025-06-12T12:16:14.718+0000] {logging_mixin.py:190} INFO - [2025-06-12T12:16:14.718+0000] {dag.py:4180} INFO - Setting next_dagrun for read_dataset_event_from_classic to 2025-06-11 00:00:00+00:00, run_after=2025-06-12 00:00:00+00:00
[2025-06-12T12:16:14.728+0000] {processor.py:208} INFO - Processing /home/airflow/.local/lib/python3.12/site-packages/airflow/example_dags/example_inlet_event_extra.py took 0.509 seconds
[2025-06-12T12:16:45.018+0000] {processor.py:186} INFO - Started process (PID=4238) to work on /home/airflow/.local/lib/python3.12/site-packages/airflow/example_dags/example_inlet_event_extra.py
[2025-06-12T12:16:45.018+0000] {processor.py:914} INFO - Processing file /home/airflow/.local/lib/python3.12/site-packages/airflow/example_dags/example_inlet_event_extra.py for tasks to queue
[2025-06-12T12:16:45.020+0000] {logging_mixin.py:190} INFO - [2025-06-12T12:16:45.020+0000] {dagbag.py:588} INFO - Filling up the DagBag from /home/airflow/.local/lib/python3.12/site-packages/airflow/example_dags/example_inlet_event_extra.py
[2025-06-12T12:16:45.452+0000] {processor.py:925} INFO - DAG(s) 'read_dataset_event_from_classic', 'read_dataset_event' retrieved from /home/airflow/.local/lib/python3.12/site-packages/airflow/example_dags/example_inlet_event_extra.py
[2025-06-12T12:16:45.466+0000] {logging_mixin.py:190} INFO - [2025-06-12T12:16:45.466+0000] {dag.py:3239} INFO - Sync 2 DAGs
[2025-06-12T12:16:45.486+0000] {logging_mixin.py:190} INFO - [2025-06-12T12:16:45.485+0000] {dag.py:4180} INFO - Setting next_dagrun for read_dataset_event to 2025-06-11 00:00:00+00:00, run_after=2025-06-12 00:00:00+00:00
[2025-06-12T12:16:45.489+0000] {logging_mixin.py:190} INFO - [2025-06-12T12:16:45.489+0000] {dag.py:4180} INFO - Setting next_dagrun for read_dataset_event_from_classic to 2025-06-11 00:00:00+00:00, run_after=2025-06-12 00:00:00+00:00
[2025-06-12T12:16:45.507+0000] {processor.py:208} INFO - Processing /home/airflow/.local/lib/python3.12/site-packages/airflow/example_dags/example_inlet_event_extra.py took 0.494 seconds
[2025-06-12T12:17:15.600+0000] {processor.py:186} INFO - Started process (PID=4534) to work on /home/airflow/.local/lib/python3.12/site-packages/airflow/example_dags/example_inlet_event_extra.py
[2025-06-12T12:17:15.600+0000] {processor.py:914} INFO - Processing file /home/airflow/.local/lib/python3.12/site-packages/airflow/example_dags/example_inlet_event_extra.py for tasks to queue
[2025-06-12T12:17:15.603+0000] {logging_mixin.py:190} INFO - [2025-06-12T12:17:15.602+0000] {dagbag.py:588} INFO - Filling up the DagBag from /home/airflow/.local/lib/python3.12/site-packages/airflow/example_dags/example_inlet_event_extra.py
[2025-06-12T12:17:15.993+0000] {processor.py:925} INFO - DAG(s) 'read_dataset_event', 'read_dataset_event_from_classic' retrieved from /home/airflow/.local/lib/python3.12/site-packages/airflow/example_dags/example_inlet_event_extra.py
[2025-06-12T12:17:16.006+0000] {logging_mixin.py:190} INFO - [2025-06-12T12:17:16.005+0000] {dag.py:3239} INFO - Sync 2 DAGs
[2025-06-12T12:17:16.022+0000] {logging_mixin.py:190} INFO - [2025-06-12T12:17:16.022+0000] {dag.py:4180} INFO - Setting next_dagrun for read_dataset_event to 2025-06-11 00:00:00+00:00, run_after=2025-06-12 00:00:00+00:00
[2025-06-12T12:17:16.025+0000] {logging_mixin.py:190} INFO - [2025-06-12T12:17:16.025+0000] {dag.py:4180} INFO - Setting next_dagrun for read_dataset_event_from_classic to 2025-06-11 00:00:00+00:00, run_after=2025-06-12 00:00:00+00:00
[2025-06-12T12:17:16.036+0000] {processor.py:208} INFO - Processing /home/airflow/.local/lib/python3.12/site-packages/airflow/example_dags/example_inlet_event_extra.py took 0.441 seconds
[2025-06-12T12:17:46.141+0000] {processor.py:186} INFO - Started process (PID=4830) to work on /home/airflow/.local/lib/python3.12/site-packages/airflow/example_dags/example_inlet_event_extra.py
[2025-06-12T12:17:46.142+0000] {processor.py:914} INFO - Processing file /home/airflow/.local/lib/python3.12/site-packages/airflow/example_dags/example_inlet_event_extra.py for tasks to queue
[2025-06-12T12:17:46.144+0000] {logging_mixin.py:190} INFO - [2025-06-12T12:17:46.144+0000] {dagbag.py:588} INFO - Filling up the DagBag from /home/airflow/.local/lib/python3.12/site-packages/airflow/example_dags/example_inlet_event_extra.py
[2025-06-12T12:17:46.547+0000] {processor.py:925} INFO - DAG(s) 'read_dataset_event', 'read_dataset_event_from_classic' retrieved from /home/airflow/.local/lib/python3.12/site-packages/airflow/example_dags/example_inlet_event_extra.py
[2025-06-12T12:17:46.564+0000] {logging_mixin.py:190} INFO - [2025-06-12T12:17:46.563+0000] {dag.py:3239} INFO - Sync 2 DAGs
[2025-06-12T12:17:46.581+0000] {logging_mixin.py:190} INFO - [2025-06-12T12:17:46.581+0000] {dag.py:4180} INFO - Setting next_dagrun for read_dataset_event to 2025-06-11 00:00:00+00:00, run_after=2025-06-12 00:00:00+00:00
[2025-06-12T12:17:46.585+0000] {logging_mixin.py:190} INFO - [2025-06-12T12:17:46.585+0000] {dag.py:4180} INFO - Setting next_dagrun for read_dataset_event_from_classic to 2025-06-11 00:00:00+00:00, run_after=2025-06-12 00:00:00+00:00
[2025-06-12T12:17:46.604+0000] {processor.py:208} INFO - Processing /home/airflow/.local/lib/python3.12/site-packages/airflow/example_dags/example_inlet_event_extra.py took 0.468 seconds
[2025-06-12T12:18:16.703+0000] {processor.py:186} INFO - Started process (PID=5126) to work on /home/airflow/.local/lib/python3.12/site-packages/airflow/example_dags/example_inlet_event_extra.py
[2025-06-12T12:18:16.704+0000] {processor.py:914} INFO - Processing file /home/airflow/.local/lib/python3.12/site-packages/airflow/example_dags/example_inlet_event_extra.py for tasks to queue
[2025-06-12T12:18:16.706+0000] {logging_mixin.py:190} INFO - [2025-06-12T12:18:16.706+0000] {dagbag.py:588} INFO - Filling up the DagBag from /home/airflow/.local/lib/python3.12/site-packages/airflow/example_dags/example_inlet_event_extra.py
[2025-06-12T12:18:17.077+0000] {processor.py:925} INFO - DAG(s) 'read_dataset_event', 'read_dataset_event_from_classic' retrieved from /home/airflow/.local/lib/python3.12/site-packages/airflow/example_dags/example_inlet_event_extra.py
[2025-06-12T12:18:17.092+0000] {logging_mixin.py:190} INFO - [2025-06-12T12:18:17.092+0000] {dag.py:3239} INFO - Sync 2 DAGs
[2025-06-12T12:18:17.108+0000] {logging_mixin.py:190} INFO - [2025-06-12T12:18:17.108+0000] {dag.py:4180} INFO - Setting next_dagrun for read_dataset_event to 2025-06-11 00:00:00+00:00, run_after=2025-06-12 00:00:00+00:00
[2025-06-12T12:18:17.112+0000] {logging_mixin.py:190} INFO - [2025-06-12T12:18:17.111+0000] {dag.py:4180} INFO - Setting next_dagrun for read_dataset_event_from_classic to 2025-06-11 00:00:00+00:00, run_after=2025-06-12 00:00:00+00:00
[2025-06-12T12:18:17.123+0000] {processor.py:208} INFO - Processing /home/airflow/.local/lib/python3.12/site-packages/airflow/example_dags/example_inlet_event_extra.py took 0.426 seconds
[2025-06-12T12:18:47.382+0000] {processor.py:186} INFO - Started process (PID=5422) to work on /home/airflow/.local/lib/python3.12/site-packages/airflow/example_dags/example_inlet_event_extra.py
[2025-06-12T12:18:47.383+0000] {processor.py:914} INFO - Processing file /home/airflow/.local/lib/python3.12/site-packages/airflow/example_dags/example_inlet_event_extra.py for tasks to queue
[2025-06-12T12:18:47.385+0000] {logging_mixin.py:190} INFO - [2025-06-12T12:18:47.385+0000] {dagbag.py:588} INFO - Filling up the DagBag from /home/airflow/.local/lib/python3.12/site-packages/airflow/example_dags/example_inlet_event_extra.py
[2025-06-12T12:18:47.757+0000] {processor.py:925} INFO - DAG(s) 'read_dataset_event_from_classic', 'read_dataset_event' retrieved from /home/airflow/.local/lib/python3.12/site-packages/airflow/example_dags/example_inlet_event_extra.py
[2025-06-12T12:18:47.770+0000] {logging_mixin.py:190} INFO - [2025-06-12T12:18:47.770+0000] {dag.py:3239} INFO - Sync 2 DAGs
[2025-06-12T12:18:47.788+0000] {logging_mixin.py:190} INFO - [2025-06-12T12:18:47.788+0000] {dag.py:4180} INFO - Setting next_dagrun for read_dataset_event to 2025-06-11 00:00:00+00:00, run_after=2025-06-12 00:00:00+00:00
[2025-06-12T12:18:47.792+0000] {logging_mixin.py:190} INFO - [2025-06-12T12:18:47.792+0000] {dag.py:4180} INFO - Setting next_dagrun for read_dataset_event_from_classic to 2025-06-11 00:00:00+00:00, run_after=2025-06-12 00:00:00+00:00
[2025-06-12T12:18:47.811+0000] {processor.py:208} INFO - Processing /home/airflow/.local/lib/python3.12/site-packages/airflow/example_dags/example_inlet_event_extra.py took 0.435 seconds
[2025-06-12T12:19:18.043+0000] {processor.py:186} INFO - Started process (PID=5718) to work on /home/airflow/.local/lib/python3.12/site-packages/airflow/example_dags/example_inlet_event_extra.py
[2025-06-12T12:19:18.044+0000] {processor.py:914} INFO - Processing file /home/airflow/.local/lib/python3.12/site-packages/airflow/example_dags/example_inlet_event_extra.py for tasks to queue
[2025-06-12T12:19:18.046+0000] {logging_mixin.py:190} INFO - [2025-06-12T12:19:18.046+0000] {dagbag.py:588} INFO - Filling up the DagBag from /home/airflow/.local/lib/python3.12/site-packages/airflow/example_dags/example_inlet_event_extra.py
[2025-06-12T12:19:18.436+0000] {processor.py:925} INFO - DAG(s) 'read_dataset_event_from_classic', 'read_dataset_event' retrieved from /home/airflow/.local/lib/python3.12/site-packages/airflow/example_dags/example_inlet_event_extra.py
[2025-06-12T12:19:18.450+0000] {logging_mixin.py:190} INFO - [2025-06-12T12:19:18.450+0000] {dag.py:3239} INFO - Sync 2 DAGs
[2025-06-12T12:19:18.469+0000] {logging_mixin.py:190} INFO - [2025-06-12T12:19:18.469+0000] {dag.py:4180} INFO - Setting next_dagrun for read_dataset_event to 2025-06-11 00:00:00+00:00, run_after=2025-06-12 00:00:00+00:00
[2025-06-12T12:19:18.473+0000] {logging_mixin.py:190} INFO - [2025-06-12T12:19:18.473+0000] {dag.py:4180} INFO - Setting next_dagrun for read_dataset_event_from_classic to 2025-06-11 00:00:00+00:00, run_after=2025-06-12 00:00:00+00:00
[2025-06-12T12:19:18.485+0000] {processor.py:208} INFO - Processing /home/airflow/.local/lib/python3.12/site-packages/airflow/example_dags/example_inlet_event_extra.py took 0.446 seconds
[2025-06-12T12:19:49.312+0000] {processor.py:186} INFO - Started process (PID=6014) to work on /home/airflow/.local/lib/python3.12/site-packages/airflow/example_dags/example_inlet_event_extra.py
[2025-06-12T12:19:49.313+0000] {processor.py:914} INFO - Processing file /home/airflow/.local/lib/python3.12/site-packages/airflow/example_dags/example_inlet_event_extra.py for tasks to queue
[2025-06-12T12:19:49.315+0000] {logging_mixin.py:190} INFO - [2025-06-12T12:19:49.315+0000] {dagbag.py:588} INFO - Filling up the DagBag from /home/airflow/.local/lib/python3.12/site-packages/airflow/example_dags/example_inlet_event_extra.py
[2025-06-12T12:19:49.713+0000] {processor.py:925} INFO - DAG(s) 'read_dataset_event', 'read_dataset_event_from_classic' retrieved from /home/airflow/.local/lib/python3.12/site-packages/airflow/example_dags/example_inlet_event_extra.py
[2025-06-12T12:19:49.726+0000] {logging_mixin.py:190} INFO - [2025-06-12T12:19:49.725+0000] {dag.py:3239} INFO - Sync 2 DAGs
[2025-06-12T12:19:49.744+0000] {logging_mixin.py:190} INFO - [2025-06-12T12:19:49.744+0000] {dag.py:4180} INFO - Setting next_dagrun for read_dataset_event to 2025-06-11 00:00:00+00:00, run_after=2025-06-12 00:00:00+00:00
[2025-06-12T12:19:49.748+0000] {logging_mixin.py:190} INFO - [2025-06-12T12:19:49.747+0000] {dag.py:4180} INFO - Setting next_dagrun for read_dataset_event_from_classic to 2025-06-11 00:00:00+00:00, run_after=2025-06-12 00:00:00+00:00
[2025-06-12T12:19:49.759+0000] {processor.py:208} INFO - Processing /home/airflow/.local/lib/python3.12/site-packages/airflow/example_dags/example_inlet_event_extra.py took 0.452 seconds
