[2025-06-12T12:10:03.654+0000] {processor.py:186} INFO - Started process (PID=428) to work on /home/airflow/.local/lib/python3.12/site-packages/airflow/example_dags/example_complex.py
[2025-06-12T12:10:03.655+0000] {processor.py:914} INFO - Processing file /home/airflow/.local/lib/python3.12/site-packages/airflow/example_dags/example_complex.py for tasks to queue
[2025-06-12T12:10:03.656+0000] {logging_mixin.py:190} INFO - [2025-06-12T12:10:03.656+0000] {dagbag.py:588} INFO - Filling up the DagBag from /home/airflow/.local/lib/python3.12/site-packages/airflow/example_dags/example_complex.py
[2025-06-12T12:10:03.666+0000] {processor.py:925} INFO - DAG(s) 'example_complex' retrieved from /home/airflow/.local/lib/python3.12/site-packages/airflow/example_dags/example_complex.py
[2025-06-12T12:10:03.693+0000] {logging_mixin.py:190} INFO - [2025-06-12T12:10:03.693+0000] {dag.py:3239} INFO - Sync 1 DAGs
[2025-06-12T12:10:03.704+0000] {logging_mixin.py:190} INFO - [2025-06-12T12:10:03.704+0000] {dag.py:4180} INFO - Setting next_dagrun for example_complex to None, run_after=None
[2025-06-12T12:10:03.722+0000] {processor.py:208} INFO - Processing /home/airflow/.local/lib/python3.12/site-packages/airflow/example_dags/example_complex.py took 0.073 seconds
[2025-06-12T12:10:34.743+0000] {processor.py:186} INFO - Started process (PID=724) to work on /home/airflow/.local/lib/python3.12/site-packages/airflow/example_dags/example_complex.py
[2025-06-12T12:10:34.744+0000] {processor.py:914} INFO - Processing file /home/airflow/.local/lib/python3.12/site-packages/airflow/example_dags/example_complex.py for tasks to queue
[2025-06-12T12:10:34.746+0000] {logging_mixin.py:190} INFO - [2025-06-12T12:10:34.746+0000] {dagbag.py:588} INFO - Filling up the DagBag from /home/airflow/.local/lib/python3.12/site-packages/airflow/example_dags/example_complex.py
[2025-06-12T12:10:34.759+0000] {processor.py:925} INFO - DAG(s) 'example_complex' retrieved from /home/airflow/.local/lib/python3.12/site-packages/airflow/example_dags/example_complex.py
[2025-06-12T12:10:34.790+0000] {logging_mixin.py:190} INFO - [2025-06-12T12:10:34.790+0000] {dag.py:3239} INFO - Sync 1 DAGs
[2025-06-12T12:10:34.803+0000] {logging_mixin.py:190} INFO - [2025-06-12T12:10:34.803+0000] {dag.py:4180} INFO - Setting next_dagrun for example_complex to None, run_after=None
[2025-06-12T12:10:34.820+0000] {processor.py:208} INFO - Processing /home/airflow/.local/lib/python3.12/site-packages/airflow/example_dags/example_complex.py took 0.082 seconds
[2025-06-12T12:11:05.336+0000] {processor.py:186} INFO - Started process (PID=1020) to work on /home/airflow/.local/lib/python3.12/site-packages/airflow/example_dags/example_complex.py
[2025-06-12T12:11:05.337+0000] {processor.py:914} INFO - Processing file /home/airflow/.local/lib/python3.12/site-packages/airflow/example_dags/example_complex.py for tasks to queue
[2025-06-12T12:11:05.339+0000] {logging_mixin.py:190} INFO - [2025-06-12T12:11:05.339+0000] {dagbag.py:588} INFO - Filling up the DagBag from /home/airflow/.local/lib/python3.12/site-packages/airflow/example_dags/example_complex.py
[2025-06-12T12:11:05.349+0000] {processor.py:925} INFO - DAG(s) 'example_complex' retrieved from /home/airflow/.local/lib/python3.12/site-packages/airflow/example_dags/example_complex.py
[2025-06-12T12:11:05.372+0000] {logging_mixin.py:190} INFO - [2025-06-12T12:11:05.372+0000] {dag.py:3239} INFO - Sync 1 DAGs
[2025-06-12T12:11:05.385+0000] {logging_mixin.py:190} INFO - [2025-06-12T12:11:05.385+0000] {dag.py:4180} INFO - Setting next_dagrun for example_complex to None, run_after=None
[2025-06-12T12:11:05.403+0000] {processor.py:208} INFO - Processing /home/airflow/.local/lib/python3.12/site-packages/airflow/example_dags/example_complex.py took 0.071 seconds
[2025-06-12T12:11:36.285+0000] {processor.py:186} INFO - Started process (PID=1318) to work on /home/airflow/.local/lib/python3.12/site-packages/airflow/example_dags/example_complex.py
[2025-06-12T12:11:36.285+0000] {processor.py:914} INFO - Processing file /home/airflow/.local/lib/python3.12/site-packages/airflow/example_dags/example_complex.py for tasks to queue
[2025-06-12T12:11:36.287+0000] {logging_mixin.py:190} INFO - [2025-06-12T12:11:36.287+0000] {dagbag.py:588} INFO - Filling up the DagBag from /home/airflow/.local/lib/python3.12/site-packages/airflow/example_dags/example_complex.py
[2025-06-12T12:11:36.296+0000] {processor.py:925} INFO - DAG(s) 'example_complex' retrieved from /home/airflow/.local/lib/python3.12/site-packages/airflow/example_dags/example_complex.py
[2025-06-12T12:11:36.319+0000] {logging_mixin.py:190} INFO - [2025-06-12T12:11:36.319+0000] {dag.py:3239} INFO - Sync 1 DAGs
[2025-06-12T12:11:36.330+0000] {logging_mixin.py:190} INFO - [2025-06-12T12:11:36.330+0000] {dag.py:4180} INFO - Setting next_dagrun for example_complex to None, run_after=None
[2025-06-12T12:11:36.344+0000] {processor.py:208} INFO - Processing /home/airflow/.local/lib/python3.12/site-packages/airflow/example_dags/example_complex.py took 0.064 seconds
[2025-06-12T12:12:07.660+0000] {processor.py:186} INFO - Started process (PID=1614) to work on /home/airflow/.local/lib/python3.12/site-packages/airflow/example_dags/example_complex.py
[2025-06-12T12:12:07.660+0000] {processor.py:914} INFO - Processing file /home/airflow/.local/lib/python3.12/site-packages/airflow/example_dags/example_complex.py for tasks to queue
[2025-06-12T12:12:07.662+0000] {logging_mixin.py:190} INFO - [2025-06-12T12:12:07.662+0000] {dagbag.py:588} INFO - Filling up the DagBag from /home/airflow/.local/lib/python3.12/site-packages/airflow/example_dags/example_complex.py
[2025-06-12T12:12:07.672+0000] {processor.py:925} INFO - DAG(s) 'example_complex' retrieved from /home/airflow/.local/lib/python3.12/site-packages/airflow/example_dags/example_complex.py
[2025-06-12T12:12:07.699+0000] {logging_mixin.py:190} INFO - [2025-06-12T12:12:07.699+0000] {dag.py:3239} INFO - Sync 1 DAGs
[2025-06-12T12:12:07.712+0000] {logging_mixin.py:190} INFO - [2025-06-12T12:12:07.711+0000] {dag.py:4180} INFO - Setting next_dagrun for example_complex to None, run_after=None
[2025-06-12T12:12:07.726+0000] {processor.py:208} INFO - Processing /home/airflow/.local/lib/python3.12/site-packages/airflow/example_dags/example_complex.py took 0.070 seconds
[2025-06-12T12:12:38.528+0000] {processor.py:186} INFO - Started process (PID=1908) to work on /home/airflow/.local/lib/python3.12/site-packages/airflow/example_dags/example_complex.py
[2025-06-12T12:12:38.529+0000] {processor.py:914} INFO - Processing file /home/airflow/.local/lib/python3.12/site-packages/airflow/example_dags/example_complex.py for tasks to queue
[2025-06-12T12:12:38.530+0000] {logging_mixin.py:190} INFO - [2025-06-12T12:12:38.530+0000] {dagbag.py:588} INFO - Filling up the DagBag from /home/airflow/.local/lib/python3.12/site-packages/airflow/example_dags/example_complex.py
[2025-06-12T12:12:38.540+0000] {processor.py:925} INFO - DAG(s) 'example_complex' retrieved from /home/airflow/.local/lib/python3.12/site-packages/airflow/example_dags/example_complex.py
[2025-06-12T12:12:38.562+0000] {logging_mixin.py:190} INFO - [2025-06-12T12:12:38.562+0000] {dag.py:3239} INFO - Sync 1 DAGs
[2025-06-12T12:12:38.574+0000] {logging_mixin.py:190} INFO - [2025-06-12T12:12:38.573+0000] {dag.py:4180} INFO - Setting next_dagrun for example_complex to None, run_after=None
[2025-06-12T12:12:38.587+0000] {processor.py:208} INFO - Processing /home/airflow/.local/lib/python3.12/site-packages/airflow/example_dags/example_complex.py took 0.064 seconds
[2025-06-12T12:13:09.900+0000] {processor.py:186} INFO - Started process (PID=2206) to work on /home/airflow/.local/lib/python3.12/site-packages/airflow/example_dags/example_complex.py
[2025-06-12T12:13:09.901+0000] {processor.py:914} INFO - Processing file /home/airflow/.local/lib/python3.12/site-packages/airflow/example_dags/example_complex.py for tasks to queue
[2025-06-12T12:13:09.903+0000] {logging_mixin.py:190} INFO - [2025-06-12T12:13:09.903+0000] {dagbag.py:588} INFO - Filling up the DagBag from /home/airflow/.local/lib/python3.12/site-packages/airflow/example_dags/example_complex.py
[2025-06-12T12:13:09.914+0000] {processor.py:925} INFO - DAG(s) 'example_complex' retrieved from /home/airflow/.local/lib/python3.12/site-packages/airflow/example_dags/example_complex.py
[2025-06-12T12:13:09.940+0000] {logging_mixin.py:190} INFO - [2025-06-12T12:13:09.940+0000] {dag.py:3239} INFO - Sync 1 DAGs
[2025-06-12T12:13:09.953+0000] {logging_mixin.py:190} INFO - [2025-06-12T12:13:09.953+0000] {dag.py:4180} INFO - Setting next_dagrun for example_complex to None, run_after=None
[2025-06-12T12:13:09.966+0000] {processor.py:208} INFO - Processing /home/airflow/.local/lib/python3.12/site-packages/airflow/example_dags/example_complex.py took 0.071 seconds
[2025-06-12T12:13:40.756+0000] {processor.py:186} INFO - Started process (PID=2500) to work on /home/airflow/.local/lib/python3.12/site-packages/airflow/example_dags/example_complex.py
[2025-06-12T12:13:40.757+0000] {processor.py:914} INFO - Processing file /home/airflow/.local/lib/python3.12/site-packages/airflow/example_dags/example_complex.py for tasks to queue
[2025-06-12T12:13:40.759+0000] {logging_mixin.py:190} INFO - [2025-06-12T12:13:40.758+0000] {dagbag.py:588} INFO - Filling up the DagBag from /home/airflow/.local/lib/python3.12/site-packages/airflow/example_dags/example_complex.py
[2025-06-12T12:13:40.769+0000] {processor.py:925} INFO - DAG(s) 'example_complex' retrieved from /home/airflow/.local/lib/python3.12/site-packages/airflow/example_dags/example_complex.py
[2025-06-12T12:13:40.793+0000] {logging_mixin.py:190} INFO - [2025-06-12T12:13:40.792+0000] {dag.py:3239} INFO - Sync 1 DAGs
[2025-06-12T12:13:40.804+0000] {logging_mixin.py:190} INFO - [2025-06-12T12:13:40.803+0000] {dag.py:4180} INFO - Setting next_dagrun for example_complex to None, run_after=None
[2025-06-12T12:13:40.817+0000] {processor.py:208} INFO - Processing /home/airflow/.local/lib/python3.12/site-packages/airflow/example_dags/example_complex.py took 0.066 seconds
[2025-06-12T12:14:11.477+0000] {processor.py:186} INFO - Started process (PID=2796) to work on /home/airflow/.local/lib/python3.12/site-packages/airflow/example_dags/example_complex.py
[2025-06-12T12:14:11.478+0000] {processor.py:914} INFO - Processing file /home/airflow/.local/lib/python3.12/site-packages/airflow/example_dags/example_complex.py for tasks to queue
[2025-06-12T12:14:11.480+0000] {logging_mixin.py:190} INFO - [2025-06-12T12:14:11.480+0000] {dagbag.py:588} INFO - Filling up the DagBag from /home/airflow/.local/lib/python3.12/site-packages/airflow/example_dags/example_complex.py
[2025-06-12T12:14:11.489+0000] {processor.py:925} INFO - DAG(s) 'example_complex' retrieved from /home/airflow/.local/lib/python3.12/site-packages/airflow/example_dags/example_complex.py
[2025-06-12T12:14:11.513+0000] {logging_mixin.py:190} INFO - [2025-06-12T12:14:11.513+0000] {dag.py:3239} INFO - Sync 1 DAGs
[2025-06-12T12:14:11.524+0000] {logging_mixin.py:190} INFO - [2025-06-12T12:14:11.524+0000] {dag.py:4180} INFO - Setting next_dagrun for example_complex to None, run_after=None
[2025-06-12T12:14:11.538+0000] {processor.py:208} INFO - Processing /home/airflow/.local/lib/python3.12/site-packages/airflow/example_dags/example_complex.py took 0.066 seconds
[2025-06-12T12:14:42.191+0000] {processor.py:186} INFO - Started process (PID=3092) to work on /home/airflow/.local/lib/python3.12/site-packages/airflow/example_dags/example_complex.py
[2025-06-12T12:14:42.191+0000] {processor.py:914} INFO - Processing file /home/airflow/.local/lib/python3.12/site-packages/airflow/example_dags/example_complex.py for tasks to queue
[2025-06-12T12:14:42.193+0000] {logging_mixin.py:190} INFO - [2025-06-12T12:14:42.193+0000] {dagbag.py:588} INFO - Filling up the DagBag from /home/airflow/.local/lib/python3.12/site-packages/airflow/example_dags/example_complex.py
[2025-06-12T12:14:42.204+0000] {processor.py:925} INFO - DAG(s) 'example_complex' retrieved from /home/airflow/.local/lib/python3.12/site-packages/airflow/example_dags/example_complex.py
[2025-06-12T12:14:42.227+0000] {logging_mixin.py:190} INFO - [2025-06-12T12:14:42.227+0000] {dag.py:3239} INFO - Sync 1 DAGs
[2025-06-12T12:14:42.238+0000] {logging_mixin.py:190} INFO - [2025-06-12T12:14:42.238+0000] {dag.py:4180} INFO - Setting next_dagrun for example_complex to None, run_after=None
[2025-06-12T12:14:42.252+0000] {processor.py:208} INFO - Processing /home/airflow/.local/lib/python3.12/site-packages/airflow/example_dags/example_complex.py took 0.065 seconds
[2025-06-12T12:15:12.926+0000] {processor.py:186} INFO - Started process (PID=3388) to work on /home/airflow/.local/lib/python3.12/site-packages/airflow/example_dags/example_complex.py
[2025-06-12T12:15:12.926+0000] {processor.py:914} INFO - Processing file /home/airflow/.local/lib/python3.12/site-packages/airflow/example_dags/example_complex.py for tasks to queue
[2025-06-12T12:15:12.928+0000] {logging_mixin.py:190} INFO - [2025-06-12T12:15:12.928+0000] {dagbag.py:588} INFO - Filling up the DagBag from /home/airflow/.local/lib/python3.12/site-packages/airflow/example_dags/example_complex.py
[2025-06-12T12:15:12.937+0000] {processor.py:925} INFO - DAG(s) 'example_complex' retrieved from /home/airflow/.local/lib/python3.12/site-packages/airflow/example_dags/example_complex.py
[2025-06-12T12:15:12.959+0000] {logging_mixin.py:190} INFO - [2025-06-12T12:15:12.959+0000] {dag.py:3239} INFO - Sync 1 DAGs
[2025-06-12T12:15:12.970+0000] {logging_mixin.py:190} INFO - [2025-06-12T12:15:12.970+0000] {dag.py:4180} INFO - Setting next_dagrun for example_complex to None, run_after=None
[2025-06-12T12:15:12.983+0000] {processor.py:208} INFO - Processing /home/airflow/.local/lib/python3.12/site-packages/airflow/example_dags/example_complex.py took 0.062 seconds
[2025-06-12T12:15:43.708+0000] {processor.py:186} INFO - Started process (PID=3684) to work on /home/airflow/.local/lib/python3.12/site-packages/airflow/example_dags/example_complex.py
[2025-06-12T12:15:43.709+0000] {processor.py:914} INFO - Processing file /home/airflow/.local/lib/python3.12/site-packages/airflow/example_dags/example_complex.py for tasks to queue
[2025-06-12T12:15:43.711+0000] {logging_mixin.py:190} INFO - [2025-06-12T12:15:43.710+0000] {dagbag.py:588} INFO - Filling up the DagBag from /home/airflow/.local/lib/python3.12/site-packages/airflow/example_dags/example_complex.py
[2025-06-12T12:15:43.719+0000] {processor.py:925} INFO - DAG(s) 'example_complex' retrieved from /home/airflow/.local/lib/python3.12/site-packages/airflow/example_dags/example_complex.py
[2025-06-12T12:15:43.742+0000] {logging_mixin.py:190} INFO - [2025-06-12T12:15:43.742+0000] {dag.py:3239} INFO - Sync 1 DAGs
[2025-06-12T12:15:43.753+0000] {logging_mixin.py:190} INFO - [2025-06-12T12:15:43.753+0000] {dag.py:4180} INFO - Setting next_dagrun for example_complex to None, run_after=None
[2025-06-12T12:15:43.766+0000] {processor.py:208} INFO - Processing /home/airflow/.local/lib/python3.12/site-packages/airflow/example_dags/example_complex.py took 0.062 seconds
[2025-06-12T12:16:15.222+0000] {processor.py:186} INFO - Started process (PID=3980) to work on /home/airflow/.local/lib/python3.12/site-packages/airflow/example_dags/example_complex.py
[2025-06-12T12:16:15.223+0000] {processor.py:914} INFO - Processing file /home/airflow/.local/lib/python3.12/site-packages/airflow/example_dags/example_complex.py for tasks to queue
[2025-06-12T12:16:15.225+0000] {logging_mixin.py:190} INFO - [2025-06-12T12:16:15.225+0000] {dagbag.py:588} INFO - Filling up the DagBag from /home/airflow/.local/lib/python3.12/site-packages/airflow/example_dags/example_complex.py
[2025-06-12T12:16:15.234+0000] {processor.py:925} INFO - DAG(s) 'example_complex' retrieved from /home/airflow/.local/lib/python3.12/site-packages/airflow/example_dags/example_complex.py
[2025-06-12T12:16:15.257+0000] {logging_mixin.py:190} INFO - [2025-06-12T12:16:15.257+0000] {dag.py:3239} INFO - Sync 1 DAGs
[2025-06-12T12:16:15.267+0000] {logging_mixin.py:190} INFO - [2025-06-12T12:16:15.267+0000] {dag.py:4180} INFO - Setting next_dagrun for example_complex to None, run_after=None
[2025-06-12T12:16:15.281+0000] {processor.py:208} INFO - Processing /home/airflow/.local/lib/python3.12/site-packages/airflow/example_dags/example_complex.py took 0.063 seconds
[2025-06-12T12:16:45.945+0000] {processor.py:186} INFO - Started process (PID=4276) to work on /home/airflow/.local/lib/python3.12/site-packages/airflow/example_dags/example_complex.py
[2025-06-12T12:16:45.946+0000] {processor.py:914} INFO - Processing file /home/airflow/.local/lib/python3.12/site-packages/airflow/example_dags/example_complex.py for tasks to queue
[2025-06-12T12:16:45.948+0000] {logging_mixin.py:190} INFO - [2025-06-12T12:16:45.948+0000] {dagbag.py:588} INFO - Filling up the DagBag from /home/airflow/.local/lib/python3.12/site-packages/airflow/example_dags/example_complex.py
[2025-06-12T12:16:45.958+0000] {processor.py:925} INFO - DAG(s) 'example_complex' retrieved from /home/airflow/.local/lib/python3.12/site-packages/airflow/example_dags/example_complex.py
[2025-06-12T12:16:45.982+0000] {logging_mixin.py:190} INFO - [2025-06-12T12:16:45.982+0000] {dag.py:3239} INFO - Sync 1 DAGs
[2025-06-12T12:16:45.994+0000] {logging_mixin.py:190} INFO - [2025-06-12T12:16:45.994+0000] {dag.py:4180} INFO - Setting next_dagrun for example_complex to None, run_after=None
[2025-06-12T12:16:46.011+0000] {processor.py:208} INFO - Processing /home/airflow/.local/lib/python3.12/site-packages/airflow/example_dags/example_complex.py took 0.072 seconds
[2025-06-12T12:17:16.316+0000] {processor.py:186} INFO - Started process (PID=4569) to work on /home/airflow/.local/lib/python3.12/site-packages/airflow/example_dags/example_complex.py
[2025-06-12T12:17:16.317+0000] {processor.py:914} INFO - Processing file /home/airflow/.local/lib/python3.12/site-packages/airflow/example_dags/example_complex.py for tasks to queue
[2025-06-12T12:17:16.319+0000] {logging_mixin.py:190} INFO - [2025-06-12T12:17:16.319+0000] {dagbag.py:588} INFO - Filling up the DagBag from /home/airflow/.local/lib/python3.12/site-packages/airflow/example_dags/example_complex.py
[2025-06-12T12:17:16.328+0000] {processor.py:925} INFO - DAG(s) 'example_complex' retrieved from /home/airflow/.local/lib/python3.12/site-packages/airflow/example_dags/example_complex.py
[2025-06-12T12:17:16.351+0000] {logging_mixin.py:190} INFO - [2025-06-12T12:17:16.351+0000] {dag.py:3239} INFO - Sync 1 DAGs
[2025-06-12T12:17:16.363+0000] {logging_mixin.py:190} INFO - [2025-06-12T12:17:16.362+0000] {dag.py:4180} INFO - Setting next_dagrun for example_complex to None, run_after=None
[2025-06-12T12:17:16.376+0000] {processor.py:208} INFO - Processing /home/airflow/.local/lib/python3.12/site-packages/airflow/example_dags/example_complex.py took 0.064 seconds
[2025-06-12T12:17:46.873+0000] {processor.py:186} INFO - Started process (PID=4863) to work on /home/airflow/.local/lib/python3.12/site-packages/airflow/example_dags/example_complex.py
[2025-06-12T12:17:46.874+0000] {processor.py:914} INFO - Processing file /home/airflow/.local/lib/python3.12/site-packages/airflow/example_dags/example_complex.py for tasks to queue
[2025-06-12T12:17:46.876+0000] {logging_mixin.py:190} INFO - [2025-06-12T12:17:46.876+0000] {dagbag.py:588} INFO - Filling up the DagBag from /home/airflow/.local/lib/python3.12/site-packages/airflow/example_dags/example_complex.py
[2025-06-12T12:17:46.885+0000] {processor.py:925} INFO - DAG(s) 'example_complex' retrieved from /home/airflow/.local/lib/python3.12/site-packages/airflow/example_dags/example_complex.py
[2025-06-12T12:17:46.909+0000] {logging_mixin.py:190} INFO - [2025-06-12T12:17:46.909+0000] {dag.py:3239} INFO - Sync 1 DAGs
[2025-06-12T12:17:46.920+0000] {logging_mixin.py:190} INFO - [2025-06-12T12:17:46.920+0000] {dag.py:4180} INFO - Setting next_dagrun for example_complex to None, run_after=None
[2025-06-12T12:17:46.933+0000] {processor.py:208} INFO - Processing /home/airflow/.local/lib/python3.12/site-packages/airflow/example_dags/example_complex.py took 0.064 seconds
[2025-06-12T12:18:17.393+0000] {processor.py:186} INFO - Started process (PID=5161) to work on /home/airflow/.local/lib/python3.12/site-packages/airflow/example_dags/example_complex.py
[2025-06-12T12:18:17.394+0000] {processor.py:914} INFO - Processing file /home/airflow/.local/lib/python3.12/site-packages/airflow/example_dags/example_complex.py for tasks to queue
[2025-06-12T12:18:17.396+0000] {logging_mixin.py:190} INFO - [2025-06-12T12:18:17.396+0000] {dagbag.py:588} INFO - Filling up the DagBag from /home/airflow/.local/lib/python3.12/site-packages/airflow/example_dags/example_complex.py
[2025-06-12T12:18:17.405+0000] {processor.py:925} INFO - DAG(s) 'example_complex' retrieved from /home/airflow/.local/lib/python3.12/site-packages/airflow/example_dags/example_complex.py
[2025-06-12T12:18:17.427+0000] {logging_mixin.py:190} INFO - [2025-06-12T12:18:17.426+0000] {dag.py:3239} INFO - Sync 1 DAGs
[2025-06-12T12:18:17.437+0000] {logging_mixin.py:190} INFO - [2025-06-12T12:18:17.437+0000] {dag.py:4180} INFO - Setting next_dagrun for example_complex to None, run_after=None
[2025-06-12T12:18:17.450+0000] {processor.py:208} INFO - Processing /home/airflow/.local/lib/python3.12/site-packages/airflow/example_dags/example_complex.py took 0.061 seconds
[2025-06-12T12:18:48.094+0000] {processor.py:186} INFO - Started process (PID=5455) to work on /home/airflow/.local/lib/python3.12/site-packages/airflow/example_dags/example_complex.py
[2025-06-12T12:18:48.095+0000] {processor.py:914} INFO - Processing file /home/airflow/.local/lib/python3.12/site-packages/airflow/example_dags/example_complex.py for tasks to queue
[2025-06-12T12:18:48.097+0000] {logging_mixin.py:190} INFO - [2025-06-12T12:18:48.097+0000] {dagbag.py:588} INFO - Filling up the DagBag from /home/airflow/.local/lib/python3.12/site-packages/airflow/example_dags/example_complex.py
[2025-06-12T12:18:48.106+0000] {processor.py:925} INFO - DAG(s) 'example_complex' retrieved from /home/airflow/.local/lib/python3.12/site-packages/airflow/example_dags/example_complex.py
[2025-06-12T12:18:48.128+0000] {logging_mixin.py:190} INFO - [2025-06-12T12:18:48.127+0000] {dag.py:3239} INFO - Sync 1 DAGs
[2025-06-12T12:18:48.138+0000] {logging_mixin.py:190} INFO - [2025-06-12T12:18:48.138+0000] {dag.py:4180} INFO - Setting next_dagrun for example_complex to None, run_after=None
[2025-06-12T12:18:48.151+0000] {processor.py:208} INFO - Processing /home/airflow/.local/lib/python3.12/site-packages/airflow/example_dags/example_complex.py took 0.061 seconds
[2025-06-12T12:19:18.778+0000] {processor.py:186} INFO - Started process (PID=5753) to work on /home/airflow/.local/lib/python3.12/site-packages/airflow/example_dags/example_complex.py
[2025-06-12T12:19:18.778+0000] {processor.py:914} INFO - Processing file /home/airflow/.local/lib/python3.12/site-packages/airflow/example_dags/example_complex.py for tasks to queue
[2025-06-12T12:19:18.781+0000] {logging_mixin.py:190} INFO - [2025-06-12T12:19:18.780+0000] {dagbag.py:588} INFO - Filling up the DagBag from /home/airflow/.local/lib/python3.12/site-packages/airflow/example_dags/example_complex.py
[2025-06-12T12:19:18.790+0000] {processor.py:925} INFO - DAG(s) 'example_complex' retrieved from /home/airflow/.local/lib/python3.12/site-packages/airflow/example_dags/example_complex.py
[2025-06-12T12:19:18.815+0000] {logging_mixin.py:190} INFO - [2025-06-12T12:19:18.814+0000] {dag.py:3239} INFO - Sync 1 DAGs
[2025-06-12T12:19:18.828+0000] {logging_mixin.py:190} INFO - [2025-06-12T12:19:18.828+0000] {dag.py:4180} INFO - Setting next_dagrun for example_complex to None, run_after=None
[2025-06-12T12:19:18.846+0000] {processor.py:208} INFO - Processing /home/airflow/.local/lib/python3.12/site-packages/airflow/example_dags/example_complex.py took 0.072 seconds
[2025-06-12T12:19:50.041+0000] {processor.py:186} INFO - Started process (PID=6049) to work on /home/airflow/.local/lib/python3.12/site-packages/airflow/example_dags/example_complex.py
[2025-06-12T12:19:50.041+0000] {processor.py:914} INFO - Processing file /home/airflow/.local/lib/python3.12/site-packages/airflow/example_dags/example_complex.py for tasks to queue
[2025-06-12T12:19:50.043+0000] {logging_mixin.py:190} INFO - [2025-06-12T12:19:50.043+0000] {dagbag.py:588} INFO - Filling up the DagBag from /home/airflow/.local/lib/python3.12/site-packages/airflow/example_dags/example_complex.py
[2025-06-12T12:19:50.052+0000] {processor.py:925} INFO - DAG(s) 'example_complex' retrieved from /home/airflow/.local/lib/python3.12/site-packages/airflow/example_dags/example_complex.py
[2025-06-12T12:19:50.075+0000] {logging_mixin.py:190} INFO - [2025-06-12T12:19:50.075+0000] {dag.py:3239} INFO - Sync 1 DAGs
[2025-06-12T12:19:50.086+0000] {logging_mixin.py:190} INFO - [2025-06-12T12:19:50.086+0000] {dag.py:4180} INFO - Setting next_dagrun for example_complex to None, run_after=None
[2025-06-12T12:19:50.099+0000] {processor.py:208} INFO - Processing /home/airflow/.local/lib/python3.12/site-packages/airflow/example_dags/example_complex.py took 0.062 seconds
