[2025-06-12T12:10:00.917+0000] {processor.py:186} INFO - Started process (PID=246) to work on /home/airflow/.local/lib/python3.12/site-packages/airflow/example_dags/example_python_operator.py
[2025-06-12T12:10:00.918+0000] {processor.py:914} INFO - Processing file /home/airflow/.local/lib/python3.12/site-packages/airflow/example_dags/example_python_operator.py for tasks to queue
[2025-06-12T12:10:00.920+0000] {logging_mixin.py:190} INFO - [2025-06-12T12:10:00.920+0000] {dagbag.py:588} INFO - Filling up the DagBag from /home/airflow/.local/lib/python3.12/site-packages/airflow/example_dags/example_python_operator.py
[2025-06-12T12:10:00.930+0000] {processor.py:925} INFO - DAG(s) 'example_python_operator' retrieved from /home/airflow/.local/lib/python3.12/site-packages/airflow/example_dags/example_python_operator.py
[2025-06-12T12:10:01.038+0000] {logging_mixin.py:190} INFO - [2025-06-12T12:10:01.038+0000] {dag.py:3239} INFO - Sync 1 DAGs
[2025-06-12T12:10:01.050+0000] {logging_mixin.py:190} INFO - [2025-06-12T12:10:01.050+0000] {dag.py:4180} INFO - Setting next_dagrun for example_python_operator to None, run_after=None
[2025-06-12T12:10:01.067+0000] {processor.py:208} INFO - Processing /home/airflow/.local/lib/python3.12/site-packages/airflow/example_dags/example_python_operator.py took 0.154 seconds
[2025-06-12T12:10:31.397+0000] {processor.py:186} INFO - Started process (PID=546) to work on /home/airflow/.local/lib/python3.12/site-packages/airflow/example_dags/example_python_operator.py
[2025-06-12T12:10:31.397+0000] {processor.py:914} INFO - Processing file /home/airflow/.local/lib/python3.12/site-packages/airflow/example_dags/example_python_operator.py for tasks to queue
[2025-06-12T12:10:31.399+0000] {logging_mixin.py:190} INFO - [2025-06-12T12:10:31.399+0000] {dagbag.py:588} INFO - Filling up the DagBag from /home/airflow/.local/lib/python3.12/site-packages/airflow/example_dags/example_python_operator.py
[2025-06-12T12:10:31.408+0000] {processor.py:925} INFO - DAG(s) 'example_python_operator' retrieved from /home/airflow/.local/lib/python3.12/site-packages/airflow/example_dags/example_python_operator.py
[2025-06-12T12:10:31.423+0000] {logging_mixin.py:190} INFO - [2025-06-12T12:10:31.423+0000] {dag.py:3239} INFO - Sync 1 DAGs
[2025-06-12T12:10:31.433+0000] {logging_mixin.py:190} INFO - [2025-06-12T12:10:31.433+0000] {dag.py:4180} INFO - Setting next_dagrun for example_python_operator to None, run_after=None
[2025-06-12T12:10:31.452+0000] {processor.py:208} INFO - Processing /home/airflow/.local/lib/python3.12/site-packages/airflow/example_dags/example_python_operator.py took 0.060 seconds
[2025-06-12T12:11:01.545+0000] {processor.py:186} INFO - Started process (PID=842) to work on /home/airflow/.local/lib/python3.12/site-packages/airflow/example_dags/example_python_operator.py
[2025-06-12T12:11:01.546+0000] {processor.py:914} INFO - Processing file /home/airflow/.local/lib/python3.12/site-packages/airflow/example_dags/example_python_operator.py for tasks to queue
[2025-06-12T12:11:01.547+0000] {logging_mixin.py:190} INFO - [2025-06-12T12:11:01.547+0000] {dagbag.py:588} INFO - Filling up the DagBag from /home/airflow/.local/lib/python3.12/site-packages/airflow/example_dags/example_python_operator.py
[2025-06-12T12:11:01.557+0000] {processor.py:925} INFO - DAG(s) 'example_python_operator' retrieved from /home/airflow/.local/lib/python3.12/site-packages/airflow/example_dags/example_python_operator.py
[2025-06-12T12:11:01.574+0000] {logging_mixin.py:190} INFO - [2025-06-12T12:11:01.574+0000] {dag.py:3239} INFO - Sync 1 DAGs
[2025-06-12T12:11:01.586+0000] {logging_mixin.py:190} INFO - [2025-06-12T12:11:01.586+0000] {dag.py:4180} INFO - Setting next_dagrun for example_python_operator to None, run_after=None
[2025-06-12T12:11:01.601+0000] {processor.py:208} INFO - Processing /home/airflow/.local/lib/python3.12/site-packages/airflow/example_dags/example_python_operator.py took 0.061 seconds
[2025-06-12T12:11:31.816+0000] {processor.py:186} INFO - Started process (PID=1138) to work on /home/airflow/.local/lib/python3.12/site-packages/airflow/example_dags/example_python_operator.py
[2025-06-12T12:11:31.817+0000] {processor.py:914} INFO - Processing file /home/airflow/.local/lib/python3.12/site-packages/airflow/example_dags/example_python_operator.py for tasks to queue
[2025-06-12T12:11:31.819+0000] {logging_mixin.py:190} INFO - [2025-06-12T12:11:31.818+0000] {dagbag.py:588} INFO - Filling up the DagBag from /home/airflow/.local/lib/python3.12/site-packages/airflow/example_dags/example_python_operator.py
[2025-06-12T12:11:31.828+0000] {processor.py:925} INFO - DAG(s) 'example_python_operator' retrieved from /home/airflow/.local/lib/python3.12/site-packages/airflow/example_dags/example_python_operator.py
[2025-06-12T12:11:31.844+0000] {logging_mixin.py:190} INFO - [2025-06-12T12:11:31.844+0000] {dag.py:3239} INFO - Sync 1 DAGs
[2025-06-12T12:11:31.856+0000] {logging_mixin.py:190} INFO - [2025-06-12T12:11:31.855+0000] {dag.py:4180} INFO - Setting next_dagrun for example_python_operator to None, run_after=None
[2025-06-12T12:11:31.870+0000] {processor.py:208} INFO - Processing /home/airflow/.local/lib/python3.12/site-packages/airflow/example_dags/example_python_operator.py took 0.059 seconds
[2025-06-12T12:12:01.917+0000] {processor.py:186} INFO - Started process (PID=1432) to work on /home/airflow/.local/lib/python3.12/site-packages/airflow/example_dags/example_python_operator.py
[2025-06-12T12:12:01.918+0000] {processor.py:914} INFO - Processing file /home/airflow/.local/lib/python3.12/site-packages/airflow/example_dags/example_python_operator.py for tasks to queue
[2025-06-12T12:12:01.919+0000] {logging_mixin.py:190} INFO - [2025-06-12T12:12:01.919+0000] {dagbag.py:588} INFO - Filling up the DagBag from /home/airflow/.local/lib/python3.12/site-packages/airflow/example_dags/example_python_operator.py
[2025-06-12T12:12:01.928+0000] {processor.py:925} INFO - DAG(s) 'example_python_operator' retrieved from /home/airflow/.local/lib/python3.12/site-packages/airflow/example_dags/example_python_operator.py
[2025-06-12T12:12:01.943+0000] {logging_mixin.py:190} INFO - [2025-06-12T12:12:01.943+0000] {dag.py:3239} INFO - Sync 1 DAGs
[2025-06-12T12:12:01.954+0000] {logging_mixin.py:190} INFO - [2025-06-12T12:12:01.954+0000] {dag.py:4180} INFO - Setting next_dagrun for example_python_operator to None, run_after=None
[2025-06-12T12:12:01.966+0000] {processor.py:208} INFO - Processing /home/airflow/.local/lib/python3.12/site-packages/airflow/example_dags/example_python_operator.py took 0.053 seconds
[2025-06-12T12:12:32.147+0000] {processor.py:186} INFO - Started process (PID=1730) to work on /home/airflow/.local/lib/python3.12/site-packages/airflow/example_dags/example_python_operator.py
[2025-06-12T12:12:32.148+0000] {processor.py:914} INFO - Processing file /home/airflow/.local/lib/python3.12/site-packages/airflow/example_dags/example_python_operator.py for tasks to queue
[2025-06-12T12:12:32.150+0000] {logging_mixin.py:190} INFO - [2025-06-12T12:12:32.150+0000] {dagbag.py:588} INFO - Filling up the DagBag from /home/airflow/.local/lib/python3.12/site-packages/airflow/example_dags/example_python_operator.py
[2025-06-12T12:12:32.160+0000] {processor.py:925} INFO - DAG(s) 'example_python_operator' retrieved from /home/airflow/.local/lib/python3.12/site-packages/airflow/example_dags/example_python_operator.py
[2025-06-12T12:12:32.176+0000] {logging_mixin.py:190} INFO - [2025-06-12T12:12:32.176+0000] {dag.py:3239} INFO - Sync 1 DAGs
[2025-06-12T12:12:32.187+0000] {logging_mixin.py:190} INFO - [2025-06-12T12:12:32.187+0000] {dag.py:4180} INFO - Setting next_dagrun for example_python_operator to None, run_after=None
[2025-06-12T12:12:32.201+0000] {processor.py:208} INFO - Processing /home/airflow/.local/lib/python3.12/site-packages/airflow/example_dags/example_python_operator.py took 0.058 seconds
[2025-06-12T12:13:02.313+0000] {processor.py:186} INFO - Started process (PID=2026) to work on /home/airflow/.local/lib/python3.12/site-packages/airflow/example_dags/example_python_operator.py
[2025-06-12T12:13:02.314+0000] {processor.py:914} INFO - Processing file /home/airflow/.local/lib/python3.12/site-packages/airflow/example_dags/example_python_operator.py for tasks to queue
[2025-06-12T12:13:02.315+0000] {logging_mixin.py:190} INFO - [2025-06-12T12:13:02.315+0000] {dagbag.py:588} INFO - Filling up the DagBag from /home/airflow/.local/lib/python3.12/site-packages/airflow/example_dags/example_python_operator.py
[2025-06-12T12:13:02.324+0000] {processor.py:925} INFO - DAG(s) 'example_python_operator' retrieved from /home/airflow/.local/lib/python3.12/site-packages/airflow/example_dags/example_python_operator.py
[2025-06-12T12:13:02.339+0000] {logging_mixin.py:190} INFO - [2025-06-12T12:13:02.339+0000] {dag.py:3239} INFO - Sync 1 DAGs
[2025-06-12T12:13:02.350+0000] {logging_mixin.py:190} INFO - [2025-06-12T12:13:02.350+0000] {dag.py:4180} INFO - Setting next_dagrun for example_python_operator to None, run_after=None
[2025-06-12T12:13:02.363+0000] {processor.py:208} INFO - Processing /home/airflow/.local/lib/python3.12/site-packages/airflow/example_dags/example_python_operator.py took 0.054 seconds
[2025-06-12T12:13:32.488+0000] {processor.py:186} INFO - Started process (PID=2322) to work on /home/airflow/.local/lib/python3.12/site-packages/airflow/example_dags/example_python_operator.py
[2025-06-12T12:13:32.489+0000] {processor.py:914} INFO - Processing file /home/airflow/.local/lib/python3.12/site-packages/airflow/example_dags/example_python_operator.py for tasks to queue
[2025-06-12T12:13:32.491+0000] {logging_mixin.py:190} INFO - [2025-06-12T12:13:32.491+0000] {dagbag.py:588} INFO - Filling up the DagBag from /home/airflow/.local/lib/python3.12/site-packages/airflow/example_dags/example_python_operator.py
[2025-06-12T12:13:32.500+0000] {processor.py:925} INFO - DAG(s) 'example_python_operator' retrieved from /home/airflow/.local/lib/python3.12/site-packages/airflow/example_dags/example_python_operator.py
[2025-06-12T12:13:32.515+0000] {logging_mixin.py:190} INFO - [2025-06-12T12:13:32.515+0000] {dag.py:3239} INFO - Sync 1 DAGs
[2025-06-12T12:13:32.526+0000] {logging_mixin.py:190} INFO - [2025-06-12T12:13:32.526+0000] {dag.py:4180} INFO - Setting next_dagrun for example_python_operator to None, run_after=None
[2025-06-12T12:13:32.538+0000] {processor.py:208} INFO - Processing /home/airflow/.local/lib/python3.12/site-packages/airflow/example_dags/example_python_operator.py took 0.054 seconds
[2025-06-12T12:14:03.273+0000] {processor.py:186} INFO - Started process (PID=2616) to work on /home/airflow/.local/lib/python3.12/site-packages/airflow/example_dags/example_python_operator.py
[2025-06-12T12:14:03.274+0000] {processor.py:914} INFO - Processing file /home/airflow/.local/lib/python3.12/site-packages/airflow/example_dags/example_python_operator.py for tasks to queue
[2025-06-12T12:14:03.275+0000] {logging_mixin.py:190} INFO - [2025-06-12T12:14:03.275+0000] {dagbag.py:588} INFO - Filling up the DagBag from /home/airflow/.local/lib/python3.12/site-packages/airflow/example_dags/example_python_operator.py
[2025-06-12T12:14:03.285+0000] {processor.py:925} INFO - DAG(s) 'example_python_operator' retrieved from /home/airflow/.local/lib/python3.12/site-packages/airflow/example_dags/example_python_operator.py
[2025-06-12T12:14:03.302+0000] {logging_mixin.py:190} INFO - [2025-06-12T12:14:03.301+0000] {dag.py:3239} INFO - Sync 1 DAGs
[2025-06-12T12:14:03.313+0000] {logging_mixin.py:190} INFO - [2025-06-12T12:14:03.313+0000] {dag.py:4180} INFO - Setting next_dagrun for example_python_operator to None, run_after=None
[2025-06-12T12:14:03.328+0000] {processor.py:208} INFO - Processing /home/airflow/.local/lib/python3.12/site-packages/airflow/example_dags/example_python_operator.py took 0.060 seconds
[2025-06-12T12:14:34.107+0000] {processor.py:186} INFO - Started process (PID=2914) to work on /home/airflow/.local/lib/python3.12/site-packages/airflow/example_dags/example_python_operator.py
[2025-06-12T12:14:34.108+0000] {processor.py:914} INFO - Processing file /home/airflow/.local/lib/python3.12/site-packages/airflow/example_dags/example_python_operator.py for tasks to queue
[2025-06-12T12:14:34.109+0000] {logging_mixin.py:190} INFO - [2025-06-12T12:14:34.109+0000] {dagbag.py:588} INFO - Filling up the DagBag from /home/airflow/.local/lib/python3.12/site-packages/airflow/example_dags/example_python_operator.py
[2025-06-12T12:14:34.119+0000] {processor.py:925} INFO - DAG(s) 'example_python_operator' retrieved from /home/airflow/.local/lib/python3.12/site-packages/airflow/example_dags/example_python_operator.py
[2025-06-12T12:14:34.134+0000] {logging_mixin.py:190} INFO - [2025-06-12T12:14:34.134+0000] {dag.py:3239} INFO - Sync 1 DAGs
[2025-06-12T12:14:34.145+0000] {logging_mixin.py:190} INFO - [2025-06-12T12:14:34.145+0000] {dag.py:4180} INFO - Setting next_dagrun for example_python_operator to None, run_after=None
[2025-06-12T12:14:34.157+0000] {processor.py:208} INFO - Processing /home/airflow/.local/lib/python3.12/site-packages/airflow/example_dags/example_python_operator.py took 0.055 seconds
[2025-06-12T12:15:04.841+0000] {processor.py:186} INFO - Started process (PID=3208) to work on /home/airflow/.local/lib/python3.12/site-packages/airflow/example_dags/example_python_operator.py
[2025-06-12T12:15:04.842+0000] {processor.py:914} INFO - Processing file /home/airflow/.local/lib/python3.12/site-packages/airflow/example_dags/example_python_operator.py for tasks to queue
[2025-06-12T12:15:04.844+0000] {logging_mixin.py:190} INFO - [2025-06-12T12:15:04.843+0000] {dagbag.py:588} INFO - Filling up the DagBag from /home/airflow/.local/lib/python3.12/site-packages/airflow/example_dags/example_python_operator.py
[2025-06-12T12:15:04.854+0000] {processor.py:925} INFO - DAG(s) 'example_python_operator' retrieved from /home/airflow/.local/lib/python3.12/site-packages/airflow/example_dags/example_python_operator.py
[2025-06-12T12:15:04.874+0000] {logging_mixin.py:190} INFO - [2025-06-12T12:15:04.873+0000] {dag.py:3239} INFO - Sync 1 DAGs
[2025-06-12T12:15:04.891+0000] {logging_mixin.py:190} INFO - [2025-06-12T12:15:04.891+0000] {dag.py:4180} INFO - Setting next_dagrun for example_python_operator to None, run_after=None
[2025-06-12T12:15:04.905+0000] {processor.py:208} INFO - Processing /home/airflow/.local/lib/python3.12/site-packages/airflow/example_dags/example_python_operator.py took 0.069 seconds
[2025-06-12T12:15:35.474+0000] {processor.py:186} INFO - Started process (PID=3506) to work on /home/airflow/.local/lib/python3.12/site-packages/airflow/example_dags/example_python_operator.py
[2025-06-12T12:15:35.475+0000] {processor.py:914} INFO - Processing file /home/airflow/.local/lib/python3.12/site-packages/airflow/example_dags/example_python_operator.py for tasks to queue
[2025-06-12T12:15:35.476+0000] {logging_mixin.py:190} INFO - [2025-06-12T12:15:35.476+0000] {dagbag.py:588} INFO - Filling up the DagBag from /home/airflow/.local/lib/python3.12/site-packages/airflow/example_dags/example_python_operator.py
[2025-06-12T12:15:35.485+0000] {processor.py:925} INFO - DAG(s) 'example_python_operator' retrieved from /home/airflow/.local/lib/python3.12/site-packages/airflow/example_dags/example_python_operator.py
[2025-06-12T12:15:35.501+0000] {logging_mixin.py:190} INFO - [2025-06-12T12:15:35.500+0000] {dag.py:3239} INFO - Sync 1 DAGs
[2025-06-12T12:15:35.512+0000] {logging_mixin.py:190} INFO - [2025-06-12T12:15:35.511+0000] {dag.py:4180} INFO - Setting next_dagrun for example_python_operator to None, run_after=None
[2025-06-12T12:15:35.524+0000] {processor.py:208} INFO - Processing /home/airflow/.local/lib/python3.12/site-packages/airflow/example_dags/example_python_operator.py took 0.055 seconds
[2025-06-12T12:16:05.855+0000] {processor.py:186} INFO - Started process (PID=3800) to work on /home/airflow/.local/lib/python3.12/site-packages/airflow/example_dags/example_python_operator.py
[2025-06-12T12:16:05.856+0000] {processor.py:914} INFO - Processing file /home/airflow/.local/lib/python3.12/site-packages/airflow/example_dags/example_python_operator.py for tasks to queue
[2025-06-12T12:16:05.859+0000] {logging_mixin.py:190} INFO - [2025-06-12T12:16:05.858+0000] {dagbag.py:588} INFO - Filling up the DagBag from /home/airflow/.local/lib/python3.12/site-packages/airflow/example_dags/example_python_operator.py
[2025-06-12T12:16:05.870+0000] {processor.py:925} INFO - DAG(s) 'example_python_operator' retrieved from /home/airflow/.local/lib/python3.12/site-packages/airflow/example_dags/example_python_operator.py
[2025-06-12T12:16:05.888+0000] {logging_mixin.py:190} INFO - [2025-06-12T12:16:05.888+0000] {dag.py:3239} INFO - Sync 1 DAGs
[2025-06-12T12:16:05.901+0000] {logging_mixin.py:190} INFO - [2025-06-12T12:16:05.901+0000] {dag.py:4180} INFO - Setting next_dagrun for example_python_operator to None, run_after=None
[2025-06-12T12:16:05.915+0000] {processor.py:208} INFO - Processing /home/airflow/.local/lib/python3.12/site-packages/airflow/example_dags/example_python_operator.py took 0.065 seconds
[2025-06-12T12:16:36.775+0000] {processor.py:186} INFO - Started process (PID=4096) to work on /home/airflow/.local/lib/python3.12/site-packages/airflow/example_dags/example_python_operator.py
[2025-06-12T12:16:36.776+0000] {processor.py:914} INFO - Processing file /home/airflow/.local/lib/python3.12/site-packages/airflow/example_dags/example_python_operator.py for tasks to queue
[2025-06-12T12:16:36.778+0000] {logging_mixin.py:190} INFO - [2025-06-12T12:16:36.778+0000] {dagbag.py:588} INFO - Filling up the DagBag from /home/airflow/.local/lib/python3.12/site-packages/airflow/example_dags/example_python_operator.py
[2025-06-12T12:16:36.787+0000] {processor.py:925} INFO - DAG(s) 'example_python_operator' retrieved from /home/airflow/.local/lib/python3.12/site-packages/airflow/example_dags/example_python_operator.py
[2025-06-12T12:16:36.802+0000] {logging_mixin.py:190} INFO - [2025-06-12T12:16:36.802+0000] {dag.py:3239} INFO - Sync 1 DAGs
[2025-06-12T12:16:36.813+0000] {logging_mixin.py:190} INFO - [2025-06-12T12:16:36.813+0000] {dag.py:4180} INFO - Setting next_dagrun for example_python_operator to None, run_after=None
[2025-06-12T12:16:36.826+0000] {processor.py:208} INFO - Processing /home/airflow/.local/lib/python3.12/site-packages/airflow/example_dags/example_python_operator.py took 0.055 seconds
[2025-06-12T12:17:07.418+0000] {processor.py:186} INFO - Started process (PID=4394) to work on /home/airflow/.local/lib/python3.12/site-packages/airflow/example_dags/example_python_operator.py
[2025-06-12T12:17:07.419+0000] {processor.py:914} INFO - Processing file /home/airflow/.local/lib/python3.12/site-packages/airflow/example_dags/example_python_operator.py for tasks to queue
[2025-06-12T12:17:07.421+0000] {logging_mixin.py:190} INFO - [2025-06-12T12:17:07.421+0000] {dagbag.py:588} INFO - Filling up the DagBag from /home/airflow/.local/lib/python3.12/site-packages/airflow/example_dags/example_python_operator.py
[2025-06-12T12:17:07.430+0000] {processor.py:925} INFO - DAG(s) 'example_python_operator' retrieved from /home/airflow/.local/lib/python3.12/site-packages/airflow/example_dags/example_python_operator.py
[2025-06-12T12:17:07.445+0000] {logging_mixin.py:190} INFO - [2025-06-12T12:17:07.445+0000] {dag.py:3239} INFO - Sync 1 DAGs
[2025-06-12T12:17:07.455+0000] {logging_mixin.py:190} INFO - [2025-06-12T12:17:07.455+0000] {dag.py:4180} INFO - Setting next_dagrun for example_python_operator to None, run_after=None
[2025-06-12T12:17:07.469+0000] {processor.py:208} INFO - Processing /home/airflow/.local/lib/python3.12/site-packages/airflow/example_dags/example_python_operator.py took 0.055 seconds
[2025-06-12T12:17:38.009+0000] {processor.py:186} INFO - Started process (PID=4690) to work on /home/airflow/.local/lib/python3.12/site-packages/airflow/example_dags/example_python_operator.py
[2025-06-12T12:17:38.010+0000] {processor.py:914} INFO - Processing file /home/airflow/.local/lib/python3.12/site-packages/airflow/example_dags/example_python_operator.py for tasks to queue
[2025-06-12T12:17:38.011+0000] {logging_mixin.py:190} INFO - [2025-06-12T12:17:38.011+0000] {dagbag.py:588} INFO - Filling up the DagBag from /home/airflow/.local/lib/python3.12/site-packages/airflow/example_dags/example_python_operator.py
[2025-06-12T12:17:38.021+0000] {processor.py:925} INFO - DAG(s) 'example_python_operator' retrieved from /home/airflow/.local/lib/python3.12/site-packages/airflow/example_dags/example_python_operator.py
[2025-06-12T12:17:38.038+0000] {logging_mixin.py:190} INFO - [2025-06-12T12:17:38.037+0000] {dag.py:3239} INFO - Sync 1 DAGs
[2025-06-12T12:17:38.049+0000] {logging_mixin.py:190} INFO - [2025-06-12T12:17:38.049+0000] {dag.py:4180} INFO - Setting next_dagrun for example_python_operator to None, run_after=None
[2025-06-12T12:17:38.063+0000] {processor.py:208} INFO - Processing /home/airflow/.local/lib/python3.12/site-packages/airflow/example_dags/example_python_operator.py took 0.060 seconds
[2025-06-12T12:18:08.468+0000] {processor.py:186} INFO - Started process (PID=4984) to work on /home/airflow/.local/lib/python3.12/site-packages/airflow/example_dags/example_python_operator.py
[2025-06-12T12:18:08.468+0000] {processor.py:914} INFO - Processing file /home/airflow/.local/lib/python3.12/site-packages/airflow/example_dags/example_python_operator.py for tasks to queue
[2025-06-12T12:18:08.470+0000] {logging_mixin.py:190} INFO - [2025-06-12T12:18:08.470+0000] {dagbag.py:588} INFO - Filling up the DagBag from /home/airflow/.local/lib/python3.12/site-packages/airflow/example_dags/example_python_operator.py
[2025-06-12T12:18:08.479+0000] {processor.py:925} INFO - DAG(s) 'example_python_operator' retrieved from /home/airflow/.local/lib/python3.12/site-packages/airflow/example_dags/example_python_operator.py
[2025-06-12T12:18:08.495+0000] {logging_mixin.py:190} INFO - [2025-06-12T12:18:08.495+0000] {dag.py:3239} INFO - Sync 1 DAGs
[2025-06-12T12:18:08.506+0000] {logging_mixin.py:190} INFO - [2025-06-12T12:18:08.506+0000] {dag.py:4180} INFO - Setting next_dagrun for example_python_operator to None, run_after=None
[2025-06-12T12:18:08.519+0000] {processor.py:208} INFO - Processing /home/airflow/.local/lib/python3.12/site-packages/airflow/example_dags/example_python_operator.py took 0.056 seconds
[2025-06-12T12:18:39.136+0000] {processor.py:186} INFO - Started process (PID=5282) to work on /home/airflow/.local/lib/python3.12/site-packages/airflow/example_dags/example_python_operator.py
[2025-06-12T12:18:39.137+0000] {processor.py:914} INFO - Processing file /home/airflow/.local/lib/python3.12/site-packages/airflow/example_dags/example_python_operator.py for tasks to queue
[2025-06-12T12:18:39.139+0000] {logging_mixin.py:190} INFO - [2025-06-12T12:18:39.138+0000] {dagbag.py:588} INFO - Filling up the DagBag from /home/airflow/.local/lib/python3.12/site-packages/airflow/example_dags/example_python_operator.py
[2025-06-12T12:18:39.149+0000] {processor.py:925} INFO - DAG(s) 'example_python_operator' retrieved from /home/airflow/.local/lib/python3.12/site-packages/airflow/example_dags/example_python_operator.py
[2025-06-12T12:18:39.165+0000] {logging_mixin.py:190} INFO - [2025-06-12T12:18:39.165+0000] {dag.py:3239} INFO - Sync 1 DAGs
[2025-06-12T12:18:39.176+0000] {logging_mixin.py:190} INFO - [2025-06-12T12:18:39.176+0000] {dag.py:4180} INFO - Setting next_dagrun for example_python_operator to None, run_after=None
[2025-06-12T12:18:39.190+0000] {processor.py:208} INFO - Processing /home/airflow/.local/lib/python3.12/site-packages/airflow/example_dags/example_python_operator.py took 0.058 seconds
[2025-06-12T12:19:09.658+0000] {processor.py:186} INFO - Started process (PID=5576) to work on /home/airflow/.local/lib/python3.12/site-packages/airflow/example_dags/example_python_operator.py
[2025-06-12T12:19:09.658+0000] {processor.py:914} INFO - Processing file /home/airflow/.local/lib/python3.12/site-packages/airflow/example_dags/example_python_operator.py for tasks to queue
[2025-06-12T12:19:09.660+0000] {logging_mixin.py:190} INFO - [2025-06-12T12:19:09.660+0000] {dagbag.py:588} INFO - Filling up the DagBag from /home/airflow/.local/lib/python3.12/site-packages/airflow/example_dags/example_python_operator.py
[2025-06-12T12:19:09.669+0000] {processor.py:925} INFO - DAG(s) 'example_python_operator' retrieved from /home/airflow/.local/lib/python3.12/site-packages/airflow/example_dags/example_python_operator.py
[2025-06-12T12:19:09.685+0000] {logging_mixin.py:190} INFO - [2025-06-12T12:19:09.685+0000] {dag.py:3239} INFO - Sync 1 DAGs
[2025-06-12T12:19:09.695+0000] {logging_mixin.py:190} INFO - [2025-06-12T12:19:09.695+0000] {dag.py:4180} INFO - Setting next_dagrun for example_python_operator to None, run_after=None
[2025-06-12T12:19:09.709+0000] {processor.py:208} INFO - Processing /home/airflow/.local/lib/python3.12/site-packages/airflow/example_dags/example_python_operator.py took 0.056 seconds
[2025-06-12T12:19:39.854+0000] {processor.py:186} INFO - Started process (PID=5874) to work on /home/airflow/.local/lib/python3.12/site-packages/airflow/example_dags/example_python_operator.py
[2025-06-12T12:19:39.854+0000] {processor.py:914} INFO - Processing file /home/airflow/.local/lib/python3.12/site-packages/airflow/example_dags/example_python_operator.py for tasks to queue
[2025-06-12T12:19:39.856+0000] {logging_mixin.py:190} INFO - [2025-06-12T12:19:39.856+0000] {dagbag.py:588} INFO - Filling up the DagBag from /home/airflow/.local/lib/python3.12/site-packages/airflow/example_dags/example_python_operator.py
[2025-06-12T12:19:39.865+0000] {processor.py:925} INFO - DAG(s) 'example_python_operator' retrieved from /home/airflow/.local/lib/python3.12/site-packages/airflow/example_dags/example_python_operator.py
[2025-06-12T12:19:39.881+0000] {logging_mixin.py:190} INFO - [2025-06-12T12:19:39.881+0000] {dag.py:3239} INFO - Sync 1 DAGs
[2025-06-12T12:19:39.893+0000] {logging_mixin.py:190} INFO - [2025-06-12T12:19:39.892+0000] {dag.py:4180} INFO - Setting next_dagrun for example_python_operator to None, run_after=None
[2025-06-12T12:19:39.907+0000] {processor.py:208} INFO - Processing /home/airflow/.local/lib/python3.12/site-packages/airflow/example_dags/example_python_operator.py took 0.058 seconds
