[2025-06-12T12:10:01.855+0000] {processor.py:186} INFO - Started process (PID=316) to work on /home/airflow/.local/lib/python3.12/site-packages/airflow/example_dags/example_branch_operator.py
[2025-06-12T12:10:01.857+0000] {processor.py:914} INFO - Processing file /home/airflow/.local/lib/python3.12/site-packages/airflow/example_dags/example_branch_operator.py for tasks to queue
[2025-06-12T12:10:01.858+0000] {logging_mixin.py:190} INFO - [2025-06-12T12:10:01.858+0000] {dagbag.py:588} INFO - Filling up the DagBag from /home/airflow/.local/lib/python3.12/site-packages/airflow/example_dags/example_branch_operator.py
[2025-06-12T12:10:01.873+0000] {processor.py:925} INFO - DAG(s) 'example_branch_operator' retrieved from /home/airflow/.local/lib/python3.12/site-packages/airflow/example_dags/example_branch_operator.py
[2025-06-12T12:10:01.972+0000] {logging_mixin.py:190} INFO - [2025-06-12T12:10:01.972+0000] {dag.py:3239} INFO - Sync 1 DAGs
[2025-06-12T12:10:01.992+0000] {logging_mixin.py:190} INFO - [2025-06-12T12:10:01.992+0000] {dag.py:4180} INFO - Setting next_dagrun for example_branch_operator to 2025-06-11 00:00:00+00:00, run_after=2025-06-12 00:00:00+00:00
[2025-06-12T12:10:02.007+0000] {processor.py:208} INFO - Processing /home/airflow/.local/lib/python3.12/site-packages/airflow/example_dags/example_branch_operator.py took 0.157 seconds
[2025-06-12T12:10:32.143+0000] {processor.py:186} INFO - Started process (PID=614) to work on /home/airflow/.local/lib/python3.12/site-packages/airflow/example_dags/example_branch_operator.py
[2025-06-12T12:10:32.144+0000] {processor.py:914} INFO - Processing file /home/airflow/.local/lib/python3.12/site-packages/airflow/example_dags/example_branch_operator.py for tasks to queue
[2025-06-12T12:10:32.146+0000] {logging_mixin.py:190} INFO - [2025-06-12T12:10:32.146+0000] {dagbag.py:588} INFO - Filling up the DagBag from /home/airflow/.local/lib/python3.12/site-packages/airflow/example_dags/example_branch_operator.py
[2025-06-12T12:10:32.160+0000] {processor.py:925} INFO - DAG(s) 'example_branch_operator' retrieved from /home/airflow/.local/lib/python3.12/site-packages/airflow/example_dags/example_branch_operator.py
[2025-06-12T12:10:32.181+0000] {logging_mixin.py:190} INFO - [2025-06-12T12:10:32.181+0000] {dag.py:3239} INFO - Sync 1 DAGs
[2025-06-12T12:10:32.199+0000] {logging_mixin.py:190} INFO - [2025-06-12T12:10:32.199+0000] {dag.py:4180} INFO - Setting next_dagrun for example_branch_operator to 2025-06-11 00:00:00+00:00, run_after=2025-06-12 00:00:00+00:00
[2025-06-12T12:10:32.214+0000] {processor.py:208} INFO - Processing /home/airflow/.local/lib/python3.12/site-packages/airflow/example_dags/example_branch_operator.py took 0.075 seconds
[2025-06-12T12:11:02.377+0000] {processor.py:186} INFO - Started process (PID=910) to work on /home/airflow/.local/lib/python3.12/site-packages/airflow/example_dags/example_branch_operator.py
[2025-06-12T12:11:02.378+0000] {processor.py:914} INFO - Processing file /home/airflow/.local/lib/python3.12/site-packages/airflow/example_dags/example_branch_operator.py for tasks to queue
[2025-06-12T12:11:02.380+0000] {logging_mixin.py:190} INFO - [2025-06-12T12:11:02.379+0000] {dagbag.py:588} INFO - Filling up the DagBag from /home/airflow/.local/lib/python3.12/site-packages/airflow/example_dags/example_branch_operator.py
[2025-06-12T12:11:02.393+0000] {processor.py:925} INFO - DAG(s) 'example_branch_operator' retrieved from /home/airflow/.local/lib/python3.12/site-packages/airflow/example_dags/example_branch_operator.py
[2025-06-12T12:11:02.414+0000] {logging_mixin.py:190} INFO - [2025-06-12T12:11:02.413+0000] {dag.py:3239} INFO - Sync 1 DAGs
[2025-06-12T12:11:02.431+0000] {logging_mixin.py:190} INFO - [2025-06-12T12:11:02.431+0000] {dag.py:4180} INFO - Setting next_dagrun for example_branch_operator to 2025-06-11 00:00:00+00:00, run_after=2025-06-12 00:00:00+00:00
[2025-06-12T12:11:02.445+0000] {processor.py:208} INFO - Processing /home/airflow/.local/lib/python3.12/site-packages/airflow/example_dags/example_branch_operator.py took 0.072 seconds
[2025-06-12T12:11:32.589+0000] {processor.py:186} INFO - Started process (PID=1206) to work on /home/airflow/.local/lib/python3.12/site-packages/airflow/example_dags/example_branch_operator.py
[2025-06-12T12:11:32.590+0000] {processor.py:914} INFO - Processing file /home/airflow/.local/lib/python3.12/site-packages/airflow/example_dags/example_branch_operator.py for tasks to queue
[2025-06-12T12:11:32.592+0000] {logging_mixin.py:190} INFO - [2025-06-12T12:11:32.592+0000] {dagbag.py:588} INFO - Filling up the DagBag from /home/airflow/.local/lib/python3.12/site-packages/airflow/example_dags/example_branch_operator.py
[2025-06-12T12:11:32.605+0000] {processor.py:925} INFO - DAG(s) 'example_branch_operator' retrieved from /home/airflow/.local/lib/python3.12/site-packages/airflow/example_dags/example_branch_operator.py
[2025-06-12T12:11:32.626+0000] {logging_mixin.py:190} INFO - [2025-06-12T12:11:32.626+0000] {dag.py:3239} INFO - Sync 1 DAGs
[2025-06-12T12:11:32.651+0000] {logging_mixin.py:190} INFO - [2025-06-12T12:11:32.651+0000] {dag.py:4180} INFO - Setting next_dagrun for example_branch_operator to 2025-06-11 00:00:00+00:00, run_after=2025-06-12 00:00:00+00:00
[2025-06-12T12:11:32.666+0000] {processor.py:208} INFO - Processing /home/airflow/.local/lib/python3.12/site-packages/airflow/example_dags/example_branch_operator.py took 0.081 seconds
[2025-06-12T12:12:03.683+0000] {processor.py:186} INFO - Started process (PID=1502) to work on /home/airflow/.local/lib/python3.12/site-packages/airflow/example_dags/example_branch_operator.py
[2025-06-12T12:12:03.684+0000] {processor.py:914} INFO - Processing file /home/airflow/.local/lib/python3.12/site-packages/airflow/example_dags/example_branch_operator.py for tasks to queue
[2025-06-12T12:12:03.685+0000] {logging_mixin.py:190} INFO - [2025-06-12T12:12:03.685+0000] {dagbag.py:588} INFO - Filling up the DagBag from /home/airflow/.local/lib/python3.12/site-packages/airflow/example_dags/example_branch_operator.py
[2025-06-12T12:12:03.704+0000] {processor.py:925} INFO - DAG(s) 'example_branch_operator' retrieved from /home/airflow/.local/lib/python3.12/site-packages/airflow/example_dags/example_branch_operator.py
[2025-06-12T12:12:03.726+0000] {logging_mixin.py:190} INFO - [2025-06-12T12:12:03.726+0000] {dag.py:3239} INFO - Sync 1 DAGs
[2025-06-12T12:12:03.745+0000] {logging_mixin.py:190} INFO - [2025-06-12T12:12:03.745+0000] {dag.py:4180} INFO - Setting next_dagrun for example_branch_operator to 2025-06-11 00:00:00+00:00, run_after=2025-06-12 00:00:00+00:00
[2025-06-12T12:12:03.759+0000] {processor.py:208} INFO - Processing /home/airflow/.local/lib/python3.12/site-packages/airflow/example_dags/example_branch_operator.py took 0.081 seconds
[2025-06-12T12:12:33.814+0000] {processor.py:186} INFO - Started process (PID=1793) to work on /home/airflow/.local/lib/python3.12/site-packages/airflow/example_dags/example_branch_operator.py
[2025-06-12T12:12:33.814+0000] {processor.py:914} INFO - Processing file /home/airflow/.local/lib/python3.12/site-packages/airflow/example_dags/example_branch_operator.py for tasks to queue
[2025-06-12T12:12:33.816+0000] {logging_mixin.py:190} INFO - [2025-06-12T12:12:33.816+0000] {dagbag.py:588} INFO - Filling up the DagBag from /home/airflow/.local/lib/python3.12/site-packages/airflow/example_dags/example_branch_operator.py
[2025-06-12T12:12:33.830+0000] {processor.py:925} INFO - DAG(s) 'example_branch_operator' retrieved from /home/airflow/.local/lib/python3.12/site-packages/airflow/example_dags/example_branch_operator.py
[2025-06-12T12:12:33.851+0000] {logging_mixin.py:190} INFO - [2025-06-12T12:12:33.850+0000] {dag.py:3239} INFO - Sync 1 DAGs
[2025-06-12T12:12:33.870+0000] {logging_mixin.py:190} INFO - [2025-06-12T12:12:33.869+0000] {dag.py:4180} INFO - Setting next_dagrun for example_branch_operator to 2025-06-11 00:00:00+00:00, run_after=2025-06-12 00:00:00+00:00
[2025-06-12T12:12:33.884+0000] {processor.py:208} INFO - Processing /home/airflow/.local/lib/python3.12/site-packages/airflow/example_dags/example_branch_operator.py took 0.075 seconds
[2025-06-12T12:13:03.924+0000] {processor.py:186} INFO - Started process (PID=2089) to work on /home/airflow/.local/lib/python3.12/site-packages/airflow/example_dags/example_branch_operator.py
[2025-06-12T12:13:03.925+0000] {processor.py:914} INFO - Processing file /home/airflow/.local/lib/python3.12/site-packages/airflow/example_dags/example_branch_operator.py for tasks to queue
[2025-06-12T12:13:03.928+0000] {logging_mixin.py:190} INFO - [2025-06-12T12:13:03.927+0000] {dagbag.py:588} INFO - Filling up the DagBag from /home/airflow/.local/lib/python3.12/site-packages/airflow/example_dags/example_branch_operator.py
[2025-06-12T12:13:03.942+0000] {processor.py:925} INFO - DAG(s) 'example_branch_operator' retrieved from /home/airflow/.local/lib/python3.12/site-packages/airflow/example_dags/example_branch_operator.py
[2025-06-12T12:13:03.964+0000] {logging_mixin.py:190} INFO - [2025-06-12T12:13:03.964+0000] {dag.py:3239} INFO - Sync 1 DAGs
[2025-06-12T12:13:03.983+0000] {logging_mixin.py:190} INFO - [2025-06-12T12:13:03.983+0000] {dag.py:4180} INFO - Setting next_dagrun for example_branch_operator to 2025-06-11 00:00:00+00:00, run_after=2025-06-12 00:00:00+00:00
[2025-06-12T12:13:03.997+0000] {processor.py:208} INFO - Processing /home/airflow/.local/lib/python3.12/site-packages/airflow/example_dags/example_branch_operator.py took 0.077 seconds
[2025-06-12T12:13:34.050+0000] {processor.py:186} INFO - Started process (PID=2385) to work on /home/airflow/.local/lib/python3.12/site-packages/airflow/example_dags/example_branch_operator.py
[2025-06-12T12:13:34.050+0000] {processor.py:914} INFO - Processing file /home/airflow/.local/lib/python3.12/site-packages/airflow/example_dags/example_branch_operator.py for tasks to queue
[2025-06-12T12:13:34.052+0000] {logging_mixin.py:190} INFO - [2025-06-12T12:13:34.052+0000] {dagbag.py:588} INFO - Filling up the DagBag from /home/airflow/.local/lib/python3.12/site-packages/airflow/example_dags/example_branch_operator.py
[2025-06-12T12:13:34.065+0000] {processor.py:925} INFO - DAG(s) 'example_branch_operator' retrieved from /home/airflow/.local/lib/python3.12/site-packages/airflow/example_dags/example_branch_operator.py
[2025-06-12T12:13:34.085+0000] {logging_mixin.py:190} INFO - [2025-06-12T12:13:34.085+0000] {dag.py:3239} INFO - Sync 1 DAGs
[2025-06-12T12:13:34.105+0000] {logging_mixin.py:190} INFO - [2025-06-12T12:13:34.105+0000] {dag.py:4180} INFO - Setting next_dagrun for example_branch_operator to 2025-06-11 00:00:00+00:00, run_after=2025-06-12 00:00:00+00:00
[2025-06-12T12:13:34.118+0000] {processor.py:208} INFO - Processing /home/airflow/.local/lib/python3.12/site-packages/airflow/example_dags/example_branch_operator.py took 0.073 seconds
[2025-06-12T12:14:04.888+0000] {processor.py:186} INFO - Started process (PID=2681) to work on /home/airflow/.local/lib/python3.12/site-packages/airflow/example_dags/example_branch_operator.py
[2025-06-12T12:14:04.888+0000] {processor.py:914} INFO - Processing file /home/airflow/.local/lib/python3.12/site-packages/airflow/example_dags/example_branch_operator.py for tasks to queue
[2025-06-12T12:14:04.890+0000] {logging_mixin.py:190} INFO - [2025-06-12T12:14:04.890+0000] {dagbag.py:588} INFO - Filling up the DagBag from /home/airflow/.local/lib/python3.12/site-packages/airflow/example_dags/example_branch_operator.py
[2025-06-12T12:14:04.905+0000] {processor.py:925} INFO - DAG(s) 'example_branch_operator' retrieved from /home/airflow/.local/lib/python3.12/site-packages/airflow/example_dags/example_branch_operator.py
[2025-06-12T12:14:04.926+0000] {logging_mixin.py:190} INFO - [2025-06-12T12:14:04.926+0000] {dag.py:3239} INFO - Sync 1 DAGs
[2025-06-12T12:14:04.944+0000] {logging_mixin.py:190} INFO - [2025-06-12T12:14:04.944+0000] {dag.py:4180} INFO - Setting next_dagrun for example_branch_operator to 2025-06-11 00:00:00+00:00, run_after=2025-06-12 00:00:00+00:00
[2025-06-12T12:14:04.960+0000] {processor.py:208} INFO - Processing /home/airflow/.local/lib/python3.12/site-packages/airflow/example_dags/example_branch_operator.py took 0.077 seconds
[2025-06-12T12:14:35.627+0000] {processor.py:186} INFO - Started process (PID=2977) to work on /home/airflow/.local/lib/python3.12/site-packages/airflow/example_dags/example_branch_operator.py
[2025-06-12T12:14:35.627+0000] {processor.py:914} INFO - Processing file /home/airflow/.local/lib/python3.12/site-packages/airflow/example_dags/example_branch_operator.py for tasks to queue
[2025-06-12T12:14:35.629+0000] {logging_mixin.py:190} INFO - [2025-06-12T12:14:35.629+0000] {dagbag.py:588} INFO - Filling up the DagBag from /home/airflow/.local/lib/python3.12/site-packages/airflow/example_dags/example_branch_operator.py
[2025-06-12T12:14:35.655+0000] {processor.py:925} INFO - DAG(s) 'example_branch_operator' retrieved from /home/airflow/.local/lib/python3.12/site-packages/airflow/example_dags/example_branch_operator.py
[2025-06-12T12:14:35.680+0000] {logging_mixin.py:190} INFO - [2025-06-12T12:14:35.680+0000] {dag.py:3239} INFO - Sync 1 DAGs
[2025-06-12T12:14:35.700+0000] {logging_mixin.py:190} INFO - [2025-06-12T12:14:35.700+0000] {dag.py:4180} INFO - Setting next_dagrun for example_branch_operator to 2025-06-11 00:00:00+00:00, run_after=2025-06-12 00:00:00+00:00
[2025-06-12T12:14:35.723+0000] {processor.py:208} INFO - Processing /home/airflow/.local/lib/python3.12/site-packages/airflow/example_dags/example_branch_operator.py took 0.101 seconds
[2025-06-12T12:15:06.447+0000] {processor.py:186} INFO - Started process (PID=3273) to work on /home/airflow/.local/lib/python3.12/site-packages/airflow/example_dags/example_branch_operator.py
[2025-06-12T12:15:06.447+0000] {processor.py:914} INFO - Processing file /home/airflow/.local/lib/python3.12/site-packages/airflow/example_dags/example_branch_operator.py for tasks to queue
[2025-06-12T12:15:06.449+0000] {logging_mixin.py:190} INFO - [2025-06-12T12:15:06.449+0000] {dagbag.py:588} INFO - Filling up the DagBag from /home/airflow/.local/lib/python3.12/site-packages/airflow/example_dags/example_branch_operator.py
[2025-06-12T12:15:06.463+0000] {processor.py:925} INFO - DAG(s) 'example_branch_operator' retrieved from /home/airflow/.local/lib/python3.12/site-packages/airflow/example_dags/example_branch_operator.py
[2025-06-12T12:15:06.487+0000] {logging_mixin.py:190} INFO - [2025-06-12T12:15:06.487+0000] {dag.py:3239} INFO - Sync 1 DAGs
[2025-06-12T12:15:06.514+0000] {logging_mixin.py:190} INFO - [2025-06-12T12:15:06.514+0000] {dag.py:4180} INFO - Setting next_dagrun for example_branch_operator to 2025-06-11 00:00:00+00:00, run_after=2025-06-12 00:00:00+00:00
[2025-06-12T12:15:06.530+0000] {processor.py:208} INFO - Processing /home/airflow/.local/lib/python3.12/site-packages/airflow/example_dags/example_branch_operator.py took 0.087 seconds
[2025-06-12T12:15:37.108+0000] {processor.py:186} INFO - Started process (PID=3569) to work on /home/airflow/.local/lib/python3.12/site-packages/airflow/example_dags/example_branch_operator.py
[2025-06-12T12:15:37.109+0000] {processor.py:914} INFO - Processing file /home/airflow/.local/lib/python3.12/site-packages/airflow/example_dags/example_branch_operator.py for tasks to queue
[2025-06-12T12:15:37.110+0000] {logging_mixin.py:190} INFO - [2025-06-12T12:15:37.110+0000] {dagbag.py:588} INFO - Filling up the DagBag from /home/airflow/.local/lib/python3.12/site-packages/airflow/example_dags/example_branch_operator.py
[2025-06-12T12:15:37.124+0000] {processor.py:925} INFO - DAG(s) 'example_branch_operator' retrieved from /home/airflow/.local/lib/python3.12/site-packages/airflow/example_dags/example_branch_operator.py
[2025-06-12T12:15:37.145+0000] {logging_mixin.py:190} INFO - [2025-06-12T12:15:37.145+0000] {dag.py:3239} INFO - Sync 1 DAGs
[2025-06-12T12:15:37.163+0000] {logging_mixin.py:190} INFO - [2025-06-12T12:15:37.163+0000] {dag.py:4180} INFO - Setting next_dagrun for example_branch_operator to 2025-06-11 00:00:00+00:00, run_after=2025-06-12 00:00:00+00:00
[2025-06-12T12:15:37.176+0000] {processor.py:208} INFO - Processing /home/airflow/.local/lib/python3.12/site-packages/airflow/example_dags/example_branch_operator.py took 0.074 seconds
[2025-06-12T12:16:07.449+0000] {processor.py:186} INFO - Started process (PID=3865) to work on /home/airflow/.local/lib/python3.12/site-packages/airflow/example_dags/example_branch_operator.py
[2025-06-12T12:16:07.450+0000] {processor.py:914} INFO - Processing file /home/airflow/.local/lib/python3.12/site-packages/airflow/example_dags/example_branch_operator.py for tasks to queue
[2025-06-12T12:16:07.452+0000] {logging_mixin.py:190} INFO - [2025-06-12T12:16:07.451+0000] {dagbag.py:588} INFO - Filling up the DagBag from /home/airflow/.local/lib/python3.12/site-packages/airflow/example_dags/example_branch_operator.py
[2025-06-12T12:16:07.465+0000] {processor.py:925} INFO - DAG(s) 'example_branch_operator' retrieved from /home/airflow/.local/lib/python3.12/site-packages/airflow/example_dags/example_branch_operator.py
[2025-06-12T12:16:07.485+0000] {logging_mixin.py:190} INFO - [2025-06-12T12:16:07.485+0000] {dag.py:3239} INFO - Sync 1 DAGs
[2025-06-12T12:16:07.503+0000] {logging_mixin.py:190} INFO - [2025-06-12T12:16:07.503+0000] {dag.py:4180} INFO - Setting next_dagrun for example_branch_operator to 2025-06-11 00:00:00+00:00, run_after=2025-06-12 00:00:00+00:00
[2025-06-12T12:16:07.516+0000] {processor.py:208} INFO - Processing /home/airflow/.local/lib/python3.12/site-packages/airflow/example_dags/example_branch_operator.py took 0.071 seconds
[2025-06-12T12:16:38.350+0000] {processor.py:186} INFO - Started process (PID=4161) to work on /home/airflow/.local/lib/python3.12/site-packages/airflow/example_dags/example_branch_operator.py
[2025-06-12T12:16:38.351+0000] {processor.py:914} INFO - Processing file /home/airflow/.local/lib/python3.12/site-packages/airflow/example_dags/example_branch_operator.py for tasks to queue
[2025-06-12T12:16:38.353+0000] {logging_mixin.py:190} INFO - [2025-06-12T12:16:38.352+0000] {dagbag.py:588} INFO - Filling up the DagBag from /home/airflow/.local/lib/python3.12/site-packages/airflow/example_dags/example_branch_operator.py
[2025-06-12T12:16:38.366+0000] {processor.py:925} INFO - DAG(s) 'example_branch_operator' retrieved from /home/airflow/.local/lib/python3.12/site-packages/airflow/example_dags/example_branch_operator.py
[2025-06-12T12:16:38.386+0000] {logging_mixin.py:190} INFO - [2025-06-12T12:16:38.386+0000] {dag.py:3239} INFO - Sync 1 DAGs
[2025-06-12T12:16:38.404+0000] {logging_mixin.py:190} INFO - [2025-06-12T12:16:38.404+0000] {dag.py:4180} INFO - Setting next_dagrun for example_branch_operator to 2025-06-11 00:00:00+00:00, run_after=2025-06-12 00:00:00+00:00
[2025-06-12T12:16:38.424+0000] {processor.py:208} INFO - Processing /home/airflow/.local/lib/python3.12/site-packages/airflow/example_dags/example_branch_operator.py took 0.079 seconds
[2025-06-12T12:17:08.912+0000] {processor.py:186} INFO - Started process (PID=4457) to work on /home/airflow/.local/lib/python3.12/site-packages/airflow/example_dags/example_branch_operator.py
[2025-06-12T12:17:08.912+0000] {processor.py:914} INFO - Processing file /home/airflow/.local/lib/python3.12/site-packages/airflow/example_dags/example_branch_operator.py for tasks to queue
[2025-06-12T12:17:08.914+0000] {logging_mixin.py:190} INFO - [2025-06-12T12:17:08.914+0000] {dagbag.py:588} INFO - Filling up the DagBag from /home/airflow/.local/lib/python3.12/site-packages/airflow/example_dags/example_branch_operator.py
[2025-06-12T12:17:08.928+0000] {processor.py:925} INFO - DAG(s) 'example_branch_operator' retrieved from /home/airflow/.local/lib/python3.12/site-packages/airflow/example_dags/example_branch_operator.py
[2025-06-12T12:17:08.947+0000] {logging_mixin.py:190} INFO - [2025-06-12T12:17:08.947+0000] {dag.py:3239} INFO - Sync 1 DAGs
[2025-06-12T12:17:08.965+0000] {logging_mixin.py:190} INFO - [2025-06-12T12:17:08.965+0000] {dag.py:4180} INFO - Setting next_dagrun for example_branch_operator to 2025-06-11 00:00:00+00:00, run_after=2025-06-12 00:00:00+00:00
[2025-06-12T12:17:08.981+0000] {processor.py:208} INFO - Processing /home/airflow/.local/lib/python3.12/site-packages/airflow/example_dags/example_branch_operator.py took 0.074 seconds
[2025-06-12T12:17:39.517+0000] {processor.py:186} INFO - Started process (PID=4753) to work on /home/airflow/.local/lib/python3.12/site-packages/airflow/example_dags/example_branch_operator.py
[2025-06-12T12:17:39.517+0000] {processor.py:914} INFO - Processing file /home/airflow/.local/lib/python3.12/site-packages/airflow/example_dags/example_branch_operator.py for tasks to queue
[2025-06-12T12:17:39.519+0000] {logging_mixin.py:190} INFO - [2025-06-12T12:17:39.519+0000] {dagbag.py:588} INFO - Filling up the DagBag from /home/airflow/.local/lib/python3.12/site-packages/airflow/example_dags/example_branch_operator.py
[2025-06-12T12:17:39.535+0000] {processor.py:925} INFO - DAG(s) 'example_branch_operator' retrieved from /home/airflow/.local/lib/python3.12/site-packages/airflow/example_dags/example_branch_operator.py
[2025-06-12T12:17:39.556+0000] {logging_mixin.py:190} INFO - [2025-06-12T12:17:39.556+0000] {dag.py:3239} INFO - Sync 1 DAGs
[2025-06-12T12:17:39.575+0000] {logging_mixin.py:190} INFO - [2025-06-12T12:17:39.574+0000] {dag.py:4180} INFO - Setting next_dagrun for example_branch_operator to 2025-06-11 00:00:00+00:00, run_after=2025-06-12 00:00:00+00:00
[2025-06-12T12:17:39.589+0000] {processor.py:208} INFO - Processing /home/airflow/.local/lib/python3.12/site-packages/airflow/example_dags/example_branch_operator.py took 0.076 seconds
[2025-06-12T12:18:10.053+0000] {processor.py:186} INFO - Started process (PID=5049) to work on /home/airflow/.local/lib/python3.12/site-packages/airflow/example_dags/example_branch_operator.py
[2025-06-12T12:18:10.054+0000] {processor.py:914} INFO - Processing file /home/airflow/.local/lib/python3.12/site-packages/airflow/example_dags/example_branch_operator.py for tasks to queue
[2025-06-12T12:18:10.056+0000] {logging_mixin.py:190} INFO - [2025-06-12T12:18:10.055+0000] {dagbag.py:588} INFO - Filling up the DagBag from /home/airflow/.local/lib/python3.12/site-packages/airflow/example_dags/example_branch_operator.py
[2025-06-12T12:18:10.068+0000] {processor.py:925} INFO - DAG(s) 'example_branch_operator' retrieved from /home/airflow/.local/lib/python3.12/site-packages/airflow/example_dags/example_branch_operator.py
[2025-06-12T12:18:10.090+0000] {logging_mixin.py:190} INFO - [2025-06-12T12:18:10.090+0000] {dag.py:3239} INFO - Sync 1 DAGs
[2025-06-12T12:18:10.109+0000] {logging_mixin.py:190} INFO - [2025-06-12T12:18:10.109+0000] {dag.py:4180} INFO - Setting next_dagrun for example_branch_operator to 2025-06-11 00:00:00+00:00, run_after=2025-06-12 00:00:00+00:00
[2025-06-12T12:18:10.126+0000] {processor.py:208} INFO - Processing /home/airflow/.local/lib/python3.12/site-packages/airflow/example_dags/example_branch_operator.py took 0.077 seconds
[2025-06-12T12:18:40.657+0000] {processor.py:186} INFO - Started process (PID=5345) to work on /home/airflow/.local/lib/python3.12/site-packages/airflow/example_dags/example_branch_operator.py
[2025-06-12T12:18:40.657+0000] {processor.py:914} INFO - Processing file /home/airflow/.local/lib/python3.12/site-packages/airflow/example_dags/example_branch_operator.py for tasks to queue
[2025-06-12T12:18:40.659+0000] {logging_mixin.py:190} INFO - [2025-06-12T12:18:40.659+0000] {dagbag.py:588} INFO - Filling up the DagBag from /home/airflow/.local/lib/python3.12/site-packages/airflow/example_dags/example_branch_operator.py
[2025-06-12T12:18:40.673+0000] {processor.py:925} INFO - DAG(s) 'example_branch_operator' retrieved from /home/airflow/.local/lib/python3.12/site-packages/airflow/example_dags/example_branch_operator.py
[2025-06-12T12:18:40.693+0000] {logging_mixin.py:190} INFO - [2025-06-12T12:18:40.693+0000] {dag.py:3239} INFO - Sync 1 DAGs
[2025-06-12T12:18:40.711+0000] {logging_mixin.py:190} INFO - [2025-06-12T12:18:40.711+0000] {dag.py:4180} INFO - Setting next_dagrun for example_branch_operator to 2025-06-11 00:00:00+00:00, run_after=2025-06-12 00:00:00+00:00
[2025-06-12T12:18:40.725+0000] {processor.py:208} INFO - Processing /home/airflow/.local/lib/python3.12/site-packages/airflow/example_dags/example_branch_operator.py took 0.073 seconds
[2025-06-12T12:19:11.349+0000] {processor.py:186} INFO - Started process (PID=5641) to work on /home/airflow/.local/lib/python3.12/site-packages/airflow/example_dags/example_branch_operator.py
[2025-06-12T12:19:11.349+0000] {processor.py:914} INFO - Processing file /home/airflow/.local/lib/python3.12/site-packages/airflow/example_dags/example_branch_operator.py for tasks to queue
[2025-06-12T12:19:11.351+0000] {logging_mixin.py:190} INFO - [2025-06-12T12:19:11.351+0000] {dagbag.py:588} INFO - Filling up the DagBag from /home/airflow/.local/lib/python3.12/site-packages/airflow/example_dags/example_branch_operator.py
[2025-06-12T12:19:11.365+0000] {processor.py:925} INFO - DAG(s) 'example_branch_operator' retrieved from /home/airflow/.local/lib/python3.12/site-packages/airflow/example_dags/example_branch_operator.py
[2025-06-12T12:19:11.386+0000] {logging_mixin.py:190} INFO - [2025-06-12T12:19:11.386+0000] {dag.py:3239} INFO - Sync 1 DAGs
[2025-06-12T12:19:11.406+0000] {logging_mixin.py:190} INFO - [2025-06-12T12:19:11.406+0000] {dag.py:4180} INFO - Setting next_dagrun for example_branch_operator to 2025-06-11 00:00:00+00:00, run_after=2025-06-12 00:00:00+00:00
[2025-06-12T12:19:11.426+0000] {processor.py:208} INFO - Processing /home/airflow/.local/lib/python3.12/site-packages/airflow/example_dags/example_branch_operator.py took 0.081 seconds
[2025-06-12T12:19:41.459+0000] {processor.py:186} INFO - Started process (PID=5937) to work on /home/airflow/.local/lib/python3.12/site-packages/airflow/example_dags/example_branch_operator.py
[2025-06-12T12:19:41.460+0000] {processor.py:914} INFO - Processing file /home/airflow/.local/lib/python3.12/site-packages/airflow/example_dags/example_branch_operator.py for tasks to queue
[2025-06-12T12:19:41.461+0000] {logging_mixin.py:190} INFO - [2025-06-12T12:19:41.461+0000] {dagbag.py:588} INFO - Filling up the DagBag from /home/airflow/.local/lib/python3.12/site-packages/airflow/example_dags/example_branch_operator.py
[2025-06-12T12:19:41.475+0000] {processor.py:925} INFO - DAG(s) 'example_branch_operator' retrieved from /home/airflow/.local/lib/python3.12/site-packages/airflow/example_dags/example_branch_operator.py
[2025-06-12T12:19:41.495+0000] {logging_mixin.py:190} INFO - [2025-06-12T12:19:41.495+0000] {dag.py:3239} INFO - Sync 1 DAGs
[2025-06-12T12:19:41.514+0000] {logging_mixin.py:190} INFO - [2025-06-12T12:19:41.514+0000] {dag.py:4180} INFO - Setting next_dagrun for example_branch_operator to 2025-06-11 00:00:00+00:00, run_after=2025-06-12 00:00:00+00:00
[2025-06-12T12:19:41.531+0000] {processor.py:208} INFO - Processing /home/airflow/.local/lib/python3.12/site-packages/airflow/example_dags/example_branch_operator.py took 0.076 seconds
