[2025-06-12T12:10:03.599+0000] {processor.py:186} INFO - Started process (PID=423) to work on /home/airflow/.local/lib/python3.12/site-packages/airflow/example_dags/example_sensors.py
[2025-06-12T12:10:03.600+0000] {processor.py:914} INFO - Processing file /home/airflow/.local/lib/python3.12/site-packages/airflow/example_dags/example_sensors.py for tasks to queue
[2025-06-12T12:10:03.602+0000] {logging_mixin.py:190} INFO - [2025-06-12T12:10:03.601+0000] {dagbag.py:588} INFO - Filling up the DagBag from /home/airflow/.local/lib/python3.12/site-packages/airflow/example_dags/example_sensors.py
[2025-06-12T12:10:03.613+0000] {processor.py:925} INFO - DAG(s) 'example_sensors' retrieved from /home/airflow/.local/lib/python3.12/site-packages/airflow/example_dags/example_sensors.py
[2025-06-12T12:10:03.640+0000] {logging_mixin.py:190} INFO - [2025-06-12T12:10:03.640+0000] {dag.py:3239} INFO - Sync 1 DAGs
[2025-06-12T12:10:03.653+0000] {logging_mixin.py:190} INFO - [2025-06-12T12:10:03.653+0000] {dag.py:4180} INFO - Setting next_dagrun for example_sensors to None, run_after=None
[2025-06-12T12:10:03.671+0000] {processor.py:208} INFO - Processing /home/airflow/.local/lib/python3.12/site-packages/airflow/example_dags/example_sensors.py took 0.078 seconds
[2025-06-12T12:10:34.667+0000] {processor.py:186} INFO - Started process (PID=719) to work on /home/airflow/.local/lib/python3.12/site-packages/airflow/example_dags/example_sensors.py
[2025-06-12T12:10:34.668+0000] {processor.py:914} INFO - Processing file /home/airflow/.local/lib/python3.12/site-packages/airflow/example_dags/example_sensors.py for tasks to queue
[2025-06-12T12:10:34.670+0000] {logging_mixin.py:190} INFO - [2025-06-12T12:10:34.670+0000] {dagbag.py:588} INFO - Filling up the DagBag from /home/airflow/.local/lib/python3.12/site-packages/airflow/example_dags/example_sensors.py
[2025-06-12T12:10:34.684+0000] {processor.py:925} INFO - DAG(s) 'example_sensors' retrieved from /home/airflow/.local/lib/python3.12/site-packages/airflow/example_dags/example_sensors.py
[2025-06-12T12:10:34.722+0000] {logging_mixin.py:190} INFO - [2025-06-12T12:10:34.722+0000] {dag.py:3239} INFO - Sync 1 DAGs
[2025-06-12T12:10:34.739+0000] {logging_mixin.py:190} INFO - [2025-06-12T12:10:34.739+0000] {dag.py:4180} INFO - Setting next_dagrun for example_sensors to None, run_after=None
[2025-06-12T12:10:34.759+0000] {processor.py:208} INFO - Processing /home/airflow/.local/lib/python3.12/site-packages/airflow/example_dags/example_sensors.py took 0.097 seconds
[2025-06-12T12:11:05.253+0000] {processor.py:186} INFO - Started process (PID=1015) to work on /home/airflow/.local/lib/python3.12/site-packages/airflow/example_dags/example_sensors.py
[2025-06-12T12:11:05.254+0000] {processor.py:914} INFO - Processing file /home/airflow/.local/lib/python3.12/site-packages/airflow/example_dags/example_sensors.py for tasks to queue
[2025-06-12T12:11:05.256+0000] {logging_mixin.py:190} INFO - [2025-06-12T12:11:05.255+0000] {dagbag.py:588} INFO - Filling up the DagBag from /home/airflow/.local/lib/python3.12/site-packages/airflow/example_dags/example_sensors.py
[2025-06-12T12:11:05.264+0000] {processor.py:925} INFO - DAG(s) 'example_sensors' retrieved from /home/airflow/.local/lib/python3.12/site-packages/airflow/example_dags/example_sensors.py
[2025-06-12T12:11:05.284+0000] {logging_mixin.py:190} INFO - [2025-06-12T12:11:05.283+0000] {dag.py:3239} INFO - Sync 1 DAGs
[2025-06-12T12:11:05.297+0000] {logging_mixin.py:190} INFO - [2025-06-12T12:11:05.297+0000] {dag.py:4180} INFO - Setting next_dagrun for example_sensors to None, run_after=None
[2025-06-12T12:11:05.311+0000] {processor.py:208} INFO - Processing /home/airflow/.local/lib/python3.12/site-packages/airflow/example_dags/example_sensors.py took 0.063 seconds
[2025-06-12T12:11:36.201+0000] {processor.py:186} INFO - Started process (PID=1313) to work on /home/airflow/.local/lib/python3.12/site-packages/airflow/example_dags/example_sensors.py
[2025-06-12T12:11:36.202+0000] {processor.py:914} INFO - Processing file /home/airflow/.local/lib/python3.12/site-packages/airflow/example_dags/example_sensors.py for tasks to queue
[2025-06-12T12:11:36.204+0000] {logging_mixin.py:190} INFO - [2025-06-12T12:11:36.203+0000] {dagbag.py:588} INFO - Filling up the DagBag from /home/airflow/.local/lib/python3.12/site-packages/airflow/example_dags/example_sensors.py
[2025-06-12T12:11:36.211+0000] {processor.py:925} INFO - DAG(s) 'example_sensors' retrieved from /home/airflow/.local/lib/python3.12/site-packages/airflow/example_dags/example_sensors.py
[2025-06-12T12:11:36.230+0000] {logging_mixin.py:190} INFO - [2025-06-12T12:11:36.230+0000] {dag.py:3239} INFO - Sync 1 DAGs
[2025-06-12T12:11:36.240+0000] {logging_mixin.py:190} INFO - [2025-06-12T12:11:36.240+0000] {dag.py:4180} INFO - Setting next_dagrun for example_sensors to None, run_after=None
[2025-06-12T12:11:36.256+0000] {processor.py:208} INFO - Processing /home/airflow/.local/lib/python3.12/site-packages/airflow/example_dags/example_sensors.py took 0.059 seconds
[2025-06-12T12:12:07.571+0000] {processor.py:186} INFO - Started process (PID=1609) to work on /home/airflow/.local/lib/python3.12/site-packages/airflow/example_dags/example_sensors.py
[2025-06-12T12:12:07.572+0000] {processor.py:914} INFO - Processing file /home/airflow/.local/lib/python3.12/site-packages/airflow/example_dags/example_sensors.py for tasks to queue
[2025-06-12T12:12:07.573+0000] {logging_mixin.py:190} INFO - [2025-06-12T12:12:07.573+0000] {dagbag.py:588} INFO - Filling up the DagBag from /home/airflow/.local/lib/python3.12/site-packages/airflow/example_dags/example_sensors.py
[2025-06-12T12:12:07.582+0000] {processor.py:925} INFO - DAG(s) 'example_sensors' retrieved from /home/airflow/.local/lib/python3.12/site-packages/airflow/example_dags/example_sensors.py
[2025-06-12T12:12:07.601+0000] {logging_mixin.py:190} INFO - [2025-06-12T12:12:07.601+0000] {dag.py:3239} INFO - Sync 1 DAGs
[2025-06-12T12:12:07.612+0000] {logging_mixin.py:190} INFO - [2025-06-12T12:12:07.612+0000] {dag.py:4180} INFO - Setting next_dagrun for example_sensors to None, run_after=None
[2025-06-12T12:12:07.628+0000] {processor.py:208} INFO - Processing /home/airflow/.local/lib/python3.12/site-packages/airflow/example_dags/example_sensors.py took 0.061 seconds
[2025-06-12T12:12:38.444+0000] {processor.py:186} INFO - Started process (PID=1903) to work on /home/airflow/.local/lib/python3.12/site-packages/airflow/example_dags/example_sensors.py
[2025-06-12T12:12:38.445+0000] {processor.py:914} INFO - Processing file /home/airflow/.local/lib/python3.12/site-packages/airflow/example_dags/example_sensors.py for tasks to queue
[2025-06-12T12:12:38.447+0000] {logging_mixin.py:190} INFO - [2025-06-12T12:12:38.446+0000] {dagbag.py:588} INFO - Filling up the DagBag from /home/airflow/.local/lib/python3.12/site-packages/airflow/example_dags/example_sensors.py
[2025-06-12T12:12:38.455+0000] {processor.py:925} INFO - DAG(s) 'example_sensors' retrieved from /home/airflow/.local/lib/python3.12/site-packages/airflow/example_dags/example_sensors.py
[2025-06-12T12:12:38.476+0000] {logging_mixin.py:190} INFO - [2025-06-12T12:12:38.476+0000] {dag.py:3239} INFO - Sync 1 DAGs
[2025-06-12T12:12:38.487+0000] {logging_mixin.py:190} INFO - [2025-06-12T12:12:38.487+0000] {dag.py:4180} INFO - Setting next_dagrun for example_sensors to None, run_after=None
[2025-06-12T12:12:38.502+0000] {processor.py:208} INFO - Processing /home/airflow/.local/lib/python3.12/site-packages/airflow/example_dags/example_sensors.py took 0.063 seconds
[2025-06-12T12:13:09.815+0000] {processor.py:186} INFO - Started process (PID=2201) to work on /home/airflow/.local/lib/python3.12/site-packages/airflow/example_dags/example_sensors.py
[2025-06-12T12:13:09.816+0000] {processor.py:914} INFO - Processing file /home/airflow/.local/lib/python3.12/site-packages/airflow/example_dags/example_sensors.py for tasks to queue
[2025-06-12T12:13:09.817+0000] {logging_mixin.py:190} INFO - [2025-06-12T12:13:09.817+0000] {dagbag.py:588} INFO - Filling up the DagBag from /home/airflow/.local/lib/python3.12/site-packages/airflow/example_dags/example_sensors.py
[2025-06-12T12:13:09.826+0000] {processor.py:925} INFO - DAG(s) 'example_sensors' retrieved from /home/airflow/.local/lib/python3.12/site-packages/airflow/example_dags/example_sensors.py
[2025-06-12T12:13:09.845+0000] {logging_mixin.py:190} INFO - [2025-06-12T12:13:09.845+0000] {dag.py:3239} INFO - Sync 1 DAGs
[2025-06-12T12:13:09.857+0000] {logging_mixin.py:190} INFO - [2025-06-12T12:13:09.856+0000] {dag.py:4180} INFO - Setting next_dagrun for example_sensors to None, run_after=None
[2025-06-12T12:13:09.870+0000] {processor.py:208} INFO - Processing /home/airflow/.local/lib/python3.12/site-packages/airflow/example_dags/example_sensors.py took 0.060 seconds
[2025-06-12T12:13:40.664+0000] {processor.py:186} INFO - Started process (PID=2495) to work on /home/airflow/.local/lib/python3.12/site-packages/airflow/example_dags/example_sensors.py
[2025-06-12T12:13:40.664+0000] {processor.py:914} INFO - Processing file /home/airflow/.local/lib/python3.12/site-packages/airflow/example_dags/example_sensors.py for tasks to queue
[2025-06-12T12:13:40.666+0000] {logging_mixin.py:190} INFO - [2025-06-12T12:13:40.666+0000] {dagbag.py:588} INFO - Filling up the DagBag from /home/airflow/.local/lib/python3.12/site-packages/airflow/example_dags/example_sensors.py
[2025-06-12T12:13:40.676+0000] {processor.py:925} INFO - DAG(s) 'example_sensors' retrieved from /home/airflow/.local/lib/python3.12/site-packages/airflow/example_dags/example_sensors.py
[2025-06-12T12:13:40.697+0000] {logging_mixin.py:190} INFO - [2025-06-12T12:13:40.697+0000] {dag.py:3239} INFO - Sync 1 DAGs
[2025-06-12T12:13:40.712+0000] {logging_mixin.py:190} INFO - [2025-06-12T12:13:40.711+0000] {dag.py:4180} INFO - Setting next_dagrun for example_sensors to None, run_after=None
[2025-06-12T12:13:40.729+0000] {processor.py:208} INFO - Processing /home/airflow/.local/lib/python3.12/site-packages/airflow/example_dags/example_sensors.py took 0.070 seconds
[2025-06-12T12:14:11.394+0000] {processor.py:186} INFO - Started process (PID=2791) to work on /home/airflow/.local/lib/python3.12/site-packages/airflow/example_dags/example_sensors.py
[2025-06-12T12:14:11.395+0000] {processor.py:914} INFO - Processing file /home/airflow/.local/lib/python3.12/site-packages/airflow/example_dags/example_sensors.py for tasks to queue
[2025-06-12T12:14:11.396+0000] {logging_mixin.py:190} INFO - [2025-06-12T12:14:11.396+0000] {dagbag.py:588} INFO - Filling up the DagBag from /home/airflow/.local/lib/python3.12/site-packages/airflow/example_dags/example_sensors.py
[2025-06-12T12:14:11.405+0000] {processor.py:925} INFO - DAG(s) 'example_sensors' retrieved from /home/airflow/.local/lib/python3.12/site-packages/airflow/example_dags/example_sensors.py
[2025-06-12T12:14:11.425+0000] {logging_mixin.py:190} INFO - [2025-06-12T12:14:11.424+0000] {dag.py:3239} INFO - Sync 1 DAGs
[2025-06-12T12:14:11.436+0000] {logging_mixin.py:190} INFO - [2025-06-12T12:14:11.436+0000] {dag.py:4180} INFO - Setting next_dagrun for example_sensors to None, run_after=None
[2025-06-12T12:14:11.451+0000] {processor.py:208} INFO - Processing /home/airflow/.local/lib/python3.12/site-packages/airflow/example_dags/example_sensors.py took 0.062 seconds
[2025-06-12T12:14:42.112+0000] {processor.py:186} INFO - Started process (PID=3087) to work on /home/airflow/.local/lib/python3.12/site-packages/airflow/example_dags/example_sensors.py
[2025-06-12T12:14:42.113+0000] {processor.py:914} INFO - Processing file /home/airflow/.local/lib/python3.12/site-packages/airflow/example_dags/example_sensors.py for tasks to queue
[2025-06-12T12:14:42.114+0000] {logging_mixin.py:190} INFO - [2025-06-12T12:14:42.114+0000] {dagbag.py:588} INFO - Filling up the DagBag from /home/airflow/.local/lib/python3.12/site-packages/airflow/example_dags/example_sensors.py
[2025-06-12T12:14:42.124+0000] {processor.py:925} INFO - DAG(s) 'example_sensors' retrieved from /home/airflow/.local/lib/python3.12/site-packages/airflow/example_dags/example_sensors.py
[2025-06-12T12:14:42.143+0000] {logging_mixin.py:190} INFO - [2025-06-12T12:14:42.143+0000] {dag.py:3239} INFO - Sync 1 DAGs
[2025-06-12T12:14:42.154+0000] {logging_mixin.py:190} INFO - [2025-06-12T12:14:42.153+0000] {dag.py:4180} INFO - Setting next_dagrun for example_sensors to None, run_after=None
[2025-06-12T12:14:42.166+0000] {processor.py:208} INFO - Processing /home/airflow/.local/lib/python3.12/site-packages/airflow/example_dags/example_sensors.py took 0.059 seconds
[2025-06-12T12:15:12.844+0000] {processor.py:186} INFO - Started process (PID=3383) to work on /home/airflow/.local/lib/python3.12/site-packages/airflow/example_dags/example_sensors.py
[2025-06-12T12:15:12.845+0000] {processor.py:914} INFO - Processing file /home/airflow/.local/lib/python3.12/site-packages/airflow/example_dags/example_sensors.py for tasks to queue
[2025-06-12T12:15:12.847+0000] {logging_mixin.py:190} INFO - [2025-06-12T12:15:12.846+0000] {dagbag.py:588} INFO - Filling up the DagBag from /home/airflow/.local/lib/python3.12/site-packages/airflow/example_dags/example_sensors.py
[2025-06-12T12:15:12.855+0000] {processor.py:925} INFO - DAG(s) 'example_sensors' retrieved from /home/airflow/.local/lib/python3.12/site-packages/airflow/example_dags/example_sensors.py
[2025-06-12T12:15:12.874+0000] {logging_mixin.py:190} INFO - [2025-06-12T12:15:12.873+0000] {dag.py:3239} INFO - Sync 1 DAGs
[2025-06-12T12:15:12.884+0000] {logging_mixin.py:190} INFO - [2025-06-12T12:15:12.884+0000] {dag.py:4180} INFO - Setting next_dagrun for example_sensors to None, run_after=None
[2025-06-12T12:15:12.897+0000] {processor.py:208} INFO - Processing /home/airflow/.local/lib/python3.12/site-packages/airflow/example_dags/example_sensors.py took 0.058 seconds
[2025-06-12T12:15:43.617+0000] {processor.py:186} INFO - Started process (PID=3679) to work on /home/airflow/.local/lib/python3.12/site-packages/airflow/example_dags/example_sensors.py
[2025-06-12T12:15:43.618+0000] {processor.py:914} INFO - Processing file /home/airflow/.local/lib/python3.12/site-packages/airflow/example_dags/example_sensors.py for tasks to queue
[2025-06-12T12:15:43.620+0000] {logging_mixin.py:190} INFO - [2025-06-12T12:15:43.619+0000] {dagbag.py:588} INFO - Filling up the DagBag from /home/airflow/.local/lib/python3.12/site-packages/airflow/example_dags/example_sensors.py
[2025-06-12T12:15:43.629+0000] {processor.py:925} INFO - DAG(s) 'example_sensors' retrieved from /home/airflow/.local/lib/python3.12/site-packages/airflow/example_dags/example_sensors.py
[2025-06-12T12:15:43.656+0000] {logging_mixin.py:190} INFO - [2025-06-12T12:15:43.656+0000] {dag.py:3239} INFO - Sync 1 DAGs
[2025-06-12T12:15:43.668+0000] {logging_mixin.py:190} INFO - [2025-06-12T12:15:43.667+0000] {dag.py:4180} INFO - Setting next_dagrun for example_sensors to None, run_after=None
[2025-06-12T12:15:43.682+0000] {processor.py:208} INFO - Processing /home/airflow/.local/lib/python3.12/site-packages/airflow/example_dags/example_sensors.py took 0.070 seconds
[2025-06-12T12:16:15.139+0000] {processor.py:186} INFO - Started process (PID=3975) to work on /home/airflow/.local/lib/python3.12/site-packages/airflow/example_dags/example_sensors.py
[2025-06-12T12:16:15.140+0000] {processor.py:914} INFO - Processing file /home/airflow/.local/lib/python3.12/site-packages/airflow/example_dags/example_sensors.py for tasks to queue
[2025-06-12T12:16:15.141+0000] {logging_mixin.py:190} INFO - [2025-06-12T12:16:15.141+0000] {dagbag.py:588} INFO - Filling up the DagBag from /home/airflow/.local/lib/python3.12/site-packages/airflow/example_dags/example_sensors.py
[2025-06-12T12:16:15.150+0000] {processor.py:925} INFO - DAG(s) 'example_sensors' retrieved from /home/airflow/.local/lib/python3.12/site-packages/airflow/example_dags/example_sensors.py
[2025-06-12T12:16:15.173+0000] {logging_mixin.py:190} INFO - [2025-06-12T12:16:15.172+0000] {dag.py:3239} INFO - Sync 1 DAGs
[2025-06-12T12:16:15.183+0000] {logging_mixin.py:190} INFO - [2025-06-12T12:16:15.183+0000] {dag.py:4180} INFO - Setting next_dagrun for example_sensors to None, run_after=None
[2025-06-12T12:16:15.197+0000] {processor.py:208} INFO - Processing /home/airflow/.local/lib/python3.12/site-packages/airflow/example_dags/example_sensors.py took 0.063 seconds
[2025-06-12T12:16:45.858+0000] {processor.py:186} INFO - Started process (PID=4271) to work on /home/airflow/.local/lib/python3.12/site-packages/airflow/example_dags/example_sensors.py
[2025-06-12T12:16:45.858+0000] {processor.py:914} INFO - Processing file /home/airflow/.local/lib/python3.12/site-packages/airflow/example_dags/example_sensors.py for tasks to queue
[2025-06-12T12:16:45.860+0000] {logging_mixin.py:190} INFO - [2025-06-12T12:16:45.860+0000] {dagbag.py:588} INFO - Filling up the DagBag from /home/airflow/.local/lib/python3.12/site-packages/airflow/example_dags/example_sensors.py
[2025-06-12T12:16:45.868+0000] {processor.py:925} INFO - DAG(s) 'example_sensors' retrieved from /home/airflow/.local/lib/python3.12/site-packages/airflow/example_dags/example_sensors.py
[2025-06-12T12:16:45.891+0000] {logging_mixin.py:190} INFO - [2025-06-12T12:16:45.891+0000] {dag.py:3239} INFO - Sync 1 DAGs
[2025-06-12T12:16:45.903+0000] {logging_mixin.py:190} INFO - [2025-06-12T12:16:45.902+0000] {dag.py:4180} INFO - Setting next_dagrun for example_sensors to None, run_after=None
[2025-06-12T12:16:45.916+0000] {processor.py:208} INFO - Processing /home/airflow/.local/lib/python3.12/site-packages/airflow/example_dags/example_sensors.py took 0.063 seconds
[2025-06-12T12:17:16.241+0000] {processor.py:186} INFO - Started process (PID=4562) to work on /home/airflow/.local/lib/python3.12/site-packages/airflow/example_dags/example_sensors.py
[2025-06-12T12:17:16.241+0000] {processor.py:914} INFO - Processing file /home/airflow/.local/lib/python3.12/site-packages/airflow/example_dags/example_sensors.py for tasks to queue
[2025-06-12T12:17:16.243+0000] {logging_mixin.py:190} INFO - [2025-06-12T12:17:16.243+0000] {dagbag.py:588} INFO - Filling up the DagBag from /home/airflow/.local/lib/python3.12/site-packages/airflow/example_dags/example_sensors.py
[2025-06-12T12:17:16.252+0000] {processor.py:925} INFO - DAG(s) 'example_sensors' retrieved from /home/airflow/.local/lib/python3.12/site-packages/airflow/example_dags/example_sensors.py
[2025-06-12T12:17:16.271+0000] {logging_mixin.py:190} INFO - [2025-06-12T12:17:16.271+0000] {dag.py:3239} INFO - Sync 1 DAGs
[2025-06-12T12:17:16.282+0000] {logging_mixin.py:190} INFO - [2025-06-12T12:17:16.282+0000] {dag.py:4180} INFO - Setting next_dagrun for example_sensors to None, run_after=None
[2025-06-12T12:17:16.295+0000] {processor.py:208} INFO - Processing /home/airflow/.local/lib/python3.12/site-packages/airflow/example_dags/example_sensors.py took 0.059 seconds
[2025-06-12T12:17:46.866+0000] {processor.py:186} INFO - Started process (PID=4860) to work on /home/airflow/.local/lib/python3.12/site-packages/airflow/example_dags/example_sensors.py
[2025-06-12T12:17:46.866+0000] {processor.py:914} INFO - Processing file /home/airflow/.local/lib/python3.12/site-packages/airflow/example_dags/example_sensors.py for tasks to queue
[2025-06-12T12:17:46.868+0000] {logging_mixin.py:190} INFO - [2025-06-12T12:17:46.868+0000] {dagbag.py:588} INFO - Filling up the DagBag from /home/airflow/.local/lib/python3.12/site-packages/airflow/example_dags/example_sensors.py
[2025-06-12T12:17:46.876+0000] {processor.py:925} INFO - DAG(s) 'example_sensors' retrieved from /home/airflow/.local/lib/python3.12/site-packages/airflow/example_dags/example_sensors.py
[2025-06-12T12:17:46.894+0000] {logging_mixin.py:190} INFO - [2025-06-12T12:17:46.894+0000] {dag.py:3239} INFO - Sync 1 DAGs
[2025-06-12T12:17:46.906+0000] {logging_mixin.py:190} INFO - [2025-06-12T12:17:46.906+0000] {dag.py:4180} INFO - Setting next_dagrun for example_sensors to None, run_after=None
[2025-06-12T12:17:46.919+0000] {processor.py:208} INFO - Processing /home/airflow/.local/lib/python3.12/site-packages/airflow/example_dags/example_sensors.py took 0.058 seconds
[2025-06-12T12:18:17.325+0000] {processor.py:186} INFO - Started process (PID=5154) to work on /home/airflow/.local/lib/python3.12/site-packages/airflow/example_dags/example_sensors.py
[2025-06-12T12:18:17.326+0000] {processor.py:914} INFO - Processing file /home/airflow/.local/lib/python3.12/site-packages/airflow/example_dags/example_sensors.py for tasks to queue
[2025-06-12T12:18:17.328+0000] {logging_mixin.py:190} INFO - [2025-06-12T12:18:17.327+0000] {dagbag.py:588} INFO - Filling up the DagBag from /home/airflow/.local/lib/python3.12/site-packages/airflow/example_dags/example_sensors.py
[2025-06-12T12:18:17.336+0000] {processor.py:925} INFO - DAG(s) 'example_sensors' retrieved from /home/airflow/.local/lib/python3.12/site-packages/airflow/example_dags/example_sensors.py
[2025-06-12T12:18:17.354+0000] {logging_mixin.py:190} INFO - [2025-06-12T12:18:17.354+0000] {dag.py:3239} INFO - Sync 1 DAGs
[2025-06-12T12:18:17.364+0000] {logging_mixin.py:190} INFO - [2025-06-12T12:18:17.364+0000] {dag.py:4180} INFO - Setting next_dagrun for example_sensors to None, run_after=None
[2025-06-12T12:18:17.378+0000] {processor.py:208} INFO - Processing /home/airflow/.local/lib/python3.12/site-packages/airflow/example_dags/example_sensors.py took 0.058 seconds
[2025-06-12T12:18:48.093+0000] {processor.py:186} INFO - Started process (PID=5452) to work on /home/airflow/.local/lib/python3.12/site-packages/airflow/example_dags/example_sensors.py
[2025-06-12T12:18:48.094+0000] {processor.py:914} INFO - Processing file /home/airflow/.local/lib/python3.12/site-packages/airflow/example_dags/example_sensors.py for tasks to queue
[2025-06-12T12:18:48.096+0000] {logging_mixin.py:190} INFO - [2025-06-12T12:18:48.095+0000] {dagbag.py:588} INFO - Filling up the DagBag from /home/airflow/.local/lib/python3.12/site-packages/airflow/example_dags/example_sensors.py
[2025-06-12T12:18:48.104+0000] {processor.py:925} INFO - DAG(s) 'example_sensors' retrieved from /home/airflow/.local/lib/python3.12/site-packages/airflow/example_dags/example_sensors.py
[2025-06-12T12:18:48.122+0000] {logging_mixin.py:190} INFO - [2025-06-12T12:18:48.122+0000] {dag.py:3239} INFO - Sync 1 DAGs
[2025-06-12T12:18:48.132+0000] {logging_mixin.py:190} INFO - [2025-06-12T12:18:48.132+0000] {dag.py:4180} INFO - Setting next_dagrun for example_sensors to None, run_after=None
[2025-06-12T12:18:48.145+0000] {processor.py:208} INFO - Processing /home/airflow/.local/lib/python3.12/site-packages/airflow/example_dags/example_sensors.py took 0.057 seconds
[2025-06-12T12:19:18.697+0000] {processor.py:186} INFO - Started process (PID=5746) to work on /home/airflow/.local/lib/python3.12/site-packages/airflow/example_dags/example_sensors.py
[2025-06-12T12:19:18.698+0000] {processor.py:914} INFO - Processing file /home/airflow/.local/lib/python3.12/site-packages/airflow/example_dags/example_sensors.py for tasks to queue
[2025-06-12T12:19:18.700+0000] {logging_mixin.py:190} INFO - [2025-06-12T12:19:18.700+0000] {dagbag.py:588} INFO - Filling up the DagBag from /home/airflow/.local/lib/python3.12/site-packages/airflow/example_dags/example_sensors.py
[2025-06-12T12:19:18.709+0000] {processor.py:925} INFO - DAG(s) 'example_sensors' retrieved from /home/airflow/.local/lib/python3.12/site-packages/airflow/example_dags/example_sensors.py
[2025-06-12T12:19:18.729+0000] {logging_mixin.py:190} INFO - [2025-06-12T12:19:18.729+0000] {dag.py:3239} INFO - Sync 1 DAGs
[2025-06-12T12:19:18.742+0000] {logging_mixin.py:190} INFO - [2025-06-12T12:19:18.742+0000] {dag.py:4180} INFO - Setting next_dagrun for example_sensors to None, run_after=None
[2025-06-12T12:19:18.756+0000] {processor.py:208} INFO - Processing /home/airflow/.local/lib/python3.12/site-packages/airflow/example_dags/example_sensors.py took 0.064 seconds
[2025-06-12T12:19:49.964+0000] {processor.py:186} INFO - Started process (PID=6042) to work on /home/airflow/.local/lib/python3.12/site-packages/airflow/example_dags/example_sensors.py
[2025-06-12T12:19:49.965+0000] {processor.py:914} INFO - Processing file /home/airflow/.local/lib/python3.12/site-packages/airflow/example_dags/example_sensors.py for tasks to queue
[2025-06-12T12:19:49.967+0000] {logging_mixin.py:190} INFO - [2025-06-12T12:19:49.966+0000] {dagbag.py:588} INFO - Filling up the DagBag from /home/airflow/.local/lib/python3.12/site-packages/airflow/example_dags/example_sensors.py
[2025-06-12T12:19:49.975+0000] {processor.py:925} INFO - DAG(s) 'example_sensors' retrieved from /home/airflow/.local/lib/python3.12/site-packages/airflow/example_dags/example_sensors.py
[2025-06-12T12:19:49.994+0000] {logging_mixin.py:190} INFO - [2025-06-12T12:19:49.994+0000] {dag.py:3239} INFO - Sync 1 DAGs
[2025-06-12T12:19:50.005+0000] {logging_mixin.py:190} INFO - [2025-06-12T12:19:50.005+0000] {dag.py:4180} INFO - Setting next_dagrun for example_sensors to None, run_after=None
[2025-06-12T12:19:50.020+0000] {processor.py:208} INFO - Processing /home/airflow/.local/lib/python3.12/site-packages/airflow/example_dags/example_sensors.py took 0.060 seconds
