[2025-06-12T12:10:02.812+0000] {processor.py:186} INFO - Started process (PID=373) to work on /home/airflow/.local/lib/python3.12/site-packages/airflow/example_dags/example_dataset_alias.py
[2025-06-12T12:10:02.813+0000] {processor.py:914} INFO - Processing file /home/airflow/.local/lib/python3.12/site-packages/airflow/example_dags/example_dataset_alias.py for tasks to queue
[2025-06-12T12:10:02.814+0000] {logging_mixin.py:190} INFO - [2025-06-12T12:10:02.814+0000] {dagbag.py:588} INFO - Filling up the DagBag from /home/airflow/.local/lib/python3.12/site-packages/airflow/example_dags/example_dataset_alias.py
[2025-06-12T12:10:03.119+0000] {processor.py:925} INFO - DAG(s) 'dataset_s3_bucket_consumer', 'dataset_alias_example_alias_consumer', 'dataset_alias_example_alias_producer', 'dataset_s3_bucket_producer' retrieved from /home/airflow/.local/lib/python3.12/site-packages/airflow/example_dags/example_dataset_alias.py
[2025-06-12T12:10:03.137+0000] {logging_mixin.py:190} INFO - [2025-06-12T12:10:03.137+0000] {dag.py:3239} INFO - Sync 4 DAGs
[2025-06-12T12:10:03.155+0000] {logging_mixin.py:190} INFO - [2025-06-12T12:10:03.155+0000] {dag.py:4180} INFO - Setting next_dagrun for dataset_alias_example_alias_consumer to None, run_after=None
[2025-06-12T12:10:03.157+0000] {logging_mixin.py:190} INFO - [2025-06-12T12:10:03.157+0000] {dag.py:4180} INFO - Setting next_dagrun for dataset_alias_example_alias_producer to None, run_after=None
[2025-06-12T12:10:03.158+0000] {logging_mixin.py:190} INFO - [2025-06-12T12:10:03.158+0000] {dag.py:4180} INFO - Setting next_dagrun for dataset_s3_bucket_consumer to None, run_after=None
[2025-06-12T12:10:03.159+0000] {logging_mixin.py:190} INFO - [2025-06-12T12:10:03.159+0000] {dag.py:4180} INFO - Setting next_dagrun for dataset_s3_bucket_producer to None, run_after=None
[2025-06-12T12:10:03.175+0000] {processor.py:208} INFO - Processing /home/airflow/.local/lib/python3.12/site-packages/airflow/example_dags/example_dataset_alias.py took 0.367 seconds
[2025-06-12T12:10:33.867+0000] {processor.py:186} INFO - Started process (PID=669) to work on /home/airflow/.local/lib/python3.12/site-packages/airflow/example_dags/example_dataset_alias.py
[2025-06-12T12:10:33.868+0000] {processor.py:914} INFO - Processing file /home/airflow/.local/lib/python3.12/site-packages/airflow/example_dags/example_dataset_alias.py for tasks to queue
[2025-06-12T12:10:33.870+0000] {logging_mixin.py:190} INFO - [2025-06-12T12:10:33.870+0000] {dagbag.py:588} INFO - Filling up the DagBag from /home/airflow/.local/lib/python3.12/site-packages/airflow/example_dags/example_dataset_alias.py
[2025-06-12T12:10:34.166+0000] {processor.py:925} INFO - DAG(s) 'dataset_s3_bucket_consumer', 'dataset_alias_example_alias_producer', 'dataset_alias_example_alias_consumer', 'dataset_s3_bucket_producer' retrieved from /home/airflow/.local/lib/python3.12/site-packages/airflow/example_dags/example_dataset_alias.py
[2025-06-12T12:10:34.184+0000] {logging_mixin.py:190} INFO - [2025-06-12T12:10:34.183+0000] {dag.py:3239} INFO - Sync 4 DAGs
[2025-06-12T12:10:34.205+0000] {logging_mixin.py:190} INFO - [2025-06-12T12:10:34.204+0000] {dag.py:4180} INFO - Setting next_dagrun for dataset_alias_example_alias_consumer to None, run_after=None
[2025-06-12T12:10:34.207+0000] {logging_mixin.py:190} INFO - [2025-06-12T12:10:34.207+0000] {dag.py:4180} INFO - Setting next_dagrun for dataset_alias_example_alias_producer to None, run_after=None
[2025-06-12T12:10:34.208+0000] {logging_mixin.py:190} INFO - [2025-06-12T12:10:34.208+0000] {dag.py:4180} INFO - Setting next_dagrun for dataset_s3_bucket_consumer to None, run_after=None
[2025-06-12T12:10:34.210+0000] {logging_mixin.py:190} INFO - [2025-06-12T12:10:34.209+0000] {dag.py:4180} INFO - Setting next_dagrun for dataset_s3_bucket_producer to None, run_after=None
[2025-06-12T12:10:34.228+0000] {processor.py:208} INFO - Processing /home/airflow/.local/lib/python3.12/site-packages/airflow/example_dags/example_dataset_alias.py took 0.365 seconds
[2025-06-12T12:11:04.471+0000] {processor.py:186} INFO - Started process (PID=967) to work on /home/airflow/.local/lib/python3.12/site-packages/airflow/example_dags/example_dataset_alias.py
[2025-06-12T12:11:04.472+0000] {processor.py:914} INFO - Processing file /home/airflow/.local/lib/python3.12/site-packages/airflow/example_dags/example_dataset_alias.py for tasks to queue
[2025-06-12T12:11:04.474+0000] {logging_mixin.py:190} INFO - [2025-06-12T12:11:04.473+0000] {dagbag.py:588} INFO - Filling up the DagBag from /home/airflow/.local/lib/python3.12/site-packages/airflow/example_dags/example_dataset_alias.py
[2025-06-12T12:11:05.005+0000] {processor.py:925} INFO - DAG(s) 'dataset_alias_example_alias_producer', 'dataset_s3_bucket_producer', 'dataset_s3_bucket_consumer', 'dataset_alias_example_alias_consumer' retrieved from /home/airflow/.local/lib/python3.12/site-packages/airflow/example_dags/example_dataset_alias.py
[2025-06-12T12:11:05.021+0000] {logging_mixin.py:190} INFO - [2025-06-12T12:11:05.020+0000] {dag.py:3239} INFO - Sync 4 DAGs
[2025-06-12T12:11:05.037+0000] {logging_mixin.py:190} INFO - [2025-06-12T12:11:05.037+0000] {dag.py:4180} INFO - Setting next_dagrun for dataset_alias_example_alias_consumer to None, run_after=None
[2025-06-12T12:11:05.040+0000] {logging_mixin.py:190} INFO - [2025-06-12T12:11:05.039+0000] {dag.py:4180} INFO - Setting next_dagrun for dataset_alias_example_alias_producer to None, run_after=None
[2025-06-12T12:11:05.041+0000] {logging_mixin.py:190} INFO - [2025-06-12T12:11:05.041+0000] {dag.py:4180} INFO - Setting next_dagrun for dataset_s3_bucket_consumer to None, run_after=None
[2025-06-12T12:11:05.042+0000] {logging_mixin.py:190} INFO - [2025-06-12T12:11:05.042+0000] {dag.py:4180} INFO - Setting next_dagrun for dataset_s3_bucket_producer to None, run_after=None
[2025-06-12T12:11:05.057+0000] {processor.py:208} INFO - Processing /home/airflow/.local/lib/python3.12/site-packages/airflow/example_dags/example_dataset_alias.py took 0.591 seconds
[2025-06-12T12:11:35.600+0000] {processor.py:186} INFO - Started process (PID=1291) to work on /home/airflow/.local/lib/python3.12/site-packages/airflow/example_dags/example_dataset_alias.py
[2025-06-12T12:11:35.601+0000] {processor.py:914} INFO - Processing file /home/airflow/.local/lib/python3.12/site-packages/airflow/example_dags/example_dataset_alias.py for tasks to queue
[2025-06-12T12:11:35.603+0000] {logging_mixin.py:190} INFO - [2025-06-12T12:11:35.603+0000] {dagbag.py:588} INFO - Filling up the DagBag from /home/airflow/.local/lib/python3.12/site-packages/airflow/example_dags/example_dataset_alias.py
[2025-06-12T12:11:36.042+0000] {processor.py:925} INFO - DAG(s) 'dataset_s3_bucket_consumer', 'dataset_alias_example_alias_producer', 'dataset_s3_bucket_producer', 'dataset_alias_example_alias_consumer' retrieved from /home/airflow/.local/lib/python3.12/site-packages/airflow/example_dags/example_dataset_alias.py
[2025-06-12T12:11:36.057+0000] {logging_mixin.py:190} INFO - [2025-06-12T12:11:36.057+0000] {dag.py:3239} INFO - Sync 4 DAGs
[2025-06-12T12:11:36.073+0000] {logging_mixin.py:190} INFO - [2025-06-12T12:11:36.072+0000] {dag.py:4180} INFO - Setting next_dagrun for dataset_alias_example_alias_consumer to None, run_after=None
[2025-06-12T12:11:36.075+0000] {logging_mixin.py:190} INFO - [2025-06-12T12:11:36.075+0000] {dag.py:4180} INFO - Setting next_dagrun for dataset_alias_example_alias_producer to None, run_after=None
[2025-06-12T12:11:36.076+0000] {logging_mixin.py:190} INFO - [2025-06-12T12:11:36.076+0000] {dag.py:4180} INFO - Setting next_dagrun for dataset_s3_bucket_consumer to None, run_after=None
[2025-06-12T12:11:36.077+0000] {logging_mixin.py:190} INFO - [2025-06-12T12:11:36.076+0000] {dag.py:4180} INFO - Setting next_dagrun for dataset_s3_bucket_producer to None, run_after=None
[2025-06-12T12:11:36.091+0000] {processor.py:208} INFO - Processing /home/airflow/.local/lib/python3.12/site-packages/airflow/example_dags/example_dataset_alias.py took 0.496 seconds
[2025-06-12T12:12:06.448+0000] {processor.py:186} INFO - Started process (PID=1577) to work on /home/airflow/.local/lib/python3.12/site-packages/airflow/example_dags/example_dataset_alias.py
[2025-06-12T12:12:06.449+0000] {processor.py:914} INFO - Processing file /home/airflow/.local/lib/python3.12/site-packages/airflow/example_dags/example_dataset_alias.py for tasks to queue
[2025-06-12T12:12:06.452+0000] {logging_mixin.py:190} INFO - [2025-06-12T12:12:06.451+0000] {dagbag.py:588} INFO - Filling up the DagBag from /home/airflow/.local/lib/python3.12/site-packages/airflow/example_dags/example_dataset_alias.py
[2025-06-12T12:12:06.731+0000] {processor.py:925} INFO - DAG(s) 'dataset_alias_example_alias_consumer', 'dataset_s3_bucket_consumer', 'dataset_s3_bucket_producer', 'dataset_alias_example_alias_producer' retrieved from /home/airflow/.local/lib/python3.12/site-packages/airflow/example_dags/example_dataset_alias.py
[2025-06-12T12:12:06.863+0000] {logging_mixin.py:190} INFO - [2025-06-12T12:12:06.862+0000] {dag.py:3239} INFO - Sync 4 DAGs
[2025-06-12T12:12:06.878+0000] {logging_mixin.py:190} INFO - [2025-06-12T12:12:06.878+0000] {dag.py:4180} INFO - Setting next_dagrun for dataset_alias_example_alias_consumer to None, run_after=None
[2025-06-12T12:12:06.880+0000] {logging_mixin.py:190} INFO - [2025-06-12T12:12:06.880+0000] {dag.py:4180} INFO - Setting next_dagrun for dataset_alias_example_alias_producer to None, run_after=None
[2025-06-12T12:12:06.881+0000] {logging_mixin.py:190} INFO - [2025-06-12T12:12:06.881+0000] {dag.py:4180} INFO - Setting next_dagrun for dataset_s3_bucket_consumer to None, run_after=None
[2025-06-12T12:12:06.882+0000] {logging_mixin.py:190} INFO - [2025-06-12T12:12:06.882+0000] {dag.py:4180} INFO - Setting next_dagrun for dataset_s3_bucket_producer to None, run_after=None
[2025-06-12T12:12:06.898+0000] {processor.py:208} INFO - Processing /home/airflow/.local/lib/python3.12/site-packages/airflow/example_dags/example_dataset_alias.py took 0.455 seconds
[2025-06-12T12:12:37.620+0000] {processor.py:186} INFO - Started process (PID=1873) to work on /home/airflow/.local/lib/python3.12/site-packages/airflow/example_dags/example_dataset_alias.py
[2025-06-12T12:12:37.621+0000] {processor.py:914} INFO - Processing file /home/airflow/.local/lib/python3.12/site-packages/airflow/example_dags/example_dataset_alias.py for tasks to queue
[2025-06-12T12:12:37.623+0000] {logging_mixin.py:190} INFO - [2025-06-12T12:12:37.623+0000] {dagbag.py:588} INFO - Filling up the DagBag from /home/airflow/.local/lib/python3.12/site-packages/airflow/example_dags/example_dataset_alias.py
[2025-06-12T12:12:38.048+0000] {processor.py:925} INFO - DAG(s) 'dataset_s3_bucket_consumer', 'dataset_alias_example_alias_consumer', 'dataset_alias_example_alias_producer', 'dataset_s3_bucket_producer' retrieved from /home/airflow/.local/lib/python3.12/site-packages/airflow/example_dags/example_dataset_alias.py
[2025-06-12T12:12:38.063+0000] {logging_mixin.py:190} INFO - [2025-06-12T12:12:38.063+0000] {dag.py:3239} INFO - Sync 4 DAGs
[2025-06-12T12:12:38.080+0000] {logging_mixin.py:190} INFO - [2025-06-12T12:12:38.080+0000] {dag.py:4180} INFO - Setting next_dagrun for dataset_alias_example_alias_consumer to None, run_after=None
[2025-06-12T12:12:38.083+0000] {logging_mixin.py:190} INFO - [2025-06-12T12:12:38.083+0000] {dag.py:4180} INFO - Setting next_dagrun for dataset_alias_example_alias_producer to None, run_after=None
[2025-06-12T12:12:38.084+0000] {logging_mixin.py:190} INFO - [2025-06-12T12:12:38.084+0000] {dag.py:4180} INFO - Setting next_dagrun for dataset_s3_bucket_consumer to None, run_after=None
[2025-06-12T12:12:38.085+0000] {logging_mixin.py:190} INFO - [2025-06-12T12:12:38.085+0000] {dag.py:4180} INFO - Setting next_dagrun for dataset_s3_bucket_producer to None, run_after=None
[2025-06-12T12:12:38.100+0000] {processor.py:208} INFO - Processing /home/airflow/.local/lib/python3.12/site-packages/airflow/example_dags/example_dataset_alias.py took 0.486 seconds
[2025-06-12T12:13:08.665+0000] {processor.py:186} INFO - Started process (PID=2169) to work on /home/airflow/.local/lib/python3.12/site-packages/airflow/example_dags/example_dataset_alias.py
[2025-06-12T12:13:08.666+0000] {processor.py:914} INFO - Processing file /home/airflow/.local/lib/python3.12/site-packages/airflow/example_dags/example_dataset_alias.py for tasks to queue
[2025-06-12T12:13:08.668+0000] {logging_mixin.py:190} INFO - [2025-06-12T12:13:08.668+0000] {dagbag.py:588} INFO - Filling up the DagBag from /home/airflow/.local/lib/python3.12/site-packages/airflow/example_dags/example_dataset_alias.py
[2025-06-12T12:13:09.086+0000] {processor.py:925} INFO - DAG(s) 'dataset_s3_bucket_producer', 'dataset_alias_example_alias_consumer', 'dataset_s3_bucket_consumer', 'dataset_alias_example_alias_producer' retrieved from /home/airflow/.local/lib/python3.12/site-packages/airflow/example_dags/example_dataset_alias.py
[2025-06-12T12:13:09.101+0000] {logging_mixin.py:190} INFO - [2025-06-12T12:13:09.101+0000] {dag.py:3239} INFO - Sync 4 DAGs
[2025-06-12T12:13:09.118+0000] {logging_mixin.py:190} INFO - [2025-06-12T12:13:09.118+0000] {dag.py:4180} INFO - Setting next_dagrun for dataset_alias_example_alias_consumer to None, run_after=None
[2025-06-12T12:13:09.120+0000] {logging_mixin.py:190} INFO - [2025-06-12T12:13:09.120+0000] {dag.py:4180} INFO - Setting next_dagrun for dataset_alias_example_alias_producer to None, run_after=None
[2025-06-12T12:13:09.121+0000] {logging_mixin.py:190} INFO - [2025-06-12T12:13:09.121+0000] {dag.py:4180} INFO - Setting next_dagrun for dataset_s3_bucket_consumer to None, run_after=None
[2025-06-12T12:13:09.122+0000] {logging_mixin.py:190} INFO - [2025-06-12T12:13:09.122+0000] {dag.py:4180} INFO - Setting next_dagrun for dataset_s3_bucket_producer to None, run_after=None
[2025-06-12T12:13:09.137+0000] {processor.py:208} INFO - Processing /home/airflow/.local/lib/python3.12/site-packages/airflow/example_dags/example_dataset_alias.py took 0.476 seconds
[2025-06-12T12:13:39.852+0000] {processor.py:186} INFO - Started process (PID=2465) to work on /home/airflow/.local/lib/python3.12/site-packages/airflow/example_dags/example_dataset_alias.py
[2025-06-12T12:13:39.853+0000] {processor.py:914} INFO - Processing file /home/airflow/.local/lib/python3.12/site-packages/airflow/example_dags/example_dataset_alias.py for tasks to queue
[2025-06-12T12:13:39.855+0000] {logging_mixin.py:190} INFO - [2025-06-12T12:13:39.854+0000] {dagbag.py:588} INFO - Filling up the DagBag from /home/airflow/.local/lib/python3.12/site-packages/airflow/example_dags/example_dataset_alias.py
[2025-06-12T12:13:40.241+0000] {processor.py:925} INFO - DAG(s) 'dataset_s3_bucket_consumer', 'dataset_s3_bucket_producer', 'dataset_alias_example_alias_consumer', 'dataset_alias_example_alias_producer' retrieved from /home/airflow/.local/lib/python3.12/site-packages/airflow/example_dags/example_dataset_alias.py
[2025-06-12T12:13:40.255+0000] {logging_mixin.py:190} INFO - [2025-06-12T12:13:40.255+0000] {dag.py:3239} INFO - Sync 4 DAGs
[2025-06-12T12:13:40.271+0000] {logging_mixin.py:190} INFO - [2025-06-12T12:13:40.271+0000] {dag.py:4180} INFO - Setting next_dagrun for dataset_alias_example_alias_consumer to None, run_after=None
[2025-06-12T12:13:40.273+0000] {logging_mixin.py:190} INFO - [2025-06-12T12:13:40.273+0000] {dag.py:4180} INFO - Setting next_dagrun for dataset_alias_example_alias_producer to None, run_after=None
[2025-06-12T12:13:40.274+0000] {logging_mixin.py:190} INFO - [2025-06-12T12:13:40.274+0000] {dag.py:4180} INFO - Setting next_dagrun for dataset_s3_bucket_consumer to None, run_after=None
[2025-06-12T12:13:40.275+0000] {logging_mixin.py:190} INFO - [2025-06-12T12:13:40.275+0000] {dag.py:4180} INFO - Setting next_dagrun for dataset_s3_bucket_producer to None, run_after=None
[2025-06-12T12:13:40.290+0000] {processor.py:208} INFO - Processing /home/airflow/.local/lib/python3.12/site-packages/airflow/example_dags/example_dataset_alias.py took 0.443 seconds
[2025-06-12T12:14:10.631+0000] {processor.py:186} INFO - Started process (PID=2761) to work on /home/airflow/.local/lib/python3.12/site-packages/airflow/example_dags/example_dataset_alias.py
[2025-06-12T12:14:10.633+0000] {processor.py:914} INFO - Processing file /home/airflow/.local/lib/python3.12/site-packages/airflow/example_dags/example_dataset_alias.py for tasks to queue
[2025-06-12T12:14:10.637+0000] {logging_mixin.py:190} INFO - [2025-06-12T12:14:10.637+0000] {dagbag.py:588} INFO - Filling up the DagBag from /home/airflow/.local/lib/python3.12/site-packages/airflow/example_dags/example_dataset_alias.py
[2025-06-12T12:14:11.072+0000] {processor.py:925} INFO - DAG(s) 'dataset_alias_example_alias_consumer', 'dataset_s3_bucket_producer', 'dataset_s3_bucket_consumer', 'dataset_alias_example_alias_producer' retrieved from /home/airflow/.local/lib/python3.12/site-packages/airflow/example_dags/example_dataset_alias.py
[2025-06-12T12:14:11.089+0000] {logging_mixin.py:190} INFO - [2025-06-12T12:14:11.089+0000] {dag.py:3239} INFO - Sync 4 DAGs
[2025-06-12T12:14:11.107+0000] {logging_mixin.py:190} INFO - [2025-06-12T12:14:11.107+0000] {dag.py:4180} INFO - Setting next_dagrun for dataset_alias_example_alias_consumer to None, run_after=None
[2025-06-12T12:14:11.110+0000] {logging_mixin.py:190} INFO - [2025-06-12T12:14:11.109+0000] {dag.py:4180} INFO - Setting next_dagrun for dataset_alias_example_alias_producer to None, run_after=None
[2025-06-12T12:14:11.111+0000] {logging_mixin.py:190} INFO - [2025-06-12T12:14:11.111+0000] {dag.py:4180} INFO - Setting next_dagrun for dataset_s3_bucket_consumer to None, run_after=None
[2025-06-12T12:14:11.112+0000] {logging_mixin.py:190} INFO - [2025-06-12T12:14:11.112+0000] {dag.py:4180} INFO - Setting next_dagrun for dataset_s3_bucket_producer to None, run_after=None
[2025-06-12T12:14:11.129+0000] {processor.py:208} INFO - Processing /home/airflow/.local/lib/python3.12/site-packages/airflow/example_dags/example_dataset_alias.py took 0.505 seconds
[2025-06-12T12:14:41.396+0000] {processor.py:186} INFO - Started process (PID=3057) to work on /home/airflow/.local/lib/python3.12/site-packages/airflow/example_dags/example_dataset_alias.py
[2025-06-12T12:14:41.396+0000] {processor.py:914} INFO - Processing file /home/airflow/.local/lib/python3.12/site-packages/airflow/example_dags/example_dataset_alias.py for tasks to queue
[2025-06-12T12:14:41.399+0000] {logging_mixin.py:190} INFO - [2025-06-12T12:14:41.398+0000] {dagbag.py:588} INFO - Filling up the DagBag from /home/airflow/.local/lib/python3.12/site-packages/airflow/example_dags/example_dataset_alias.py
[2025-06-12T12:14:41.808+0000] {processor.py:925} INFO - DAG(s) 'dataset_s3_bucket_consumer', 'dataset_alias_example_alias_consumer', 'dataset_alias_example_alias_producer', 'dataset_s3_bucket_producer' retrieved from /home/airflow/.local/lib/python3.12/site-packages/airflow/example_dags/example_dataset_alias.py
[2025-06-12T12:14:41.823+0000] {logging_mixin.py:190} INFO - [2025-06-12T12:14:41.823+0000] {dag.py:3239} INFO - Sync 4 DAGs
[2025-06-12T12:14:41.844+0000] {logging_mixin.py:190} INFO - [2025-06-12T12:14:41.844+0000] {dag.py:4180} INFO - Setting next_dagrun for dataset_alias_example_alias_consumer to None, run_after=None
[2025-06-12T12:14:41.847+0000] {logging_mixin.py:190} INFO - [2025-06-12T12:14:41.846+0000] {dag.py:4180} INFO - Setting next_dagrun for dataset_alias_example_alias_producer to None, run_after=None
[2025-06-12T12:14:41.848+0000] {logging_mixin.py:190} INFO - [2025-06-12T12:14:41.848+0000] {dag.py:4180} INFO - Setting next_dagrun for dataset_s3_bucket_consumer to None, run_after=None
[2025-06-12T12:14:41.849+0000] {logging_mixin.py:190} INFO - [2025-06-12T12:14:41.849+0000] {dag.py:4180} INFO - Setting next_dagrun for dataset_s3_bucket_producer to None, run_after=None
[2025-06-12T12:14:41.868+0000] {processor.py:208} INFO - Processing /home/airflow/.local/lib/python3.12/site-packages/airflow/example_dags/example_dataset_alias.py took 0.479 seconds
[2025-06-12T12:15:12.134+0000] {processor.py:186} INFO - Started process (PID=3353) to work on /home/airflow/.local/lib/python3.12/site-packages/airflow/example_dags/example_dataset_alias.py
[2025-06-12T12:15:12.135+0000] {processor.py:914} INFO - Processing file /home/airflow/.local/lib/python3.12/site-packages/airflow/example_dags/example_dataset_alias.py for tasks to queue
[2025-06-12T12:15:12.137+0000] {logging_mixin.py:190} INFO - [2025-06-12T12:15:12.137+0000] {dagbag.py:588} INFO - Filling up the DagBag from /home/airflow/.local/lib/python3.12/site-packages/airflow/example_dags/example_dataset_alias.py
[2025-06-12T12:15:12.533+0000] {processor.py:925} INFO - DAG(s) 'dataset_s3_bucket_consumer', 'dataset_s3_bucket_producer', 'dataset_alias_example_alias_producer', 'dataset_alias_example_alias_consumer' retrieved from /home/airflow/.local/lib/python3.12/site-packages/airflow/example_dags/example_dataset_alias.py
[2025-06-12T12:15:12.547+0000] {logging_mixin.py:190} INFO - [2025-06-12T12:15:12.547+0000] {dag.py:3239} INFO - Sync 4 DAGs
[2025-06-12T12:15:12.564+0000] {logging_mixin.py:190} INFO - [2025-06-12T12:15:12.563+0000] {dag.py:4180} INFO - Setting next_dagrun for dataset_alias_example_alias_consumer to None, run_after=None
[2025-06-12T12:15:12.566+0000] {logging_mixin.py:190} INFO - [2025-06-12T12:15:12.565+0000] {dag.py:4180} INFO - Setting next_dagrun for dataset_alias_example_alias_producer to None, run_after=None
[2025-06-12T12:15:12.567+0000] {logging_mixin.py:190} INFO - [2025-06-12T12:15:12.567+0000] {dag.py:4180} INFO - Setting next_dagrun for dataset_s3_bucket_consumer to None, run_after=None
[2025-06-12T12:15:12.568+0000] {logging_mixin.py:190} INFO - [2025-06-12T12:15:12.567+0000] {dag.py:4180} INFO - Setting next_dagrun for dataset_s3_bucket_producer to None, run_after=None
[2025-06-12T12:15:12.583+0000] {processor.py:208} INFO - Processing /home/airflow/.local/lib/python3.12/site-packages/airflow/example_dags/example_dataset_alias.py took 0.452 seconds
[2025-06-12T12:15:42.890+0000] {processor.py:186} INFO - Started process (PID=3649) to work on /home/airflow/.local/lib/python3.12/site-packages/airflow/example_dags/example_dataset_alias.py
[2025-06-12T12:15:42.891+0000] {processor.py:914} INFO - Processing file /home/airflow/.local/lib/python3.12/site-packages/airflow/example_dags/example_dataset_alias.py for tasks to queue
[2025-06-12T12:15:42.892+0000] {logging_mixin.py:190} INFO - [2025-06-12T12:15:42.892+0000] {dagbag.py:588} INFO - Filling up the DagBag from /home/airflow/.local/lib/python3.12/site-packages/airflow/example_dags/example_dataset_alias.py
[2025-06-12T12:15:43.277+0000] {processor.py:925} INFO - DAG(s) 'dataset_alias_example_alias_consumer', 'dataset_s3_bucket_consumer', 'dataset_s3_bucket_producer', 'dataset_alias_example_alias_producer' retrieved from /home/airflow/.local/lib/python3.12/site-packages/airflow/example_dags/example_dataset_alias.py
[2025-06-12T12:15:43.293+0000] {logging_mixin.py:190} INFO - [2025-06-12T12:15:43.292+0000] {dag.py:3239} INFO - Sync 4 DAGs
[2025-06-12T12:15:43.309+0000] {logging_mixin.py:190} INFO - [2025-06-12T12:15:43.308+0000] {dag.py:4180} INFO - Setting next_dagrun for dataset_alias_example_alias_consumer to None, run_after=None
[2025-06-12T12:15:43.311+0000] {logging_mixin.py:190} INFO - [2025-06-12T12:15:43.311+0000] {dag.py:4180} INFO - Setting next_dagrun for dataset_alias_example_alias_producer to None, run_after=None
[2025-06-12T12:15:43.312+0000] {logging_mixin.py:190} INFO - [2025-06-12T12:15:43.312+0000] {dag.py:4180} INFO - Setting next_dagrun for dataset_s3_bucket_consumer to None, run_after=None
[2025-06-12T12:15:43.313+0000] {logging_mixin.py:190} INFO - [2025-06-12T12:15:43.313+0000] {dag.py:4180} INFO - Setting next_dagrun for dataset_s3_bucket_producer to None, run_after=None
[2025-06-12T12:15:43.329+0000] {processor.py:208} INFO - Processing /home/airflow/.local/lib/python3.12/site-packages/airflow/example_dags/example_dataset_alias.py took 0.444 seconds
[2025-06-12T12:16:14.226+0000] {processor.py:186} INFO - Started process (PID=3945) to work on /home/airflow/.local/lib/python3.12/site-packages/airflow/example_dags/example_dataset_alias.py
[2025-06-12T12:16:14.226+0000] {processor.py:914} INFO - Processing file /home/airflow/.local/lib/python3.12/site-packages/airflow/example_dags/example_dataset_alias.py for tasks to queue
[2025-06-12T12:16:14.229+0000] {logging_mixin.py:190} INFO - [2025-06-12T12:16:14.229+0000] {dagbag.py:588} INFO - Filling up the DagBag from /home/airflow/.local/lib/python3.12/site-packages/airflow/example_dags/example_dataset_alias.py
[2025-06-12T12:16:14.689+0000] {processor.py:925} INFO - DAG(s) 'dataset_alias_example_alias_producer', 'dataset_s3_bucket_consumer', 'dataset_alias_example_alias_consumer', 'dataset_s3_bucket_producer' retrieved from /home/airflow/.local/lib/python3.12/site-packages/airflow/example_dags/example_dataset_alias.py
[2025-06-12T12:16:14.704+0000] {logging_mixin.py:190} INFO - [2025-06-12T12:16:14.703+0000] {dag.py:3239} INFO - Sync 4 DAGs
[2025-06-12T12:16:14.720+0000] {logging_mixin.py:190} INFO - [2025-06-12T12:16:14.720+0000] {dag.py:4180} INFO - Setting next_dagrun for dataset_alias_example_alias_consumer to None, run_after=None
[2025-06-12T12:16:14.722+0000] {logging_mixin.py:190} INFO - [2025-06-12T12:16:14.722+0000] {dag.py:4180} INFO - Setting next_dagrun for dataset_alias_example_alias_producer to None, run_after=None
[2025-06-12T12:16:14.723+0000] {logging_mixin.py:190} INFO - [2025-06-12T12:16:14.723+0000] {dag.py:4180} INFO - Setting next_dagrun for dataset_s3_bucket_consumer to None, run_after=None
[2025-06-12T12:16:14.724+0000] {logging_mixin.py:190} INFO - [2025-06-12T12:16:14.724+0000] {dag.py:4180} INFO - Setting next_dagrun for dataset_s3_bucket_producer to None, run_after=None
[2025-06-12T12:16:14.741+0000] {processor.py:208} INFO - Processing /home/airflow/.local/lib/python3.12/site-packages/airflow/example_dags/example_dataset_alias.py took 0.520 seconds
[2025-06-12T12:16:45.019+0000] {processor.py:186} INFO - Started process (PID=4241) to work on /home/airflow/.local/lib/python3.12/site-packages/airflow/example_dags/example_dataset_alias.py
[2025-06-12T12:16:45.020+0000] {processor.py:914} INFO - Processing file /home/airflow/.local/lib/python3.12/site-packages/airflow/example_dags/example_dataset_alias.py for tasks to queue
[2025-06-12T12:16:45.021+0000] {logging_mixin.py:190} INFO - [2025-06-12T12:16:45.021+0000] {dagbag.py:588} INFO - Filling up the DagBag from /home/airflow/.local/lib/python3.12/site-packages/airflow/example_dags/example_dataset_alias.py
[2025-06-12T12:16:45.443+0000] {processor.py:925} INFO - DAG(s) 'dataset_s3_bucket_producer', 'dataset_alias_example_alias_consumer', 'dataset_s3_bucket_consumer', 'dataset_alias_example_alias_producer' retrieved from /home/airflow/.local/lib/python3.12/site-packages/airflow/example_dags/example_dataset_alias.py
[2025-06-12T12:16:45.459+0000] {logging_mixin.py:190} INFO - [2025-06-12T12:16:45.459+0000] {dag.py:3239} INFO - Sync 4 DAGs
[2025-06-12T12:16:45.478+0000] {logging_mixin.py:190} INFO - [2025-06-12T12:16:45.478+0000] {dag.py:4180} INFO - Setting next_dagrun for dataset_alias_example_alias_consumer to None, run_after=None
[2025-06-12T12:16:45.480+0000] {logging_mixin.py:190} INFO - [2025-06-12T12:16:45.480+0000] {dag.py:4180} INFO - Setting next_dagrun for dataset_alias_example_alias_producer to None, run_after=None
[2025-06-12T12:16:45.482+0000] {logging_mixin.py:190} INFO - [2025-06-12T12:16:45.482+0000] {dag.py:4180} INFO - Setting next_dagrun for dataset_s3_bucket_consumer to None, run_after=None
[2025-06-12T12:16:45.483+0000] {logging_mixin.py:190} INFO - [2025-06-12T12:16:45.483+0000] {dag.py:4180} INFO - Setting next_dagrun for dataset_s3_bucket_producer to None, run_after=None
[2025-06-12T12:16:45.506+0000] {processor.py:208} INFO - Processing /home/airflow/.local/lib/python3.12/site-packages/airflow/example_dags/example_dataset_alias.py took 0.492 seconds
[2025-06-12T12:17:15.600+0000] {processor.py:186} INFO - Started process (PID=4537) to work on /home/airflow/.local/lib/python3.12/site-packages/airflow/example_dags/example_dataset_alias.py
[2025-06-12T12:17:15.601+0000] {processor.py:914} INFO - Processing file /home/airflow/.local/lib/python3.12/site-packages/airflow/example_dags/example_dataset_alias.py for tasks to queue
[2025-06-12T12:17:15.603+0000] {logging_mixin.py:190} INFO - [2025-06-12T12:17:15.603+0000] {dagbag.py:588} INFO - Filling up the DagBag from /home/airflow/.local/lib/python3.12/site-packages/airflow/example_dags/example_dataset_alias.py
[2025-06-12T12:17:16.002+0000] {processor.py:925} INFO - DAG(s) 'dataset_s3_bucket_consumer', 'dataset_s3_bucket_producer', 'dataset_alias_example_alias_producer', 'dataset_alias_example_alias_consumer' retrieved from /home/airflow/.local/lib/python3.12/site-packages/airflow/example_dags/example_dataset_alias.py
[2025-06-12T12:17:16.016+0000] {logging_mixin.py:190} INFO - [2025-06-12T12:17:16.015+0000] {dag.py:3239} INFO - Sync 4 DAGs
[2025-06-12T12:17:16.031+0000] {logging_mixin.py:190} INFO - [2025-06-12T12:17:16.031+0000] {dag.py:4180} INFO - Setting next_dagrun for dataset_alias_example_alias_consumer to None, run_after=None
[2025-06-12T12:17:16.033+0000] {logging_mixin.py:190} INFO - [2025-06-12T12:17:16.033+0000] {dag.py:4180} INFO - Setting next_dagrun for dataset_alias_example_alias_producer to None, run_after=None
[2025-06-12T12:17:16.034+0000] {logging_mixin.py:190} INFO - [2025-06-12T12:17:16.034+0000] {dag.py:4180} INFO - Setting next_dagrun for dataset_s3_bucket_consumer to None, run_after=None
[2025-06-12T12:17:16.035+0000] {logging_mixin.py:190} INFO - [2025-06-12T12:17:16.035+0000] {dag.py:4180} INFO - Setting next_dagrun for dataset_s3_bucket_producer to None, run_after=None
[2025-06-12T12:17:16.055+0000] {processor.py:208} INFO - Processing /home/airflow/.local/lib/python3.12/site-packages/airflow/example_dags/example_dataset_alias.py took 0.459 seconds
[2025-06-12T12:17:46.142+0000] {processor.py:186} INFO - Started process (PID=4833) to work on /home/airflow/.local/lib/python3.12/site-packages/airflow/example_dags/example_dataset_alias.py
[2025-06-12T12:17:46.143+0000] {processor.py:914} INFO - Processing file /home/airflow/.local/lib/python3.12/site-packages/airflow/example_dags/example_dataset_alias.py for tasks to queue
[2025-06-12T12:17:46.145+0000] {logging_mixin.py:190} INFO - [2025-06-12T12:17:46.145+0000] {dagbag.py:588} INFO - Filling up the DagBag from /home/airflow/.local/lib/python3.12/site-packages/airflow/example_dags/example_dataset_alias.py
[2025-06-12T12:17:46.559+0000] {processor.py:925} INFO - DAG(s) 'dataset_s3_bucket_consumer', 'dataset_alias_example_alias_consumer', 'dataset_s3_bucket_producer', 'dataset_alias_example_alias_producer' retrieved from /home/airflow/.local/lib/python3.12/site-packages/airflow/example_dags/example_dataset_alias.py
[2025-06-12T12:17:46.575+0000] {logging_mixin.py:190} INFO - [2025-06-12T12:17:46.575+0000] {dag.py:3239} INFO - Sync 4 DAGs
[2025-06-12T12:17:46.591+0000] {logging_mixin.py:190} INFO - [2025-06-12T12:17:46.591+0000] {dag.py:4180} INFO - Setting next_dagrun for dataset_alias_example_alias_consumer to None, run_after=None
[2025-06-12T12:17:46.593+0000] {logging_mixin.py:190} INFO - [2025-06-12T12:17:46.593+0000] {dag.py:4180} INFO - Setting next_dagrun for dataset_alias_example_alias_producer to None, run_after=None
[2025-06-12T12:17:46.594+0000] {logging_mixin.py:190} INFO - [2025-06-12T12:17:46.594+0000] {dag.py:4180} INFO - Setting next_dagrun for dataset_s3_bucket_consumer to None, run_after=None
[2025-06-12T12:17:46.595+0000] {logging_mixin.py:190} INFO - [2025-06-12T12:17:46.595+0000] {dag.py:4180} INFO - Setting next_dagrun for dataset_s3_bucket_producer to None, run_after=None
[2025-06-12T12:17:46.610+0000] {processor.py:208} INFO - Processing /home/airflow/.local/lib/python3.12/site-packages/airflow/example_dags/example_dataset_alias.py took 0.473 seconds
[2025-06-12T12:18:16.704+0000] {processor.py:186} INFO - Started process (PID=5129) to work on /home/airflow/.local/lib/python3.12/site-packages/airflow/example_dags/example_dataset_alias.py
[2025-06-12T12:18:16.704+0000] {processor.py:914} INFO - Processing file /home/airflow/.local/lib/python3.12/site-packages/airflow/example_dags/example_dataset_alias.py for tasks to queue
[2025-06-12T12:18:16.706+0000] {logging_mixin.py:190} INFO - [2025-06-12T12:18:16.706+0000] {dagbag.py:588} INFO - Filling up the DagBag from /home/airflow/.local/lib/python3.12/site-packages/airflow/example_dags/example_dataset_alias.py
[2025-06-12T12:18:17.086+0000] {processor.py:925} INFO - DAG(s) 'dataset_alias_example_alias_producer', 'dataset_alias_example_alias_consumer', 'dataset_s3_bucket_consumer', 'dataset_s3_bucket_producer' retrieved from /home/airflow/.local/lib/python3.12/site-packages/airflow/example_dags/example_dataset_alias.py
[2025-06-12T12:18:17.102+0000] {logging_mixin.py:190} INFO - [2025-06-12T12:18:17.102+0000] {dag.py:3239} INFO - Sync 4 DAGs
[2025-06-12T12:18:17.117+0000] {logging_mixin.py:190} INFO - [2025-06-12T12:18:17.117+0000] {dag.py:4180} INFO - Setting next_dagrun for dataset_alias_example_alias_consumer to None, run_after=None
[2025-06-12T12:18:17.119+0000] {logging_mixin.py:190} INFO - [2025-06-12T12:18:17.119+0000] {dag.py:4180} INFO - Setting next_dagrun for dataset_alias_example_alias_producer to None, run_after=None
[2025-06-12T12:18:17.120+0000] {logging_mixin.py:190} INFO - [2025-06-12T12:18:17.120+0000] {dag.py:4180} INFO - Setting next_dagrun for dataset_s3_bucket_consumer to None, run_after=None
[2025-06-12T12:18:17.121+0000] {logging_mixin.py:190} INFO - [2025-06-12T12:18:17.121+0000] {dag.py:4180} INFO - Setting next_dagrun for dataset_s3_bucket_producer to None, run_after=None
[2025-06-12T12:18:17.135+0000] {processor.py:208} INFO - Processing /home/airflow/.local/lib/python3.12/site-packages/airflow/example_dags/example_dataset_alias.py took 0.437 seconds
[2025-06-12T12:18:47.383+0000] {processor.py:186} INFO - Started process (PID=5425) to work on /home/airflow/.local/lib/python3.12/site-packages/airflow/example_dags/example_dataset_alias.py
[2025-06-12T12:18:47.384+0000] {processor.py:914} INFO - Processing file /home/airflow/.local/lib/python3.12/site-packages/airflow/example_dags/example_dataset_alias.py for tasks to queue
[2025-06-12T12:18:47.386+0000] {logging_mixin.py:190} INFO - [2025-06-12T12:18:47.386+0000] {dagbag.py:588} INFO - Filling up the DagBag from /home/airflow/.local/lib/python3.12/site-packages/airflow/example_dags/example_dataset_alias.py
[2025-06-12T12:18:47.767+0000] {processor.py:925} INFO - DAG(s) 'dataset_s3_bucket_consumer', 'dataset_s3_bucket_producer', 'dataset_alias_example_alias_producer', 'dataset_alias_example_alias_consumer' retrieved from /home/airflow/.local/lib/python3.12/site-packages/airflow/example_dags/example_dataset_alias.py
[2025-06-12T12:18:47.783+0000] {logging_mixin.py:190} INFO - [2025-06-12T12:18:47.782+0000] {dag.py:3239} INFO - Sync 4 DAGs
[2025-06-12T12:18:47.798+0000] {logging_mixin.py:190} INFO - [2025-06-12T12:18:47.798+0000] {dag.py:4180} INFO - Setting next_dagrun for dataset_alias_example_alias_consumer to None, run_after=None
[2025-06-12T12:18:47.800+0000] {logging_mixin.py:190} INFO - [2025-06-12T12:18:47.800+0000] {dag.py:4180} INFO - Setting next_dagrun for dataset_alias_example_alias_producer to None, run_after=None
[2025-06-12T12:18:47.801+0000] {logging_mixin.py:190} INFO - [2025-06-12T12:18:47.801+0000] {dag.py:4180} INFO - Setting next_dagrun for dataset_s3_bucket_consumer to None, run_after=None
[2025-06-12T12:18:47.802+0000] {logging_mixin.py:190} INFO - [2025-06-12T12:18:47.802+0000] {dag.py:4180} INFO - Setting next_dagrun for dataset_s3_bucket_producer to None, run_after=None
[2025-06-12T12:18:47.818+0000] {processor.py:208} INFO - Processing /home/airflow/.local/lib/python3.12/site-packages/airflow/example_dags/example_dataset_alias.py took 0.440 seconds
[2025-06-12T12:19:18.043+0000] {processor.py:186} INFO - Started process (PID=5721) to work on /home/airflow/.local/lib/python3.12/site-packages/airflow/example_dags/example_dataset_alias.py
[2025-06-12T12:19:18.044+0000] {processor.py:914} INFO - Processing file /home/airflow/.local/lib/python3.12/site-packages/airflow/example_dags/example_dataset_alias.py for tasks to queue
[2025-06-12T12:19:18.046+0000] {logging_mixin.py:190} INFO - [2025-06-12T12:19:18.046+0000] {dagbag.py:588} INFO - Filling up the DagBag from /home/airflow/.local/lib/python3.12/site-packages/airflow/example_dags/example_dataset_alias.py
[2025-06-12T12:19:18.446+0000] {processor.py:925} INFO - DAG(s) 'dataset_alias_example_alias_producer', 'dataset_s3_bucket_producer', 'dataset_alias_example_alias_consumer', 'dataset_s3_bucket_consumer' retrieved from /home/airflow/.local/lib/python3.12/site-packages/airflow/example_dags/example_dataset_alias.py
[2025-06-12T12:19:18.460+0000] {logging_mixin.py:190} INFO - [2025-06-12T12:19:18.460+0000] {dag.py:3239} INFO - Sync 4 DAGs
[2025-06-12T12:19:18.477+0000] {logging_mixin.py:190} INFO - [2025-06-12T12:19:18.477+0000] {dag.py:4180} INFO - Setting next_dagrun for dataset_alias_example_alias_consumer to None, run_after=None
[2025-06-12T12:19:18.479+0000] {logging_mixin.py:190} INFO - [2025-06-12T12:19:18.479+0000] {dag.py:4180} INFO - Setting next_dagrun for dataset_alias_example_alias_producer to None, run_after=None
[2025-06-12T12:19:18.480+0000] {logging_mixin.py:190} INFO - [2025-06-12T12:19:18.480+0000] {dag.py:4180} INFO - Setting next_dagrun for dataset_s3_bucket_consumer to None, run_after=None
[2025-06-12T12:19:18.481+0000] {logging_mixin.py:190} INFO - [2025-06-12T12:19:18.481+0000] {dag.py:4180} INFO - Setting next_dagrun for dataset_s3_bucket_producer to None, run_after=None
[2025-06-12T12:19:18.496+0000] {processor.py:208} INFO - Processing /home/airflow/.local/lib/python3.12/site-packages/airflow/example_dags/example_dataset_alias.py took 0.458 seconds
[2025-06-12T12:19:49.312+0000] {processor.py:186} INFO - Started process (PID=6017) to work on /home/airflow/.local/lib/python3.12/site-packages/airflow/example_dags/example_dataset_alias.py
[2025-06-12T12:19:49.313+0000] {processor.py:914} INFO - Processing file /home/airflow/.local/lib/python3.12/site-packages/airflow/example_dags/example_dataset_alias.py for tasks to queue
[2025-06-12T12:19:49.315+0000] {logging_mixin.py:190} INFO - [2025-06-12T12:19:49.314+0000] {dagbag.py:588} INFO - Filling up the DagBag from /home/airflow/.local/lib/python3.12/site-packages/airflow/example_dags/example_dataset_alias.py
[2025-06-12T12:19:49.722+0000] {processor.py:925} INFO - DAG(s) 'dataset_s3_bucket_consumer', 'dataset_s3_bucket_producer', 'dataset_alias_example_alias_consumer', 'dataset_alias_example_alias_producer' retrieved from /home/airflow/.local/lib/python3.12/site-packages/airflow/example_dags/example_dataset_alias.py
[2025-06-12T12:19:49.737+0000] {logging_mixin.py:190} INFO - [2025-06-12T12:19:49.736+0000] {dag.py:3239} INFO - Sync 4 DAGs
[2025-06-12T12:19:49.754+0000] {logging_mixin.py:190} INFO - [2025-06-12T12:19:49.753+0000] {dag.py:4180} INFO - Setting next_dagrun for dataset_alias_example_alias_consumer to None, run_after=None
[2025-06-12T12:19:49.756+0000] {logging_mixin.py:190} INFO - [2025-06-12T12:19:49.755+0000] {dag.py:4180} INFO - Setting next_dagrun for dataset_alias_example_alias_producer to None, run_after=None
[2025-06-12T12:19:49.757+0000] {logging_mixin.py:190} INFO - [2025-06-12T12:19:49.757+0000] {dag.py:4180} INFO - Setting next_dagrun for dataset_s3_bucket_consumer to None, run_after=None
[2025-06-12T12:19:49.758+0000] {logging_mixin.py:190} INFO - [2025-06-12T12:19:49.758+0000] {dag.py:4180} INFO - Setting next_dagrun for dataset_s3_bucket_producer to None, run_after=None
[2025-06-12T12:19:49.773+0000] {processor.py:208} INFO - Processing /home/airflow/.local/lib/python3.12/site-packages/airflow/example_dags/example_dataset_alias.py took 0.466 seconds
