[2025-06-12T12:10:03.786+0000] {processor.py:186} INFO - Started process (PID=443) to work on /home/airflow/.local/lib/python3.12/site-packages/airflow/example_dags/example_branch_python_dop_operator_3.py
[2025-06-12T12:10:03.787+0000] {processor.py:914} INFO - Processing file /home/airflow/.local/lib/python3.12/site-packages/airflow/example_dags/example_branch_python_dop_operator_3.py for tasks to queue
[2025-06-12T12:10:03.788+0000] {logging_mixin.py:190} INFO - [2025-06-12T12:10:03.788+0000] {dagbag.py:588} INFO - Filling up the DagBag from /home/airflow/.local/lib/python3.12/site-packages/airflow/example_dags/example_branch_python_dop_operator_3.py
[2025-06-12T12:10:03.798+0000] {processor.py:925} INFO - DAG(s) 'example_branch_dop_operator_v3' retrieved from /home/airflow/.local/lib/python3.12/site-packages/airflow/example_dags/example_branch_python_dop_operator_3.py
[2025-06-12T12:10:03.815+0000] {logging_mixin.py:190} INFO - [2025-06-12T12:10:03.815+0000] {dag.py:3239} INFO - Sync 1 DAGs
[2025-06-12T12:10:03.837+0000] {logging_mixin.py:190} INFO - [2025-06-12T12:10:03.837+0000] {dag.py:4180} INFO - Setting next_dagrun for example_branch_dop_operator_v3 to 2025-06-12 12:09:00+00:00, run_after=2025-06-12 12:10:00+00:00
[2025-06-12T12:10:03.853+0000] {processor.py:208} INFO - Processing /home/airflow/.local/lib/python3.12/site-packages/airflow/example_dags/example_branch_python_dop_operator_3.py took 0.072 seconds
[2025-06-12T12:10:34.869+0000] {processor.py:186} INFO - Started process (PID=739) to work on /home/airflow/.local/lib/python3.12/site-packages/airflow/example_dags/example_branch_python_dop_operator_3.py
[2025-06-12T12:10:34.870+0000] {processor.py:914} INFO - Processing file /home/airflow/.local/lib/python3.12/site-packages/airflow/example_dags/example_branch_python_dop_operator_3.py for tasks to queue
[2025-06-12T12:10:34.872+0000] {logging_mixin.py:190} INFO - [2025-06-12T12:10:34.872+0000] {dagbag.py:588} INFO - Filling up the DagBag from /home/airflow/.local/lib/python3.12/site-packages/airflow/example_dags/example_branch_python_dop_operator_3.py
[2025-06-12T12:10:34.880+0000] {processor.py:925} INFO - DAG(s) 'example_branch_dop_operator_v3' retrieved from /home/airflow/.local/lib/python3.12/site-packages/airflow/example_dags/example_branch_python_dop_operator_3.py
[2025-06-12T12:10:34.895+0000] {logging_mixin.py:190} INFO - [2025-06-12T12:10:34.895+0000] {dag.py:3239} INFO - Sync 1 DAGs
[2025-06-12T12:10:34.915+0000] {logging_mixin.py:190} INFO - [2025-06-12T12:10:34.915+0000] {dag.py:4180} INFO - Setting next_dagrun for example_branch_dop_operator_v3 to 2025-06-12 12:09:00+00:00, run_after=2025-06-12 12:10:00+00:00
[2025-06-12T12:10:34.929+0000] {processor.py:208} INFO - Processing /home/airflow/.local/lib/python3.12/site-packages/airflow/example_dags/example_branch_python_dop_operator_3.py took 0.064 seconds
[2025-06-12T12:11:05.591+0000] {processor.py:186} INFO - Started process (PID=1037) to work on /home/airflow/.local/lib/python3.12/site-packages/airflow/example_dags/example_branch_python_dop_operator_3.py
[2025-06-12T12:11:05.592+0000] {processor.py:914} INFO - Processing file /home/airflow/.local/lib/python3.12/site-packages/airflow/example_dags/example_branch_python_dop_operator_3.py for tasks to queue
[2025-06-12T12:11:05.594+0000] {logging_mixin.py:190} INFO - [2025-06-12T12:11:05.594+0000] {dagbag.py:588} INFO - Filling up the DagBag from /home/airflow/.local/lib/python3.12/site-packages/airflow/example_dags/example_branch_python_dop_operator_3.py
[2025-06-12T12:11:05.602+0000] {processor.py:925} INFO - DAG(s) 'example_branch_dop_operator_v3' retrieved from /home/airflow/.local/lib/python3.12/site-packages/airflow/example_dags/example_branch_python_dop_operator_3.py
[2025-06-12T12:11:05.617+0000] {logging_mixin.py:190} INFO - [2025-06-12T12:11:05.617+0000] {dag.py:3239} INFO - Sync 1 DAGs
[2025-06-12T12:11:05.638+0000] {logging_mixin.py:190} INFO - [2025-06-12T12:11:05.638+0000] {dag.py:4180} INFO - Setting next_dagrun for example_branch_dop_operator_v3 to 2025-06-12 12:10:00+00:00, run_after=2025-06-12 12:11:00+00:00
[2025-06-12T12:11:05.658+0000] {processor.py:208} INFO - Processing /home/airflow/.local/lib/python3.12/site-packages/airflow/example_dags/example_branch_python_dop_operator_3.py took 0.071 seconds
[2025-06-12T12:11:36.371+0000] {processor.py:186} INFO - Started process (PID=1331) to work on /home/airflow/.local/lib/python3.12/site-packages/airflow/example_dags/example_branch_python_dop_operator_3.py
[2025-06-12T12:11:36.372+0000] {processor.py:914} INFO - Processing file /home/airflow/.local/lib/python3.12/site-packages/airflow/example_dags/example_branch_python_dop_operator_3.py for tasks to queue
[2025-06-12T12:11:36.374+0000] {logging_mixin.py:190} INFO - [2025-06-12T12:11:36.373+0000] {dagbag.py:588} INFO - Filling up the DagBag from /home/airflow/.local/lib/python3.12/site-packages/airflow/example_dags/example_branch_python_dop_operator_3.py
[2025-06-12T12:11:36.382+0000] {processor.py:925} INFO - DAG(s) 'example_branch_dop_operator_v3' retrieved from /home/airflow/.local/lib/python3.12/site-packages/airflow/example_dags/example_branch_python_dop_operator_3.py
[2025-06-12T12:11:36.395+0000] {logging_mixin.py:190} INFO - [2025-06-12T12:11:36.395+0000] {dag.py:3239} INFO - Sync 1 DAGs
[2025-06-12T12:11:36.414+0000] {logging_mixin.py:190} INFO - [2025-06-12T12:11:36.414+0000] {dag.py:4180} INFO - Setting next_dagrun for example_branch_dop_operator_v3 to 2025-06-12 12:10:00+00:00, run_after=2025-06-12 12:11:00+00:00
[2025-06-12T12:11:36.429+0000] {processor.py:208} INFO - Processing /home/airflow/.local/lib/python3.12/site-packages/airflow/example_dags/example_branch_python_dop_operator_3.py took 0.063 seconds
[2025-06-12T12:12:07.755+0000] {processor.py:186} INFO - Started process (PID=1627) to work on /home/airflow/.local/lib/python3.12/site-packages/airflow/example_dags/example_branch_python_dop_operator_3.py
[2025-06-12T12:12:07.756+0000] {processor.py:914} INFO - Processing file /home/airflow/.local/lib/python3.12/site-packages/airflow/example_dags/example_branch_python_dop_operator_3.py for tasks to queue
[2025-06-12T12:12:07.757+0000] {logging_mixin.py:190} INFO - [2025-06-12T12:12:07.757+0000] {dagbag.py:588} INFO - Filling up the DagBag from /home/airflow/.local/lib/python3.12/site-packages/airflow/example_dags/example_branch_python_dop_operator_3.py
[2025-06-12T12:12:07.766+0000] {processor.py:925} INFO - DAG(s) 'example_branch_dop_operator_v3' retrieved from /home/airflow/.local/lib/python3.12/site-packages/airflow/example_dags/example_branch_python_dop_operator_3.py
[2025-06-12T12:12:07.779+0000] {logging_mixin.py:190} INFO - [2025-06-12T12:12:07.779+0000] {dag.py:3239} INFO - Sync 1 DAGs
[2025-06-12T12:12:07.798+0000] {logging_mixin.py:190} INFO - [2025-06-12T12:12:07.798+0000] {dag.py:4180} INFO - Setting next_dagrun for example_branch_dop_operator_v3 to 2025-06-12 12:11:00+00:00, run_after=2025-06-12 12:12:00+00:00
[2025-06-12T12:12:07.812+0000] {processor.py:208} INFO - Processing /home/airflow/.local/lib/python3.12/site-packages/airflow/example_dags/example_branch_python_dop_operator_3.py took 0.061 seconds
[2025-06-12T12:12:38.711+0000] {processor.py:186} INFO - Started process (PID=1923) to work on /home/airflow/.local/lib/python3.12/site-packages/airflow/example_dags/example_branch_python_dop_operator_3.py
[2025-06-12T12:12:38.712+0000] {processor.py:914} INFO - Processing file /home/airflow/.local/lib/python3.12/site-packages/airflow/example_dags/example_branch_python_dop_operator_3.py for tasks to queue
[2025-06-12T12:12:38.714+0000] {logging_mixin.py:190} INFO - [2025-06-12T12:12:38.714+0000] {dagbag.py:588} INFO - Filling up the DagBag from /home/airflow/.local/lib/python3.12/site-packages/airflow/example_dags/example_branch_python_dop_operator_3.py
[2025-06-12T12:12:38.724+0000] {processor.py:925} INFO - DAG(s) 'example_branch_dop_operator_v3' retrieved from /home/airflow/.local/lib/python3.12/site-packages/airflow/example_dags/example_branch_python_dop_operator_3.py
[2025-06-12T12:12:38.741+0000] {logging_mixin.py:190} INFO - [2025-06-12T12:12:38.741+0000] {dag.py:3239} INFO - Sync 1 DAGs
[2025-06-12T12:12:38.764+0000] {logging_mixin.py:190} INFO - [2025-06-12T12:12:38.764+0000] {dag.py:4180} INFO - Setting next_dagrun for example_branch_dop_operator_v3 to 2025-06-12 12:11:00+00:00, run_after=2025-06-12 12:12:00+00:00
[2025-06-12T12:12:38.778+0000] {processor.py:208} INFO - Processing /home/airflow/.local/lib/python3.12/site-packages/airflow/example_dags/example_branch_python_dop_operator_3.py took 0.077 seconds
[2025-06-12T12:13:10.068+0000] {processor.py:186} INFO - Started process (PID=2221) to work on /home/airflow/.local/lib/python3.12/site-packages/airflow/example_dags/example_branch_python_dop_operator_3.py
[2025-06-12T12:13:10.069+0000] {processor.py:914} INFO - Processing file /home/airflow/.local/lib/python3.12/site-packages/airflow/example_dags/example_branch_python_dop_operator_3.py for tasks to queue
[2025-06-12T12:13:10.071+0000] {logging_mixin.py:190} INFO - [2025-06-12T12:13:10.070+0000] {dagbag.py:588} INFO - Filling up the DagBag from /home/airflow/.local/lib/python3.12/site-packages/airflow/example_dags/example_branch_python_dop_operator_3.py
[2025-06-12T12:13:10.078+0000] {processor.py:925} INFO - DAG(s) 'example_branch_dop_operator_v3' retrieved from /home/airflow/.local/lib/python3.12/site-packages/airflow/example_dags/example_branch_python_dop_operator_3.py
[2025-06-12T12:13:10.092+0000] {logging_mixin.py:190} INFO - [2025-06-12T12:13:10.092+0000] {dag.py:3239} INFO - Sync 1 DAGs
[2025-06-12T12:13:10.112+0000] {logging_mixin.py:190} INFO - [2025-06-12T12:13:10.112+0000] {dag.py:4180} INFO - Setting next_dagrun for example_branch_dop_operator_v3 to 2025-06-12 12:12:00+00:00, run_after=2025-06-12 12:13:00+00:00
[2025-06-12T12:13:10.128+0000] {processor.py:208} INFO - Processing /home/airflow/.local/lib/python3.12/site-packages/airflow/example_dags/example_branch_python_dop_operator_3.py took 0.064 seconds
[2025-06-12T12:13:40.893+0000] {processor.py:186} INFO - Started process (PID=2515) to work on /home/airflow/.local/lib/python3.12/site-packages/airflow/example_dags/example_branch_python_dop_operator_3.py
[2025-06-12T12:13:40.894+0000] {processor.py:914} INFO - Processing file /home/airflow/.local/lib/python3.12/site-packages/airflow/example_dags/example_branch_python_dop_operator_3.py for tasks to queue
[2025-06-12T12:13:40.896+0000] {logging_mixin.py:190} INFO - [2025-06-12T12:13:40.896+0000] {dagbag.py:588} INFO - Filling up the DagBag from /home/airflow/.local/lib/python3.12/site-packages/airflow/example_dags/example_branch_python_dop_operator_3.py
[2025-06-12T12:13:40.904+0000] {processor.py:925} INFO - DAG(s) 'example_branch_dop_operator_v3' retrieved from /home/airflow/.local/lib/python3.12/site-packages/airflow/example_dags/example_branch_python_dop_operator_3.py
[2025-06-12T12:13:40.918+0000] {logging_mixin.py:190} INFO - [2025-06-12T12:13:40.917+0000] {dag.py:3239} INFO - Sync 1 DAGs
[2025-06-12T12:13:40.936+0000] {logging_mixin.py:190} INFO - [2025-06-12T12:13:40.936+0000] {dag.py:4180} INFO - Setting next_dagrun for example_branch_dop_operator_v3 to 2025-06-12 12:12:00+00:00, run_after=2025-06-12 12:13:00+00:00
[2025-06-12T12:13:40.949+0000] {processor.py:208} INFO - Processing /home/airflow/.local/lib/python3.12/site-packages/airflow/example_dags/example_branch_python_dop_operator_3.py took 0.060 seconds
[2025-06-12T12:14:11.741+0000] {processor.py:186} INFO - Started process (PID=2811) to work on /home/airflow/.local/lib/python3.12/site-packages/airflow/example_dags/example_branch_python_dop_operator_3.py
[2025-06-12T12:14:11.742+0000] {processor.py:914} INFO - Processing file /home/airflow/.local/lib/python3.12/site-packages/airflow/example_dags/example_branch_python_dop_operator_3.py for tasks to queue
[2025-06-12T12:14:11.744+0000] {logging_mixin.py:190} INFO - [2025-06-12T12:14:11.743+0000] {dagbag.py:588} INFO - Filling up the DagBag from /home/airflow/.local/lib/python3.12/site-packages/airflow/example_dags/example_branch_python_dop_operator_3.py
[2025-06-12T12:14:11.754+0000] {processor.py:925} INFO - DAG(s) 'example_branch_dop_operator_v3' retrieved from /home/airflow/.local/lib/python3.12/site-packages/airflow/example_dags/example_branch_python_dop_operator_3.py
[2025-06-12T12:14:11.767+0000] {logging_mixin.py:190} INFO - [2025-06-12T12:14:11.767+0000] {dag.py:3239} INFO - Sync 1 DAGs
[2025-06-12T12:14:11.789+0000] {logging_mixin.py:190} INFO - [2025-06-12T12:14:11.789+0000] {dag.py:4180} INFO - Setting next_dagrun for example_branch_dop_operator_v3 to 2025-06-12 12:13:00+00:00, run_after=2025-06-12 12:14:00+00:00
[2025-06-12T12:14:11.802+0000] {processor.py:208} INFO - Processing /home/airflow/.local/lib/python3.12/site-packages/airflow/example_dags/example_branch_python_dop_operator_3.py took 0.068 seconds
[2025-06-12T12:14:42.435+0000] {processor.py:186} INFO - Started process (PID=3107) to work on /home/airflow/.local/lib/python3.12/site-packages/airflow/example_dags/example_branch_python_dop_operator_3.py
[2025-06-12T12:14:42.436+0000] {processor.py:914} INFO - Processing file /home/airflow/.local/lib/python3.12/site-packages/airflow/example_dags/example_branch_python_dop_operator_3.py for tasks to queue
[2025-06-12T12:14:42.438+0000] {logging_mixin.py:190} INFO - [2025-06-12T12:14:42.438+0000] {dagbag.py:588} INFO - Filling up the DagBag from /home/airflow/.local/lib/python3.12/site-packages/airflow/example_dags/example_branch_python_dop_operator_3.py
[2025-06-12T12:14:42.446+0000] {processor.py:925} INFO - DAG(s) 'example_branch_dop_operator_v3' retrieved from /home/airflow/.local/lib/python3.12/site-packages/airflow/example_dags/example_branch_python_dop_operator_3.py
[2025-06-12T12:14:42.460+0000] {logging_mixin.py:190} INFO - [2025-06-12T12:14:42.459+0000] {dag.py:3239} INFO - Sync 1 DAGs
[2025-06-12T12:14:42.478+0000] {logging_mixin.py:190} INFO - [2025-06-12T12:14:42.478+0000] {dag.py:4180} INFO - Setting next_dagrun for example_branch_dop_operator_v3 to 2025-06-12 12:13:00+00:00, run_after=2025-06-12 12:14:00+00:00
[2025-06-12T12:14:42.491+0000] {processor.py:208} INFO - Processing /home/airflow/.local/lib/python3.12/site-packages/airflow/example_dags/example_branch_python_dop_operator_3.py took 0.062 seconds
[2025-06-12T12:15:13.155+0000] {processor.py:186} INFO - Started process (PID=3403) to work on /home/airflow/.local/lib/python3.12/site-packages/airflow/example_dags/example_branch_python_dop_operator_3.py
[2025-06-12T12:15:13.156+0000] {processor.py:914} INFO - Processing file /home/airflow/.local/lib/python3.12/site-packages/airflow/example_dags/example_branch_python_dop_operator_3.py for tasks to queue
[2025-06-12T12:15:13.158+0000] {logging_mixin.py:190} INFO - [2025-06-12T12:15:13.158+0000] {dagbag.py:588} INFO - Filling up the DagBag from /home/airflow/.local/lib/python3.12/site-packages/airflow/example_dags/example_branch_python_dop_operator_3.py
[2025-06-12T12:15:13.166+0000] {processor.py:925} INFO - DAG(s) 'example_branch_dop_operator_v3' retrieved from /home/airflow/.local/lib/python3.12/site-packages/airflow/example_dags/example_branch_python_dop_operator_3.py
[2025-06-12T12:15:13.181+0000] {logging_mixin.py:190} INFO - [2025-06-12T12:15:13.181+0000] {dag.py:3239} INFO - Sync 1 DAGs
[2025-06-12T12:15:13.200+0000] {logging_mixin.py:190} INFO - [2025-06-12T12:15:13.200+0000] {dag.py:4180} INFO - Setting next_dagrun for example_branch_dop_operator_v3 to 2025-06-12 12:14:00+00:00, run_after=2025-06-12 12:15:00+00:00
[2025-06-12T12:15:13.213+0000] {processor.py:208} INFO - Processing /home/airflow/.local/lib/python3.12/site-packages/airflow/example_dags/example_branch_python_dop_operator_3.py took 0.062 seconds
[2025-06-12T12:15:43.946+0000] {processor.py:186} INFO - Started process (PID=3699) to work on /home/airflow/.local/lib/python3.12/site-packages/airflow/example_dags/example_branch_python_dop_operator_3.py
[2025-06-12T12:15:43.947+0000] {processor.py:914} INFO - Processing file /home/airflow/.local/lib/python3.12/site-packages/airflow/example_dags/example_branch_python_dop_operator_3.py for tasks to queue
[2025-06-12T12:15:43.949+0000] {logging_mixin.py:190} INFO - [2025-06-12T12:15:43.948+0000] {dagbag.py:588} INFO - Filling up the DagBag from /home/airflow/.local/lib/python3.12/site-packages/airflow/example_dags/example_branch_python_dop_operator_3.py
[2025-06-12T12:15:43.957+0000] {processor.py:925} INFO - DAG(s) 'example_branch_dop_operator_v3' retrieved from /home/airflow/.local/lib/python3.12/site-packages/airflow/example_dags/example_branch_python_dop_operator_3.py
[2025-06-12T12:15:43.971+0000] {logging_mixin.py:190} INFO - [2025-06-12T12:15:43.970+0000] {dag.py:3239} INFO - Sync 1 DAGs
[2025-06-12T12:15:43.990+0000] {logging_mixin.py:190} INFO - [2025-06-12T12:15:43.990+0000] {dag.py:4180} INFO - Setting next_dagrun for example_branch_dop_operator_v3 to 2025-06-12 12:14:00+00:00, run_after=2025-06-12 12:15:00+00:00
[2025-06-12T12:15:44.004+0000] {processor.py:208} INFO - Processing /home/airflow/.local/lib/python3.12/site-packages/airflow/example_dags/example_branch_python_dop_operator_3.py took 0.062 seconds
[2025-06-12T12:16:15.377+0000] {processor.py:186} INFO - Started process (PID=3995) to work on /home/airflow/.local/lib/python3.12/site-packages/airflow/example_dags/example_branch_python_dop_operator_3.py
[2025-06-12T12:16:15.378+0000] {processor.py:914} INFO - Processing file /home/airflow/.local/lib/python3.12/site-packages/airflow/example_dags/example_branch_python_dop_operator_3.py for tasks to queue
[2025-06-12T12:16:15.380+0000] {logging_mixin.py:190} INFO - [2025-06-12T12:16:15.379+0000] {dagbag.py:588} INFO - Filling up the DagBag from /home/airflow/.local/lib/python3.12/site-packages/airflow/example_dags/example_branch_python_dop_operator_3.py
[2025-06-12T12:16:15.387+0000] {processor.py:925} INFO - DAG(s) 'example_branch_dop_operator_v3' retrieved from /home/airflow/.local/lib/python3.12/site-packages/airflow/example_dags/example_branch_python_dop_operator_3.py
[2025-06-12T12:16:15.401+0000] {logging_mixin.py:190} INFO - [2025-06-12T12:16:15.401+0000] {dag.py:3239} INFO - Sync 1 DAGs
[2025-06-12T12:16:15.420+0000] {logging_mixin.py:190} INFO - [2025-06-12T12:16:15.420+0000] {dag.py:4180} INFO - Setting next_dagrun for example_branch_dop_operator_v3 to 2025-06-12 12:15:00+00:00, run_after=2025-06-12 12:16:00+00:00
[2025-06-12T12:16:15.434+0000] {processor.py:208} INFO - Processing /home/airflow/.local/lib/python3.12/site-packages/airflow/example_dags/example_branch_python_dop_operator_3.py took 0.061 seconds
[2025-06-12T12:16:46.191+0000] {processor.py:186} INFO - Started process (PID=4293) to work on /home/airflow/.local/lib/python3.12/site-packages/airflow/example_dags/example_branch_python_dop_operator_3.py
[2025-06-12T12:16:46.192+0000] {processor.py:914} INFO - Processing file /home/airflow/.local/lib/python3.12/site-packages/airflow/example_dags/example_branch_python_dop_operator_3.py for tasks to queue
[2025-06-12T12:16:46.193+0000] {logging_mixin.py:190} INFO - [2025-06-12T12:16:46.193+0000] {dagbag.py:588} INFO - Filling up the DagBag from /home/airflow/.local/lib/python3.12/site-packages/airflow/example_dags/example_branch_python_dop_operator_3.py
[2025-06-12T12:16:46.201+0000] {processor.py:925} INFO - DAG(s) 'example_branch_dop_operator_v3' retrieved from /home/airflow/.local/lib/python3.12/site-packages/airflow/example_dags/example_branch_python_dop_operator_3.py
[2025-06-12T12:16:46.215+0000] {logging_mixin.py:190} INFO - [2025-06-12T12:16:46.215+0000] {dag.py:3239} INFO - Sync 1 DAGs
[2025-06-12T12:16:46.236+0000] {logging_mixin.py:190} INFO - [2025-06-12T12:16:46.236+0000] {dag.py:4180} INFO - Setting next_dagrun for example_branch_dop_operator_v3 to 2025-06-12 12:15:00+00:00, run_after=2025-06-12 12:16:00+00:00
[2025-06-12T12:16:46.250+0000] {processor.py:208} INFO - Processing /home/airflow/.local/lib/python3.12/site-packages/airflow/example_dags/example_branch_python_dop_operator_3.py took 0.063 seconds
[2025-06-12T12:17:16.554+0000] {processor.py:186} INFO - Started process (PID=4587) to work on /home/airflow/.local/lib/python3.12/site-packages/airflow/example_dags/example_branch_python_dop_operator_3.py
[2025-06-12T12:17:16.555+0000] {processor.py:914} INFO - Processing file /home/airflow/.local/lib/python3.12/site-packages/airflow/example_dags/example_branch_python_dop_operator_3.py for tasks to queue
[2025-06-12T12:17:16.557+0000] {logging_mixin.py:190} INFO - [2025-06-12T12:17:16.557+0000] {dagbag.py:588} INFO - Filling up the DagBag from /home/airflow/.local/lib/python3.12/site-packages/airflow/example_dags/example_branch_python_dop_operator_3.py
[2025-06-12T12:17:16.565+0000] {processor.py:925} INFO - DAG(s) 'example_branch_dop_operator_v3' retrieved from /home/airflow/.local/lib/python3.12/site-packages/airflow/example_dags/example_branch_python_dop_operator_3.py
[2025-06-12T12:17:16.578+0000] {logging_mixin.py:190} INFO - [2025-06-12T12:17:16.578+0000] {dag.py:3239} INFO - Sync 1 DAGs
[2025-06-12T12:17:16.598+0000] {logging_mixin.py:190} INFO - [2025-06-12T12:17:16.597+0000] {dag.py:4180} INFO - Setting next_dagrun for example_branch_dop_operator_v3 to 2025-06-12 12:16:00+00:00, run_after=2025-06-12 12:17:00+00:00
[2025-06-12T12:17:16.610+0000] {processor.py:208} INFO - Processing /home/airflow/.local/lib/python3.12/site-packages/airflow/example_dags/example_branch_python_dop_operator_3.py took 0.061 seconds
[2025-06-12T12:17:47.014+0000] {processor.py:186} INFO - Started process (PID=4878) to work on /home/airflow/.local/lib/python3.12/site-packages/airflow/example_dags/example_branch_python_dop_operator_3.py
[2025-06-12T12:17:47.015+0000] {processor.py:914} INFO - Processing file /home/airflow/.local/lib/python3.12/site-packages/airflow/example_dags/example_branch_python_dop_operator_3.py for tasks to queue
[2025-06-12T12:17:47.016+0000] {logging_mixin.py:190} INFO - [2025-06-12T12:17:47.016+0000] {dagbag.py:588} INFO - Filling up the DagBag from /home/airflow/.local/lib/python3.12/site-packages/airflow/example_dags/example_branch_python_dop_operator_3.py
[2025-06-12T12:17:47.025+0000] {processor.py:925} INFO - DAG(s) 'example_branch_dop_operator_v3' retrieved from /home/airflow/.local/lib/python3.12/site-packages/airflow/example_dags/example_branch_python_dop_operator_3.py
[2025-06-12T12:17:47.039+0000] {logging_mixin.py:190} INFO - [2025-06-12T12:17:47.039+0000] {dag.py:3239} INFO - Sync 1 DAGs
[2025-06-12T12:17:47.060+0000] {logging_mixin.py:190} INFO - [2025-06-12T12:17:47.060+0000] {dag.py:4180} INFO - Setting next_dagrun for example_branch_dop_operator_v3 to 2025-06-12 12:16:00+00:00, run_after=2025-06-12 12:17:00+00:00
[2025-06-12T12:17:47.072+0000] {processor.py:208} INFO - Processing /home/airflow/.local/lib/python3.12/site-packages/airflow/example_dags/example_branch_python_dop_operator_3.py took 0.063 seconds
[2025-06-12T12:18:17.479+0000] {processor.py:186} INFO - Started process (PID=5174) to work on /home/airflow/.local/lib/python3.12/site-packages/airflow/example_dags/example_branch_python_dop_operator_3.py
[2025-06-12T12:18:17.479+0000] {processor.py:914} INFO - Processing file /home/airflow/.local/lib/python3.12/site-packages/airflow/example_dags/example_branch_python_dop_operator_3.py for tasks to queue
[2025-06-12T12:18:17.481+0000] {logging_mixin.py:190} INFO - [2025-06-12T12:18:17.481+0000] {dagbag.py:588} INFO - Filling up the DagBag from /home/airflow/.local/lib/python3.12/site-packages/airflow/example_dags/example_branch_python_dop_operator_3.py
[2025-06-12T12:18:17.489+0000] {processor.py:925} INFO - DAG(s) 'example_branch_dop_operator_v3' retrieved from /home/airflow/.local/lib/python3.12/site-packages/airflow/example_dags/example_branch_python_dop_operator_3.py
[2025-06-12T12:18:17.503+0000] {logging_mixin.py:190} INFO - [2025-06-12T12:18:17.502+0000] {dag.py:3239} INFO - Sync 1 DAGs
[2025-06-12T12:18:17.521+0000] {logging_mixin.py:190} INFO - [2025-06-12T12:18:17.521+0000] {dag.py:4180} INFO - Setting next_dagrun for example_branch_dop_operator_v3 to 2025-06-12 12:17:00+00:00, run_after=2025-06-12 12:18:00+00:00
[2025-06-12T12:18:17.535+0000] {processor.py:208} INFO - Processing /home/airflow/.local/lib/python3.12/site-packages/airflow/example_dags/example_branch_python_dop_operator_3.py took 0.060 seconds
[2025-06-12T12:18:48.247+0000] {processor.py:186} INFO - Started process (PID=5470) to work on /home/airflow/.local/lib/python3.12/site-packages/airflow/example_dags/example_branch_python_dop_operator_3.py
[2025-06-12T12:18:48.248+0000] {processor.py:914} INFO - Processing file /home/airflow/.local/lib/python3.12/site-packages/airflow/example_dags/example_branch_python_dop_operator_3.py for tasks to queue
[2025-06-12T12:18:48.250+0000] {logging_mixin.py:190} INFO - [2025-06-12T12:18:48.250+0000] {dagbag.py:588} INFO - Filling up the DagBag from /home/airflow/.local/lib/python3.12/site-packages/airflow/example_dags/example_branch_python_dop_operator_3.py
[2025-06-12T12:18:48.258+0000] {processor.py:925} INFO - DAG(s) 'example_branch_dop_operator_v3' retrieved from /home/airflow/.local/lib/python3.12/site-packages/airflow/example_dags/example_branch_python_dop_operator_3.py
[2025-06-12T12:18:48.272+0000] {logging_mixin.py:190} INFO - [2025-06-12T12:18:48.271+0000] {dag.py:3239} INFO - Sync 1 DAGs
[2025-06-12T12:18:48.290+0000] {logging_mixin.py:190} INFO - [2025-06-12T12:18:48.290+0000] {dag.py:4180} INFO - Setting next_dagrun for example_branch_dop_operator_v3 to 2025-06-12 12:17:00+00:00, run_after=2025-06-12 12:18:00+00:00
[2025-06-12T12:18:48.304+0000] {processor.py:208} INFO - Processing /home/airflow/.local/lib/python3.12/site-packages/airflow/example_dags/example_branch_python_dop_operator_3.py took 0.061 seconds
[2025-06-12T12:19:18.877+0000] {processor.py:186} INFO - Started process (PID=5766) to work on /home/airflow/.local/lib/python3.12/site-packages/airflow/example_dags/example_branch_python_dop_operator_3.py
[2025-06-12T12:19:18.878+0000] {processor.py:914} INFO - Processing file /home/airflow/.local/lib/python3.12/site-packages/airflow/example_dags/example_branch_python_dop_operator_3.py for tasks to queue
[2025-06-12T12:19:18.880+0000] {logging_mixin.py:190} INFO - [2025-06-12T12:19:18.879+0000] {dagbag.py:588} INFO - Filling up the DagBag from /home/airflow/.local/lib/python3.12/site-packages/airflow/example_dags/example_branch_python_dop_operator_3.py
[2025-06-12T12:19:18.888+0000] {processor.py:925} INFO - DAG(s) 'example_branch_dop_operator_v3' retrieved from /home/airflow/.local/lib/python3.12/site-packages/airflow/example_dags/example_branch_python_dop_operator_3.py
[2025-06-12T12:19:18.903+0000] {logging_mixin.py:190} INFO - [2025-06-12T12:19:18.903+0000] {dag.py:3239} INFO - Sync 1 DAGs
[2025-06-12T12:19:18.924+0000] {logging_mixin.py:190} INFO - [2025-06-12T12:19:18.924+0000] {dag.py:4180} INFO - Setting next_dagrun for example_branch_dop_operator_v3 to 2025-06-12 12:18:00+00:00, run_after=2025-06-12 12:19:00+00:00
[2025-06-12T12:19:18.939+0000] {processor.py:208} INFO - Processing /home/airflow/.local/lib/python3.12/site-packages/airflow/example_dags/example_branch_python_dop_operator_3.py took 0.067 seconds
[2025-06-12T12:19:50.219+0000] {processor.py:186} INFO - Started process (PID=6064) to work on /home/airflow/.local/lib/python3.12/site-packages/airflow/example_dags/example_branch_python_dop_operator_3.py
[2025-06-12T12:19:50.220+0000] {processor.py:914} INFO - Processing file /home/airflow/.local/lib/python3.12/site-packages/airflow/example_dags/example_branch_python_dop_operator_3.py for tasks to queue
[2025-06-12T12:19:50.222+0000] {logging_mixin.py:190} INFO - [2025-06-12T12:19:50.222+0000] {dagbag.py:588} INFO - Filling up the DagBag from /home/airflow/.local/lib/python3.12/site-packages/airflow/example_dags/example_branch_python_dop_operator_3.py
[2025-06-12T12:19:50.231+0000] {processor.py:925} INFO - DAG(s) 'example_branch_dop_operator_v3' retrieved from /home/airflow/.local/lib/python3.12/site-packages/airflow/example_dags/example_branch_python_dop_operator_3.py
[2025-06-12T12:19:50.244+0000] {logging_mixin.py:190} INFO - [2025-06-12T12:19:50.244+0000] {dag.py:3239} INFO - Sync 1 DAGs
[2025-06-12T12:19:50.264+0000] {logging_mixin.py:190} INFO - [2025-06-12T12:19:50.264+0000] {dag.py:4180} INFO - Setting next_dagrun for example_branch_dop_operator_v3 to 2025-06-12 12:18:00+00:00, run_after=2025-06-12 12:19:00+00:00
[2025-06-12T12:19:50.277+0000] {processor.py:208} INFO - Processing /home/airflow/.local/lib/python3.12/site-packages/airflow/example_dags/example_branch_python_dop_operator_3.py took 0.064 seconds
