[2025-06-12T12:10:01.349+0000] {processor.py:186} INFO - Started process (PID=276) to work on /home/airflow/.local/lib/python3.12/site-packages/airflow/example_dags/example_latest_only_with_trigger.py
[2025-06-12T12:10:01.350+0000] {processor.py:914} INFO - Processing file /home/airflow/.local/lib/python3.12/site-packages/airflow/example_dags/example_latest_only_with_trigger.py for tasks to queue
[2025-06-12T12:10:01.351+0000] {logging_mixin.py:190} INFO - [2025-06-12T12:10:01.351+0000] {dagbag.py:588} INFO - Filling up the DagBag from /home/airflow/.local/lib/python3.12/site-packages/airflow/example_dags/example_latest_only_with_trigger.py
[2025-06-12T12:10:01.357+0000] {processor.py:925} INFO - DAG(s) 'latest_only_with_trigger' retrieved from /home/airflow/.local/lib/python3.12/site-packages/airflow/example_dags/example_latest_only_with_trigger.py
[2025-06-12T12:10:01.380+0000] {logging_mixin.py:190} INFO - [2025-06-12T12:10:01.379+0000] {dag.py:3239} INFO - Sync 1 DAGs
[2025-06-12T12:10:01.399+0000] {logging_mixin.py:190} INFO - [2025-06-12T12:10:01.398+0000] {dag.py:4180} INFO - Setting next_dagrun for latest_only_with_trigger to 2025-06-12 08:00:00+00:00, run_after=2025-06-12 12:00:00+00:00
[2025-06-12T12:10:01.411+0000] {processor.py:208} INFO - Processing /home/airflow/.local/lib/python3.12/site-packages/airflow/example_dags/example_latest_only_with_trigger.py took 0.067 seconds
[2025-06-12T12:10:31.749+0000] {processor.py:186} INFO - Started process (PID=574) to work on /home/airflow/.local/lib/python3.12/site-packages/airflow/example_dags/example_latest_only_with_trigger.py
[2025-06-12T12:10:31.750+0000] {processor.py:914} INFO - Processing file /home/airflow/.local/lib/python3.12/site-packages/airflow/example_dags/example_latest_only_with_trigger.py for tasks to queue
[2025-06-12T12:10:31.752+0000] {logging_mixin.py:190} INFO - [2025-06-12T12:10:31.751+0000] {dagbag.py:588} INFO - Filling up the DagBag from /home/airflow/.local/lib/python3.12/site-packages/airflow/example_dags/example_latest_only_with_trigger.py
[2025-06-12T12:10:31.758+0000] {processor.py:925} INFO - DAG(s) 'latest_only_with_trigger' retrieved from /home/airflow/.local/lib/python3.12/site-packages/airflow/example_dags/example_latest_only_with_trigger.py
[2025-06-12T12:10:31.773+0000] {logging_mixin.py:190} INFO - [2025-06-12T12:10:31.773+0000] {dag.py:3239} INFO - Sync 1 DAGs
[2025-06-12T12:10:31.792+0000] {logging_mixin.py:190} INFO - [2025-06-12T12:10:31.791+0000] {dag.py:4180} INFO - Setting next_dagrun for latest_only_with_trigger to 2025-06-12 08:00:00+00:00, run_after=2025-06-12 12:00:00+00:00
[2025-06-12T12:10:31.806+0000] {processor.py:208} INFO - Processing /home/airflow/.local/lib/python3.12/site-packages/airflow/example_dags/example_latest_only_with_trigger.py took 0.063 seconds
[2025-06-12T12:11:01.904+0000] {processor.py:186} INFO - Started process (PID=870) to work on /home/airflow/.local/lib/python3.12/site-packages/airflow/example_dags/example_latest_only_with_trigger.py
[2025-06-12T12:11:01.905+0000] {processor.py:914} INFO - Processing file /home/airflow/.local/lib/python3.12/site-packages/airflow/example_dags/example_latest_only_with_trigger.py for tasks to queue
[2025-06-12T12:11:01.906+0000] {logging_mixin.py:190} INFO - [2025-06-12T12:11:01.906+0000] {dagbag.py:588} INFO - Filling up the DagBag from /home/airflow/.local/lib/python3.12/site-packages/airflow/example_dags/example_latest_only_with_trigger.py
[2025-06-12T12:11:01.912+0000] {processor.py:925} INFO - DAG(s) 'latest_only_with_trigger' retrieved from /home/airflow/.local/lib/python3.12/site-packages/airflow/example_dags/example_latest_only_with_trigger.py
[2025-06-12T12:11:01.926+0000] {logging_mixin.py:190} INFO - [2025-06-12T12:11:01.926+0000] {dag.py:3239} INFO - Sync 1 DAGs
[2025-06-12T12:11:01.943+0000] {logging_mixin.py:190} INFO - [2025-06-12T12:11:01.943+0000] {dag.py:4180} INFO - Setting next_dagrun for latest_only_with_trigger to 2025-06-12 08:00:00+00:00, run_after=2025-06-12 12:00:00+00:00
[2025-06-12T12:11:01.957+0000] {processor.py:208} INFO - Processing /home/airflow/.local/lib/python3.12/site-packages/airflow/example_dags/example_latest_only_with_trigger.py took 0.058 seconds
[2025-06-12T12:11:32.070+0000] {processor.py:186} INFO - Started process (PID=1166) to work on /home/airflow/.local/lib/python3.12/site-packages/airflow/example_dags/example_latest_only_with_trigger.py
[2025-06-12T12:11:32.071+0000] {processor.py:914} INFO - Processing file /home/airflow/.local/lib/python3.12/site-packages/airflow/example_dags/example_latest_only_with_trigger.py for tasks to queue
[2025-06-12T12:11:32.073+0000] {logging_mixin.py:190} INFO - [2025-06-12T12:11:32.072+0000] {dagbag.py:588} INFO - Filling up the DagBag from /home/airflow/.local/lib/python3.12/site-packages/airflow/example_dags/example_latest_only_with_trigger.py
[2025-06-12T12:11:32.078+0000] {processor.py:925} INFO - DAG(s) 'latest_only_with_trigger' retrieved from /home/airflow/.local/lib/python3.12/site-packages/airflow/example_dags/example_latest_only_with_trigger.py
[2025-06-12T12:11:32.092+0000] {logging_mixin.py:190} INFO - [2025-06-12T12:11:32.092+0000] {dag.py:3239} INFO - Sync 1 DAGs
[2025-06-12T12:11:32.108+0000] {logging_mixin.py:190} INFO - [2025-06-12T12:11:32.108+0000] {dag.py:4180} INFO - Setting next_dagrun for latest_only_with_trigger to 2025-06-12 08:00:00+00:00, run_after=2025-06-12 12:00:00+00:00
[2025-06-12T12:11:32.122+0000] {processor.py:208} INFO - Processing /home/airflow/.local/lib/python3.12/site-packages/airflow/example_dags/example_latest_only_with_trigger.py took 0.056 seconds
[2025-06-12T12:12:02.244+0000] {processor.py:186} INFO - Started process (PID=1462) to work on /home/airflow/.local/lib/python3.12/site-packages/airflow/example_dags/example_latest_only_with_trigger.py
[2025-06-12T12:12:02.244+0000] {processor.py:914} INFO - Processing file /home/airflow/.local/lib/python3.12/site-packages/airflow/example_dags/example_latest_only_with_trigger.py for tasks to queue
[2025-06-12T12:12:02.246+0000] {logging_mixin.py:190} INFO - [2025-06-12T12:12:02.246+0000] {dagbag.py:588} INFO - Filling up the DagBag from /home/airflow/.local/lib/python3.12/site-packages/airflow/example_dags/example_latest_only_with_trigger.py
[2025-06-12T12:12:02.252+0000] {processor.py:925} INFO - DAG(s) 'latest_only_with_trigger' retrieved from /home/airflow/.local/lib/python3.12/site-packages/airflow/example_dags/example_latest_only_with_trigger.py
[2025-06-12T12:12:02.266+0000] {logging_mixin.py:190} INFO - [2025-06-12T12:12:02.266+0000] {dag.py:3239} INFO - Sync 1 DAGs
[2025-06-12T12:12:02.285+0000] {logging_mixin.py:190} INFO - [2025-06-12T12:12:02.285+0000] {dag.py:4180} INFO - Setting next_dagrun for latest_only_with_trigger to 2025-06-12 08:00:00+00:00, run_after=2025-06-12 12:00:00+00:00
[2025-06-12T12:12:02.297+0000] {processor.py:208} INFO - Processing /home/airflow/.local/lib/python3.12/site-packages/airflow/example_dags/example_latest_only_with_trigger.py took 0.059 seconds
[2025-06-12T12:12:32.423+0000] {processor.py:186} INFO - Started process (PID=1758) to work on /home/airflow/.local/lib/python3.12/site-packages/airflow/example_dags/example_latest_only_with_trigger.py
[2025-06-12T12:12:32.424+0000] {processor.py:914} INFO - Processing file /home/airflow/.local/lib/python3.12/site-packages/airflow/example_dags/example_latest_only_with_trigger.py for tasks to queue
[2025-06-12T12:12:32.426+0000] {logging_mixin.py:190} INFO - [2025-06-12T12:12:32.425+0000] {dagbag.py:588} INFO - Filling up the DagBag from /home/airflow/.local/lib/python3.12/site-packages/airflow/example_dags/example_latest_only_with_trigger.py
[2025-06-12T12:12:32.431+0000] {processor.py:925} INFO - DAG(s) 'latest_only_with_trigger' retrieved from /home/airflow/.local/lib/python3.12/site-packages/airflow/example_dags/example_latest_only_with_trigger.py
[2025-06-12T12:12:32.447+0000] {logging_mixin.py:190} INFO - [2025-06-12T12:12:32.446+0000] {dag.py:3239} INFO - Sync 1 DAGs
[2025-06-12T12:12:32.464+0000] {logging_mixin.py:190} INFO - [2025-06-12T12:12:32.464+0000] {dag.py:4180} INFO - Setting next_dagrun for latest_only_with_trigger to 2025-06-12 08:00:00+00:00, run_after=2025-06-12 12:00:00+00:00
[2025-06-12T12:12:32.478+0000] {processor.py:208} INFO - Processing /home/airflow/.local/lib/python3.12/site-packages/airflow/example_dags/example_latest_only_with_trigger.py took 0.059 seconds
[2025-06-12T12:13:02.614+0000] {processor.py:186} INFO - Started process (PID=2054) to work on /home/airflow/.local/lib/python3.12/site-packages/airflow/example_dags/example_latest_only_with_trigger.py
[2025-06-12T12:13:02.615+0000] {processor.py:914} INFO - Processing file /home/airflow/.local/lib/python3.12/site-packages/airflow/example_dags/example_latest_only_with_trigger.py for tasks to queue
[2025-06-12T12:13:02.616+0000] {logging_mixin.py:190} INFO - [2025-06-12T12:13:02.616+0000] {dagbag.py:588} INFO - Filling up the DagBag from /home/airflow/.local/lib/python3.12/site-packages/airflow/example_dags/example_latest_only_with_trigger.py
[2025-06-12T12:13:02.624+0000] {processor.py:925} INFO - DAG(s) 'latest_only_with_trigger' retrieved from /home/airflow/.local/lib/python3.12/site-packages/airflow/example_dags/example_latest_only_with_trigger.py
[2025-06-12T12:13:02.640+0000] {logging_mixin.py:190} INFO - [2025-06-12T12:13:02.640+0000] {dag.py:3239} INFO - Sync 1 DAGs
[2025-06-12T12:13:02.658+0000] {logging_mixin.py:190} INFO - [2025-06-12T12:13:02.658+0000] {dag.py:4180} INFO - Setting next_dagrun for latest_only_with_trigger to 2025-06-12 08:00:00+00:00, run_after=2025-06-12 12:00:00+00:00
[2025-06-12T12:13:02.672+0000] {processor.py:208} INFO - Processing /home/airflow/.local/lib/python3.12/site-packages/airflow/example_dags/example_latest_only_with_trigger.py took 0.063 seconds
[2025-06-12T12:13:32.751+0000] {processor.py:186} INFO - Started process (PID=2350) to work on /home/airflow/.local/lib/python3.12/site-packages/airflow/example_dags/example_latest_only_with_trigger.py
[2025-06-12T12:13:32.752+0000] {processor.py:914} INFO - Processing file /home/airflow/.local/lib/python3.12/site-packages/airflow/example_dags/example_latest_only_with_trigger.py for tasks to queue
[2025-06-12T12:13:32.754+0000] {logging_mixin.py:190} INFO - [2025-06-12T12:13:32.753+0000] {dagbag.py:588} INFO - Filling up the DagBag from /home/airflow/.local/lib/python3.12/site-packages/airflow/example_dags/example_latest_only_with_trigger.py
[2025-06-12T12:13:32.760+0000] {processor.py:925} INFO - DAG(s) 'latest_only_with_trigger' retrieved from /home/airflow/.local/lib/python3.12/site-packages/airflow/example_dags/example_latest_only_with_trigger.py
[2025-06-12T12:13:32.774+0000] {logging_mixin.py:190} INFO - [2025-06-12T12:13:32.773+0000] {dag.py:3239} INFO - Sync 1 DAGs
[2025-06-12T12:13:32.791+0000] {logging_mixin.py:190} INFO - [2025-06-12T12:13:32.790+0000] {dag.py:4180} INFO - Setting next_dagrun for latest_only_with_trigger to 2025-06-12 08:00:00+00:00, run_after=2025-06-12 12:00:00+00:00
[2025-06-12T12:13:32.803+0000] {processor.py:208} INFO - Processing /home/airflow/.local/lib/python3.12/site-packages/airflow/example_dags/example_latest_only_with_trigger.py took 0.057 seconds
[2025-06-12T12:14:03.587+0000] {processor.py:186} INFO - Started process (PID=2646) to work on /home/airflow/.local/lib/python3.12/site-packages/airflow/example_dags/example_latest_only_with_trigger.py
[2025-06-12T12:14:03.588+0000] {processor.py:914} INFO - Processing file /home/airflow/.local/lib/python3.12/site-packages/airflow/example_dags/example_latest_only_with_trigger.py for tasks to queue
[2025-06-12T12:14:03.590+0000] {logging_mixin.py:190} INFO - [2025-06-12T12:14:03.589+0000] {dagbag.py:588} INFO - Filling up the DagBag from /home/airflow/.local/lib/python3.12/site-packages/airflow/example_dags/example_latest_only_with_trigger.py
[2025-06-12T12:14:03.596+0000] {processor.py:925} INFO - DAG(s) 'latest_only_with_trigger' retrieved from /home/airflow/.local/lib/python3.12/site-packages/airflow/example_dags/example_latest_only_with_trigger.py
[2025-06-12T12:14:03.611+0000] {logging_mixin.py:190} INFO - [2025-06-12T12:14:03.611+0000] {dag.py:3239} INFO - Sync 1 DAGs
[2025-06-12T12:14:03.630+0000] {logging_mixin.py:190} INFO - [2025-06-12T12:14:03.630+0000] {dag.py:4180} INFO - Setting next_dagrun for latest_only_with_trigger to 2025-06-12 08:00:00+00:00, run_after=2025-06-12 12:00:00+00:00
[2025-06-12T12:14:03.650+0000] {processor.py:208} INFO - Processing /home/airflow/.local/lib/python3.12/site-packages/airflow/example_dags/example_latest_only_with_trigger.py took 0.068 seconds
[2025-06-12T12:14:34.358+0000] {processor.py:186} INFO - Started process (PID=2942) to work on /home/airflow/.local/lib/python3.12/site-packages/airflow/example_dags/example_latest_only_with_trigger.py
[2025-06-12T12:14:34.358+0000] {processor.py:914} INFO - Processing file /home/airflow/.local/lib/python3.12/site-packages/airflow/example_dags/example_latest_only_with_trigger.py for tasks to queue
[2025-06-12T12:14:34.360+0000] {logging_mixin.py:190} INFO - [2025-06-12T12:14:34.360+0000] {dagbag.py:588} INFO - Filling up the DagBag from /home/airflow/.local/lib/python3.12/site-packages/airflow/example_dags/example_latest_only_with_trigger.py
[2025-06-12T12:14:34.366+0000] {processor.py:925} INFO - DAG(s) 'latest_only_with_trigger' retrieved from /home/airflow/.local/lib/python3.12/site-packages/airflow/example_dags/example_latest_only_with_trigger.py
[2025-06-12T12:14:34.380+0000] {logging_mixin.py:190} INFO - [2025-06-12T12:14:34.379+0000] {dag.py:3239} INFO - Sync 1 DAGs
[2025-06-12T12:14:34.397+0000] {logging_mixin.py:190} INFO - [2025-06-12T12:14:34.397+0000] {dag.py:4180} INFO - Setting next_dagrun for latest_only_with_trigger to 2025-06-12 08:00:00+00:00, run_after=2025-06-12 12:00:00+00:00
[2025-06-12T12:14:34.410+0000] {processor.py:208} INFO - Processing /home/airflow/.local/lib/python3.12/site-packages/airflow/example_dags/example_latest_only_with_trigger.py took 0.056 seconds
[2025-06-12T12:15:05.162+0000] {processor.py:186} INFO - Started process (PID=3238) to work on /home/airflow/.local/lib/python3.12/site-packages/airflow/example_dags/example_latest_only_with_trigger.py
[2025-06-12T12:15:05.162+0000] {processor.py:914} INFO - Processing file /home/airflow/.local/lib/python3.12/site-packages/airflow/example_dags/example_latest_only_with_trigger.py for tasks to queue
[2025-06-12T12:15:05.164+0000] {logging_mixin.py:190} INFO - [2025-06-12T12:15:05.164+0000] {dagbag.py:588} INFO - Filling up the DagBag from /home/airflow/.local/lib/python3.12/site-packages/airflow/example_dags/example_latest_only_with_trigger.py
[2025-06-12T12:15:05.171+0000] {processor.py:925} INFO - DAG(s) 'latest_only_with_trigger' retrieved from /home/airflow/.local/lib/python3.12/site-packages/airflow/example_dags/example_latest_only_with_trigger.py
[2025-06-12T12:15:05.188+0000] {logging_mixin.py:190} INFO - [2025-06-12T12:15:05.187+0000] {dag.py:3239} INFO - Sync 1 DAGs
[2025-06-12T12:15:05.207+0000] {logging_mixin.py:190} INFO - [2025-06-12T12:15:05.207+0000] {dag.py:4180} INFO - Setting next_dagrun for latest_only_with_trigger to 2025-06-12 08:00:00+00:00, run_after=2025-06-12 12:00:00+00:00
[2025-06-12T12:15:05.223+0000] {processor.py:208} INFO - Processing /home/airflow/.local/lib/python3.12/site-packages/airflow/example_dags/example_latest_only_with_trigger.py took 0.066 seconds
[2025-06-12T12:15:35.825+0000] {processor.py:186} INFO - Started process (PID=3535) to work on /home/airflow/.local/lib/python3.12/site-packages/airflow/example_dags/example_latest_only_with_trigger.py
[2025-06-12T12:15:35.826+0000] {processor.py:914} INFO - Processing file /home/airflow/.local/lib/python3.12/site-packages/airflow/example_dags/example_latest_only_with_trigger.py for tasks to queue
[2025-06-12T12:15:35.827+0000] {logging_mixin.py:190} INFO - [2025-06-12T12:15:35.827+0000] {dagbag.py:588} INFO - Filling up the DagBag from /home/airflow/.local/lib/python3.12/site-packages/airflow/example_dags/example_latest_only_with_trigger.py
[2025-06-12T12:15:35.833+0000] {processor.py:925} INFO - DAG(s) 'latest_only_with_trigger' retrieved from /home/airflow/.local/lib/python3.12/site-packages/airflow/example_dags/example_latest_only_with_trigger.py
[2025-06-12T12:15:35.847+0000] {logging_mixin.py:190} INFO - [2025-06-12T12:15:35.847+0000] {dag.py:3239} INFO - Sync 1 DAGs
[2025-06-12T12:15:35.865+0000] {logging_mixin.py:190} INFO - [2025-06-12T12:15:35.864+0000] {dag.py:4180} INFO - Setting next_dagrun for latest_only_with_trigger to 2025-06-12 08:00:00+00:00, run_after=2025-06-12 12:00:00+00:00
[2025-06-12T12:15:35.879+0000] {processor.py:208} INFO - Processing /home/airflow/.local/lib/python3.12/site-packages/airflow/example_dags/example_latest_only_with_trigger.py took 0.058 seconds
[2025-06-12T12:16:06.167+0000] {processor.py:186} INFO - Started process (PID=3830) to work on /home/airflow/.local/lib/python3.12/site-packages/airflow/example_dags/example_latest_only_with_trigger.py
[2025-06-12T12:16:06.168+0000] {processor.py:914} INFO - Processing file /home/airflow/.local/lib/python3.12/site-packages/airflow/example_dags/example_latest_only_with_trigger.py for tasks to queue
[2025-06-12T12:16:06.170+0000] {logging_mixin.py:190} INFO - [2025-06-12T12:16:06.170+0000] {dagbag.py:588} INFO - Filling up the DagBag from /home/airflow/.local/lib/python3.12/site-packages/airflow/example_dags/example_latest_only_with_trigger.py
[2025-06-12T12:16:06.176+0000] {processor.py:925} INFO - DAG(s) 'latest_only_with_trigger' retrieved from /home/airflow/.local/lib/python3.12/site-packages/airflow/example_dags/example_latest_only_with_trigger.py
[2025-06-12T12:16:06.192+0000] {logging_mixin.py:190} INFO - [2025-06-12T12:16:06.192+0000] {dag.py:3239} INFO - Sync 1 DAGs
[2025-06-12T12:16:06.209+0000] {logging_mixin.py:190} INFO - [2025-06-12T12:16:06.209+0000] {dag.py:4180} INFO - Setting next_dagrun for latest_only_with_trigger to 2025-06-12 08:00:00+00:00, run_after=2025-06-12 12:00:00+00:00
[2025-06-12T12:16:06.222+0000] {processor.py:208} INFO - Processing /home/airflow/.local/lib/python3.12/site-packages/airflow/example_dags/example_latest_only_with_trigger.py took 0.060 seconds
[2025-06-12T12:16:37.087+0000] {processor.py:186} INFO - Started process (PID=4126) to work on /home/airflow/.local/lib/python3.12/site-packages/airflow/example_dags/example_latest_only_with_trigger.py
[2025-06-12T12:16:37.088+0000] {processor.py:914} INFO - Processing file /home/airflow/.local/lib/python3.12/site-packages/airflow/example_dags/example_latest_only_with_trigger.py for tasks to queue
[2025-06-12T12:16:37.090+0000] {logging_mixin.py:190} INFO - [2025-06-12T12:16:37.090+0000] {dagbag.py:588} INFO - Filling up the DagBag from /home/airflow/.local/lib/python3.12/site-packages/airflow/example_dags/example_latest_only_with_trigger.py
[2025-06-12T12:16:37.096+0000] {processor.py:925} INFO - DAG(s) 'latest_only_with_trigger' retrieved from /home/airflow/.local/lib/python3.12/site-packages/airflow/example_dags/example_latest_only_with_trigger.py
[2025-06-12T12:16:37.111+0000] {logging_mixin.py:190} INFO - [2025-06-12T12:16:37.111+0000] {dag.py:3239} INFO - Sync 1 DAGs
[2025-06-12T12:16:37.128+0000] {logging_mixin.py:190} INFO - [2025-06-12T12:16:37.128+0000] {dag.py:4180} INFO - Setting next_dagrun for latest_only_with_trigger to 2025-06-12 08:00:00+00:00, run_after=2025-06-12 12:00:00+00:00
[2025-06-12T12:16:37.141+0000] {processor.py:208} INFO - Processing /home/airflow/.local/lib/python3.12/site-packages/airflow/example_dags/example_latest_only_with_trigger.py took 0.058 seconds
[2025-06-12T12:17:07.642+0000] {processor.py:186} INFO - Started process (PID=4422) to work on /home/airflow/.local/lib/python3.12/site-packages/airflow/example_dags/example_latest_only_with_trigger.py
[2025-06-12T12:17:07.643+0000] {processor.py:914} INFO - Processing file /home/airflow/.local/lib/python3.12/site-packages/airflow/example_dags/example_latest_only_with_trigger.py for tasks to queue
[2025-06-12T12:17:07.645+0000] {logging_mixin.py:190} INFO - [2025-06-12T12:17:07.645+0000] {dagbag.py:588} INFO - Filling up the DagBag from /home/airflow/.local/lib/python3.12/site-packages/airflow/example_dags/example_latest_only_with_trigger.py
[2025-06-12T12:17:07.651+0000] {processor.py:925} INFO - DAG(s) 'latest_only_with_trigger' retrieved from /home/airflow/.local/lib/python3.12/site-packages/airflow/example_dags/example_latest_only_with_trigger.py
[2025-06-12T12:17:07.665+0000] {logging_mixin.py:190} INFO - [2025-06-12T12:17:07.665+0000] {dag.py:3239} INFO - Sync 1 DAGs
[2025-06-12T12:17:07.683+0000] {logging_mixin.py:190} INFO - [2025-06-12T12:17:07.683+0000] {dag.py:4180} INFO - Setting next_dagrun for latest_only_with_trigger to 2025-06-12 08:00:00+00:00, run_after=2025-06-12 12:00:00+00:00
[2025-06-12T12:17:07.696+0000] {processor.py:208} INFO - Processing /home/airflow/.local/lib/python3.12/site-packages/airflow/example_dags/example_latest_only_with_trigger.py took 0.058 seconds
[2025-06-12T12:17:38.241+0000] {processor.py:186} INFO - Started process (PID=4718) to work on /home/airflow/.local/lib/python3.12/site-packages/airflow/example_dags/example_latest_only_with_trigger.py
[2025-06-12T12:17:38.242+0000] {processor.py:914} INFO - Processing file /home/airflow/.local/lib/python3.12/site-packages/airflow/example_dags/example_latest_only_with_trigger.py for tasks to queue
[2025-06-12T12:17:38.244+0000] {logging_mixin.py:190} INFO - [2025-06-12T12:17:38.244+0000] {dagbag.py:588} INFO - Filling up the DagBag from /home/airflow/.local/lib/python3.12/site-packages/airflow/example_dags/example_latest_only_with_trigger.py
[2025-06-12T12:17:38.249+0000] {processor.py:925} INFO - DAG(s) 'latest_only_with_trigger' retrieved from /home/airflow/.local/lib/python3.12/site-packages/airflow/example_dags/example_latest_only_with_trigger.py
[2025-06-12T12:17:38.264+0000] {logging_mixin.py:190} INFO - [2025-06-12T12:17:38.264+0000] {dag.py:3239} INFO - Sync 1 DAGs
[2025-06-12T12:17:38.281+0000] {logging_mixin.py:190} INFO - [2025-06-12T12:17:38.281+0000] {dag.py:4180} INFO - Setting next_dagrun for latest_only_with_trigger to 2025-06-12 08:00:00+00:00, run_after=2025-06-12 12:00:00+00:00
[2025-06-12T12:17:38.294+0000] {processor.py:208} INFO - Processing /home/airflow/.local/lib/python3.12/site-packages/airflow/example_dags/example_latest_only_with_trigger.py took 0.057 seconds
[2025-06-12T12:18:08.782+0000] {processor.py:186} INFO - Started process (PID=5014) to work on /home/airflow/.local/lib/python3.12/site-packages/airflow/example_dags/example_latest_only_with_trigger.py
[2025-06-12T12:18:08.783+0000] {processor.py:914} INFO - Processing file /home/airflow/.local/lib/python3.12/site-packages/airflow/example_dags/example_latest_only_with_trigger.py for tasks to queue
[2025-06-12T12:18:08.785+0000] {logging_mixin.py:190} INFO - [2025-06-12T12:18:08.785+0000] {dagbag.py:588} INFO - Filling up the DagBag from /home/airflow/.local/lib/python3.12/site-packages/airflow/example_dags/example_latest_only_with_trigger.py
[2025-06-12T12:18:08.791+0000] {processor.py:925} INFO - DAG(s) 'latest_only_with_trigger' retrieved from /home/airflow/.local/lib/python3.12/site-packages/airflow/example_dags/example_latest_only_with_trigger.py
[2025-06-12T12:18:08.805+0000] {logging_mixin.py:190} INFO - [2025-06-12T12:18:08.805+0000] {dag.py:3239} INFO - Sync 1 DAGs
[2025-06-12T12:18:08.823+0000] {logging_mixin.py:190} INFO - [2025-06-12T12:18:08.822+0000] {dag.py:4180} INFO - Setting next_dagrun for latest_only_with_trigger to 2025-06-12 08:00:00+00:00, run_after=2025-06-12 12:00:00+00:00
[2025-06-12T12:18:08.836+0000] {processor.py:208} INFO - Processing /home/airflow/.local/lib/python3.12/site-packages/airflow/example_dags/example_latest_only_with_trigger.py took 0.058 seconds
[2025-06-12T12:18:39.389+0000] {processor.py:186} INFO - Started process (PID=5310) to work on /home/airflow/.local/lib/python3.12/site-packages/airflow/example_dags/example_latest_only_with_trigger.py
[2025-06-12T12:18:39.389+0000] {processor.py:914} INFO - Processing file /home/airflow/.local/lib/python3.12/site-packages/airflow/example_dags/example_latest_only_with_trigger.py for tasks to queue
[2025-06-12T12:18:39.391+0000] {logging_mixin.py:190} INFO - [2025-06-12T12:18:39.391+0000] {dagbag.py:588} INFO - Filling up the DagBag from /home/airflow/.local/lib/python3.12/site-packages/airflow/example_dags/example_latest_only_with_trigger.py
[2025-06-12T12:18:39.397+0000] {processor.py:925} INFO - DAG(s) 'latest_only_with_trigger' retrieved from /home/airflow/.local/lib/python3.12/site-packages/airflow/example_dags/example_latest_only_with_trigger.py
[2025-06-12T12:18:39.411+0000] {logging_mixin.py:190} INFO - [2025-06-12T12:18:39.410+0000] {dag.py:3239} INFO - Sync 1 DAGs
[2025-06-12T12:18:39.428+0000] {logging_mixin.py:190} INFO - [2025-06-12T12:18:39.427+0000] {dag.py:4180} INFO - Setting next_dagrun for latest_only_with_trigger to 2025-06-12 08:00:00+00:00, run_after=2025-06-12 12:00:00+00:00
[2025-06-12T12:18:39.441+0000] {processor.py:208} INFO - Processing /home/airflow/.local/lib/python3.12/site-packages/airflow/example_dags/example_latest_only_with_trigger.py took 0.056 seconds
[2025-06-12T12:19:10.004+0000] {processor.py:186} INFO - Started process (PID=5606) to work on /home/airflow/.local/lib/python3.12/site-packages/airflow/example_dags/example_latest_only_with_trigger.py
[2025-06-12T12:19:10.005+0000] {processor.py:914} INFO - Processing file /home/airflow/.local/lib/python3.12/site-packages/airflow/example_dags/example_latest_only_with_trigger.py for tasks to queue
[2025-06-12T12:19:10.007+0000] {logging_mixin.py:190} INFO - [2025-06-12T12:19:10.007+0000] {dagbag.py:588} INFO - Filling up the DagBag from /home/airflow/.local/lib/python3.12/site-packages/airflow/example_dags/example_latest_only_with_trigger.py
[2025-06-12T12:19:10.013+0000] {processor.py:925} INFO - DAG(s) 'latest_only_with_trigger' retrieved from /home/airflow/.local/lib/python3.12/site-packages/airflow/example_dags/example_latest_only_with_trigger.py
[2025-06-12T12:19:10.028+0000] {logging_mixin.py:190} INFO - [2025-06-12T12:19:10.028+0000] {dag.py:3239} INFO - Sync 1 DAGs
[2025-06-12T12:19:10.045+0000] {logging_mixin.py:190} INFO - [2025-06-12T12:19:10.045+0000] {dag.py:4180} INFO - Setting next_dagrun for latest_only_with_trigger to 2025-06-12 08:00:00+00:00, run_after=2025-06-12 12:00:00+00:00
[2025-06-12T12:19:10.059+0000] {processor.py:208} INFO - Processing /home/airflow/.local/lib/python3.12/site-packages/airflow/example_dags/example_latest_only_with_trigger.py took 0.060 seconds
[2025-06-12T12:19:40.183+0000] {processor.py:186} INFO - Started process (PID=5904) to work on /home/airflow/.local/lib/python3.12/site-packages/airflow/example_dags/example_latest_only_with_trigger.py
[2025-06-12T12:19:40.183+0000] {processor.py:914} INFO - Processing file /home/airflow/.local/lib/python3.12/site-packages/airflow/example_dags/example_latest_only_with_trigger.py for tasks to queue
[2025-06-12T12:19:40.185+0000] {logging_mixin.py:190} INFO - [2025-06-12T12:19:40.185+0000] {dagbag.py:588} INFO - Filling up the DagBag from /home/airflow/.local/lib/python3.12/site-packages/airflow/example_dags/example_latest_only_with_trigger.py
[2025-06-12T12:19:40.190+0000] {processor.py:925} INFO - DAG(s) 'latest_only_with_trigger' retrieved from /home/airflow/.local/lib/python3.12/site-packages/airflow/example_dags/example_latest_only_with_trigger.py
[2025-06-12T12:19:40.204+0000] {logging_mixin.py:190} INFO - [2025-06-12T12:19:40.204+0000] {dag.py:3239} INFO - Sync 1 DAGs
[2025-06-12T12:19:40.221+0000] {logging_mixin.py:190} INFO - [2025-06-12T12:19:40.220+0000] {dag.py:4180} INFO - Setting next_dagrun for latest_only_with_trigger to 2025-06-12 08:00:00+00:00, run_after=2025-06-12 12:00:00+00:00
[2025-06-12T12:19:40.233+0000] {processor.py:208} INFO - Processing /home/airflow/.local/lib/python3.12/site-packages/airflow/example_dags/example_latest_only_with_trigger.py took 0.055 seconds
