[2025-06-12T12:10:03.561+0000] {processor.py:186} INFO - Started process (PID=418) to work on /home/airflow/.local/lib/python3.12/site-packages/airflow/example_dags/example_display_name.py
[2025-06-12T12:10:03.561+0000] {processor.py:914} INFO - Processing file /home/airflow/.local/lib/python3.12/site-packages/airflow/example_dags/example_display_name.py for tasks to queue
[2025-06-12T12:10:03.563+0000] {logging_mixin.py:190} INFO - [2025-06-12T12:10:03.563+0000] {dagbag.py:588} INFO - Filling up the DagBag from /home/airflow/.local/lib/python3.12/site-packages/airflow/example_dags/example_display_name.py
[2025-06-12T12:10:03.571+0000] {processor.py:925} INFO - DAG(s) 'example_display_name' retrieved from /home/airflow/.local/lib/python3.12/site-packages/airflow/example_dags/example_display_name.py
[2025-06-12T12:10:03.588+0000] {logging_mixin.py:190} INFO - [2025-06-12T12:10:03.588+0000] {dag.py:3239} INFO - Sync 1 DAGs
[2025-06-12T12:10:03.603+0000] {logging_mixin.py:190} INFO - [2025-06-12T12:10:03.603+0000] {dag.py:4180} INFO - Setting next_dagrun for example_display_name to None, run_after=None
[2025-06-12T12:10:03.623+0000] {processor.py:208} INFO - Processing /home/airflow/.local/lib/python3.12/site-packages/airflow/example_dags/example_display_name.py took 0.068 seconds
[2025-06-12T12:10:34.577+0000] {processor.py:186} INFO - Started process (PID=714) to work on /home/airflow/.local/lib/python3.12/site-packages/airflow/example_dags/example_display_name.py
[2025-06-12T12:10:34.578+0000] {processor.py:914} INFO - Processing file /home/airflow/.local/lib/python3.12/site-packages/airflow/example_dags/example_display_name.py for tasks to queue
[2025-06-12T12:10:34.580+0000] {logging_mixin.py:190} INFO - [2025-06-12T12:10:34.580+0000] {dagbag.py:588} INFO - Filling up the DagBag from /home/airflow/.local/lib/python3.12/site-packages/airflow/example_dags/example_display_name.py
[2025-06-12T12:10:34.587+0000] {processor.py:925} INFO - DAG(s) 'example_display_name' retrieved from /home/airflow/.local/lib/python3.12/site-packages/airflow/example_dags/example_display_name.py
[2025-06-12T12:10:34.604+0000] {logging_mixin.py:190} INFO - [2025-06-12T12:10:34.604+0000] {dag.py:3239} INFO - Sync 1 DAGs
[2025-06-12T12:10:34.618+0000] {logging_mixin.py:190} INFO - [2025-06-12T12:10:34.618+0000] {dag.py:4180} INFO - Setting next_dagrun for example_display_name to None, run_after=None
[2025-06-12T12:10:34.637+0000] {processor.py:208} INFO - Processing /home/airflow/.local/lib/python3.12/site-packages/airflow/example_dags/example_display_name.py took 0.066 seconds
[2025-06-12T12:11:05.179+0000] {processor.py:186} INFO - Started process (PID=1010) to work on /home/airflow/.local/lib/python3.12/site-packages/airflow/example_dags/example_display_name.py
[2025-06-12T12:11:05.179+0000] {processor.py:914} INFO - Processing file /home/airflow/.local/lib/python3.12/site-packages/airflow/example_dags/example_display_name.py for tasks to queue
[2025-06-12T12:11:05.182+0000] {logging_mixin.py:190} INFO - [2025-06-12T12:11:05.181+0000] {dagbag.py:588} INFO - Filling up the DagBag from /home/airflow/.local/lib/python3.12/site-packages/airflow/example_dags/example_display_name.py
[2025-06-12T12:11:05.188+0000] {processor.py:925} INFO - DAG(s) 'example_display_name' retrieved from /home/airflow/.local/lib/python3.12/site-packages/airflow/example_dags/example_display_name.py
[2025-06-12T12:11:05.202+0000] {logging_mixin.py:190} INFO - [2025-06-12T12:11:05.202+0000] {dag.py:3239} INFO - Sync 1 DAGs
[2025-06-12T12:11:05.214+0000] {logging_mixin.py:190} INFO - [2025-06-12T12:11:05.214+0000] {dag.py:4180} INFO - Setting next_dagrun for example_display_name to None, run_after=None
[2025-06-12T12:11:05.228+0000] {processor.py:208} INFO - Processing /home/airflow/.local/lib/python3.12/site-packages/airflow/example_dags/example_display_name.py took 0.055 seconds
[2025-06-12T12:11:36.129+0000] {processor.py:186} INFO - Started process (PID=1306) to work on /home/airflow/.local/lib/python3.12/site-packages/airflow/example_dags/example_display_name.py
[2025-06-12T12:11:36.129+0000] {processor.py:914} INFO - Processing file /home/airflow/.local/lib/python3.12/site-packages/airflow/example_dags/example_display_name.py for tasks to queue
[2025-06-12T12:11:36.131+0000] {logging_mixin.py:190} INFO - [2025-06-12T12:11:36.131+0000] {dagbag.py:588} INFO - Filling up the DagBag from /home/airflow/.local/lib/python3.12/site-packages/airflow/example_dags/example_display_name.py
[2025-06-12T12:11:36.137+0000] {processor.py:925} INFO - DAG(s) 'example_display_name' retrieved from /home/airflow/.local/lib/python3.12/site-packages/airflow/example_dags/example_display_name.py
[2025-06-12T12:11:36.150+0000] {logging_mixin.py:190} INFO - [2025-06-12T12:11:36.150+0000] {dag.py:3239} INFO - Sync 1 DAGs
[2025-06-12T12:11:36.161+0000] {logging_mixin.py:190} INFO - [2025-06-12T12:11:36.160+0000] {dag.py:4180} INFO - Setting next_dagrun for example_display_name to None, run_after=None
[2025-06-12T12:11:36.173+0000] {processor.py:208} INFO - Processing /home/airflow/.local/lib/python3.12/site-packages/airflow/example_dags/example_display_name.py took 0.049 seconds
[2025-06-12T12:12:07.499+0000] {processor.py:186} INFO - Started process (PID=1602) to work on /home/airflow/.local/lib/python3.12/site-packages/airflow/example_dags/example_display_name.py
[2025-06-12T12:12:07.500+0000] {processor.py:914} INFO - Processing file /home/airflow/.local/lib/python3.12/site-packages/airflow/example_dags/example_display_name.py for tasks to queue
[2025-06-12T12:12:07.502+0000] {logging_mixin.py:190} INFO - [2025-06-12T12:12:07.502+0000] {dagbag.py:588} INFO - Filling up the DagBag from /home/airflow/.local/lib/python3.12/site-packages/airflow/example_dags/example_display_name.py
[2025-06-12T12:12:07.508+0000] {processor.py:925} INFO - DAG(s) 'example_display_name' retrieved from /home/airflow/.local/lib/python3.12/site-packages/airflow/example_dags/example_display_name.py
[2025-06-12T12:12:07.520+0000] {logging_mixin.py:190} INFO - [2025-06-12T12:12:07.520+0000] {dag.py:3239} INFO - Sync 1 DAGs
[2025-06-12T12:12:07.531+0000] {logging_mixin.py:190} INFO - [2025-06-12T12:12:07.531+0000] {dag.py:4180} INFO - Setting next_dagrun for example_display_name to None, run_after=None
[2025-06-12T12:12:07.543+0000] {processor.py:208} INFO - Processing /home/airflow/.local/lib/python3.12/site-packages/airflow/example_dags/example_display_name.py took 0.048 seconds
[2025-06-12T12:12:38.371+0000] {processor.py:186} INFO - Started process (PID=1898) to work on /home/airflow/.local/lib/python3.12/site-packages/airflow/example_dags/example_display_name.py
[2025-06-12T12:12:38.372+0000] {processor.py:914} INFO - Processing file /home/airflow/.local/lib/python3.12/site-packages/airflow/example_dags/example_display_name.py for tasks to queue
[2025-06-12T12:12:38.374+0000] {logging_mixin.py:190} INFO - [2025-06-12T12:12:38.373+0000] {dagbag.py:588} INFO - Filling up the DagBag from /home/airflow/.local/lib/python3.12/site-packages/airflow/example_dags/example_display_name.py
[2025-06-12T12:12:38.379+0000] {processor.py:925} INFO - DAG(s) 'example_display_name' retrieved from /home/airflow/.local/lib/python3.12/site-packages/airflow/example_dags/example_display_name.py
[2025-06-12T12:12:38.393+0000] {logging_mixin.py:190} INFO - [2025-06-12T12:12:38.393+0000] {dag.py:3239} INFO - Sync 1 DAGs
[2025-06-12T12:12:38.404+0000] {logging_mixin.py:190} INFO - [2025-06-12T12:12:38.404+0000] {dag.py:4180} INFO - Setting next_dagrun for example_display_name to None, run_after=None
[2025-06-12T12:12:38.418+0000] {processor.py:208} INFO - Processing /home/airflow/.local/lib/python3.12/site-packages/airflow/example_dags/example_display_name.py took 0.052 seconds
[2025-06-12T12:13:09.735+0000] {processor.py:186} INFO - Started process (PID=2194) to work on /home/airflow/.local/lib/python3.12/site-packages/airflow/example_dags/example_display_name.py
[2025-06-12T12:13:09.736+0000] {processor.py:914} INFO - Processing file /home/airflow/.local/lib/python3.12/site-packages/airflow/example_dags/example_display_name.py for tasks to queue
[2025-06-12T12:13:09.738+0000] {logging_mixin.py:190} INFO - [2025-06-12T12:13:09.737+0000] {dagbag.py:588} INFO - Filling up the DagBag from /home/airflow/.local/lib/python3.12/site-packages/airflow/example_dags/example_display_name.py
[2025-06-12T12:13:09.744+0000] {processor.py:925} INFO - DAG(s) 'example_display_name' retrieved from /home/airflow/.local/lib/python3.12/site-packages/airflow/example_dags/example_display_name.py
[2025-06-12T12:13:09.760+0000] {logging_mixin.py:190} INFO - [2025-06-12T12:13:09.760+0000] {dag.py:3239} INFO - Sync 1 DAGs
[2025-06-12T12:13:09.772+0000] {logging_mixin.py:190} INFO - [2025-06-12T12:13:09.772+0000] {dag.py:4180} INFO - Setting next_dagrun for example_display_name to None, run_after=None
[2025-06-12T12:13:09.787+0000] {processor.py:208} INFO - Processing /home/airflow/.local/lib/python3.12/site-packages/airflow/example_dags/example_display_name.py took 0.058 seconds
[2025-06-12T12:13:40.573+0000] {processor.py:186} INFO - Started process (PID=2490) to work on /home/airflow/.local/lib/python3.12/site-packages/airflow/example_dags/example_display_name.py
[2025-06-12T12:13:40.574+0000] {processor.py:914} INFO - Processing file /home/airflow/.local/lib/python3.12/site-packages/airflow/example_dags/example_display_name.py for tasks to queue
[2025-06-12T12:13:40.576+0000] {logging_mixin.py:190} INFO - [2025-06-12T12:13:40.576+0000] {dagbag.py:588} INFO - Filling up the DagBag from /home/airflow/.local/lib/python3.12/site-packages/airflow/example_dags/example_display_name.py
[2025-06-12T12:13:40.583+0000] {processor.py:925} INFO - DAG(s) 'example_display_name' retrieved from /home/airflow/.local/lib/python3.12/site-packages/airflow/example_dags/example_display_name.py
[2025-06-12T12:13:40.599+0000] {logging_mixin.py:190} INFO - [2025-06-12T12:13:40.599+0000] {dag.py:3239} INFO - Sync 1 DAGs
[2025-06-12T12:13:40.611+0000] {logging_mixin.py:190} INFO - [2025-06-12T12:13:40.611+0000] {dag.py:4180} INFO - Setting next_dagrun for example_display_name to None, run_after=None
[2025-06-12T12:13:40.634+0000] {processor.py:208} INFO - Processing /home/airflow/.local/lib/python3.12/site-packages/airflow/example_dags/example_display_name.py took 0.068 seconds
[2025-06-12T12:14:11.318+0000] {processor.py:186} INFO - Started process (PID=2786) to work on /home/airflow/.local/lib/python3.12/site-packages/airflow/example_dags/example_display_name.py
[2025-06-12T12:14:11.319+0000] {processor.py:914} INFO - Processing file /home/airflow/.local/lib/python3.12/site-packages/airflow/example_dags/example_display_name.py for tasks to queue
[2025-06-12T12:14:11.321+0000] {logging_mixin.py:190} INFO - [2025-06-12T12:14:11.320+0000] {dagbag.py:588} INFO - Filling up the DagBag from /home/airflow/.local/lib/python3.12/site-packages/airflow/example_dags/example_display_name.py
[2025-06-12T12:14:11.327+0000] {processor.py:925} INFO - DAG(s) 'example_display_name' retrieved from /home/airflow/.local/lib/python3.12/site-packages/airflow/example_dags/example_display_name.py
[2025-06-12T12:14:11.342+0000] {logging_mixin.py:190} INFO - [2025-06-12T12:14:11.342+0000] {dag.py:3239} INFO - Sync 1 DAGs
[2025-06-12T12:14:11.353+0000] {logging_mixin.py:190} INFO - [2025-06-12T12:14:11.353+0000] {dag.py:4180} INFO - Setting next_dagrun for example_display_name to None, run_after=None
[2025-06-12T12:14:11.367+0000] {processor.py:208} INFO - Processing /home/airflow/.local/lib/python3.12/site-packages/airflow/example_dags/example_display_name.py took 0.054 seconds
[2025-06-12T12:14:42.041+0000] {processor.py:186} INFO - Started process (PID=3082) to work on /home/airflow/.local/lib/python3.12/site-packages/airflow/example_dags/example_display_name.py
[2025-06-12T12:14:42.042+0000] {processor.py:914} INFO - Processing file /home/airflow/.local/lib/python3.12/site-packages/airflow/example_dags/example_display_name.py for tasks to queue
[2025-06-12T12:14:42.044+0000] {logging_mixin.py:190} INFO - [2025-06-12T12:14:42.043+0000] {dagbag.py:588} INFO - Filling up the DagBag from /home/airflow/.local/lib/python3.12/site-packages/airflow/example_dags/example_display_name.py
[2025-06-12T12:14:42.050+0000] {processor.py:925} INFO - DAG(s) 'example_display_name' retrieved from /home/airflow/.local/lib/python3.12/site-packages/airflow/example_dags/example_display_name.py
[2025-06-12T12:14:42.064+0000] {logging_mixin.py:190} INFO - [2025-06-12T12:14:42.064+0000] {dag.py:3239} INFO - Sync 1 DAGs
[2025-06-12T12:14:42.075+0000] {logging_mixin.py:190} INFO - [2025-06-12T12:14:42.075+0000] {dag.py:4180} INFO - Setting next_dagrun for example_display_name to None, run_after=None
[2025-06-12T12:14:42.088+0000] {processor.py:208} INFO - Processing /home/airflow/.local/lib/python3.12/site-packages/airflow/example_dags/example_display_name.py took 0.051 seconds
[2025-06-12T12:15:12.767+0000] {processor.py:186} INFO - Started process (PID=3375) to work on /home/airflow/.local/lib/python3.12/site-packages/airflow/example_dags/example_display_name.py
[2025-06-12T12:15:12.768+0000] {processor.py:914} INFO - Processing file /home/airflow/.local/lib/python3.12/site-packages/airflow/example_dags/example_display_name.py for tasks to queue
[2025-06-12T12:15:12.769+0000] {logging_mixin.py:190} INFO - [2025-06-12T12:15:12.769+0000] {dagbag.py:588} INFO - Filling up the DagBag from /home/airflow/.local/lib/python3.12/site-packages/airflow/example_dags/example_display_name.py
[2025-06-12T12:15:12.775+0000] {processor.py:925} INFO - DAG(s) 'example_display_name' retrieved from /home/airflow/.local/lib/python3.12/site-packages/airflow/example_dags/example_display_name.py
[2025-06-12T12:15:12.788+0000] {logging_mixin.py:190} INFO - [2025-06-12T12:15:12.788+0000] {dag.py:3239} INFO - Sync 1 DAGs
[2025-06-12T12:15:12.799+0000] {logging_mixin.py:190} INFO - [2025-06-12T12:15:12.799+0000] {dag.py:4180} INFO - Setting next_dagrun for example_display_name to None, run_after=None
[2025-06-12T12:15:12.812+0000] {processor.py:208} INFO - Processing /home/airflow/.local/lib/python3.12/site-packages/airflow/example_dags/example_display_name.py took 0.049 seconds
[2025-06-12T12:15:43.517+0000] {processor.py:186} INFO - Started process (PID=3671) to work on /home/airflow/.local/lib/python3.12/site-packages/airflow/example_dags/example_display_name.py
[2025-06-12T12:15:43.518+0000] {processor.py:914} INFO - Processing file /home/airflow/.local/lib/python3.12/site-packages/airflow/example_dags/example_display_name.py for tasks to queue
[2025-06-12T12:15:43.520+0000] {logging_mixin.py:190} INFO - [2025-06-12T12:15:43.520+0000] {dagbag.py:588} INFO - Filling up the DagBag from /home/airflow/.local/lib/python3.12/site-packages/airflow/example_dags/example_display_name.py
[2025-06-12T12:15:43.526+0000] {processor.py:925} INFO - DAG(s) 'example_display_name' retrieved from /home/airflow/.local/lib/python3.12/site-packages/airflow/example_dags/example_display_name.py
[2025-06-12T12:15:43.541+0000] {logging_mixin.py:190} INFO - [2025-06-12T12:15:43.541+0000] {dag.py:3239} INFO - Sync 1 DAGs
[2025-06-12T12:15:43.564+0000] {logging_mixin.py:190} INFO - [2025-06-12T12:15:43.564+0000] {dag.py:4180} INFO - Setting next_dagrun for example_display_name to None, run_after=None
[2025-06-12T12:15:43.580+0000] {processor.py:208} INFO - Processing /home/airflow/.local/lib/python3.12/site-packages/airflow/example_dags/example_display_name.py took 0.067 seconds
[2025-06-12T12:16:15.061+0000] {processor.py:186} INFO - Started process (PID=3970) to work on /home/airflow/.local/lib/python3.12/site-packages/airflow/example_dags/example_display_name.py
[2025-06-12T12:16:15.062+0000] {processor.py:914} INFO - Processing file /home/airflow/.local/lib/python3.12/site-packages/airflow/example_dags/example_display_name.py for tasks to queue
[2025-06-12T12:16:15.064+0000] {logging_mixin.py:190} INFO - [2025-06-12T12:16:15.064+0000] {dagbag.py:588} INFO - Filling up the DagBag from /home/airflow/.local/lib/python3.12/site-packages/airflow/example_dags/example_display_name.py
[2025-06-12T12:16:15.070+0000] {processor.py:925} INFO - DAG(s) 'example_display_name' retrieved from /home/airflow/.local/lib/python3.12/site-packages/airflow/example_dags/example_display_name.py
[2025-06-12T12:16:15.085+0000] {logging_mixin.py:190} INFO - [2025-06-12T12:16:15.085+0000] {dag.py:3239} INFO - Sync 1 DAGs
[2025-06-12T12:16:15.098+0000] {logging_mixin.py:190} INFO - [2025-06-12T12:16:15.098+0000] {dag.py:4180} INFO - Setting next_dagrun for example_display_name to None, run_after=None
[2025-06-12T12:16:15.113+0000] {processor.py:208} INFO - Processing /home/airflow/.local/lib/python3.12/site-packages/airflow/example_dags/example_display_name.py took 0.057 seconds
[2025-06-12T12:16:45.784+0000] {processor.py:186} INFO - Started process (PID=4266) to work on /home/airflow/.local/lib/python3.12/site-packages/airflow/example_dags/example_display_name.py
[2025-06-12T12:16:45.785+0000] {processor.py:914} INFO - Processing file /home/airflow/.local/lib/python3.12/site-packages/airflow/example_dags/example_display_name.py for tasks to queue
[2025-06-12T12:16:45.786+0000] {logging_mixin.py:190} INFO - [2025-06-12T12:16:45.786+0000] {dagbag.py:588} INFO - Filling up the DagBag from /home/airflow/.local/lib/python3.12/site-packages/airflow/example_dags/example_display_name.py
[2025-06-12T12:16:45.793+0000] {processor.py:925} INFO - DAG(s) 'example_display_name' retrieved from /home/airflow/.local/lib/python3.12/site-packages/airflow/example_dags/example_display_name.py
[2025-06-12T12:16:45.808+0000] {logging_mixin.py:190} INFO - [2025-06-12T12:16:45.808+0000] {dag.py:3239} INFO - Sync 1 DAGs
[2025-06-12T12:16:45.819+0000] {logging_mixin.py:190} INFO - [2025-06-12T12:16:45.819+0000] {dag.py:4180} INFO - Setting next_dagrun for example_display_name to None, run_after=None
[2025-06-12T12:16:45.833+0000] {processor.py:208} INFO - Processing /home/airflow/.local/lib/python3.12/site-packages/airflow/example_dags/example_display_name.py took 0.053 seconds
[2025-06-12T12:17:16.240+0000] {processor.py:186} INFO - Started process (PID=4559) to work on /home/airflow/.local/lib/python3.12/site-packages/airflow/example_dags/example_display_name.py
[2025-06-12T12:17:16.240+0000] {processor.py:914} INFO - Processing file /home/airflow/.local/lib/python3.12/site-packages/airflow/example_dags/example_display_name.py for tasks to queue
[2025-06-12T12:17:16.242+0000] {logging_mixin.py:190} INFO - [2025-06-12T12:17:16.242+0000] {dagbag.py:588} INFO - Filling up the DagBag from /home/airflow/.local/lib/python3.12/site-packages/airflow/example_dags/example_display_name.py
[2025-06-12T12:17:16.249+0000] {processor.py:925} INFO - DAG(s) 'example_display_name' retrieved from /home/airflow/.local/lib/python3.12/site-packages/airflow/example_dags/example_display_name.py
[2025-06-12T12:17:16.264+0000] {logging_mixin.py:190} INFO - [2025-06-12T12:17:16.263+0000] {dag.py:3239} INFO - Sync 1 DAGs
[2025-06-12T12:17:16.274+0000] {logging_mixin.py:190} INFO - [2025-06-12T12:17:16.274+0000] {dag.py:4180} INFO - Setting next_dagrun for example_display_name to None, run_after=None
[2025-06-12T12:17:16.288+0000] {processor.py:208} INFO - Processing /home/airflow/.local/lib/python3.12/site-packages/airflow/example_dags/example_display_name.py took 0.053 seconds
[2025-06-12T12:17:46.793+0000] {processor.py:186} INFO - Started process (PID=4853) to work on /home/airflow/.local/lib/python3.12/site-packages/airflow/example_dags/example_display_name.py
[2025-06-12T12:17:46.794+0000] {processor.py:914} INFO - Processing file /home/airflow/.local/lib/python3.12/site-packages/airflow/example_dags/example_display_name.py for tasks to queue
[2025-06-12T12:17:46.796+0000] {logging_mixin.py:190} INFO - [2025-06-12T12:17:46.796+0000] {dagbag.py:588} INFO - Filling up the DagBag from /home/airflow/.local/lib/python3.12/site-packages/airflow/example_dags/example_display_name.py
[2025-06-12T12:17:46.802+0000] {processor.py:925} INFO - DAG(s) 'example_display_name' retrieved from /home/airflow/.local/lib/python3.12/site-packages/airflow/example_dags/example_display_name.py
[2025-06-12T12:17:46.815+0000] {logging_mixin.py:190} INFO - [2025-06-12T12:17:46.815+0000] {dag.py:3239} INFO - Sync 1 DAGs
[2025-06-12T12:17:46.825+0000] {logging_mixin.py:190} INFO - [2025-06-12T12:17:46.825+0000] {dag.py:4180} INFO - Setting next_dagrun for example_display_name to None, run_after=None
[2025-06-12T12:17:46.838+0000] {processor.py:208} INFO - Processing /home/airflow/.local/lib/python3.12/site-packages/airflow/example_dags/example_display_name.py took 0.050 seconds
[2025-06-12T12:18:17.323+0000] {processor.py:186} INFO - Started process (PID=5151) to work on /home/airflow/.local/lib/python3.12/site-packages/airflow/example_dags/example_display_name.py
[2025-06-12T12:18:17.324+0000] {processor.py:914} INFO - Processing file /home/airflow/.local/lib/python3.12/site-packages/airflow/example_dags/example_display_name.py for tasks to queue
[2025-06-12T12:18:17.326+0000] {logging_mixin.py:190} INFO - [2025-06-12T12:18:17.326+0000] {dagbag.py:588} INFO - Filling up the DagBag from /home/airflow/.local/lib/python3.12/site-packages/airflow/example_dags/example_display_name.py
[2025-06-12T12:18:17.331+0000] {processor.py:925} INFO - DAG(s) 'example_display_name' retrieved from /home/airflow/.local/lib/python3.12/site-packages/airflow/example_dags/example_display_name.py
[2025-06-12T12:18:17.344+0000] {logging_mixin.py:190} INFO - [2025-06-12T12:18:17.344+0000] {dag.py:3239} INFO - Sync 1 DAGs
[2025-06-12T12:18:17.355+0000] {logging_mixin.py:190} INFO - [2025-06-12T12:18:17.355+0000] {dag.py:4180} INFO - Setting next_dagrun for example_display_name to None, run_after=None
[2025-06-12T12:18:17.367+0000] {processor.py:208} INFO - Processing /home/airflow/.local/lib/python3.12/site-packages/airflow/example_dags/example_display_name.py took 0.049 seconds
[2025-06-12T12:18:48.019+0000] {processor.py:186} INFO - Started process (PID=5447) to work on /home/airflow/.local/lib/python3.12/site-packages/airflow/example_dags/example_display_name.py
[2025-06-12T12:18:48.020+0000] {processor.py:914} INFO - Processing file /home/airflow/.local/lib/python3.12/site-packages/airflow/example_dags/example_display_name.py for tasks to queue
[2025-06-12T12:18:48.022+0000] {logging_mixin.py:190} INFO - [2025-06-12T12:18:48.021+0000] {dagbag.py:588} INFO - Filling up the DagBag from /home/airflow/.local/lib/python3.12/site-packages/airflow/example_dags/example_display_name.py
[2025-06-12T12:18:48.027+0000] {processor.py:925} INFO - DAG(s) 'example_display_name' retrieved from /home/airflow/.local/lib/python3.12/site-packages/airflow/example_dags/example_display_name.py
[2025-06-12T12:18:48.040+0000] {logging_mixin.py:190} INFO - [2025-06-12T12:18:48.040+0000] {dag.py:3239} INFO - Sync 1 DAGs
[2025-06-12T12:18:48.051+0000] {logging_mixin.py:190} INFO - [2025-06-12T12:18:48.050+0000] {dag.py:4180} INFO - Setting next_dagrun for example_display_name to None, run_after=None
[2025-06-12T12:18:48.064+0000] {processor.py:208} INFO - Processing /home/airflow/.local/lib/python3.12/site-packages/airflow/example_dags/example_display_name.py took 0.049 seconds
[2025-06-12T12:19:18.697+0000] {processor.py:186} INFO - Started process (PID=5743) to work on /home/airflow/.local/lib/python3.12/site-packages/airflow/example_dags/example_display_name.py
[2025-06-12T12:19:18.698+0000] {processor.py:914} INFO - Processing file /home/airflow/.local/lib/python3.12/site-packages/airflow/example_dags/example_display_name.py for tasks to queue
[2025-06-12T12:19:18.700+0000] {logging_mixin.py:190} INFO - [2025-06-12T12:19:18.699+0000] {dagbag.py:588} INFO - Filling up the DagBag from /home/airflow/.local/lib/python3.12/site-packages/airflow/example_dags/example_display_name.py
[2025-06-12T12:19:18.706+0000] {processor.py:925} INFO - DAG(s) 'example_display_name' retrieved from /home/airflow/.local/lib/python3.12/site-packages/airflow/example_dags/example_display_name.py
[2025-06-12T12:19:18.722+0000] {logging_mixin.py:190} INFO - [2025-06-12T12:19:18.722+0000] {dag.py:3239} INFO - Sync 1 DAGs
[2025-06-12T12:19:18.734+0000] {logging_mixin.py:190} INFO - [2025-06-12T12:19:18.733+0000] {dag.py:4180} INFO - Setting next_dagrun for example_display_name to None, run_after=None
[2025-06-12T12:19:18.748+0000] {processor.py:208} INFO - Processing /home/airflow/.local/lib/python3.12/site-packages/airflow/example_dags/example_display_name.py took 0.056 seconds
[2025-06-12T12:19:49.962+0000] {processor.py:186} INFO - Started process (PID=6039) to work on /home/airflow/.local/lib/python3.12/site-packages/airflow/example_dags/example_display_name.py
[2025-06-12T12:19:49.963+0000] {processor.py:914} INFO - Processing file /home/airflow/.local/lib/python3.12/site-packages/airflow/example_dags/example_display_name.py for tasks to queue
[2025-06-12T12:19:49.965+0000] {logging_mixin.py:190} INFO - [2025-06-12T12:19:49.964+0000] {dagbag.py:588} INFO - Filling up the DagBag from /home/airflow/.local/lib/python3.12/site-packages/airflow/example_dags/example_display_name.py
[2025-06-12T12:19:49.970+0000] {processor.py:925} INFO - DAG(s) 'example_display_name' retrieved from /home/airflow/.local/lib/python3.12/site-packages/airflow/example_dags/example_display_name.py
[2025-06-12T12:19:49.985+0000] {logging_mixin.py:190} INFO - [2025-06-12T12:19:49.984+0000] {dag.py:3239} INFO - Sync 1 DAGs
[2025-06-12T12:19:49.996+0000] {logging_mixin.py:190} INFO - [2025-06-12T12:19:49.996+0000] {dag.py:4180} INFO - Setting next_dagrun for example_display_name to None, run_after=None
[2025-06-12T12:19:50.010+0000] {processor.py:208} INFO - Processing /home/airflow/.local/lib/python3.12/site-packages/airflow/example_dags/example_display_name.py took 0.052 seconds
