[2025-06-12T12:10:03.202+0000] {processor.py:186} INFO - Started process (PID=393) to work on /home/airflow/.local/lib/python3.12/site-packages/airflow/example_dags/example_local_kubernetes_executor.py
[2025-06-12T12:10:03.203+0000] {processor.py:914} INFO - Processing file /home/airflow/.local/lib/python3.12/site-packages/airflow/example_dags/example_local_kubernetes_executor.py for tasks to queue
[2025-06-12T12:10:03.205+0000] {logging_mixin.py:190} INFO - [2025-06-12T12:10:03.205+0000] {dagbag.py:588} INFO - Filling up the DagBag from /home/airflow/.local/lib/python3.12/site-packages/airflow/example_dags/example_local_kubernetes_executor.py
[2025-06-12T12:10:03.213+0000] {processor.py:925} INFO - DAG(s) 'example_local_kubernetes_executor' retrieved from /home/airflow/.local/lib/python3.12/site-packages/airflow/example_dags/example_local_kubernetes_executor.py
[2025-06-12T12:10:03.229+0000] {logging_mixin.py:190} INFO - [2025-06-12T12:10:03.229+0000] {dag.py:3239} INFO - Sync 1 DAGs
[2025-06-12T12:10:03.239+0000] {logging_mixin.py:190} INFO - [2025-06-12T12:10:03.239+0000] {dag.py:4180} INFO - Setting next_dagrun for example_local_kubernetes_executor to None, run_after=None
[2025-06-12T12:10:03.254+0000] {processor.py:208} INFO - Processing /home/airflow/.local/lib/python3.12/site-packages/airflow/example_dags/example_local_kubernetes_executor.py took 0.056 seconds
[2025-06-12T12:10:34.069+0000] {processor.py:186} INFO - Started process (PID=684) to work on /home/airflow/.local/lib/python3.12/site-packages/airflow/example_dags/example_local_kubernetes_executor.py
[2025-06-12T12:10:34.070+0000] {processor.py:914} INFO - Processing file /home/airflow/.local/lib/python3.12/site-packages/airflow/example_dags/example_local_kubernetes_executor.py for tasks to queue
[2025-06-12T12:10:34.072+0000] {logging_mixin.py:190} INFO - [2025-06-12T12:10:34.071+0000] {dagbag.py:588} INFO - Filling up the DagBag from /home/airflow/.local/lib/python3.12/site-packages/airflow/example_dags/example_local_kubernetes_executor.py
[2025-06-12T12:10:34.079+0000] {processor.py:925} INFO - DAG(s) 'example_local_kubernetes_executor' retrieved from /home/airflow/.local/lib/python3.12/site-packages/airflow/example_dags/example_local_kubernetes_executor.py
[2025-06-12T12:10:34.094+0000] {logging_mixin.py:190} INFO - [2025-06-12T12:10:34.094+0000] {dag.py:3239} INFO - Sync 1 DAGs
[2025-06-12T12:10:34.107+0000] {logging_mixin.py:190} INFO - [2025-06-12T12:10:34.107+0000] {dag.py:4180} INFO - Setting next_dagrun for example_local_kubernetes_executor to None, run_after=None
[2025-06-12T12:10:34.122+0000] {processor.py:208} INFO - Processing /home/airflow/.local/lib/python3.12/site-packages/airflow/example_dags/example_local_kubernetes_executor.py took 0.058 seconds
[2025-06-12T12:11:04.669+0000] {processor.py:186} INFO - Started process (PID=980) to work on /home/airflow/.local/lib/python3.12/site-packages/airflow/example_dags/example_local_kubernetes_executor.py
[2025-06-12T12:11:04.670+0000] {processor.py:914} INFO - Processing file /home/airflow/.local/lib/python3.12/site-packages/airflow/example_dags/example_local_kubernetes_executor.py for tasks to queue
[2025-06-12T12:11:04.672+0000] {logging_mixin.py:190} INFO - [2025-06-12T12:11:04.672+0000] {dagbag.py:588} INFO - Filling up the DagBag from /home/airflow/.local/lib/python3.12/site-packages/airflow/example_dags/example_local_kubernetes_executor.py
[2025-06-12T12:11:04.680+0000] {processor.py:925} INFO - DAG(s) 'example_local_kubernetes_executor' retrieved from /home/airflow/.local/lib/python3.12/site-packages/airflow/example_dags/example_local_kubernetes_executor.py
[2025-06-12T12:11:04.697+0000] {logging_mixin.py:190} INFO - [2025-06-12T12:11:04.696+0000] {dag.py:3239} INFO - Sync 1 DAGs
[2025-06-12T12:11:04.708+0000] {logging_mixin.py:190} INFO - [2025-06-12T12:11:04.708+0000] {dag.py:4180} INFO - Setting next_dagrun for example_local_kubernetes_executor to None, run_after=None
[2025-06-12T12:11:04.728+0000] {processor.py:208} INFO - Processing /home/airflow/.local/lib/python3.12/site-packages/airflow/example_dags/example_local_kubernetes_executor.py took 0.065 seconds
[2025-06-12T12:11:35.233+0000] {processor.py:186} INFO - Started process (PID=1271) to work on /home/airflow/.local/lib/python3.12/site-packages/airflow/example_dags/example_local_kubernetes_executor.py
[2025-06-12T12:11:35.234+0000] {processor.py:914} INFO - Processing file /home/airflow/.local/lib/python3.12/site-packages/airflow/example_dags/example_local_kubernetes_executor.py for tasks to queue
[2025-06-12T12:11:35.236+0000] {logging_mixin.py:190} INFO - [2025-06-12T12:11:35.236+0000] {dagbag.py:588} INFO - Filling up the DagBag from /home/airflow/.local/lib/python3.12/site-packages/airflow/example_dags/example_local_kubernetes_executor.py
[2025-06-12T12:11:35.243+0000] {processor.py:925} INFO - DAG(s) 'example_local_kubernetes_executor' retrieved from /home/airflow/.local/lib/python3.12/site-packages/airflow/example_dags/example_local_kubernetes_executor.py
[2025-06-12T12:11:35.258+0000] {logging_mixin.py:190} INFO - [2025-06-12T12:11:35.258+0000] {dag.py:3239} INFO - Sync 1 DAGs
[2025-06-12T12:11:35.270+0000] {logging_mixin.py:190} INFO - [2025-06-12T12:11:35.269+0000] {dag.py:4180} INFO - Setting next_dagrun for example_local_kubernetes_executor to None, run_after=None
[2025-06-12T12:11:35.284+0000] {processor.py:208} INFO - Processing /home/airflow/.local/lib/python3.12/site-packages/airflow/example_dags/example_local_kubernetes_executor.py took 0.055 seconds
[2025-06-12T12:12:05.359+0000] {processor.py:186} INFO - Started process (PID=1564) to work on /home/airflow/.local/lib/python3.12/site-packages/airflow/example_dags/example_local_kubernetes_executor.py
[2025-06-12T12:12:05.360+0000] {processor.py:914} INFO - Processing file /home/airflow/.local/lib/python3.12/site-packages/airflow/example_dags/example_local_kubernetes_executor.py for tasks to queue
[2025-06-12T12:12:05.362+0000] {logging_mixin.py:190} INFO - [2025-06-12T12:12:05.362+0000] {dagbag.py:588} INFO - Filling up the DagBag from /home/airflow/.local/lib/python3.12/site-packages/airflow/example_dags/example_local_kubernetes_executor.py
[2025-06-12T12:12:05.369+0000] {processor.py:925} INFO - DAG(s) 'example_local_kubernetes_executor' retrieved from /home/airflow/.local/lib/python3.12/site-packages/airflow/example_dags/example_local_kubernetes_executor.py
[2025-06-12T12:12:05.383+0000] {logging_mixin.py:190} INFO - [2025-06-12T12:12:05.383+0000] {dag.py:3239} INFO - Sync 1 DAGs
[2025-06-12T12:12:05.393+0000] {logging_mixin.py:190} INFO - [2025-06-12T12:12:05.393+0000] {dag.py:4180} INFO - Setting next_dagrun for example_local_kubernetes_executor to None, run_after=None
[2025-06-12T12:12:05.406+0000] {processor.py:208} INFO - Processing /home/airflow/.local/lib/python3.12/site-packages/airflow/example_dags/example_local_kubernetes_executor.py took 0.051 seconds
[2025-06-12T12:12:36.517+0000] {processor.py:186} INFO - Started process (PID=1860) to work on /home/airflow/.local/lib/python3.12/site-packages/airflow/example_dags/example_local_kubernetes_executor.py
[2025-06-12T12:12:36.518+0000] {processor.py:914} INFO - Processing file /home/airflow/.local/lib/python3.12/site-packages/airflow/example_dags/example_local_kubernetes_executor.py for tasks to queue
[2025-06-12T12:12:36.521+0000] {logging_mixin.py:190} INFO - [2025-06-12T12:12:36.521+0000] {dagbag.py:588} INFO - Filling up the DagBag from /home/airflow/.local/lib/python3.12/site-packages/airflow/example_dags/example_local_kubernetes_executor.py
[2025-06-12T12:12:36.529+0000] {processor.py:925} INFO - DAG(s) 'example_local_kubernetes_executor' retrieved from /home/airflow/.local/lib/python3.12/site-packages/airflow/example_dags/example_local_kubernetes_executor.py
[2025-06-12T12:12:36.546+0000] {logging_mixin.py:190} INFO - [2025-06-12T12:12:36.546+0000] {dag.py:3239} INFO - Sync 1 DAGs
[2025-06-12T12:12:36.559+0000] {logging_mixin.py:190} INFO - [2025-06-12T12:12:36.559+0000] {dag.py:4180} INFO - Setting next_dagrun for example_local_kubernetes_executor to None, run_after=None
[2025-06-12T12:12:36.576+0000] {processor.py:208} INFO - Processing /home/airflow/.local/lib/python3.12/site-packages/airflow/example_dags/example_local_kubernetes_executor.py took 0.063 seconds
[2025-06-12T12:13:07.566+0000] {processor.py:186} INFO - Started process (PID=2156) to work on /home/airflow/.local/lib/python3.12/site-packages/airflow/example_dags/example_local_kubernetes_executor.py
[2025-06-12T12:13:07.566+0000] {processor.py:914} INFO - Processing file /home/airflow/.local/lib/python3.12/site-packages/airflow/example_dags/example_local_kubernetes_executor.py for tasks to queue
[2025-06-12T12:13:07.568+0000] {logging_mixin.py:190} INFO - [2025-06-12T12:13:07.568+0000] {dagbag.py:588} INFO - Filling up the DagBag from /home/airflow/.local/lib/python3.12/site-packages/airflow/example_dags/example_local_kubernetes_executor.py
[2025-06-12T12:13:07.576+0000] {processor.py:925} INFO - DAG(s) 'example_local_kubernetes_executor' retrieved from /home/airflow/.local/lib/python3.12/site-packages/airflow/example_dags/example_local_kubernetes_executor.py
[2025-06-12T12:13:07.591+0000] {logging_mixin.py:190} INFO - [2025-06-12T12:13:07.591+0000] {dag.py:3239} INFO - Sync 1 DAGs
[2025-06-12T12:13:07.603+0000] {logging_mixin.py:190} INFO - [2025-06-12T12:13:07.603+0000] {dag.py:4180} INFO - Setting next_dagrun for example_local_kubernetes_executor to None, run_after=None
[2025-06-12T12:13:07.617+0000] {processor.py:208} INFO - Processing /home/airflow/.local/lib/python3.12/site-packages/airflow/example_dags/example_local_kubernetes_executor.py took 0.057 seconds
[2025-06-12T12:13:37.762+0000] {processor.py:186} INFO - Started process (PID=2452) to work on /home/airflow/.local/lib/python3.12/site-packages/airflow/example_dags/example_local_kubernetes_executor.py
[2025-06-12T12:13:37.763+0000] {processor.py:914} INFO - Processing file /home/airflow/.local/lib/python3.12/site-packages/airflow/example_dags/example_local_kubernetes_executor.py for tasks to queue
[2025-06-12T12:13:37.765+0000] {logging_mixin.py:190} INFO - [2025-06-12T12:13:37.764+0000] {dagbag.py:588} INFO - Filling up the DagBag from /home/airflow/.local/lib/python3.12/site-packages/airflow/example_dags/example_local_kubernetes_executor.py
[2025-06-12T12:13:37.772+0000] {processor.py:925} INFO - DAG(s) 'example_local_kubernetes_executor' retrieved from /home/airflow/.local/lib/python3.12/site-packages/airflow/example_dags/example_local_kubernetes_executor.py
[2025-06-12T12:13:37.785+0000] {logging_mixin.py:190} INFO - [2025-06-12T12:13:37.785+0000] {dag.py:3239} INFO - Sync 1 DAGs
[2025-06-12T12:13:37.795+0000] {logging_mixin.py:190} INFO - [2025-06-12T12:13:37.795+0000] {dag.py:4180} INFO - Setting next_dagrun for example_local_kubernetes_executor to None, run_after=None
[2025-06-12T12:13:37.807+0000] {processor.py:208} INFO - Processing /home/airflow/.local/lib/python3.12/site-packages/airflow/example_dags/example_local_kubernetes_executor.py took 0.050 seconds
[2025-06-12T12:14:08.576+0000] {processor.py:186} INFO - Started process (PID=2748) to work on /home/airflow/.local/lib/python3.12/site-packages/airflow/example_dags/example_local_kubernetes_executor.py
[2025-06-12T12:14:08.577+0000] {processor.py:914} INFO - Processing file /home/airflow/.local/lib/python3.12/site-packages/airflow/example_dags/example_local_kubernetes_executor.py for tasks to queue
[2025-06-12T12:14:08.578+0000] {logging_mixin.py:190} INFO - [2025-06-12T12:14:08.578+0000] {dagbag.py:588} INFO - Filling up the DagBag from /home/airflow/.local/lib/python3.12/site-packages/airflow/example_dags/example_local_kubernetes_executor.py
[2025-06-12T12:14:08.586+0000] {processor.py:925} INFO - DAG(s) 'example_local_kubernetes_executor' retrieved from /home/airflow/.local/lib/python3.12/site-packages/airflow/example_dags/example_local_kubernetes_executor.py
[2025-06-12T12:14:08.600+0000] {logging_mixin.py:190} INFO - [2025-06-12T12:14:08.600+0000] {dag.py:3239} INFO - Sync 1 DAGs
[2025-06-12T12:14:08.612+0000] {logging_mixin.py:190} INFO - [2025-06-12T12:14:08.612+0000] {dag.py:4180} INFO - Setting next_dagrun for example_local_kubernetes_executor to None, run_after=None
[2025-06-12T12:14:08.632+0000] {processor.py:208} INFO - Processing /home/airflow/.local/lib/python3.12/site-packages/airflow/example_dags/example_local_kubernetes_executor.py took 0.061 seconds
[2025-06-12T12:14:39.300+0000] {processor.py:186} INFO - Started process (PID=3044) to work on /home/airflow/.local/lib/python3.12/site-packages/airflow/example_dags/example_local_kubernetes_executor.py
[2025-06-12T12:14:39.301+0000] {processor.py:914} INFO - Processing file /home/airflow/.local/lib/python3.12/site-packages/airflow/example_dags/example_local_kubernetes_executor.py for tasks to queue
[2025-06-12T12:14:39.303+0000] {logging_mixin.py:190} INFO - [2025-06-12T12:14:39.303+0000] {dagbag.py:588} INFO - Filling up the DagBag from /home/airflow/.local/lib/python3.12/site-packages/airflow/example_dags/example_local_kubernetes_executor.py
[2025-06-12T12:14:39.310+0000] {processor.py:925} INFO - DAG(s) 'example_local_kubernetes_executor' retrieved from /home/airflow/.local/lib/python3.12/site-packages/airflow/example_dags/example_local_kubernetes_executor.py
[2025-06-12T12:14:39.324+0000] {logging_mixin.py:190} INFO - [2025-06-12T12:14:39.324+0000] {dag.py:3239} INFO - Sync 1 DAGs
[2025-06-12T12:14:39.335+0000] {logging_mixin.py:190} INFO - [2025-06-12T12:14:39.335+0000] {dag.py:4180} INFO - Setting next_dagrun for example_local_kubernetes_executor to None, run_after=None
[2025-06-12T12:14:39.349+0000] {processor.py:208} INFO - Processing /home/airflow/.local/lib/python3.12/site-packages/airflow/example_dags/example_local_kubernetes_executor.py took 0.055 seconds
[2025-06-12T12:15:10.102+0000] {processor.py:186} INFO - Started process (PID=3340) to work on /home/airflow/.local/lib/python3.12/site-packages/airflow/example_dags/example_local_kubernetes_executor.py
[2025-06-12T12:15:10.103+0000] {processor.py:914} INFO - Processing file /home/airflow/.local/lib/python3.12/site-packages/airflow/example_dags/example_local_kubernetes_executor.py for tasks to queue
[2025-06-12T12:15:10.105+0000] {logging_mixin.py:190} INFO - [2025-06-12T12:15:10.104+0000] {dagbag.py:588} INFO - Filling up the DagBag from /home/airflow/.local/lib/python3.12/site-packages/airflow/example_dags/example_local_kubernetes_executor.py
[2025-06-12T12:15:10.111+0000] {processor.py:925} INFO - DAG(s) 'example_local_kubernetes_executor' retrieved from /home/airflow/.local/lib/python3.12/site-packages/airflow/example_dags/example_local_kubernetes_executor.py
[2025-06-12T12:15:10.124+0000] {logging_mixin.py:190} INFO - [2025-06-12T12:15:10.124+0000] {dag.py:3239} INFO - Sync 1 DAGs
[2025-06-12T12:15:10.135+0000] {logging_mixin.py:190} INFO - [2025-06-12T12:15:10.134+0000] {dag.py:4180} INFO - Setting next_dagrun for example_local_kubernetes_executor to None, run_after=None
[2025-06-12T12:15:10.154+0000] {processor.py:208} INFO - Processing /home/airflow/.local/lib/python3.12/site-packages/airflow/example_dags/example_local_kubernetes_executor.py took 0.056 seconds
[2025-06-12T12:15:40.789+0000] {processor.py:186} INFO - Started process (PID=3636) to work on /home/airflow/.local/lib/python3.12/site-packages/airflow/example_dags/example_local_kubernetes_executor.py
[2025-06-12T12:15:40.790+0000] {processor.py:914} INFO - Processing file /home/airflow/.local/lib/python3.12/site-packages/airflow/example_dags/example_local_kubernetes_executor.py for tasks to queue
[2025-06-12T12:15:40.792+0000] {logging_mixin.py:190} INFO - [2025-06-12T12:15:40.792+0000] {dagbag.py:588} INFO - Filling up the DagBag from /home/airflow/.local/lib/python3.12/site-packages/airflow/example_dags/example_local_kubernetes_executor.py
[2025-06-12T12:15:40.800+0000] {processor.py:925} INFO - DAG(s) 'example_local_kubernetes_executor' retrieved from /home/airflow/.local/lib/python3.12/site-packages/airflow/example_dags/example_local_kubernetes_executor.py
[2025-06-12T12:15:40.815+0000] {logging_mixin.py:190} INFO - [2025-06-12T12:15:40.815+0000] {dag.py:3239} INFO - Sync 1 DAGs
[2025-06-12T12:15:40.829+0000] {logging_mixin.py:190} INFO - [2025-06-12T12:15:40.828+0000] {dag.py:4180} INFO - Setting next_dagrun for example_local_kubernetes_executor to None, run_after=None
[2025-06-12T12:15:40.845+0000] {processor.py:208} INFO - Processing /home/airflow/.local/lib/python3.12/site-packages/airflow/example_dags/example_local_kubernetes_executor.py took 0.061 seconds
[2025-06-12T12:16:11.114+0000] {processor.py:186} INFO - Started process (PID=3932) to work on /home/airflow/.local/lib/python3.12/site-packages/airflow/example_dags/example_local_kubernetes_executor.py
[2025-06-12T12:16:11.115+0000] {processor.py:914} INFO - Processing file /home/airflow/.local/lib/python3.12/site-packages/airflow/example_dags/example_local_kubernetes_executor.py for tasks to queue
[2025-06-12T12:16:11.117+0000] {logging_mixin.py:190} INFO - [2025-06-12T12:16:11.116+0000] {dagbag.py:588} INFO - Filling up the DagBag from /home/airflow/.local/lib/python3.12/site-packages/airflow/example_dags/example_local_kubernetes_executor.py
[2025-06-12T12:16:11.124+0000] {processor.py:925} INFO - DAG(s) 'example_local_kubernetes_executor' retrieved from /home/airflow/.local/lib/python3.12/site-packages/airflow/example_dags/example_local_kubernetes_executor.py
[2025-06-12T12:16:11.137+0000] {logging_mixin.py:190} INFO - [2025-06-12T12:16:11.137+0000] {dag.py:3239} INFO - Sync 1 DAGs
[2025-06-12T12:16:11.148+0000] {logging_mixin.py:190} INFO - [2025-06-12T12:16:11.147+0000] {dag.py:4180} INFO - Setting next_dagrun for example_local_kubernetes_executor to None, run_after=None
[2025-06-12T12:16:11.165+0000] {processor.py:208} INFO - Processing /home/airflow/.local/lib/python3.12/site-packages/airflow/example_dags/example_local_kubernetes_executor.py took 0.056 seconds
[2025-06-12T12:16:41.927+0000] {processor.py:186} INFO - Started process (PID=4228) to work on /home/airflow/.local/lib/python3.12/site-packages/airflow/example_dags/example_local_kubernetes_executor.py
[2025-06-12T12:16:41.928+0000] {processor.py:914} INFO - Processing file /home/airflow/.local/lib/python3.12/site-packages/airflow/example_dags/example_local_kubernetes_executor.py for tasks to queue
[2025-06-12T12:16:41.930+0000] {logging_mixin.py:190} INFO - [2025-06-12T12:16:41.929+0000] {dagbag.py:588} INFO - Filling up the DagBag from /home/airflow/.local/lib/python3.12/site-packages/airflow/example_dags/example_local_kubernetes_executor.py
[2025-06-12T12:16:41.936+0000] {processor.py:925} INFO - DAG(s) 'example_local_kubernetes_executor' retrieved from /home/airflow/.local/lib/python3.12/site-packages/airflow/example_dags/example_local_kubernetes_executor.py
[2025-06-12T12:16:41.949+0000] {logging_mixin.py:190} INFO - [2025-06-12T12:16:41.949+0000] {dag.py:3239} INFO - Sync 1 DAGs
[2025-06-12T12:16:41.959+0000] {logging_mixin.py:190} INFO - [2025-06-12T12:16:41.959+0000] {dag.py:4180} INFO - Setting next_dagrun for example_local_kubernetes_executor to None, run_after=None
[2025-06-12T12:16:41.973+0000] {processor.py:208} INFO - Processing /home/airflow/.local/lib/python3.12/site-packages/airflow/example_dags/example_local_kubernetes_executor.py took 0.051 seconds
[2025-06-12T12:17:12.493+0000] {processor.py:186} INFO - Started process (PID=4524) to work on /home/airflow/.local/lib/python3.12/site-packages/airflow/example_dags/example_local_kubernetes_executor.py
[2025-06-12T12:17:12.494+0000] {processor.py:914} INFO - Processing file /home/airflow/.local/lib/python3.12/site-packages/airflow/example_dags/example_local_kubernetes_executor.py for tasks to queue
[2025-06-12T12:17:12.496+0000] {logging_mixin.py:190} INFO - [2025-06-12T12:17:12.496+0000] {dagbag.py:588} INFO - Filling up the DagBag from /home/airflow/.local/lib/python3.12/site-packages/airflow/example_dags/example_local_kubernetes_executor.py
[2025-06-12T12:17:12.503+0000] {processor.py:925} INFO - DAG(s) 'example_local_kubernetes_executor' retrieved from /home/airflow/.local/lib/python3.12/site-packages/airflow/example_dags/example_local_kubernetes_executor.py
[2025-06-12T12:17:12.516+0000] {logging_mixin.py:190} INFO - [2025-06-12T12:17:12.516+0000] {dag.py:3239} INFO - Sync 1 DAGs
[2025-06-12T12:17:12.526+0000] {logging_mixin.py:190} INFO - [2025-06-12T12:17:12.526+0000] {dag.py:4180} INFO - Setting next_dagrun for example_local_kubernetes_executor to None, run_after=None
[2025-06-12T12:17:12.541+0000] {processor.py:208} INFO - Processing /home/airflow/.local/lib/python3.12/site-packages/airflow/example_dags/example_local_kubernetes_executor.py took 0.052 seconds
[2025-06-12T12:17:43.094+0000] {processor.py:186} INFO - Started process (PID=4820) to work on /home/airflow/.local/lib/python3.12/site-packages/airflow/example_dags/example_local_kubernetes_executor.py
[2025-06-12T12:17:43.095+0000] {processor.py:914} INFO - Processing file /home/airflow/.local/lib/python3.12/site-packages/airflow/example_dags/example_local_kubernetes_executor.py for tasks to queue
[2025-06-12T12:17:43.097+0000] {logging_mixin.py:190} INFO - [2025-06-12T12:17:43.097+0000] {dagbag.py:588} INFO - Filling up the DagBag from /home/airflow/.local/lib/python3.12/site-packages/airflow/example_dags/example_local_kubernetes_executor.py
[2025-06-12T12:17:43.105+0000] {processor.py:925} INFO - DAG(s) 'example_local_kubernetes_executor' retrieved from /home/airflow/.local/lib/python3.12/site-packages/airflow/example_dags/example_local_kubernetes_executor.py
[2025-06-12T12:17:43.118+0000] {logging_mixin.py:190} INFO - [2025-06-12T12:17:43.118+0000] {dag.py:3239} INFO - Sync 1 DAGs
[2025-06-12T12:17:43.129+0000] {logging_mixin.py:190} INFO - [2025-06-12T12:17:43.128+0000] {dag.py:4180} INFO - Setting next_dagrun for example_local_kubernetes_executor to None, run_after=None
[2025-06-12T12:17:43.151+0000] {processor.py:208} INFO - Processing /home/airflow/.local/lib/python3.12/site-packages/airflow/example_dags/example_local_kubernetes_executor.py took 0.062 seconds
[2025-06-12T12:18:13.601+0000] {processor.py:186} INFO - Started process (PID=5116) to work on /home/airflow/.local/lib/python3.12/site-packages/airflow/example_dags/example_local_kubernetes_executor.py
[2025-06-12T12:18:13.602+0000] {processor.py:914} INFO - Processing file /home/airflow/.local/lib/python3.12/site-packages/airflow/example_dags/example_local_kubernetes_executor.py for tasks to queue
[2025-06-12T12:18:13.604+0000] {logging_mixin.py:190} INFO - [2025-06-12T12:18:13.603+0000] {dagbag.py:588} INFO - Filling up the DagBag from /home/airflow/.local/lib/python3.12/site-packages/airflow/example_dags/example_local_kubernetes_executor.py
[2025-06-12T12:18:13.611+0000] {processor.py:925} INFO - DAG(s) 'example_local_kubernetes_executor' retrieved from /home/airflow/.local/lib/python3.12/site-packages/airflow/example_dags/example_local_kubernetes_executor.py
[2025-06-12T12:18:13.624+0000] {logging_mixin.py:190} INFO - [2025-06-12T12:18:13.624+0000] {dag.py:3239} INFO - Sync 1 DAGs
[2025-06-12T12:18:13.634+0000] {logging_mixin.py:190} INFO - [2025-06-12T12:18:13.634+0000] {dag.py:4180} INFO - Setting next_dagrun for example_local_kubernetes_executor to None, run_after=None
[2025-06-12T12:18:13.647+0000] {processor.py:208} INFO - Processing /home/airflow/.local/lib/python3.12/site-packages/airflow/example_dags/example_local_kubernetes_executor.py took 0.052 seconds
[2025-06-12T12:18:44.340+0000] {processor.py:186} INFO - Started process (PID=5412) to work on /home/airflow/.local/lib/python3.12/site-packages/airflow/example_dags/example_local_kubernetes_executor.py
[2025-06-12T12:18:44.341+0000] {processor.py:914} INFO - Processing file /home/airflow/.local/lib/python3.12/site-packages/airflow/example_dags/example_local_kubernetes_executor.py for tasks to queue
[2025-06-12T12:18:44.343+0000] {logging_mixin.py:190} INFO - [2025-06-12T12:18:44.343+0000] {dagbag.py:588} INFO - Filling up the DagBag from /home/airflow/.local/lib/python3.12/site-packages/airflow/example_dags/example_local_kubernetes_executor.py
[2025-06-12T12:18:44.351+0000] {processor.py:925} INFO - DAG(s) 'example_local_kubernetes_executor' retrieved from /home/airflow/.local/lib/python3.12/site-packages/airflow/example_dags/example_local_kubernetes_executor.py
[2025-06-12T12:18:44.368+0000] {logging_mixin.py:190} INFO - [2025-06-12T12:18:44.367+0000] {dag.py:3239} INFO - Sync 1 DAGs
[2025-06-12T12:18:44.379+0000] {logging_mixin.py:190} INFO - [2025-06-12T12:18:44.379+0000] {dag.py:4180} INFO - Setting next_dagrun for example_local_kubernetes_executor to None, run_after=None
[2025-06-12T12:18:44.403+0000] {processor.py:208} INFO - Processing /home/airflow/.local/lib/python3.12/site-packages/airflow/example_dags/example_local_kubernetes_executor.py took 0.068 seconds
[2025-06-12T12:19:14.934+0000] {processor.py:186} INFO - Started process (PID=5708) to work on /home/airflow/.local/lib/python3.12/site-packages/airflow/example_dags/example_local_kubernetes_executor.py
[2025-06-12T12:19:14.934+0000] {processor.py:914} INFO - Processing file /home/airflow/.local/lib/python3.12/site-packages/airflow/example_dags/example_local_kubernetes_executor.py for tasks to queue
[2025-06-12T12:19:14.936+0000] {logging_mixin.py:190} INFO - [2025-06-12T12:19:14.936+0000] {dagbag.py:588} INFO - Filling up the DagBag from /home/airflow/.local/lib/python3.12/site-packages/airflow/example_dags/example_local_kubernetes_executor.py
[2025-06-12T12:19:14.944+0000] {processor.py:925} INFO - DAG(s) 'example_local_kubernetes_executor' retrieved from /home/airflow/.local/lib/python3.12/site-packages/airflow/example_dags/example_local_kubernetes_executor.py
[2025-06-12T12:19:14.957+0000] {logging_mixin.py:190} INFO - [2025-06-12T12:19:14.957+0000] {dag.py:3239} INFO - Sync 1 DAGs
[2025-06-12T12:19:14.967+0000] {logging_mixin.py:190} INFO - [2025-06-12T12:19:14.967+0000] {dag.py:4180} INFO - Setting next_dagrun for example_local_kubernetes_executor to None, run_after=None
[2025-06-12T12:19:14.981+0000] {processor.py:208} INFO - Processing /home/airflow/.local/lib/python3.12/site-packages/airflow/example_dags/example_local_kubernetes_executor.py took 0.052 seconds
[2025-06-12T12:19:45.203+0000] {processor.py:186} INFO - Started process (PID=6004) to work on /home/airflow/.local/lib/python3.12/site-packages/airflow/example_dags/example_local_kubernetes_executor.py
[2025-06-12T12:19:45.203+0000] {processor.py:914} INFO - Processing file /home/airflow/.local/lib/python3.12/site-packages/airflow/example_dags/example_local_kubernetes_executor.py for tasks to queue
[2025-06-12T12:19:45.205+0000] {logging_mixin.py:190} INFO - [2025-06-12T12:19:45.205+0000] {dagbag.py:588} INFO - Filling up the DagBag from /home/airflow/.local/lib/python3.12/site-packages/airflow/example_dags/example_local_kubernetes_executor.py
[2025-06-12T12:19:45.212+0000] {processor.py:925} INFO - DAG(s) 'example_local_kubernetes_executor' retrieved from /home/airflow/.local/lib/python3.12/site-packages/airflow/example_dags/example_local_kubernetes_executor.py
[2025-06-12T12:19:45.226+0000] {logging_mixin.py:190} INFO - [2025-06-12T12:19:45.226+0000] {dag.py:3239} INFO - Sync 1 DAGs
[2025-06-12T12:19:45.237+0000] {logging_mixin.py:190} INFO - [2025-06-12T12:19:45.237+0000] {dag.py:4180} INFO - Setting next_dagrun for example_local_kubernetes_executor to None, run_after=None
[2025-06-12T12:19:45.251+0000] {processor.py:208} INFO - Processing /home/airflow/.local/lib/python3.12/site-packages/airflow/example_dags/example_local_kubernetes_executor.py took 0.053 seconds
