[2025-06-12T12:10:01.396+0000] {processor.py:186} INFO - Started process (PID=281) to work on /home/airflow/.local/lib/python3.12/site-packages/airflow/example_dags/example_xcomargs.py
[2025-06-12T12:10:01.397+0000] {processor.py:914} INFO - Processing file /home/airflow/.local/lib/python3.12/site-packages/airflow/example_dags/example_xcomargs.py for tasks to queue
[2025-06-12T12:10:01.399+0000] {logging_mixin.py:190} INFO - [2025-06-12T12:10:01.399+0000] {dagbag.py:588} INFO - Filling up the DagBag from /home/airflow/.local/lib/python3.12/site-packages/airflow/example_dags/example_xcomargs.py
[2025-06-12T12:10:01.407+0000] {processor.py:925} INFO - DAG(s) 'example_xcom_args_with_operators', 'example_xcom_args' retrieved from /home/airflow/.local/lib/python3.12/site-packages/airflow/example_dags/example_xcomargs.py
[2025-06-12T12:10:01.434+0000] {logging_mixin.py:190} INFO - [2025-06-12T12:10:01.434+0000] {dag.py:3239} INFO - Sync 2 DAGs
[2025-06-12T12:10:01.446+0000] {logging_mixin.py:190} INFO - [2025-06-12T12:10:01.445+0000] {dag.py:4180} INFO - Setting next_dagrun for example_xcom_args to None, run_after=None
[2025-06-12T12:10:01.449+0000] {logging_mixin.py:190} INFO - [2025-06-12T12:10:01.448+0000] {dag.py:4180} INFO - Setting next_dagrun for example_xcom_args_with_operators to None, run_after=None
[2025-06-12T12:10:01.461+0000] {processor.py:208} INFO - Processing /home/airflow/.local/lib/python3.12/site-packages/airflow/example_dags/example_xcomargs.py took 0.069 seconds
[2025-06-12T12:10:31.809+0000] {processor.py:186} INFO - Started process (PID=579) to work on /home/airflow/.local/lib/python3.12/site-packages/airflow/example_dags/example_xcomargs.py
[2025-06-12T12:10:31.810+0000] {processor.py:914} INFO - Processing file /home/airflow/.local/lib/python3.12/site-packages/airflow/example_dags/example_xcomargs.py for tasks to queue
[2025-06-12T12:10:31.812+0000] {logging_mixin.py:190} INFO - [2025-06-12T12:10:31.812+0000] {dagbag.py:588} INFO - Filling up the DagBag from /home/airflow/.local/lib/python3.12/site-packages/airflow/example_dags/example_xcomargs.py
[2025-06-12T12:10:31.821+0000] {processor.py:925} INFO - DAG(s) 'example_xcom_args', 'example_xcom_args_with_operators' retrieved from /home/airflow/.local/lib/python3.12/site-packages/airflow/example_dags/example_xcomargs.py
[2025-06-12T12:10:31.837+0000] {logging_mixin.py:190} INFO - [2025-06-12T12:10:31.837+0000] {dag.py:3239} INFO - Sync 2 DAGs
[2025-06-12T12:10:31.849+0000] {logging_mixin.py:190} INFO - [2025-06-12T12:10:31.849+0000] {dag.py:4180} INFO - Setting next_dagrun for example_xcom_args to None, run_after=None
[2025-06-12T12:10:31.853+0000] {logging_mixin.py:190} INFO - [2025-06-12T12:10:31.852+0000] {dag.py:4180} INFO - Setting next_dagrun for example_xcom_args_with_operators to None, run_after=None
[2025-06-12T12:10:31.865+0000] {processor.py:208} INFO - Processing /home/airflow/.local/lib/python3.12/site-packages/airflow/example_dags/example_xcomargs.py took 0.060 seconds
[2025-06-12T12:11:01.989+0000] {processor.py:186} INFO - Started process (PID=877) to work on /home/airflow/.local/lib/python3.12/site-packages/airflow/example_dags/example_xcomargs.py
[2025-06-12T12:11:01.990+0000] {processor.py:914} INFO - Processing file /home/airflow/.local/lib/python3.12/site-packages/airflow/example_dags/example_xcomargs.py for tasks to queue
[2025-06-12T12:11:01.992+0000] {logging_mixin.py:190} INFO - [2025-06-12T12:11:01.992+0000] {dagbag.py:588} INFO - Filling up the DagBag from /home/airflow/.local/lib/python3.12/site-packages/airflow/example_dags/example_xcomargs.py
[2025-06-12T12:11:02.000+0000] {processor.py:925} INFO - DAG(s) 'example_xcom_args_with_operators', 'example_xcom_args' retrieved from /home/airflow/.local/lib/python3.12/site-packages/airflow/example_dags/example_xcomargs.py
[2025-06-12T12:11:02.018+0000] {logging_mixin.py:190} INFO - [2025-06-12T12:11:02.018+0000] {dag.py:3239} INFO - Sync 2 DAGs
[2025-06-12T12:11:02.029+0000] {logging_mixin.py:190} INFO - [2025-06-12T12:11:02.029+0000] {dag.py:4180} INFO - Setting next_dagrun for example_xcom_args to None, run_after=None
[2025-06-12T12:11:02.032+0000] {logging_mixin.py:190} INFO - [2025-06-12T12:11:02.032+0000] {dag.py:4180} INFO - Setting next_dagrun for example_xcom_args_with_operators to None, run_after=None
[2025-06-12T12:11:02.043+0000] {processor.py:208} INFO - Processing /home/airflow/.local/lib/python3.12/site-packages/airflow/example_dags/example_xcomargs.py took 0.059 seconds
[2025-06-12T12:11:32.131+0000] {processor.py:186} INFO - Started process (PID=1171) to work on /home/airflow/.local/lib/python3.12/site-packages/airflow/example_dags/example_xcomargs.py
[2025-06-12T12:11:32.132+0000] {processor.py:914} INFO - Processing file /home/airflow/.local/lib/python3.12/site-packages/airflow/example_dags/example_xcomargs.py for tasks to queue
[2025-06-12T12:11:32.134+0000] {logging_mixin.py:190} INFO - [2025-06-12T12:11:32.134+0000] {dagbag.py:588} INFO - Filling up the DagBag from /home/airflow/.local/lib/python3.12/site-packages/airflow/example_dags/example_xcomargs.py
[2025-06-12T12:11:32.142+0000] {processor.py:925} INFO - DAG(s) 'example_xcom_args', 'example_xcom_args_with_operators' retrieved from /home/airflow/.local/lib/python3.12/site-packages/airflow/example_dags/example_xcomargs.py
[2025-06-12T12:11:32.159+0000] {logging_mixin.py:190} INFO - [2025-06-12T12:11:32.158+0000] {dag.py:3239} INFO - Sync 2 DAGs
[2025-06-12T12:11:32.169+0000] {logging_mixin.py:190} INFO - [2025-06-12T12:11:32.169+0000] {dag.py:4180} INFO - Setting next_dagrun for example_xcom_args to None, run_after=None
[2025-06-12T12:11:32.172+0000] {logging_mixin.py:190} INFO - [2025-06-12T12:11:32.172+0000] {dag.py:4180} INFO - Setting next_dagrun for example_xcom_args_with_operators to None, run_after=None
[2025-06-12T12:11:32.183+0000] {processor.py:208} INFO - Processing /home/airflow/.local/lib/python3.12/site-packages/airflow/example_dags/example_xcomargs.py took 0.057 seconds
[2025-06-12T12:12:02.325+0000] {processor.py:186} INFO - Started process (PID=1469) to work on /home/airflow/.local/lib/python3.12/site-packages/airflow/example_dags/example_xcomargs.py
[2025-06-12T12:12:02.326+0000] {processor.py:914} INFO - Processing file /home/airflow/.local/lib/python3.12/site-packages/airflow/example_dags/example_xcomargs.py for tasks to queue
[2025-06-12T12:12:02.328+0000] {logging_mixin.py:190} INFO - [2025-06-12T12:12:02.327+0000] {dagbag.py:588} INFO - Filling up the DagBag from /home/airflow/.local/lib/python3.12/site-packages/airflow/example_dags/example_xcomargs.py
[2025-06-12T12:12:02.335+0000] {processor.py:925} INFO - DAG(s) 'example_xcom_args', 'example_xcom_args_with_operators' retrieved from /home/airflow/.local/lib/python3.12/site-packages/airflow/example_dags/example_xcomargs.py
[2025-06-12T12:12:02.352+0000] {logging_mixin.py:190} INFO - [2025-06-12T12:12:02.352+0000] {dag.py:3239} INFO - Sync 2 DAGs
[2025-06-12T12:12:02.363+0000] {logging_mixin.py:190} INFO - [2025-06-12T12:12:02.363+0000] {dag.py:4180} INFO - Setting next_dagrun for example_xcom_args to None, run_after=None
[2025-06-12T12:12:02.366+0000] {logging_mixin.py:190} INFO - [2025-06-12T12:12:02.366+0000] {dag.py:4180} INFO - Setting next_dagrun for example_xcom_args_with_operators to None, run_after=None
[2025-06-12T12:12:02.377+0000] {processor.py:208} INFO - Processing /home/airflow/.local/lib/python3.12/site-packages/airflow/example_dags/example_xcomargs.py took 0.056 seconds
[2025-06-12T12:12:32.508+0000] {processor.py:186} INFO - Started process (PID=1765) to work on /home/airflow/.local/lib/python3.12/site-packages/airflow/example_dags/example_xcomargs.py
[2025-06-12T12:12:32.509+0000] {processor.py:914} INFO - Processing file /home/airflow/.local/lib/python3.12/site-packages/airflow/example_dags/example_xcomargs.py for tasks to queue
[2025-06-12T12:12:32.511+0000] {logging_mixin.py:190} INFO - [2025-06-12T12:12:32.511+0000] {dagbag.py:588} INFO - Filling up the DagBag from /home/airflow/.local/lib/python3.12/site-packages/airflow/example_dags/example_xcomargs.py
[2025-06-12T12:12:32.519+0000] {processor.py:925} INFO - DAG(s) 'example_xcom_args', 'example_xcom_args_with_operators' retrieved from /home/airflow/.local/lib/python3.12/site-packages/airflow/example_dags/example_xcomargs.py
[2025-06-12T12:12:32.536+0000] {logging_mixin.py:190} INFO - [2025-06-12T12:12:32.536+0000] {dag.py:3239} INFO - Sync 2 DAGs
[2025-06-12T12:12:32.547+0000] {logging_mixin.py:190} INFO - [2025-06-12T12:12:32.547+0000] {dag.py:4180} INFO - Setting next_dagrun for example_xcom_args to None, run_after=None
[2025-06-12T12:12:32.550+0000] {logging_mixin.py:190} INFO - [2025-06-12T12:12:32.550+0000] {dag.py:4180} INFO - Setting next_dagrun for example_xcom_args_with_operators to None, run_after=None
[2025-06-12T12:12:32.563+0000] {processor.py:208} INFO - Processing /home/airflow/.local/lib/python3.12/site-packages/airflow/example_dags/example_xcomargs.py took 0.059 seconds
[2025-06-12T12:13:02.633+0000] {processor.py:186} INFO - Started process (PID=2059) to work on /home/airflow/.local/lib/python3.12/site-packages/airflow/example_dags/example_xcomargs.py
[2025-06-12T12:13:02.634+0000] {processor.py:914} INFO - Processing file /home/airflow/.local/lib/python3.12/site-packages/airflow/example_dags/example_xcomargs.py for tasks to queue
[2025-06-12T12:13:02.635+0000] {logging_mixin.py:190} INFO - [2025-06-12T12:13:02.635+0000] {dagbag.py:588} INFO - Filling up the DagBag from /home/airflow/.local/lib/python3.12/site-packages/airflow/example_dags/example_xcomargs.py
[2025-06-12T12:13:02.643+0000] {processor.py:925} INFO - DAG(s) 'example_xcom_args_with_operators', 'example_xcom_args' retrieved from /home/airflow/.local/lib/python3.12/site-packages/airflow/example_dags/example_xcomargs.py
[2025-06-12T12:13:02.662+0000] {logging_mixin.py:190} INFO - [2025-06-12T12:13:02.661+0000] {dag.py:3239} INFO - Sync 2 DAGs
[2025-06-12T12:13:02.676+0000] {logging_mixin.py:190} INFO - [2025-06-12T12:13:02.676+0000] {dag.py:4180} INFO - Setting next_dagrun for example_xcom_args to None, run_after=None
[2025-06-12T12:13:02.679+0000] {logging_mixin.py:190} INFO - [2025-06-12T12:13:02.679+0000] {dag.py:4180} INFO - Setting next_dagrun for example_xcom_args_with_operators to None, run_after=None
[2025-06-12T12:13:02.698+0000] {processor.py:208} INFO - Processing /home/airflow/.local/lib/python3.12/site-packages/airflow/example_dags/example_xcomargs.py took 0.070 seconds
[2025-06-12T12:13:32.810+0000] {processor.py:186} INFO - Started process (PID=2355) to work on /home/airflow/.local/lib/python3.12/site-packages/airflow/example_dags/example_xcomargs.py
[2025-06-12T12:13:32.811+0000] {processor.py:914} INFO - Processing file /home/airflow/.local/lib/python3.12/site-packages/airflow/example_dags/example_xcomargs.py for tasks to queue
[2025-06-12T12:13:32.813+0000] {logging_mixin.py:190} INFO - [2025-06-12T12:13:32.813+0000] {dagbag.py:588} INFO - Filling up the DagBag from /home/airflow/.local/lib/python3.12/site-packages/airflow/example_dags/example_xcomargs.py
[2025-06-12T12:13:32.821+0000] {processor.py:925} INFO - DAG(s) 'example_xcom_args', 'example_xcom_args_with_operators' retrieved from /home/airflow/.local/lib/python3.12/site-packages/airflow/example_dags/example_xcomargs.py
[2025-06-12T12:13:32.837+0000] {logging_mixin.py:190} INFO - [2025-06-12T12:13:32.837+0000] {dag.py:3239} INFO - Sync 2 DAGs
[2025-06-12T12:13:32.848+0000] {logging_mixin.py:190} INFO - [2025-06-12T12:13:32.848+0000] {dag.py:4180} INFO - Setting next_dagrun for example_xcom_args to None, run_after=None
[2025-06-12T12:13:32.851+0000] {logging_mixin.py:190} INFO - [2025-06-12T12:13:32.850+0000] {dag.py:4180} INFO - Setting next_dagrun for example_xcom_args_with_operators to None, run_after=None
[2025-06-12T12:13:32.861+0000] {processor.py:208} INFO - Processing /home/airflow/.local/lib/python3.12/site-packages/airflow/example_dags/example_xcomargs.py took 0.055 seconds
[2025-06-12T12:14:03.620+0000] {processor.py:186} INFO - Started process (PID=2651) to work on /home/airflow/.local/lib/python3.12/site-packages/airflow/example_dags/example_xcomargs.py
[2025-06-12T12:14:03.621+0000] {processor.py:914} INFO - Processing file /home/airflow/.local/lib/python3.12/site-packages/airflow/example_dags/example_xcomargs.py for tasks to queue
[2025-06-12T12:14:03.623+0000] {logging_mixin.py:190} INFO - [2025-06-12T12:14:03.623+0000] {dagbag.py:588} INFO - Filling up the DagBag from /home/airflow/.local/lib/python3.12/site-packages/airflow/example_dags/example_xcomargs.py
[2025-06-12T12:14:03.632+0000] {processor.py:925} INFO - DAG(s) 'example_xcom_args_with_operators', 'example_xcom_args' retrieved from /home/airflow/.local/lib/python3.12/site-packages/airflow/example_dags/example_xcomargs.py
[2025-06-12T12:14:03.655+0000] {logging_mixin.py:190} INFO - [2025-06-12T12:14:03.654+0000] {dag.py:3239} INFO - Sync 2 DAGs
[2025-06-12T12:14:03.668+0000] {logging_mixin.py:190} INFO - [2025-06-12T12:14:03.668+0000] {dag.py:4180} INFO - Setting next_dagrun for example_xcom_args to None, run_after=None
[2025-06-12T12:14:03.672+0000] {logging_mixin.py:190} INFO - [2025-06-12T12:14:03.671+0000] {dag.py:4180} INFO - Setting next_dagrun for example_xcom_args_with_operators to None, run_after=None
[2025-06-12T12:14:03.687+0000] {processor.py:208} INFO - Processing /home/airflow/.local/lib/python3.12/site-packages/airflow/example_dags/example_xcomargs.py took 0.071 seconds
[2025-06-12T12:14:34.413+0000] {processor.py:186} INFO - Started process (PID=2947) to work on /home/airflow/.local/lib/python3.12/site-packages/airflow/example_dags/example_xcomargs.py
[2025-06-12T12:14:34.413+0000] {processor.py:914} INFO - Processing file /home/airflow/.local/lib/python3.12/site-packages/airflow/example_dags/example_xcomargs.py for tasks to queue
[2025-06-12T12:14:34.415+0000] {logging_mixin.py:190} INFO - [2025-06-12T12:14:34.415+0000] {dagbag.py:588} INFO - Filling up the DagBag from /home/airflow/.local/lib/python3.12/site-packages/airflow/example_dags/example_xcomargs.py
[2025-06-12T12:14:34.423+0000] {processor.py:925} INFO - DAG(s) 'example_xcom_args', 'example_xcom_args_with_operators' retrieved from /home/airflow/.local/lib/python3.12/site-packages/airflow/example_dags/example_xcomargs.py
[2025-06-12T12:14:34.439+0000] {logging_mixin.py:190} INFO - [2025-06-12T12:14:34.439+0000] {dag.py:3239} INFO - Sync 2 DAGs
[2025-06-12T12:14:34.450+0000] {logging_mixin.py:190} INFO - [2025-06-12T12:14:34.450+0000] {dag.py:4180} INFO - Setting next_dagrun for example_xcom_args to None, run_after=None
[2025-06-12T12:14:34.453+0000] {logging_mixin.py:190} INFO - [2025-06-12T12:14:34.453+0000] {dag.py:4180} INFO - Setting next_dagrun for example_xcom_args_with_operators to None, run_after=None
[2025-06-12T12:14:34.465+0000] {processor.py:208} INFO - Processing /home/airflow/.local/lib/python3.12/site-packages/airflow/example_dags/example_xcomargs.py took 0.057 seconds
[2025-06-12T12:15:05.200+0000] {processor.py:186} INFO - Started process (PID=3243) to work on /home/airflow/.local/lib/python3.12/site-packages/airflow/example_dags/example_xcomargs.py
[2025-06-12T12:15:05.202+0000] {processor.py:914} INFO - Processing file /home/airflow/.local/lib/python3.12/site-packages/airflow/example_dags/example_xcomargs.py for tasks to queue
[2025-06-12T12:15:05.203+0000] {logging_mixin.py:190} INFO - [2025-06-12T12:15:05.203+0000] {dagbag.py:588} INFO - Filling up the DagBag from /home/airflow/.local/lib/python3.12/site-packages/airflow/example_dags/example_xcomargs.py
[2025-06-12T12:15:05.213+0000] {processor.py:925} INFO - DAG(s) 'example_xcom_args', 'example_xcom_args_with_operators' retrieved from /home/airflow/.local/lib/python3.12/site-packages/airflow/example_dags/example_xcomargs.py
[2025-06-12T12:15:05.232+0000] {logging_mixin.py:190} INFO - [2025-06-12T12:15:05.232+0000] {dag.py:3239} INFO - Sync 2 DAGs
[2025-06-12T12:15:05.246+0000] {logging_mixin.py:190} INFO - [2025-06-12T12:15:05.246+0000] {dag.py:4180} INFO - Setting next_dagrun for example_xcom_args to None, run_after=None
[2025-06-12T12:15:05.249+0000] {logging_mixin.py:190} INFO - [2025-06-12T12:15:05.249+0000] {dag.py:4180} INFO - Setting next_dagrun for example_xcom_args_with_operators to None, run_after=None
[2025-06-12T12:15:05.263+0000] {processor.py:208} INFO - Processing /home/airflow/.local/lib/python3.12/site-packages/airflow/example_dags/example_xcomargs.py took 0.067 seconds
[2025-06-12T12:15:35.838+0000] {processor.py:186} INFO - Started process (PID=3539) to work on /home/airflow/.local/lib/python3.12/site-packages/airflow/example_dags/example_xcomargs.py
[2025-06-12T12:15:35.839+0000] {processor.py:914} INFO - Processing file /home/airflow/.local/lib/python3.12/site-packages/airflow/example_dags/example_xcomargs.py for tasks to queue
[2025-06-12T12:15:35.841+0000] {logging_mixin.py:190} INFO - [2025-06-12T12:15:35.841+0000] {dagbag.py:588} INFO - Filling up the DagBag from /home/airflow/.local/lib/python3.12/site-packages/airflow/example_dags/example_xcomargs.py
[2025-06-12T12:15:35.848+0000] {processor.py:925} INFO - DAG(s) 'example_xcom_args_with_operators', 'example_xcom_args' retrieved from /home/airflow/.local/lib/python3.12/site-packages/airflow/example_dags/example_xcomargs.py
[2025-06-12T12:15:35.865+0000] {logging_mixin.py:190} INFO - [2025-06-12T12:15:35.865+0000] {dag.py:3239} INFO - Sync 2 DAGs
[2025-06-12T12:15:35.876+0000] {logging_mixin.py:190} INFO - [2025-06-12T12:15:35.876+0000] {dag.py:4180} INFO - Setting next_dagrun for example_xcom_args to None, run_after=None
[2025-06-12T12:15:35.879+0000] {logging_mixin.py:190} INFO - [2025-06-12T12:15:35.879+0000] {dag.py:4180} INFO - Setting next_dagrun for example_xcom_args_with_operators to None, run_after=None
[2025-06-12T12:15:35.891+0000] {processor.py:208} INFO - Processing /home/airflow/.local/lib/python3.12/site-packages/airflow/example_dags/example_xcomargs.py took 0.057 seconds
[2025-06-12T12:16:06.199+0000] {processor.py:186} INFO - Started process (PID=3835) to work on /home/airflow/.local/lib/python3.12/site-packages/airflow/example_dags/example_xcomargs.py
[2025-06-12T12:16:06.199+0000] {processor.py:914} INFO - Processing file /home/airflow/.local/lib/python3.12/site-packages/airflow/example_dags/example_xcomargs.py for tasks to queue
[2025-06-12T12:16:06.201+0000] {logging_mixin.py:190} INFO - [2025-06-12T12:16:06.201+0000] {dagbag.py:588} INFO - Filling up the DagBag from /home/airflow/.local/lib/python3.12/site-packages/airflow/example_dags/example_xcomargs.py
[2025-06-12T12:16:06.209+0000] {processor.py:925} INFO - DAG(s) 'example_xcom_args_with_operators', 'example_xcom_args' retrieved from /home/airflow/.local/lib/python3.12/site-packages/airflow/example_dags/example_xcomargs.py
[2025-06-12T12:16:06.227+0000] {logging_mixin.py:190} INFO - [2025-06-12T12:16:06.227+0000] {dag.py:3239} INFO - Sync 2 DAGs
[2025-06-12T12:16:06.239+0000] {logging_mixin.py:190} INFO - [2025-06-12T12:16:06.239+0000] {dag.py:4180} INFO - Setting next_dagrun for example_xcom_args to None, run_after=None
[2025-06-12T12:16:06.243+0000] {logging_mixin.py:190} INFO - [2025-06-12T12:16:06.243+0000] {dag.py:4180} INFO - Setting next_dagrun for example_xcom_args_with_operators to None, run_after=None
[2025-06-12T12:16:06.256+0000] {processor.py:208} INFO - Processing /home/airflow/.local/lib/python3.12/site-packages/airflow/example_dags/example_xcomargs.py took 0.062 seconds
[2025-06-12T12:16:37.117+0000] {processor.py:186} INFO - Started process (PID=4131) to work on /home/airflow/.local/lib/python3.12/site-packages/airflow/example_dags/example_xcomargs.py
[2025-06-12T12:16:37.117+0000] {processor.py:914} INFO - Processing file /home/airflow/.local/lib/python3.12/site-packages/airflow/example_dags/example_xcomargs.py for tasks to queue
[2025-06-12T12:16:37.119+0000] {logging_mixin.py:190} INFO - [2025-06-12T12:16:37.119+0000] {dagbag.py:588} INFO - Filling up the DagBag from /home/airflow/.local/lib/python3.12/site-packages/airflow/example_dags/example_xcomargs.py
[2025-06-12T12:16:37.128+0000] {processor.py:925} INFO - DAG(s) 'example_xcom_args', 'example_xcom_args_with_operators' retrieved from /home/airflow/.local/lib/python3.12/site-packages/airflow/example_dags/example_xcomargs.py
[2025-06-12T12:16:37.145+0000] {logging_mixin.py:190} INFO - [2025-06-12T12:16:37.145+0000] {dag.py:3239} INFO - Sync 2 DAGs
[2025-06-12T12:16:37.157+0000] {logging_mixin.py:190} INFO - [2025-06-12T12:16:37.157+0000] {dag.py:4180} INFO - Setting next_dagrun for example_xcom_args to None, run_after=None
[2025-06-12T12:16:37.161+0000] {logging_mixin.py:190} INFO - [2025-06-12T12:16:37.160+0000] {dag.py:4180} INFO - Setting next_dagrun for example_xcom_args_with_operators to None, run_after=None
[2025-06-12T12:16:37.173+0000] {processor.py:208} INFO - Processing /home/airflow/.local/lib/python3.12/site-packages/airflow/example_dags/example_xcomargs.py took 0.061 seconds
[2025-06-12T12:17:07.674+0000] {processor.py:186} INFO - Started process (PID=4427) to work on /home/airflow/.local/lib/python3.12/site-packages/airflow/example_dags/example_xcomargs.py
[2025-06-12T12:17:07.674+0000] {processor.py:914} INFO - Processing file /home/airflow/.local/lib/python3.12/site-packages/airflow/example_dags/example_xcomargs.py for tasks to queue
[2025-06-12T12:17:07.676+0000] {logging_mixin.py:190} INFO - [2025-06-12T12:17:07.676+0000] {dagbag.py:588} INFO - Filling up the DagBag from /home/airflow/.local/lib/python3.12/site-packages/airflow/example_dags/example_xcomargs.py
[2025-06-12T12:17:07.685+0000] {processor.py:925} INFO - DAG(s) 'example_xcom_args_with_operators', 'example_xcom_args' retrieved from /home/airflow/.local/lib/python3.12/site-packages/airflow/example_dags/example_xcomargs.py
[2025-06-12T12:17:07.702+0000] {logging_mixin.py:190} INFO - [2025-06-12T12:17:07.702+0000] {dag.py:3239} INFO - Sync 2 DAGs
[2025-06-12T12:17:07.715+0000] {logging_mixin.py:190} INFO - [2025-06-12T12:17:07.715+0000] {dag.py:4180} INFO - Setting next_dagrun for example_xcom_args to None, run_after=None
[2025-06-12T12:17:07.718+0000] {logging_mixin.py:190} INFO - [2025-06-12T12:17:07.718+0000] {dag.py:4180} INFO - Setting next_dagrun for example_xcom_args_with_operators to None, run_after=None
[2025-06-12T12:17:07.731+0000] {processor.py:208} INFO - Processing /home/airflow/.local/lib/python3.12/site-packages/airflow/example_dags/example_xcomargs.py took 0.062 seconds
[2025-06-12T12:17:38.270+0000] {processor.py:186} INFO - Started process (PID=4723) to work on /home/airflow/.local/lib/python3.12/site-packages/airflow/example_dags/example_xcomargs.py
[2025-06-12T12:17:38.271+0000] {processor.py:914} INFO - Processing file /home/airflow/.local/lib/python3.12/site-packages/airflow/example_dags/example_xcomargs.py for tasks to queue
[2025-06-12T12:17:38.273+0000] {logging_mixin.py:190} INFO - [2025-06-12T12:17:38.273+0000] {dagbag.py:588} INFO - Filling up the DagBag from /home/airflow/.local/lib/python3.12/site-packages/airflow/example_dags/example_xcomargs.py
[2025-06-12T12:17:38.281+0000] {processor.py:925} INFO - DAG(s) 'example_xcom_args_with_operators', 'example_xcom_args' retrieved from /home/airflow/.local/lib/python3.12/site-packages/airflow/example_dags/example_xcomargs.py
[2025-06-12T12:17:38.298+0000] {logging_mixin.py:190} INFO - [2025-06-12T12:17:38.298+0000] {dag.py:3239} INFO - Sync 2 DAGs
[2025-06-12T12:17:38.310+0000] {logging_mixin.py:190} INFO - [2025-06-12T12:17:38.310+0000] {dag.py:4180} INFO - Setting next_dagrun for example_xcom_args to None, run_after=None
[2025-06-12T12:17:38.313+0000] {logging_mixin.py:190} INFO - [2025-06-12T12:17:38.313+0000] {dag.py:4180} INFO - Setting next_dagrun for example_xcom_args_with_operators to None, run_after=None
[2025-06-12T12:17:38.325+0000] {processor.py:208} INFO - Processing /home/airflow/.local/lib/python3.12/site-packages/airflow/example_dags/example_xcomargs.py took 0.059 seconds
[2025-06-12T12:18:08.811+0000] {processor.py:186} INFO - Started process (PID=5019) to work on /home/airflow/.local/lib/python3.12/site-packages/airflow/example_dags/example_xcomargs.py
[2025-06-12T12:18:08.811+0000] {processor.py:914} INFO - Processing file /home/airflow/.local/lib/python3.12/site-packages/airflow/example_dags/example_xcomargs.py for tasks to queue
[2025-06-12T12:18:08.813+0000] {logging_mixin.py:190} INFO - [2025-06-12T12:18:08.813+0000] {dagbag.py:588} INFO - Filling up the DagBag from /home/airflow/.local/lib/python3.12/site-packages/airflow/example_dags/example_xcomargs.py
[2025-06-12T12:18:08.822+0000] {processor.py:925} INFO - DAG(s) 'example_xcom_args', 'example_xcom_args_with_operators' retrieved from /home/airflow/.local/lib/python3.12/site-packages/airflow/example_dags/example_xcomargs.py
[2025-06-12T12:18:08.839+0000] {logging_mixin.py:190} INFO - [2025-06-12T12:18:08.839+0000] {dag.py:3239} INFO - Sync 2 DAGs
[2025-06-12T12:18:08.851+0000] {logging_mixin.py:190} INFO - [2025-06-12T12:18:08.850+0000] {dag.py:4180} INFO - Setting next_dagrun for example_xcom_args to None, run_after=None
[2025-06-12T12:18:08.854+0000] {logging_mixin.py:190} INFO - [2025-06-12T12:18:08.853+0000] {dag.py:4180} INFO - Setting next_dagrun for example_xcom_args_with_operators to None, run_after=None
[2025-06-12T12:18:08.866+0000] {processor.py:208} INFO - Processing /home/airflow/.local/lib/python3.12/site-packages/airflow/example_dags/example_xcomargs.py took 0.060 seconds
[2025-06-12T12:18:39.444+0000] {processor.py:186} INFO - Started process (PID=5315) to work on /home/airflow/.local/lib/python3.12/site-packages/airflow/example_dags/example_xcomargs.py
[2025-06-12T12:18:39.445+0000] {processor.py:914} INFO - Processing file /home/airflow/.local/lib/python3.12/site-packages/airflow/example_dags/example_xcomargs.py for tasks to queue
[2025-06-12T12:18:39.446+0000] {logging_mixin.py:190} INFO - [2025-06-12T12:18:39.446+0000] {dagbag.py:588} INFO - Filling up the DagBag from /home/airflow/.local/lib/python3.12/site-packages/airflow/example_dags/example_xcomargs.py
[2025-06-12T12:18:39.455+0000] {processor.py:925} INFO - DAG(s) 'example_xcom_args_with_operators', 'example_xcom_args' retrieved from /home/airflow/.local/lib/python3.12/site-packages/airflow/example_dags/example_xcomargs.py
[2025-06-12T12:18:39.472+0000] {logging_mixin.py:190} INFO - [2025-06-12T12:18:39.472+0000] {dag.py:3239} INFO - Sync 2 DAGs
[2025-06-12T12:18:39.483+0000] {logging_mixin.py:190} INFO - [2025-06-12T12:18:39.483+0000] {dag.py:4180} INFO - Setting next_dagrun for example_xcom_args to None, run_after=None
[2025-06-12T12:18:39.486+0000] {logging_mixin.py:190} INFO - [2025-06-12T12:18:39.486+0000] {dag.py:4180} INFO - Setting next_dagrun for example_xcom_args_with_operators to None, run_after=None
[2025-06-12T12:18:39.499+0000] {processor.py:208} INFO - Processing /home/airflow/.local/lib/python3.12/site-packages/airflow/example_dags/example_xcomargs.py took 0.060 seconds
[2025-06-12T12:19:10.089+0000] {processor.py:186} INFO - Started process (PID=5613) to work on /home/airflow/.local/lib/python3.12/site-packages/airflow/example_dags/example_xcomargs.py
[2025-06-12T12:19:10.089+0000] {processor.py:914} INFO - Processing file /home/airflow/.local/lib/python3.12/site-packages/airflow/example_dags/example_xcomargs.py for tasks to queue
[2025-06-12T12:19:10.091+0000] {logging_mixin.py:190} INFO - [2025-06-12T12:19:10.091+0000] {dagbag.py:588} INFO - Filling up the DagBag from /home/airflow/.local/lib/python3.12/site-packages/airflow/example_dags/example_xcomargs.py
[2025-06-12T12:19:10.099+0000] {processor.py:925} INFO - DAG(s) 'example_xcom_args', 'example_xcom_args_with_operators' retrieved from /home/airflow/.local/lib/python3.12/site-packages/airflow/example_dags/example_xcomargs.py
[2025-06-12T12:19:10.117+0000] {logging_mixin.py:190} INFO - [2025-06-12T12:19:10.117+0000] {dag.py:3239} INFO - Sync 2 DAGs
[2025-06-12T12:19:10.128+0000] {logging_mixin.py:190} INFO - [2025-06-12T12:19:10.128+0000] {dag.py:4180} INFO - Setting next_dagrun for example_xcom_args to None, run_after=None
[2025-06-12T12:19:10.131+0000] {logging_mixin.py:190} INFO - [2025-06-12T12:19:10.131+0000] {dag.py:4180} INFO - Setting next_dagrun for example_xcom_args_with_operators to None, run_after=None
[2025-06-12T12:19:10.143+0000] {processor.py:208} INFO - Processing /home/airflow/.local/lib/python3.12/site-packages/airflow/example_dags/example_xcomargs.py took 0.059 seconds
[2025-06-12T12:19:40.192+0000] {processor.py:186} INFO - Started process (PID=5907) to work on /home/airflow/.local/lib/python3.12/site-packages/airflow/example_dags/example_xcomargs.py
[2025-06-12T12:19:40.193+0000] {processor.py:914} INFO - Processing file /home/airflow/.local/lib/python3.12/site-packages/airflow/example_dags/example_xcomargs.py for tasks to queue
[2025-06-12T12:19:40.195+0000] {logging_mixin.py:190} INFO - [2025-06-12T12:19:40.195+0000] {dagbag.py:588} INFO - Filling up the DagBag from /home/airflow/.local/lib/python3.12/site-packages/airflow/example_dags/example_xcomargs.py
[2025-06-12T12:19:40.203+0000] {processor.py:925} INFO - DAG(s) 'example_xcom_args_with_operators', 'example_xcom_args' retrieved from /home/airflow/.local/lib/python3.12/site-packages/airflow/example_dags/example_xcomargs.py
[2025-06-12T12:19:40.219+0000] {logging_mixin.py:190} INFO - [2025-06-12T12:19:40.219+0000] {dag.py:3239} INFO - Sync 2 DAGs
[2025-06-12T12:19:40.230+0000] {logging_mixin.py:190} INFO - [2025-06-12T12:19:40.230+0000] {dag.py:4180} INFO - Setting next_dagrun for example_xcom_args to None, run_after=None
[2025-06-12T12:19:40.233+0000] {logging_mixin.py:190} INFO - [2025-06-12T12:19:40.233+0000] {dag.py:4180} INFO - Setting next_dagrun for example_xcom_args_with_operators to None, run_after=None
[2025-06-12T12:19:40.245+0000] {processor.py:208} INFO - Processing /home/airflow/.local/lib/python3.12/site-packages/airflow/example_dags/example_xcomargs.py took 0.058 seconds
