[2025-06-12T12:10:02.720+0000] {processor.py:186} INFO - Started process (PID=365) to work on /home/airflow/.local/lib/python3.12/site-packages/airflow/example_dags/example_branch_labels.py
[2025-06-12T12:10:02.721+0000] {processor.py:914} INFO - Processing file /home/airflow/.local/lib/python3.12/site-packages/airflow/example_dags/example_branch_labels.py for tasks to queue
[2025-06-12T12:10:02.722+0000] {logging_mixin.py:190} INFO - [2025-06-12T12:10:02.722+0000] {dagbag.py:588} INFO - Filling up the DagBag from /home/airflow/.local/lib/python3.12/site-packages/airflow/example_dags/example_branch_labels.py
[2025-06-12T12:10:02.731+0000] {processor.py:925} INFO - DAG(s) 'example_branch_labels' retrieved from /home/airflow/.local/lib/python3.12/site-packages/airflow/example_dags/example_branch_labels.py
[2025-06-12T12:10:02.747+0000] {logging_mixin.py:190} INFO - [2025-06-12T12:10:02.747+0000] {dag.py:3239} INFO - Sync 1 DAGs
[2025-06-12T12:10:02.766+0000] {logging_mixin.py:190} INFO - [2025-06-12T12:10:02.766+0000] {dag.py:4180} INFO - Setting next_dagrun for example_branch_labels to 2025-06-11 00:00:00+00:00, run_after=2025-06-12 00:00:00+00:00
[2025-06-12T12:10:02.779+0000] {processor.py:208} INFO - Processing /home/airflow/.local/lib/python3.12/site-packages/airflow/example_dags/example_branch_labels.py took 0.065 seconds
[2025-06-12T12:10:33.665+0000] {processor.py:186} INFO - Started process (PID=659) to work on /home/airflow/.local/lib/python3.12/site-packages/airflow/example_dags/example_branch_labels.py
[2025-06-12T12:10:33.666+0000] {processor.py:914} INFO - Processing file /home/airflow/.local/lib/python3.12/site-packages/airflow/example_dags/example_branch_labels.py for tasks to queue
[2025-06-12T12:10:33.667+0000] {logging_mixin.py:190} INFO - [2025-06-12T12:10:33.667+0000] {dagbag.py:588} INFO - Filling up the DagBag from /home/airflow/.local/lib/python3.12/site-packages/airflow/example_dags/example_branch_labels.py
[2025-06-12T12:10:33.675+0000] {processor.py:925} INFO - DAG(s) 'example_branch_labels' retrieved from /home/airflow/.local/lib/python3.12/site-packages/airflow/example_dags/example_branch_labels.py
[2025-06-12T12:10:33.692+0000] {logging_mixin.py:190} INFO - [2025-06-12T12:10:33.692+0000] {dag.py:3239} INFO - Sync 1 DAGs
[2025-06-12T12:10:33.713+0000] {logging_mixin.py:190} INFO - [2025-06-12T12:10:33.713+0000] {dag.py:4180} INFO - Setting next_dagrun for example_branch_labels to 2025-06-11 00:00:00+00:00, run_after=2025-06-12 00:00:00+00:00
[2025-06-12T12:10:33.730+0000] {processor.py:208} INFO - Processing /home/airflow/.local/lib/python3.12/site-packages/airflow/example_dags/example_branch_labels.py took 0.070 seconds
[2025-06-12T12:11:03.802+0000] {processor.py:186} INFO - Started process (PID=952) to work on /home/airflow/.local/lib/python3.12/site-packages/airflow/example_dags/example_branch_labels.py
[2025-06-12T12:11:03.803+0000] {processor.py:914} INFO - Processing file /home/airflow/.local/lib/python3.12/site-packages/airflow/example_dags/example_branch_labels.py for tasks to queue
[2025-06-12T12:11:03.805+0000] {logging_mixin.py:190} INFO - [2025-06-12T12:11:03.805+0000] {dagbag.py:588} INFO - Filling up the DagBag from /home/airflow/.local/lib/python3.12/site-packages/airflow/example_dags/example_branch_labels.py
[2025-06-12T12:11:03.812+0000] {processor.py:925} INFO - DAG(s) 'example_branch_labels' retrieved from /home/airflow/.local/lib/python3.12/site-packages/airflow/example_dags/example_branch_labels.py
[2025-06-12T12:11:03.826+0000] {logging_mixin.py:190} INFO - [2025-06-12T12:11:03.826+0000] {dag.py:3239} INFO - Sync 1 DAGs
[2025-06-12T12:11:03.846+0000] {logging_mixin.py:190} INFO - [2025-06-12T12:11:03.845+0000] {dag.py:4180} INFO - Setting next_dagrun for example_branch_labels to 2025-06-11 00:00:00+00:00, run_after=2025-06-12 00:00:00+00:00
[2025-06-12T12:11:03.858+0000] {processor.py:208} INFO - Processing /home/airflow/.local/lib/python3.12/site-packages/airflow/example_dags/example_branch_labels.py took 0.060 seconds
[2025-06-12T12:11:33.991+0000] {processor.py:186} INFO - Started process (PID=1248) to work on /home/airflow/.local/lib/python3.12/site-packages/airflow/example_dags/example_branch_labels.py
[2025-06-12T12:11:33.992+0000] {processor.py:914} INFO - Processing file /home/airflow/.local/lib/python3.12/site-packages/airflow/example_dags/example_branch_labels.py for tasks to queue
[2025-06-12T12:11:33.994+0000] {logging_mixin.py:190} INFO - [2025-06-12T12:11:33.994+0000] {dagbag.py:588} INFO - Filling up the DagBag from /home/airflow/.local/lib/python3.12/site-packages/airflow/example_dags/example_branch_labels.py
[2025-06-12T12:11:34.002+0000] {processor.py:925} INFO - DAG(s) 'example_branch_labels' retrieved from /home/airflow/.local/lib/python3.12/site-packages/airflow/example_dags/example_branch_labels.py
[2025-06-12T12:11:34.016+0000] {logging_mixin.py:190} INFO - [2025-06-12T12:11:34.016+0000] {dag.py:3239} INFO - Sync 1 DAGs
[2025-06-12T12:11:34.034+0000] {logging_mixin.py:190} INFO - [2025-06-12T12:11:34.034+0000] {dag.py:4180} INFO - Setting next_dagrun for example_branch_labels to 2025-06-11 00:00:00+00:00, run_after=2025-06-12 00:00:00+00:00
[2025-06-12T12:11:34.047+0000] {processor.py:208} INFO - Processing /home/airflow/.local/lib/python3.12/site-packages/airflow/example_dags/example_branch_labels.py took 0.060 seconds
[2025-06-12T12:12:04.119+0000] {processor.py:186} INFO - Started process (PID=1542) to work on /home/airflow/.local/lib/python3.12/site-packages/airflow/example_dags/example_branch_labels.py
[2025-06-12T12:12:04.120+0000] {processor.py:914} INFO - Processing file /home/airflow/.local/lib/python3.12/site-packages/airflow/example_dags/example_branch_labels.py for tasks to queue
[2025-06-12T12:12:04.121+0000] {logging_mixin.py:190} INFO - [2025-06-12T12:12:04.121+0000] {dagbag.py:588} INFO - Filling up the DagBag from /home/airflow/.local/lib/python3.12/site-packages/airflow/example_dags/example_branch_labels.py
[2025-06-12T12:12:04.129+0000] {processor.py:925} INFO - DAG(s) 'example_branch_labels' retrieved from /home/airflow/.local/lib/python3.12/site-packages/airflow/example_dags/example_branch_labels.py
[2025-06-12T12:12:04.142+0000] {logging_mixin.py:190} INFO - [2025-06-12T12:12:04.142+0000] {dag.py:3239} INFO - Sync 1 DAGs
[2025-06-12T12:12:04.160+0000] {logging_mixin.py:190} INFO - [2025-06-12T12:12:04.159+0000] {dag.py:4180} INFO - Setting next_dagrun for example_branch_labels to 2025-06-11 00:00:00+00:00, run_after=2025-06-12 00:00:00+00:00
[2025-06-12T12:12:04.173+0000] {processor.py:208} INFO - Processing /home/airflow/.local/lib/python3.12/site-packages/airflow/example_dags/example_branch_labels.py took 0.058 seconds
[2025-06-12T12:12:34.397+0000] {processor.py:186} INFO - Started process (PID=1838) to work on /home/airflow/.local/lib/python3.12/site-packages/airflow/example_dags/example_branch_labels.py
[2025-06-12T12:12:34.398+0000] {processor.py:914} INFO - Processing file /home/airflow/.local/lib/python3.12/site-packages/airflow/example_dags/example_branch_labels.py for tasks to queue
[2025-06-12T12:12:34.399+0000] {logging_mixin.py:190} INFO - [2025-06-12T12:12:34.399+0000] {dagbag.py:588} INFO - Filling up the DagBag from /home/airflow/.local/lib/python3.12/site-packages/airflow/example_dags/example_branch_labels.py
[2025-06-12T12:12:34.408+0000] {processor.py:925} INFO - DAG(s) 'example_branch_labels' retrieved from /home/airflow/.local/lib/python3.12/site-packages/airflow/example_dags/example_branch_labels.py
[2025-06-12T12:12:34.423+0000] {logging_mixin.py:190} INFO - [2025-06-12T12:12:34.423+0000] {dag.py:3239} INFO - Sync 1 DAGs
[2025-06-12T12:12:34.442+0000] {logging_mixin.py:190} INFO - [2025-06-12T12:12:34.441+0000] {dag.py:4180} INFO - Setting next_dagrun for example_branch_labels to 2025-06-11 00:00:00+00:00, run_after=2025-06-12 00:00:00+00:00
[2025-06-12T12:12:34.455+0000] {processor.py:208} INFO - Processing /home/airflow/.local/lib/python3.12/site-packages/airflow/example_dags/example_branch_labels.py took 0.062 seconds
[2025-06-12T12:13:05.397+0000] {processor.py:186} INFO - Started process (PID=2134) to work on /home/airflow/.local/lib/python3.12/site-packages/airflow/example_dags/example_branch_labels.py
[2025-06-12T12:13:05.398+0000] {processor.py:914} INFO - Processing file /home/airflow/.local/lib/python3.12/site-packages/airflow/example_dags/example_branch_labels.py for tasks to queue
[2025-06-12T12:13:05.400+0000] {logging_mixin.py:190} INFO - [2025-06-12T12:13:05.400+0000] {dagbag.py:588} INFO - Filling up the DagBag from /home/airflow/.local/lib/python3.12/site-packages/airflow/example_dags/example_branch_labels.py
[2025-06-12T12:13:05.410+0000] {processor.py:925} INFO - DAG(s) 'example_branch_labels' retrieved from /home/airflow/.local/lib/python3.12/site-packages/airflow/example_dags/example_branch_labels.py
[2025-06-12T12:13:05.425+0000] {logging_mixin.py:190} INFO - [2025-06-12T12:13:05.424+0000] {dag.py:3239} INFO - Sync 1 DAGs
[2025-06-12T12:13:05.443+0000] {logging_mixin.py:190} INFO - [2025-06-12T12:13:05.442+0000] {dag.py:4180} INFO - Setting next_dagrun for example_branch_labels to 2025-06-11 00:00:00+00:00, run_after=2025-06-12 00:00:00+00:00
[2025-06-12T12:13:05.455+0000] {processor.py:208} INFO - Processing /home/airflow/.local/lib/python3.12/site-packages/airflow/example_dags/example_branch_labels.py took 0.065 seconds
[2025-06-12T12:13:35.586+0000] {processor.py:186} INFO - Started process (PID=2430) to work on /home/airflow/.local/lib/python3.12/site-packages/airflow/example_dags/example_branch_labels.py
[2025-06-12T12:13:35.587+0000] {processor.py:914} INFO - Processing file /home/airflow/.local/lib/python3.12/site-packages/airflow/example_dags/example_branch_labels.py for tasks to queue
[2025-06-12T12:13:35.588+0000] {logging_mixin.py:190} INFO - [2025-06-12T12:13:35.588+0000] {dagbag.py:588} INFO - Filling up the DagBag from /home/airflow/.local/lib/python3.12/site-packages/airflow/example_dags/example_branch_labels.py
[2025-06-12T12:13:35.597+0000] {processor.py:925} INFO - DAG(s) 'example_branch_labels' retrieved from /home/airflow/.local/lib/python3.12/site-packages/airflow/example_dags/example_branch_labels.py
[2025-06-12T12:13:35.612+0000] {logging_mixin.py:190} INFO - [2025-06-12T12:13:35.612+0000] {dag.py:3239} INFO - Sync 1 DAGs
[2025-06-12T12:13:35.631+0000] {logging_mixin.py:190} INFO - [2025-06-12T12:13:35.631+0000] {dag.py:4180} INFO - Setting next_dagrun for example_branch_labels to 2025-06-11 00:00:00+00:00, run_after=2025-06-12 00:00:00+00:00
[2025-06-12T12:13:35.650+0000] {processor.py:208} INFO - Processing /home/airflow/.local/lib/python3.12/site-packages/airflow/example_dags/example_branch_labels.py took 0.069 seconds
[2025-06-12T12:14:06.396+0000] {processor.py:186} INFO - Started process (PID=2726) to work on /home/airflow/.local/lib/python3.12/site-packages/airflow/example_dags/example_branch_labels.py
[2025-06-12T12:14:06.396+0000] {processor.py:914} INFO - Processing file /home/airflow/.local/lib/python3.12/site-packages/airflow/example_dags/example_branch_labels.py for tasks to queue
[2025-06-12T12:14:06.398+0000] {logging_mixin.py:190} INFO - [2025-06-12T12:14:06.398+0000] {dagbag.py:588} INFO - Filling up the DagBag from /home/airflow/.local/lib/python3.12/site-packages/airflow/example_dags/example_branch_labels.py
[2025-06-12T12:14:06.406+0000] {processor.py:925} INFO - DAG(s) 'example_branch_labels' retrieved from /home/airflow/.local/lib/python3.12/site-packages/airflow/example_dags/example_branch_labels.py
[2025-06-12T12:14:06.424+0000] {logging_mixin.py:190} INFO - [2025-06-12T12:14:06.424+0000] {dag.py:3239} INFO - Sync 1 DAGs
[2025-06-12T12:14:06.445+0000] {logging_mixin.py:190} INFO - [2025-06-12T12:14:06.445+0000] {dag.py:4180} INFO - Setting next_dagrun for example_branch_labels to 2025-06-11 00:00:00+00:00, run_after=2025-06-12 00:00:00+00:00
[2025-06-12T12:14:06.460+0000] {processor.py:208} INFO - Processing /home/airflow/.local/lib/python3.12/site-packages/airflow/example_dags/example_branch_labels.py took 0.069 seconds
[2025-06-12T12:14:37.126+0000] {processor.py:186} INFO - Started process (PID=3022) to work on /home/airflow/.local/lib/python3.12/site-packages/airflow/example_dags/example_branch_labels.py
[2025-06-12T12:14:37.127+0000] {processor.py:914} INFO - Processing file /home/airflow/.local/lib/python3.12/site-packages/airflow/example_dags/example_branch_labels.py for tasks to queue
[2025-06-12T12:14:37.128+0000] {logging_mixin.py:190} INFO - [2025-06-12T12:14:37.128+0000] {dagbag.py:588} INFO - Filling up the DagBag from /home/airflow/.local/lib/python3.12/site-packages/airflow/example_dags/example_branch_labels.py
[2025-06-12T12:14:37.136+0000] {processor.py:925} INFO - DAG(s) 'example_branch_labels' retrieved from /home/airflow/.local/lib/python3.12/site-packages/airflow/example_dags/example_branch_labels.py
[2025-06-12T12:14:37.152+0000] {logging_mixin.py:190} INFO - [2025-06-12T12:14:37.152+0000] {dag.py:3239} INFO - Sync 1 DAGs
[2025-06-12T12:14:37.174+0000] {logging_mixin.py:190} INFO - [2025-06-12T12:14:37.174+0000] {dag.py:4180} INFO - Setting next_dagrun for example_branch_labels to 2025-06-11 00:00:00+00:00, run_after=2025-06-12 00:00:00+00:00
[2025-06-12T12:14:37.188+0000] {processor.py:208} INFO - Processing /home/airflow/.local/lib/python3.12/site-packages/airflow/example_dags/example_branch_labels.py took 0.067 seconds
[2025-06-12T12:15:07.933+0000] {processor.py:186} INFO - Started process (PID=3318) to work on /home/airflow/.local/lib/python3.12/site-packages/airflow/example_dags/example_branch_labels.py
[2025-06-12T12:15:07.933+0000] {processor.py:914} INFO - Processing file /home/airflow/.local/lib/python3.12/site-packages/airflow/example_dags/example_branch_labels.py for tasks to queue
[2025-06-12T12:15:07.935+0000] {logging_mixin.py:190} INFO - [2025-06-12T12:15:07.935+0000] {dagbag.py:588} INFO - Filling up the DagBag from /home/airflow/.local/lib/python3.12/site-packages/airflow/example_dags/example_branch_labels.py
[2025-06-12T12:15:07.943+0000] {processor.py:925} INFO - DAG(s) 'example_branch_labels' retrieved from /home/airflow/.local/lib/python3.12/site-packages/airflow/example_dags/example_branch_labels.py
[2025-06-12T12:15:07.957+0000] {logging_mixin.py:190} INFO - [2025-06-12T12:15:07.957+0000] {dag.py:3239} INFO - Sync 1 DAGs
[2025-06-12T12:15:07.976+0000] {logging_mixin.py:190} INFO - [2025-06-12T12:15:07.975+0000] {dag.py:4180} INFO - Setting next_dagrun for example_branch_labels to 2025-06-11 00:00:00+00:00, run_after=2025-06-12 00:00:00+00:00
[2025-06-12T12:15:07.987+0000] {processor.py:208} INFO - Processing /home/airflow/.local/lib/python3.12/site-packages/airflow/example_dags/example_branch_labels.py took 0.059 seconds
[2025-06-12T12:15:38.651+0000] {processor.py:186} INFO - Started process (PID=3616) to work on /home/airflow/.local/lib/python3.12/site-packages/airflow/example_dags/example_branch_labels.py
[2025-06-12T12:15:38.652+0000] {processor.py:914} INFO - Processing file /home/airflow/.local/lib/python3.12/site-packages/airflow/example_dags/example_branch_labels.py for tasks to queue
[2025-06-12T12:15:38.654+0000] {logging_mixin.py:190} INFO - [2025-06-12T12:15:38.654+0000] {dagbag.py:588} INFO - Filling up the DagBag from /home/airflow/.local/lib/python3.12/site-packages/airflow/example_dags/example_branch_labels.py
[2025-06-12T12:15:38.664+0000] {processor.py:925} INFO - DAG(s) 'example_branch_labels' retrieved from /home/airflow/.local/lib/python3.12/site-packages/airflow/example_dags/example_branch_labels.py
[2025-06-12T12:15:38.680+0000] {logging_mixin.py:190} INFO - [2025-06-12T12:15:38.679+0000] {dag.py:3239} INFO - Sync 1 DAGs
[2025-06-12T12:15:38.700+0000] {logging_mixin.py:190} INFO - [2025-06-12T12:15:38.700+0000] {dag.py:4180} INFO - Setting next_dagrun for example_branch_labels to 2025-06-11 00:00:00+00:00, run_after=2025-06-12 00:00:00+00:00
[2025-06-12T12:15:38.713+0000] {processor.py:208} INFO - Processing /home/airflow/.local/lib/python3.12/site-packages/airflow/example_dags/example_branch_labels.py took 0.068 seconds
[2025-06-12T12:16:08.931+0000] {processor.py:186} INFO - Started process (PID=3910) to work on /home/airflow/.local/lib/python3.12/site-packages/airflow/example_dags/example_branch_labels.py
[2025-06-12T12:16:08.932+0000] {processor.py:914} INFO - Processing file /home/airflow/.local/lib/python3.12/site-packages/airflow/example_dags/example_branch_labels.py for tasks to queue
[2025-06-12T12:16:08.933+0000] {logging_mixin.py:190} INFO - [2025-06-12T12:16:08.933+0000] {dagbag.py:588} INFO - Filling up the DagBag from /home/airflow/.local/lib/python3.12/site-packages/airflow/example_dags/example_branch_labels.py
[2025-06-12T12:16:08.941+0000] {processor.py:925} INFO - DAG(s) 'example_branch_labels' retrieved from /home/airflow/.local/lib/python3.12/site-packages/airflow/example_dags/example_branch_labels.py
[2025-06-12T12:16:08.964+0000] {logging_mixin.py:190} INFO - [2025-06-12T12:16:08.964+0000] {dag.py:3239} INFO - Sync 1 DAGs
[2025-06-12T12:16:08.990+0000] {logging_mixin.py:190} INFO - [2025-06-12T12:16:08.990+0000] {dag.py:4180} INFO - Setting next_dagrun for example_branch_labels to 2025-06-11 00:00:00+00:00, run_after=2025-06-12 00:00:00+00:00
[2025-06-12T12:16:09.003+0000] {processor.py:208} INFO - Processing /home/airflow/.local/lib/python3.12/site-packages/airflow/example_dags/example_branch_labels.py took 0.077 seconds
[2025-06-12T12:16:39.757+0000] {processor.py:186} INFO - Started process (PID=4206) to work on /home/airflow/.local/lib/python3.12/site-packages/airflow/example_dags/example_branch_labels.py
[2025-06-12T12:16:39.757+0000] {processor.py:914} INFO - Processing file /home/airflow/.local/lib/python3.12/site-packages/airflow/example_dags/example_branch_labels.py for tasks to queue
[2025-06-12T12:16:39.759+0000] {logging_mixin.py:190} INFO - [2025-06-12T12:16:39.759+0000] {dagbag.py:588} INFO - Filling up the DagBag from /home/airflow/.local/lib/python3.12/site-packages/airflow/example_dags/example_branch_labels.py
[2025-06-12T12:16:39.767+0000] {processor.py:925} INFO - DAG(s) 'example_branch_labels' retrieved from /home/airflow/.local/lib/python3.12/site-packages/airflow/example_dags/example_branch_labels.py
[2025-06-12T12:16:39.781+0000] {logging_mixin.py:190} INFO - [2025-06-12T12:16:39.781+0000] {dag.py:3239} INFO - Sync 1 DAGs
[2025-06-12T12:16:39.801+0000] {logging_mixin.py:190} INFO - [2025-06-12T12:16:39.801+0000] {dag.py:4180} INFO - Setting next_dagrun for example_branch_labels to 2025-06-11 00:00:00+00:00, run_after=2025-06-12 00:00:00+00:00
[2025-06-12T12:16:39.815+0000] {processor.py:208} INFO - Processing /home/airflow/.local/lib/python3.12/site-packages/airflow/example_dags/example_branch_labels.py took 0.062 seconds
[2025-06-12T12:17:10.307+0000] {processor.py:186} INFO - Started process (PID=4502) to work on /home/airflow/.local/lib/python3.12/site-packages/airflow/example_dags/example_branch_labels.py
[2025-06-12T12:17:10.308+0000] {processor.py:914} INFO - Processing file /home/airflow/.local/lib/python3.12/site-packages/airflow/example_dags/example_branch_labels.py for tasks to queue
[2025-06-12T12:17:10.309+0000] {logging_mixin.py:190} INFO - [2025-06-12T12:17:10.309+0000] {dagbag.py:588} INFO - Filling up the DagBag from /home/airflow/.local/lib/python3.12/site-packages/airflow/example_dags/example_branch_labels.py
[2025-06-12T12:17:10.317+0000] {processor.py:925} INFO - DAG(s) 'example_branch_labels' retrieved from /home/airflow/.local/lib/python3.12/site-packages/airflow/example_dags/example_branch_labels.py
[2025-06-12T12:17:10.331+0000] {logging_mixin.py:190} INFO - [2025-06-12T12:17:10.331+0000] {dag.py:3239} INFO - Sync 1 DAGs
[2025-06-12T12:17:10.349+0000] {logging_mixin.py:190} INFO - [2025-06-12T12:17:10.349+0000] {dag.py:4180} INFO - Setting next_dagrun for example_branch_labels to 2025-06-11 00:00:00+00:00, run_after=2025-06-12 00:00:00+00:00
[2025-06-12T12:17:10.362+0000] {processor.py:208} INFO - Processing /home/airflow/.local/lib/python3.12/site-packages/airflow/example_dags/example_branch_labels.py took 0.059 seconds
[2025-06-12T12:17:40.916+0000] {processor.py:186} INFO - Started process (PID=4798) to work on /home/airflow/.local/lib/python3.12/site-packages/airflow/example_dags/example_branch_labels.py
[2025-06-12T12:17:40.917+0000] {processor.py:914} INFO - Processing file /home/airflow/.local/lib/python3.12/site-packages/airflow/example_dags/example_branch_labels.py for tasks to queue
[2025-06-12T12:17:40.919+0000] {logging_mixin.py:190} INFO - [2025-06-12T12:17:40.919+0000] {dagbag.py:588} INFO - Filling up the DagBag from /home/airflow/.local/lib/python3.12/site-packages/airflow/example_dags/example_branch_labels.py
[2025-06-12T12:17:40.927+0000] {processor.py:925} INFO - DAG(s) 'example_branch_labels' retrieved from /home/airflow/.local/lib/python3.12/site-packages/airflow/example_dags/example_branch_labels.py
[2025-06-12T12:17:40.942+0000] {logging_mixin.py:190} INFO - [2025-06-12T12:17:40.942+0000] {dag.py:3239} INFO - Sync 1 DAGs
[2025-06-12T12:17:40.963+0000] {logging_mixin.py:190} INFO - [2025-06-12T12:17:40.963+0000] {dag.py:4180} INFO - Setting next_dagrun for example_branch_labels to 2025-06-11 00:00:00+00:00, run_after=2025-06-12 00:00:00+00:00
[2025-06-12T12:17:40.978+0000] {processor.py:208} INFO - Processing /home/airflow/.local/lib/python3.12/site-packages/airflow/example_dags/example_branch_labels.py took 0.067 seconds
[2025-06-12T12:18:11.441+0000] {processor.py:186} INFO - Started process (PID=5094) to work on /home/airflow/.local/lib/python3.12/site-packages/airflow/example_dags/example_branch_labels.py
[2025-06-12T12:18:11.442+0000] {processor.py:914} INFO - Processing file /home/airflow/.local/lib/python3.12/site-packages/airflow/example_dags/example_branch_labels.py for tasks to queue
[2025-06-12T12:18:11.444+0000] {logging_mixin.py:190} INFO - [2025-06-12T12:18:11.443+0000] {dagbag.py:588} INFO - Filling up the DagBag from /home/airflow/.local/lib/python3.12/site-packages/airflow/example_dags/example_branch_labels.py
[2025-06-12T12:18:11.451+0000] {processor.py:925} INFO - DAG(s) 'example_branch_labels' retrieved from /home/airflow/.local/lib/python3.12/site-packages/airflow/example_dags/example_branch_labels.py
[2025-06-12T12:18:11.466+0000] {logging_mixin.py:190} INFO - [2025-06-12T12:18:11.465+0000] {dag.py:3239} INFO - Sync 1 DAGs
[2025-06-12T12:18:11.484+0000] {logging_mixin.py:190} INFO - [2025-06-12T12:18:11.483+0000] {dag.py:4180} INFO - Setting next_dagrun for example_branch_labels to 2025-06-11 00:00:00+00:00, run_after=2025-06-12 00:00:00+00:00
[2025-06-12T12:18:11.497+0000] {processor.py:208} INFO - Processing /home/airflow/.local/lib/python3.12/site-packages/airflow/example_dags/example_branch_labels.py took 0.060 seconds
[2025-06-12T12:18:42.159+0000] {processor.py:186} INFO - Started process (PID=5390) to work on /home/airflow/.local/lib/python3.12/site-packages/airflow/example_dags/example_branch_labels.py
[2025-06-12T12:18:42.160+0000] {processor.py:914} INFO - Processing file /home/airflow/.local/lib/python3.12/site-packages/airflow/example_dags/example_branch_labels.py for tasks to queue
[2025-06-12T12:18:42.161+0000] {logging_mixin.py:190} INFO - [2025-06-12T12:18:42.161+0000] {dagbag.py:588} INFO - Filling up the DagBag from /home/airflow/.local/lib/python3.12/site-packages/airflow/example_dags/example_branch_labels.py
[2025-06-12T12:18:42.169+0000] {processor.py:925} INFO - DAG(s) 'example_branch_labels' retrieved from /home/airflow/.local/lib/python3.12/site-packages/airflow/example_dags/example_branch_labels.py
[2025-06-12T12:18:42.186+0000] {logging_mixin.py:190} INFO - [2025-06-12T12:18:42.186+0000] {dag.py:3239} INFO - Sync 1 DAGs
[2025-06-12T12:18:42.208+0000] {logging_mixin.py:190} INFO - [2025-06-12T12:18:42.207+0000] {dag.py:4180} INFO - Setting next_dagrun for example_branch_labels to 2025-06-11 00:00:00+00:00, run_after=2025-06-12 00:00:00+00:00
[2025-06-12T12:18:42.223+0000] {processor.py:208} INFO - Processing /home/airflow/.local/lib/python3.12/site-packages/airflow/example_dags/example_branch_labels.py took 0.069 seconds
[2025-06-12T12:19:12.762+0000] {processor.py:186} INFO - Started process (PID=5686) to work on /home/airflow/.local/lib/python3.12/site-packages/airflow/example_dags/example_branch_labels.py
[2025-06-12T12:19:12.763+0000] {processor.py:914} INFO - Processing file /home/airflow/.local/lib/python3.12/site-packages/airflow/example_dags/example_branch_labels.py for tasks to queue
[2025-06-12T12:19:12.765+0000] {logging_mixin.py:190} INFO - [2025-06-12T12:19:12.765+0000] {dagbag.py:588} INFO - Filling up the DagBag from /home/airflow/.local/lib/python3.12/site-packages/airflow/example_dags/example_branch_labels.py
[2025-06-12T12:19:12.773+0000] {processor.py:925} INFO - DAG(s) 'example_branch_labels' retrieved from /home/airflow/.local/lib/python3.12/site-packages/airflow/example_dags/example_branch_labels.py
[2025-06-12T12:19:12.787+0000] {logging_mixin.py:190} INFO - [2025-06-12T12:19:12.787+0000] {dag.py:3239} INFO - Sync 1 DAGs
[2025-06-12T12:19:12.806+0000] {logging_mixin.py:190} INFO - [2025-06-12T12:19:12.806+0000] {dag.py:4180} INFO - Setting next_dagrun for example_branch_labels to 2025-06-11 00:00:00+00:00, run_after=2025-06-12 00:00:00+00:00
[2025-06-12T12:19:12.820+0000] {processor.py:208} INFO - Processing /home/airflow/.local/lib/python3.12/site-packages/airflow/example_dags/example_branch_labels.py took 0.062 seconds
[2025-06-12T12:19:43.027+0000] {processor.py:186} INFO - Started process (PID=5982) to work on /home/airflow/.local/lib/python3.12/site-packages/airflow/example_dags/example_branch_labels.py
[2025-06-12T12:19:43.028+0000] {processor.py:914} INFO - Processing file /home/airflow/.local/lib/python3.12/site-packages/airflow/example_dags/example_branch_labels.py for tasks to queue
[2025-06-12T12:19:43.029+0000] {logging_mixin.py:190} INFO - [2025-06-12T12:19:43.029+0000] {dagbag.py:588} INFO - Filling up the DagBag from /home/airflow/.local/lib/python3.12/site-packages/airflow/example_dags/example_branch_labels.py
[2025-06-12T12:19:43.037+0000] {processor.py:925} INFO - DAG(s) 'example_branch_labels' retrieved from /home/airflow/.local/lib/python3.12/site-packages/airflow/example_dags/example_branch_labels.py
[2025-06-12T12:19:43.052+0000] {logging_mixin.py:190} INFO - [2025-06-12T12:19:43.052+0000] {dag.py:3239} INFO - Sync 1 DAGs
[2025-06-12T12:19:43.072+0000] {logging_mixin.py:190} INFO - [2025-06-12T12:19:43.071+0000] {dag.py:4180} INFO - Setting next_dagrun for example_branch_labels to 2025-06-11 00:00:00+00:00, run_after=2025-06-12 00:00:00+00:00
[2025-06-12T12:19:43.085+0000] {processor.py:208} INFO - Processing /home/airflow/.local/lib/python3.12/site-packages/airflow/example_dags/example_branch_labels.py took 0.063 seconds
