[2025-06-12T12:10:01.963+0000] {processor.py:186} INFO - Started process (PID=326) to work on /home/airflow/.local/lib/python3.12/site-packages/airflow/example_dags/example_skip_dag.py
[2025-06-12T12:10:01.964+0000] {processor.py:914} INFO - Processing file /home/airflow/.local/lib/python3.12/site-packages/airflow/example_dags/example_skip_dag.py for tasks to queue
[2025-06-12T12:10:01.966+0000] {logging_mixin.py:190} INFO - [2025-06-12T12:10:01.966+0000] {dagbag.py:588} INFO - Filling up the DagBag from /home/airflow/.local/lib/python3.12/site-packages/airflow/example_dags/example_skip_dag.py
[2025-06-12T12:10:01.972+0000] {processor.py:925} INFO - DAG(s) 'example_skip_dag' retrieved from /home/airflow/.local/lib/python3.12/site-packages/airflow/example_dags/example_skip_dag.py
[2025-06-12T12:10:01.992+0000] {logging_mixin.py:190} INFO - [2025-06-12T12:10:01.992+0000] {dag.py:3239} INFO - Sync 1 DAGs
[2025-06-12T12:10:02.010+0000] {logging_mixin.py:190} INFO - [2025-06-12T12:10:02.010+0000] {dag.py:4180} INFO - Setting next_dagrun for example_skip_dag to 2025-06-11 00:00:00+00:00, run_after=2025-06-12 00:00:00+00:00
[2025-06-12T12:10:02.025+0000] {processor.py:208} INFO - Processing /home/airflow/.local/lib/python3.12/site-packages/airflow/example_dags/example_skip_dag.py took 0.066 seconds
[2025-06-12T12:10:32.241+0000] {processor.py:186} INFO - Started process (PID=624) to work on /home/airflow/.local/lib/python3.12/site-packages/airflow/example_dags/example_skip_dag.py
[2025-06-12T12:10:32.241+0000] {processor.py:914} INFO - Processing file /home/airflow/.local/lib/python3.12/site-packages/airflow/example_dags/example_skip_dag.py for tasks to queue
[2025-06-12T12:10:32.243+0000] {logging_mixin.py:190} INFO - [2025-06-12T12:10:32.243+0000] {dagbag.py:588} INFO - Filling up the DagBag from /home/airflow/.local/lib/python3.12/site-packages/airflow/example_dags/example_skip_dag.py
[2025-06-12T12:10:32.249+0000] {processor.py:925} INFO - DAG(s) 'example_skip_dag' retrieved from /home/airflow/.local/lib/python3.12/site-packages/airflow/example_dags/example_skip_dag.py
[2025-06-12T12:10:32.264+0000] {logging_mixin.py:190} INFO - [2025-06-12T12:10:32.264+0000] {dag.py:3239} INFO - Sync 1 DAGs
[2025-06-12T12:10:32.282+0000] {logging_mixin.py:190} INFO - [2025-06-12T12:10:32.282+0000] {dag.py:4180} INFO - Setting next_dagrun for example_skip_dag to 2025-06-11 00:00:00+00:00, run_after=2025-06-12 00:00:00+00:00
[2025-06-12T12:10:32.299+0000] {processor.py:208} INFO - Processing /home/airflow/.local/lib/python3.12/site-packages/airflow/example_dags/example_skip_dag.py took 0.062 seconds
[2025-06-12T12:11:02.471+0000] {processor.py:186} INFO - Started process (PID=920) to work on /home/airflow/.local/lib/python3.12/site-packages/airflow/example_dags/example_skip_dag.py
[2025-06-12T12:11:02.472+0000] {processor.py:914} INFO - Processing file /home/airflow/.local/lib/python3.12/site-packages/airflow/example_dags/example_skip_dag.py for tasks to queue
[2025-06-12T12:11:02.474+0000] {logging_mixin.py:190} INFO - [2025-06-12T12:11:02.474+0000] {dagbag.py:588} INFO - Filling up the DagBag from /home/airflow/.local/lib/python3.12/site-packages/airflow/example_dags/example_skip_dag.py
[2025-06-12T12:11:02.480+0000] {processor.py:925} INFO - DAG(s) 'example_skip_dag' retrieved from /home/airflow/.local/lib/python3.12/site-packages/airflow/example_dags/example_skip_dag.py
[2025-06-12T12:11:02.498+0000] {logging_mixin.py:190} INFO - [2025-06-12T12:11:02.498+0000] {dag.py:3239} INFO - Sync 1 DAGs
[2025-06-12T12:11:02.516+0000] {logging_mixin.py:190} INFO - [2025-06-12T12:11:02.516+0000] {dag.py:4180} INFO - Setting next_dagrun for example_skip_dag to 2025-06-11 00:00:00+00:00, run_after=2025-06-12 00:00:00+00:00
[2025-06-12T12:11:02.530+0000] {processor.py:208} INFO - Processing /home/airflow/.local/lib/python3.12/site-packages/airflow/example_dags/example_skip_dag.py took 0.063 seconds
[2025-06-12T12:11:32.700+0000] {processor.py:186} INFO - Started process (PID=1218) to work on /home/airflow/.local/lib/python3.12/site-packages/airflow/example_dags/example_skip_dag.py
[2025-06-12T12:11:32.701+0000] {processor.py:914} INFO - Processing file /home/airflow/.local/lib/python3.12/site-packages/airflow/example_dags/example_skip_dag.py for tasks to queue
[2025-06-12T12:11:32.703+0000] {logging_mixin.py:190} INFO - [2025-06-12T12:11:32.703+0000] {dagbag.py:588} INFO - Filling up the DagBag from /home/airflow/.local/lib/python3.12/site-packages/airflow/example_dags/example_skip_dag.py
[2025-06-12T12:11:32.710+0000] {processor.py:925} INFO - DAG(s) 'example_skip_dag' retrieved from /home/airflow/.local/lib/python3.12/site-packages/airflow/example_dags/example_skip_dag.py
[2025-06-12T12:11:32.727+0000] {logging_mixin.py:190} INFO - [2025-06-12T12:11:32.727+0000] {dag.py:3239} INFO - Sync 1 DAGs
[2025-06-12T12:11:32.746+0000] {logging_mixin.py:190} INFO - [2025-06-12T12:11:32.746+0000] {dag.py:4180} INFO - Setting next_dagrun for example_skip_dag to 2025-06-11 00:00:00+00:00, run_after=2025-06-12 00:00:00+00:00
[2025-06-12T12:11:32.760+0000] {processor.py:208} INFO - Processing /home/airflow/.local/lib/python3.12/site-packages/airflow/example_dags/example_skip_dag.py took 0.069 seconds
[2025-06-12T12:12:03.802+0000] {processor.py:186} INFO - Started process (PID=1512) to work on /home/airflow/.local/lib/python3.12/site-packages/airflow/example_dags/example_skip_dag.py
[2025-06-12T12:12:03.802+0000] {processor.py:914} INFO - Processing file /home/airflow/.local/lib/python3.12/site-packages/airflow/example_dags/example_skip_dag.py for tasks to queue
[2025-06-12T12:12:03.804+0000] {logging_mixin.py:190} INFO - [2025-06-12T12:12:03.804+0000] {dagbag.py:588} INFO - Filling up the DagBag from /home/airflow/.local/lib/python3.12/site-packages/airflow/example_dags/example_skip_dag.py
[2025-06-12T12:12:03.810+0000] {processor.py:925} INFO - DAG(s) 'example_skip_dag' retrieved from /home/airflow/.local/lib/python3.12/site-packages/airflow/example_dags/example_skip_dag.py
[2025-06-12T12:12:03.826+0000] {logging_mixin.py:190} INFO - [2025-06-12T12:12:03.826+0000] {dag.py:3239} INFO - Sync 1 DAGs
[2025-06-12T12:12:03.843+0000] {logging_mixin.py:190} INFO - [2025-06-12T12:12:03.843+0000] {dag.py:4180} INFO - Setting next_dagrun for example_skip_dag to 2025-06-11 00:00:00+00:00, run_after=2025-06-12 00:00:00+00:00
[2025-06-12T12:12:03.856+0000] {processor.py:208} INFO - Processing /home/airflow/.local/lib/python3.12/site-packages/airflow/example_dags/example_skip_dag.py took 0.059 seconds
[2025-06-12T12:12:34.131+0000] {processor.py:186} INFO - Started process (PID=1808) to work on /home/airflow/.local/lib/python3.12/site-packages/airflow/example_dags/example_skip_dag.py
[2025-06-12T12:12:34.132+0000] {processor.py:914} INFO - Processing file /home/airflow/.local/lib/python3.12/site-packages/airflow/example_dags/example_skip_dag.py for tasks to queue
[2025-06-12T12:12:34.134+0000] {logging_mixin.py:190} INFO - [2025-06-12T12:12:34.134+0000] {dagbag.py:588} INFO - Filling up the DagBag from /home/airflow/.local/lib/python3.12/site-packages/airflow/example_dags/example_skip_dag.py
[2025-06-12T12:12:34.141+0000] {processor.py:925} INFO - DAG(s) 'example_skip_dag' retrieved from /home/airflow/.local/lib/python3.12/site-packages/airflow/example_dags/example_skip_dag.py
[2025-06-12T12:12:34.156+0000] {logging_mixin.py:190} INFO - [2025-06-12T12:12:34.156+0000] {dag.py:3239} INFO - Sync 1 DAGs
[2025-06-12T12:12:34.173+0000] {logging_mixin.py:190} INFO - [2025-06-12T12:12:34.173+0000] {dag.py:4180} INFO - Setting next_dagrun for example_skip_dag to 2025-06-11 00:00:00+00:00, run_after=2025-06-12 00:00:00+00:00
[2025-06-12T12:12:34.187+0000] {processor.py:208} INFO - Processing /home/airflow/.local/lib/python3.12/site-packages/airflow/example_dags/example_skip_dag.py took 0.060 seconds
[2025-06-12T12:13:05.101+0000] {processor.py:186} INFO - Started process (PID=2104) to work on /home/airflow/.local/lib/python3.12/site-packages/airflow/example_dags/example_skip_dag.py
[2025-06-12T12:13:05.102+0000] {processor.py:914} INFO - Processing file /home/airflow/.local/lib/python3.12/site-packages/airflow/example_dags/example_skip_dag.py for tasks to queue
[2025-06-12T12:13:05.104+0000] {logging_mixin.py:190} INFO - [2025-06-12T12:13:05.104+0000] {dagbag.py:588} INFO - Filling up the DagBag from /home/airflow/.local/lib/python3.12/site-packages/airflow/example_dags/example_skip_dag.py
[2025-06-12T12:13:05.110+0000] {processor.py:925} INFO - DAG(s) 'example_skip_dag' retrieved from /home/airflow/.local/lib/python3.12/site-packages/airflow/example_dags/example_skip_dag.py
[2025-06-12T12:13:05.125+0000] {logging_mixin.py:190} INFO - [2025-06-12T12:13:05.125+0000] {dag.py:3239} INFO - Sync 1 DAGs
[2025-06-12T12:13:05.142+0000] {logging_mixin.py:190} INFO - [2025-06-12T12:13:05.142+0000] {dag.py:4180} INFO - Setting next_dagrun for example_skip_dag to 2025-06-11 00:00:00+00:00, run_after=2025-06-12 00:00:00+00:00
[2025-06-12T12:13:05.154+0000] {processor.py:208} INFO - Processing /home/airflow/.local/lib/python3.12/site-packages/airflow/example_dags/example_skip_dag.py took 0.057 seconds
[2025-06-12T12:13:35.219+0000] {processor.py:186} INFO - Started process (PID=2397) to work on /home/airflow/.local/lib/python3.12/site-packages/airflow/example_dags/example_skip_dag.py
[2025-06-12T12:13:35.220+0000] {processor.py:914} INFO - Processing file /home/airflow/.local/lib/python3.12/site-packages/airflow/example_dags/example_skip_dag.py for tasks to queue
[2025-06-12T12:13:35.222+0000] {logging_mixin.py:190} INFO - [2025-06-12T12:13:35.222+0000] {dagbag.py:588} INFO - Filling up the DagBag from /home/airflow/.local/lib/python3.12/site-packages/airflow/example_dags/example_skip_dag.py
[2025-06-12T12:13:35.228+0000] {processor.py:925} INFO - DAG(s) 'example_skip_dag' retrieved from /home/airflow/.local/lib/python3.12/site-packages/airflow/example_dags/example_skip_dag.py
[2025-06-12T12:13:35.243+0000] {logging_mixin.py:190} INFO - [2025-06-12T12:13:35.243+0000] {dag.py:3239} INFO - Sync 1 DAGs
[2025-06-12T12:13:35.260+0000] {logging_mixin.py:190} INFO - [2025-06-12T12:13:35.260+0000] {dag.py:4180} INFO - Setting next_dagrun for example_skip_dag to 2025-06-11 00:00:00+00:00, run_after=2025-06-12 00:00:00+00:00
[2025-06-12T12:13:35.272+0000] {processor.py:208} INFO - Processing /home/airflow/.local/lib/python3.12/site-packages/airflow/example_dags/example_skip_dag.py took 0.057 seconds
[2025-06-12T12:14:06.083+0000] {processor.py:186} INFO - Started process (PID=2696) to work on /home/airflow/.local/lib/python3.12/site-packages/airflow/example_dags/example_skip_dag.py
[2025-06-12T12:14:06.084+0000] {processor.py:914} INFO - Processing file /home/airflow/.local/lib/python3.12/site-packages/airflow/example_dags/example_skip_dag.py for tasks to queue
[2025-06-12T12:14:06.085+0000] {logging_mixin.py:190} INFO - [2025-06-12T12:14:06.085+0000] {dagbag.py:588} INFO - Filling up the DagBag from /home/airflow/.local/lib/python3.12/site-packages/airflow/example_dags/example_skip_dag.py
[2025-06-12T12:14:06.092+0000] {processor.py:925} INFO - DAG(s) 'example_skip_dag' retrieved from /home/airflow/.local/lib/python3.12/site-packages/airflow/example_dags/example_skip_dag.py
[2025-06-12T12:14:06.108+0000] {logging_mixin.py:190} INFO - [2025-06-12T12:14:06.108+0000] {dag.py:3239} INFO - Sync 1 DAGs
[2025-06-12T12:14:06.127+0000] {logging_mixin.py:190} INFO - [2025-06-12T12:14:06.126+0000] {dag.py:4180} INFO - Setting next_dagrun for example_skip_dag to 2025-06-11 00:00:00+00:00, run_after=2025-06-12 00:00:00+00:00
[2025-06-12T12:14:06.141+0000] {processor.py:208} INFO - Processing /home/airflow/.local/lib/python3.12/site-packages/airflow/example_dags/example_skip_dag.py took 0.063 seconds
[2025-06-12T12:14:36.824+0000] {processor.py:186} INFO - Started process (PID=2992) to work on /home/airflow/.local/lib/python3.12/site-packages/airflow/example_dags/example_skip_dag.py
[2025-06-12T12:14:36.825+0000] {processor.py:914} INFO - Processing file /home/airflow/.local/lib/python3.12/site-packages/airflow/example_dags/example_skip_dag.py for tasks to queue
[2025-06-12T12:14:36.827+0000] {logging_mixin.py:190} INFO - [2025-06-12T12:14:36.827+0000] {dagbag.py:588} INFO - Filling up the DagBag from /home/airflow/.local/lib/python3.12/site-packages/airflow/example_dags/example_skip_dag.py
[2025-06-12T12:14:36.833+0000] {processor.py:925} INFO - DAG(s) 'example_skip_dag' retrieved from /home/airflow/.local/lib/python3.12/site-packages/airflow/example_dags/example_skip_dag.py
[2025-06-12T12:14:36.849+0000] {logging_mixin.py:190} INFO - [2025-06-12T12:14:36.849+0000] {dag.py:3239} INFO - Sync 1 DAGs
[2025-06-12T12:14:36.867+0000] {logging_mixin.py:190} INFO - [2025-06-12T12:14:36.867+0000] {dag.py:4180} INFO - Setting next_dagrun for example_skip_dag to 2025-06-11 00:00:00+00:00, run_after=2025-06-12 00:00:00+00:00
[2025-06-12T12:14:36.880+0000] {processor.py:208} INFO - Processing /home/airflow/.local/lib/python3.12/site-packages/airflow/example_dags/example_skip_dag.py took 0.060 seconds
[2025-06-12T12:15:07.646+0000] {processor.py:186} INFO - Started process (PID=3288) to work on /home/airflow/.local/lib/python3.12/site-packages/airflow/example_dags/example_skip_dag.py
[2025-06-12T12:15:07.647+0000] {processor.py:914} INFO - Processing file /home/airflow/.local/lib/python3.12/site-packages/airflow/example_dags/example_skip_dag.py for tasks to queue
[2025-06-12T12:15:07.649+0000] {logging_mixin.py:190} INFO - [2025-06-12T12:15:07.648+0000] {dagbag.py:588} INFO - Filling up the DagBag from /home/airflow/.local/lib/python3.12/site-packages/airflow/example_dags/example_skip_dag.py
[2025-06-12T12:15:07.655+0000] {processor.py:925} INFO - DAG(s) 'example_skip_dag' retrieved from /home/airflow/.local/lib/python3.12/site-packages/airflow/example_dags/example_skip_dag.py
[2025-06-12T12:15:07.674+0000] {logging_mixin.py:190} INFO - [2025-06-12T12:15:07.673+0000] {dag.py:3239} INFO - Sync 1 DAGs
[2025-06-12T12:15:07.691+0000] {logging_mixin.py:190} INFO - [2025-06-12T12:15:07.691+0000] {dag.py:4180} INFO - Setting next_dagrun for example_skip_dag to 2025-06-11 00:00:00+00:00, run_after=2025-06-12 00:00:00+00:00
[2025-06-12T12:15:07.704+0000] {processor.py:208} INFO - Processing /home/airflow/.local/lib/python3.12/site-packages/airflow/example_dags/example_skip_dag.py took 0.063 seconds
[2025-06-12T12:15:38.290+0000] {processor.py:186} INFO - Started process (PID=3584) to work on /home/airflow/.local/lib/python3.12/site-packages/airflow/example_dags/example_skip_dag.py
[2025-06-12T12:15:38.291+0000] {processor.py:914} INFO - Processing file /home/airflow/.local/lib/python3.12/site-packages/airflow/example_dags/example_skip_dag.py for tasks to queue
[2025-06-12T12:15:38.293+0000] {logging_mixin.py:190} INFO - [2025-06-12T12:15:38.293+0000] {dagbag.py:588} INFO - Filling up the DagBag from /home/airflow/.local/lib/python3.12/site-packages/airflow/example_dags/example_skip_dag.py
[2025-06-12T12:15:38.299+0000] {processor.py:925} INFO - DAG(s) 'example_skip_dag' retrieved from /home/airflow/.local/lib/python3.12/site-packages/airflow/example_dags/example_skip_dag.py
[2025-06-12T12:15:38.317+0000] {logging_mixin.py:190} INFO - [2025-06-12T12:15:38.317+0000] {dag.py:3239} INFO - Sync 1 DAGs
[2025-06-12T12:15:38.336+0000] {logging_mixin.py:190} INFO - [2025-06-12T12:15:38.336+0000] {dag.py:4180} INFO - Setting next_dagrun for example_skip_dag to 2025-06-11 00:00:00+00:00, run_after=2025-06-12 00:00:00+00:00
[2025-06-12T12:15:38.352+0000] {processor.py:208} INFO - Processing /home/airflow/.local/lib/python3.12/site-packages/airflow/example_dags/example_skip_dag.py took 0.066 seconds
[2025-06-12T12:16:08.639+0000] {processor.py:186} INFO - Started process (PID=3880) to work on /home/airflow/.local/lib/python3.12/site-packages/airflow/example_dags/example_skip_dag.py
[2025-06-12T12:16:08.640+0000] {processor.py:914} INFO - Processing file /home/airflow/.local/lib/python3.12/site-packages/airflow/example_dags/example_skip_dag.py for tasks to queue
[2025-06-12T12:16:08.642+0000] {logging_mixin.py:190} INFO - [2025-06-12T12:16:08.642+0000] {dagbag.py:588} INFO - Filling up the DagBag from /home/airflow/.local/lib/python3.12/site-packages/airflow/example_dags/example_skip_dag.py
[2025-06-12T12:16:08.648+0000] {processor.py:925} INFO - DAG(s) 'example_skip_dag' retrieved from /home/airflow/.local/lib/python3.12/site-packages/airflow/example_dags/example_skip_dag.py
[2025-06-12T12:16:08.664+0000] {logging_mixin.py:190} INFO - [2025-06-12T12:16:08.663+0000] {dag.py:3239} INFO - Sync 1 DAGs
[2025-06-12T12:16:08.681+0000] {logging_mixin.py:190} INFO - [2025-06-12T12:16:08.681+0000] {dag.py:4180} INFO - Setting next_dagrun for example_skip_dag to 2025-06-11 00:00:00+00:00, run_after=2025-06-12 00:00:00+00:00
[2025-06-12T12:16:08.695+0000] {processor.py:208} INFO - Processing /home/airflow/.local/lib/python3.12/site-packages/airflow/example_dags/example_skip_dag.py took 0.060 seconds
[2025-06-12T12:16:39.466+0000] {processor.py:186} INFO - Started process (PID=4176) to work on /home/airflow/.local/lib/python3.12/site-packages/airflow/example_dags/example_skip_dag.py
[2025-06-12T12:16:39.467+0000] {processor.py:914} INFO - Processing file /home/airflow/.local/lib/python3.12/site-packages/airflow/example_dags/example_skip_dag.py for tasks to queue
[2025-06-12T12:16:39.469+0000] {logging_mixin.py:190} INFO - [2025-06-12T12:16:39.469+0000] {dagbag.py:588} INFO - Filling up the DagBag from /home/airflow/.local/lib/python3.12/site-packages/airflow/example_dags/example_skip_dag.py
[2025-06-12T12:16:39.475+0000] {processor.py:925} INFO - DAG(s) 'example_skip_dag' retrieved from /home/airflow/.local/lib/python3.12/site-packages/airflow/example_dags/example_skip_dag.py
[2025-06-12T12:16:39.492+0000] {logging_mixin.py:190} INFO - [2025-06-12T12:16:39.492+0000] {dag.py:3239} INFO - Sync 1 DAGs
[2025-06-12T12:16:39.512+0000] {logging_mixin.py:190} INFO - [2025-06-12T12:16:39.512+0000] {dag.py:4180} INFO - Setting next_dagrun for example_skip_dag to 2025-06-11 00:00:00+00:00, run_after=2025-06-12 00:00:00+00:00
[2025-06-12T12:16:39.527+0000] {processor.py:208} INFO - Processing /home/airflow/.local/lib/python3.12/site-packages/airflow/example_dags/example_skip_dag.py took 0.065 seconds
[2025-06-12T12:17:10.032+0000] {processor.py:186} INFO - Started process (PID=4472) to work on /home/airflow/.local/lib/python3.12/site-packages/airflow/example_dags/example_skip_dag.py
[2025-06-12T12:17:10.033+0000] {processor.py:914} INFO - Processing file /home/airflow/.local/lib/python3.12/site-packages/airflow/example_dags/example_skip_dag.py for tasks to queue
[2025-06-12T12:17:10.034+0000] {logging_mixin.py:190} INFO - [2025-06-12T12:17:10.034+0000] {dagbag.py:588} INFO - Filling up the DagBag from /home/airflow/.local/lib/python3.12/site-packages/airflow/example_dags/example_skip_dag.py
[2025-06-12T12:17:10.040+0000] {processor.py:925} INFO - DAG(s) 'example_skip_dag' retrieved from /home/airflow/.local/lib/python3.12/site-packages/airflow/example_dags/example_skip_dag.py
[2025-06-12T12:17:10.055+0000] {logging_mixin.py:190} INFO - [2025-06-12T12:17:10.055+0000] {dag.py:3239} INFO - Sync 1 DAGs
[2025-06-12T12:17:10.072+0000] {logging_mixin.py:190} INFO - [2025-06-12T12:17:10.072+0000] {dag.py:4180} INFO - Setting next_dagrun for example_skip_dag to 2025-06-11 00:00:00+00:00, run_after=2025-06-12 00:00:00+00:00
[2025-06-12T12:17:10.085+0000] {processor.py:208} INFO - Processing /home/airflow/.local/lib/python3.12/site-packages/airflow/example_dags/example_skip_dag.py took 0.058 seconds
[2025-06-12T12:17:40.619+0000] {processor.py:186} INFO - Started process (PID=4768) to work on /home/airflow/.local/lib/python3.12/site-packages/airflow/example_dags/example_skip_dag.py
[2025-06-12T12:17:40.620+0000] {processor.py:914} INFO - Processing file /home/airflow/.local/lib/python3.12/site-packages/airflow/example_dags/example_skip_dag.py for tasks to queue
[2025-06-12T12:17:40.621+0000] {logging_mixin.py:190} INFO - [2025-06-12T12:17:40.621+0000] {dagbag.py:588} INFO - Filling up the DagBag from /home/airflow/.local/lib/python3.12/site-packages/airflow/example_dags/example_skip_dag.py
[2025-06-12T12:17:40.628+0000] {processor.py:925} INFO - DAG(s) 'example_skip_dag' retrieved from /home/airflow/.local/lib/python3.12/site-packages/airflow/example_dags/example_skip_dag.py
[2025-06-12T12:17:40.644+0000] {logging_mixin.py:190} INFO - [2025-06-12T12:17:40.644+0000] {dag.py:3239} INFO - Sync 1 DAGs
[2025-06-12T12:17:40.662+0000] {logging_mixin.py:190} INFO - [2025-06-12T12:17:40.661+0000] {dag.py:4180} INFO - Setting next_dagrun for example_skip_dag to 2025-06-11 00:00:00+00:00, run_after=2025-06-12 00:00:00+00:00
[2025-06-12T12:17:40.677+0000] {processor.py:208} INFO - Processing /home/airflow/.local/lib/python3.12/site-packages/airflow/example_dags/example_skip_dag.py took 0.062 seconds
[2025-06-12T12:18:11.156+0000] {processor.py:186} INFO - Started process (PID=5064) to work on /home/airflow/.local/lib/python3.12/site-packages/airflow/example_dags/example_skip_dag.py
[2025-06-12T12:18:11.157+0000] {processor.py:914} INFO - Processing file /home/airflow/.local/lib/python3.12/site-packages/airflow/example_dags/example_skip_dag.py for tasks to queue
[2025-06-12T12:18:11.159+0000] {logging_mixin.py:190} INFO - [2025-06-12T12:18:11.159+0000] {dagbag.py:588} INFO - Filling up the DagBag from /home/airflow/.local/lib/python3.12/site-packages/airflow/example_dags/example_skip_dag.py
[2025-06-12T12:18:11.165+0000] {processor.py:925} INFO - DAG(s) 'example_skip_dag' retrieved from /home/airflow/.local/lib/python3.12/site-packages/airflow/example_dags/example_skip_dag.py
[2025-06-12T12:18:11.179+0000] {logging_mixin.py:190} INFO - [2025-06-12T12:18:11.179+0000] {dag.py:3239} INFO - Sync 1 DAGs
[2025-06-12T12:18:11.196+0000] {logging_mixin.py:190} INFO - [2025-06-12T12:18:11.196+0000] {dag.py:4180} INFO - Setting next_dagrun for example_skip_dag to 2025-06-11 00:00:00+00:00, run_after=2025-06-12 00:00:00+00:00
[2025-06-12T12:18:11.209+0000] {processor.py:208} INFO - Processing /home/airflow/.local/lib/python3.12/site-packages/airflow/example_dags/example_skip_dag.py took 0.057 seconds
[2025-06-12T12:18:41.842+0000] {processor.py:186} INFO - Started process (PID=5360) to work on /home/airflow/.local/lib/python3.12/site-packages/airflow/example_dags/example_skip_dag.py
[2025-06-12T12:18:41.842+0000] {processor.py:914} INFO - Processing file /home/airflow/.local/lib/python3.12/site-packages/airflow/example_dags/example_skip_dag.py for tasks to queue
[2025-06-12T12:18:41.844+0000] {logging_mixin.py:190} INFO - [2025-06-12T12:18:41.844+0000] {dagbag.py:588} INFO - Filling up the DagBag from /home/airflow/.local/lib/python3.12/site-packages/airflow/example_dags/example_skip_dag.py
[2025-06-12T12:18:41.851+0000] {processor.py:925} INFO - DAG(s) 'example_skip_dag' retrieved from /home/airflow/.local/lib/python3.12/site-packages/airflow/example_dags/example_skip_dag.py
[2025-06-12T12:18:41.870+0000] {logging_mixin.py:190} INFO - [2025-06-12T12:18:41.869+0000] {dag.py:3239} INFO - Sync 1 DAGs
[2025-06-12T12:18:41.889+0000] {logging_mixin.py:190} INFO - [2025-06-12T12:18:41.889+0000] {dag.py:4180} INFO - Setting next_dagrun for example_skip_dag to 2025-06-11 00:00:00+00:00, run_after=2025-06-12 00:00:00+00:00
[2025-06-12T12:18:41.906+0000] {processor.py:208} INFO - Processing /home/airflow/.local/lib/python3.12/site-packages/airflow/example_dags/example_skip_dag.py took 0.069 seconds
[2025-06-12T12:19:12.467+0000] {processor.py:186} INFO - Started process (PID=5656) to work on /home/airflow/.local/lib/python3.12/site-packages/airflow/example_dags/example_skip_dag.py
[2025-06-12T12:19:12.468+0000] {processor.py:914} INFO - Processing file /home/airflow/.local/lib/python3.12/site-packages/airflow/example_dags/example_skip_dag.py for tasks to queue
[2025-06-12T12:19:12.470+0000] {logging_mixin.py:190} INFO - [2025-06-12T12:19:12.469+0000] {dagbag.py:588} INFO - Filling up the DagBag from /home/airflow/.local/lib/python3.12/site-packages/airflow/example_dags/example_skip_dag.py
[2025-06-12T12:19:12.478+0000] {processor.py:925} INFO - DAG(s) 'example_skip_dag' retrieved from /home/airflow/.local/lib/python3.12/site-packages/airflow/example_dags/example_skip_dag.py
[2025-06-12T12:19:12.493+0000] {logging_mixin.py:190} INFO - [2025-06-12T12:19:12.493+0000] {dag.py:3239} INFO - Sync 1 DAGs
[2025-06-12T12:19:12.510+0000] {logging_mixin.py:190} INFO - [2025-06-12T12:19:12.510+0000] {dag.py:4180} INFO - Setting next_dagrun for example_skip_dag to 2025-06-11 00:00:00+00:00, run_after=2025-06-12 00:00:00+00:00
[2025-06-12T12:19:12.523+0000] {processor.py:208} INFO - Processing /home/airflow/.local/lib/python3.12/site-packages/airflow/example_dags/example_skip_dag.py took 0.062 seconds
[2025-06-12T12:19:42.561+0000] {processor.py:186} INFO - Started process (PID=5949) to work on /home/airflow/.local/lib/python3.12/site-packages/airflow/example_dags/example_skip_dag.py
[2025-06-12T12:19:42.562+0000] {processor.py:914} INFO - Processing file /home/airflow/.local/lib/python3.12/site-packages/airflow/example_dags/example_skip_dag.py for tasks to queue
[2025-06-12T12:19:42.564+0000] {logging_mixin.py:190} INFO - [2025-06-12T12:19:42.563+0000] {dagbag.py:588} INFO - Filling up the DagBag from /home/airflow/.local/lib/python3.12/site-packages/airflow/example_dags/example_skip_dag.py
[2025-06-12T12:19:42.570+0000] {processor.py:925} INFO - DAG(s) 'example_skip_dag' retrieved from /home/airflow/.local/lib/python3.12/site-packages/airflow/example_dags/example_skip_dag.py
[2025-06-12T12:19:42.585+0000] {logging_mixin.py:190} INFO - [2025-06-12T12:19:42.585+0000] {dag.py:3239} INFO - Sync 1 DAGs
[2025-06-12T12:19:42.602+0000] {logging_mixin.py:190} INFO - [2025-06-12T12:19:42.602+0000] {dag.py:4180} INFO - Setting next_dagrun for example_skip_dag to 2025-06-11 00:00:00+00:00, run_after=2025-06-12 00:00:00+00:00
[2025-06-12T12:19:42.615+0000] {processor.py:208} INFO - Processing /home/airflow/.local/lib/python3.12/site-packages/airflow/example_dags/example_skip_dag.py took 0.059 seconds
