[2025-06-12T12:10:01.046+0000] {processor.py:186} INFO - Started process (PID=251) to work on /home/airflow/.local/lib/python3.12/site-packages/airflow/example_dags/example_latest_only.py
[2025-06-12T12:10:01.047+0000] {processor.py:914} INFO - Processing file /home/airflow/.local/lib/python3.12/site-packages/airflow/example_dags/example_latest_only.py for tasks to queue
[2025-06-12T12:10:01.049+0000] {logging_mixin.py:190} INFO - [2025-06-12T12:10:01.049+0000] {dagbag.py:588} INFO - Filling up the DagBag from /home/airflow/.local/lib/python3.12/site-packages/airflow/example_dags/example_latest_only.py
[2025-06-12T12:10:01.055+0000] {processor.py:925} INFO - DAG(s) 'latest_only' retrieved from /home/airflow/.local/lib/python3.12/site-packages/airflow/example_dags/example_latest_only.py
[2025-06-12T12:10:01.078+0000] {logging_mixin.py:190} INFO - [2025-06-12T12:10:01.078+0000] {dag.py:3239} INFO - Sync 1 DAGs
[2025-06-12T12:10:01.103+0000] {logging_mixin.py:190} INFO - [2025-06-12T12:10:01.103+0000] {dag.py:4180} INFO - Setting next_dagrun for latest_only to 2025-06-12 08:00:00+00:00, run_after=2025-06-12 12:00:00+00:00
[2025-06-12T12:10:01.119+0000] {processor.py:208} INFO - Processing /home/airflow/.local/lib/python3.12/site-packages/airflow/example_dags/example_latest_only.py took 0.077 seconds
[2025-06-12T12:10:31.398+0000] {processor.py:186} INFO - Started process (PID=549) to work on /home/airflow/.local/lib/python3.12/site-packages/airflow/example_dags/example_latest_only.py
[2025-06-12T12:10:31.398+0000] {processor.py:914} INFO - Processing file /home/airflow/.local/lib/python3.12/site-packages/airflow/example_dags/example_latest_only.py for tasks to queue
[2025-06-12T12:10:31.400+0000] {logging_mixin.py:190} INFO - [2025-06-12T12:10:31.400+0000] {dagbag.py:588} INFO - Filling up the DagBag from /home/airflow/.local/lib/python3.12/site-packages/airflow/example_dags/example_latest_only.py
[2025-06-12T12:10:31.405+0000] {processor.py:925} INFO - DAG(s) 'latest_only' retrieved from /home/airflow/.local/lib/python3.12/site-packages/airflow/example_dags/example_latest_only.py
[2025-06-12T12:10:31.419+0000] {logging_mixin.py:190} INFO - [2025-06-12T12:10:31.419+0000] {dag.py:3239} INFO - Sync 1 DAGs
[2025-06-12T12:10:31.436+0000] {logging_mixin.py:190} INFO - [2025-06-12T12:10:31.436+0000] {dag.py:4180} INFO - Setting next_dagrun for latest_only to 2025-06-12 08:00:00+00:00, run_after=2025-06-12 12:00:00+00:00
[2025-06-12T12:10:31.453+0000] {processor.py:208} INFO - Processing /home/airflow/.local/lib/python3.12/site-packages/airflow/example_dags/example_latest_only.py took 0.060 seconds
[2025-06-12T12:11:01.547+0000] {processor.py:186} INFO - Started process (PID=845) to work on /home/airflow/.local/lib/python3.12/site-packages/airflow/example_dags/example_latest_only.py
[2025-06-12T12:11:01.547+0000] {processor.py:914} INFO - Processing file /home/airflow/.local/lib/python3.12/site-packages/airflow/example_dags/example_latest_only.py for tasks to queue
[2025-06-12T12:11:01.549+0000] {logging_mixin.py:190} INFO - [2025-06-12T12:11:01.549+0000] {dagbag.py:588} INFO - Filling up the DagBag from /home/airflow/.local/lib/python3.12/site-packages/airflow/example_dags/example_latest_only.py
[2025-06-12T12:11:01.555+0000] {processor.py:925} INFO - DAG(s) 'latest_only' retrieved from /home/airflow/.local/lib/python3.12/site-packages/airflow/example_dags/example_latest_only.py
[2025-06-12T12:11:01.569+0000] {logging_mixin.py:190} INFO - [2025-06-12T12:11:01.569+0000] {dag.py:3239} INFO - Sync 1 DAGs
[2025-06-12T12:11:01.587+0000] {logging_mixin.py:190} INFO - [2025-06-12T12:11:01.587+0000] {dag.py:4180} INFO - Setting next_dagrun for latest_only to 2025-06-12 08:00:00+00:00, run_after=2025-06-12 12:00:00+00:00
[2025-06-12T12:11:01.601+0000] {processor.py:208} INFO - Processing /home/airflow/.local/lib/python3.12/site-packages/airflow/example_dags/example_latest_only.py took 0.059 seconds
[2025-06-12T12:11:31.816+0000] {processor.py:186} INFO - Started process (PID=1141) to work on /home/airflow/.local/lib/python3.12/site-packages/airflow/example_dags/example_latest_only.py
[2025-06-12T12:11:31.817+0000] {processor.py:914} INFO - Processing file /home/airflow/.local/lib/python3.12/site-packages/airflow/example_dags/example_latest_only.py for tasks to queue
[2025-06-12T12:11:31.819+0000] {logging_mixin.py:190} INFO - [2025-06-12T12:11:31.818+0000] {dagbag.py:588} INFO - Filling up the DagBag from /home/airflow/.local/lib/python3.12/site-packages/airflow/example_dags/example_latest_only.py
[2025-06-12T12:11:31.824+0000] {processor.py:925} INFO - DAG(s) 'latest_only' retrieved from /home/airflow/.local/lib/python3.12/site-packages/airflow/example_dags/example_latest_only.py
[2025-06-12T12:11:31.838+0000] {logging_mixin.py:190} INFO - [2025-06-12T12:11:31.838+0000] {dag.py:3239} INFO - Sync 1 DAGs
[2025-06-12T12:11:31.856+0000] {logging_mixin.py:190} INFO - [2025-06-12T12:11:31.855+0000] {dag.py:4180} INFO - Setting next_dagrun for latest_only to 2025-06-12 08:00:00+00:00, run_after=2025-06-12 12:00:00+00:00
[2025-06-12T12:11:31.869+0000] {processor.py:208} INFO - Processing /home/airflow/.local/lib/python3.12/site-packages/airflow/example_dags/example_latest_only.py took 0.058 seconds
[2025-06-12T12:12:01.988+0000] {processor.py:186} INFO - Started process (PID=1439) to work on /home/airflow/.local/lib/python3.12/site-packages/airflow/example_dags/example_latest_only.py
[2025-06-12T12:12:01.988+0000] {processor.py:914} INFO - Processing file /home/airflow/.local/lib/python3.12/site-packages/airflow/example_dags/example_latest_only.py for tasks to queue
[2025-06-12T12:12:01.990+0000] {logging_mixin.py:190} INFO - [2025-06-12T12:12:01.990+0000] {dagbag.py:588} INFO - Filling up the DagBag from /home/airflow/.local/lib/python3.12/site-packages/airflow/example_dags/example_latest_only.py
[2025-06-12T12:12:01.995+0000] {processor.py:925} INFO - DAG(s) 'latest_only' retrieved from /home/airflow/.local/lib/python3.12/site-packages/airflow/example_dags/example_latest_only.py
[2025-06-12T12:12:02.009+0000] {logging_mixin.py:190} INFO - [2025-06-12T12:12:02.009+0000] {dag.py:3239} INFO - Sync 1 DAGs
[2025-06-12T12:12:02.026+0000] {logging_mixin.py:190} INFO - [2025-06-12T12:12:02.026+0000] {dag.py:4180} INFO - Setting next_dagrun for latest_only to 2025-06-12 08:00:00+00:00, run_after=2025-06-12 12:00:00+00:00
[2025-06-12T12:12:02.038+0000] {processor.py:208} INFO - Processing /home/airflow/.local/lib/python3.12/site-packages/airflow/example_dags/example_latest_only.py took 0.055 seconds
[2025-06-12T12:12:32.148+0000] {processor.py:186} INFO - Started process (PID=1733) to work on /home/airflow/.local/lib/python3.12/site-packages/airflow/example_dags/example_latest_only.py
[2025-06-12T12:12:32.149+0000] {processor.py:914} INFO - Processing file /home/airflow/.local/lib/python3.12/site-packages/airflow/example_dags/example_latest_only.py for tasks to queue
[2025-06-12T12:12:32.151+0000] {logging_mixin.py:190} INFO - [2025-06-12T12:12:32.151+0000] {dagbag.py:588} INFO - Filling up the DagBag from /home/airflow/.local/lib/python3.12/site-packages/airflow/example_dags/example_latest_only.py
[2025-06-12T12:12:32.156+0000] {processor.py:925} INFO - DAG(s) 'latest_only' retrieved from /home/airflow/.local/lib/python3.12/site-packages/airflow/example_dags/example_latest_only.py
[2025-06-12T12:12:32.170+0000] {logging_mixin.py:190} INFO - [2025-06-12T12:12:32.170+0000] {dag.py:3239} INFO - Sync 1 DAGs
[2025-06-12T12:12:32.188+0000] {logging_mixin.py:190} INFO - [2025-06-12T12:12:32.188+0000] {dag.py:4180} INFO - Setting next_dagrun for latest_only to 2025-06-12 08:00:00+00:00, run_after=2025-06-12 12:00:00+00:00
[2025-06-12T12:12:32.201+0000] {processor.py:208} INFO - Processing /home/airflow/.local/lib/python3.12/site-packages/airflow/example_dags/example_latest_only.py took 0.057 seconds
[2025-06-12T12:13:02.314+0000] {processor.py:186} INFO - Started process (PID=2029) to work on /home/airflow/.local/lib/python3.12/site-packages/airflow/example_dags/example_latest_only.py
[2025-06-12T12:13:02.315+0000] {processor.py:914} INFO - Processing file /home/airflow/.local/lib/python3.12/site-packages/airflow/example_dags/example_latest_only.py for tasks to queue
[2025-06-12T12:13:02.316+0000] {logging_mixin.py:190} INFO - [2025-06-12T12:13:02.316+0000] {dagbag.py:588} INFO - Filling up the DagBag from /home/airflow/.local/lib/python3.12/site-packages/airflow/example_dags/example_latest_only.py
[2025-06-12T12:13:02.321+0000] {processor.py:925} INFO - DAG(s) 'latest_only' retrieved from /home/airflow/.local/lib/python3.12/site-packages/airflow/example_dags/example_latest_only.py
[2025-06-12T12:13:02.335+0000] {logging_mixin.py:190} INFO - [2025-06-12T12:13:02.335+0000] {dag.py:3239} INFO - Sync 1 DAGs
[2025-06-12T12:13:02.352+0000] {logging_mixin.py:190} INFO - [2025-06-12T12:13:02.352+0000] {dag.py:4180} INFO - Setting next_dagrun for latest_only to 2025-06-12 08:00:00+00:00, run_after=2025-06-12 12:00:00+00:00
[2025-06-12T12:13:02.364+0000] {processor.py:208} INFO - Processing /home/airflow/.local/lib/python3.12/site-packages/airflow/example_dags/example_latest_only.py took 0.054 seconds
[2025-06-12T12:13:32.490+0000] {processor.py:186} INFO - Started process (PID=2325) to work on /home/airflow/.local/lib/python3.12/site-packages/airflow/example_dags/example_latest_only.py
[2025-06-12T12:13:32.490+0000] {processor.py:914} INFO - Processing file /home/airflow/.local/lib/python3.12/site-packages/airflow/example_dags/example_latest_only.py for tasks to queue
[2025-06-12T12:13:32.492+0000] {logging_mixin.py:190} INFO - [2025-06-12T12:13:32.492+0000] {dagbag.py:588} INFO - Filling up the DagBag from /home/airflow/.local/lib/python3.12/site-packages/airflow/example_dags/example_latest_only.py
[2025-06-12T12:13:32.497+0000] {processor.py:925} INFO - DAG(s) 'latest_only' retrieved from /home/airflow/.local/lib/python3.12/site-packages/airflow/example_dags/example_latest_only.py
[2025-06-12T12:13:32.511+0000] {logging_mixin.py:190} INFO - [2025-06-12T12:13:32.510+0000] {dag.py:3239} INFO - Sync 1 DAGs
[2025-06-12T12:13:32.528+0000] {logging_mixin.py:190} INFO - [2025-06-12T12:13:32.528+0000] {dag.py:4180} INFO - Setting next_dagrun for latest_only to 2025-06-12 08:00:00+00:00, run_after=2025-06-12 12:00:00+00:00
[2025-06-12T12:13:32.540+0000] {processor.py:208} INFO - Processing /home/airflow/.local/lib/python3.12/site-packages/airflow/example_dags/example_latest_only.py took 0.055 seconds
[2025-06-12T12:14:03.353+0000] {processor.py:186} INFO - Started process (PID=2623) to work on /home/airflow/.local/lib/python3.12/site-packages/airflow/example_dags/example_latest_only.py
[2025-06-12T12:14:03.354+0000] {processor.py:914} INFO - Processing file /home/airflow/.local/lib/python3.12/site-packages/airflow/example_dags/example_latest_only.py for tasks to queue
[2025-06-12T12:14:03.355+0000] {logging_mixin.py:190} INFO - [2025-06-12T12:14:03.355+0000] {dagbag.py:588} INFO - Filling up the DagBag from /home/airflow/.local/lib/python3.12/site-packages/airflow/example_dags/example_latest_only.py
[2025-06-12T12:14:03.361+0000] {processor.py:925} INFO - DAG(s) 'latest_only' retrieved from /home/airflow/.local/lib/python3.12/site-packages/airflow/example_dags/example_latest_only.py
[2025-06-12T12:14:03.377+0000] {logging_mixin.py:190} INFO - [2025-06-12T12:14:03.376+0000] {dag.py:3239} INFO - Sync 1 DAGs
[2025-06-12T12:14:03.395+0000] {logging_mixin.py:190} INFO - [2025-06-12T12:14:03.395+0000] {dag.py:4180} INFO - Setting next_dagrun for latest_only to 2025-06-12 08:00:00+00:00, run_after=2025-06-12 12:00:00+00:00
[2025-06-12T12:14:03.409+0000] {processor.py:208} INFO - Processing /home/airflow/.local/lib/python3.12/site-packages/airflow/example_dags/example_latest_only.py took 0.060 seconds
[2025-06-12T12:14:34.108+0000] {processor.py:186} INFO - Started process (PID=2917) to work on /home/airflow/.local/lib/python3.12/site-packages/airflow/example_dags/example_latest_only.py
[2025-06-12T12:14:34.108+0000] {processor.py:914} INFO - Processing file /home/airflow/.local/lib/python3.12/site-packages/airflow/example_dags/example_latest_only.py for tasks to queue
[2025-06-12T12:14:34.110+0000] {logging_mixin.py:190} INFO - [2025-06-12T12:14:34.110+0000] {dagbag.py:588} INFO - Filling up the DagBag from /home/airflow/.local/lib/python3.12/site-packages/airflow/example_dags/example_latest_only.py
[2025-06-12T12:14:34.115+0000] {processor.py:925} INFO - DAG(s) 'latest_only' retrieved from /home/airflow/.local/lib/python3.12/site-packages/airflow/example_dags/example_latest_only.py
[2025-06-12T12:14:34.130+0000] {logging_mixin.py:190} INFO - [2025-06-12T12:14:34.129+0000] {dag.py:3239} INFO - Sync 1 DAGs
[2025-06-12T12:14:34.146+0000] {logging_mixin.py:190} INFO - [2025-06-12T12:14:34.146+0000] {dag.py:4180} INFO - Setting next_dagrun for latest_only to 2025-06-12 08:00:00+00:00, run_after=2025-06-12 12:00:00+00:00
[2025-06-12T12:14:34.159+0000] {processor.py:208} INFO - Processing /home/airflow/.local/lib/python3.12/site-packages/airflow/example_dags/example_latest_only.py took 0.056 seconds
[2025-06-12T12:15:04.927+0000] {processor.py:186} INFO - Started process (PID=3215) to work on /home/airflow/.local/lib/python3.12/site-packages/airflow/example_dags/example_latest_only.py
[2025-06-12T12:15:04.927+0000] {processor.py:914} INFO - Processing file /home/airflow/.local/lib/python3.12/site-packages/airflow/example_dags/example_latest_only.py for tasks to queue
[2025-06-12T12:15:04.929+0000] {logging_mixin.py:190} INFO - [2025-06-12T12:15:04.929+0000] {dagbag.py:588} INFO - Filling up the DagBag from /home/airflow/.local/lib/python3.12/site-packages/airflow/example_dags/example_latest_only.py
[2025-06-12T12:15:04.935+0000] {processor.py:925} INFO - DAG(s) 'latest_only' retrieved from /home/airflow/.local/lib/python3.12/site-packages/airflow/example_dags/example_latest_only.py
[2025-06-12T12:15:04.949+0000] {logging_mixin.py:190} INFO - [2025-06-12T12:15:04.948+0000] {dag.py:3239} INFO - Sync 1 DAGs
[2025-06-12T12:15:04.967+0000] {logging_mixin.py:190} INFO - [2025-06-12T12:15:04.967+0000] {dag.py:4180} INFO - Setting next_dagrun for latest_only to 2025-06-12 08:00:00+00:00, run_after=2025-06-12 12:00:00+00:00
[2025-06-12T12:15:04.981+0000] {processor.py:208} INFO - Processing /home/airflow/.local/lib/python3.12/site-packages/airflow/example_dags/example_latest_only.py took 0.059 seconds
[2025-06-12T12:15:35.475+0000] {processor.py:186} INFO - Started process (PID=3509) to work on /home/airflow/.local/lib/python3.12/site-packages/airflow/example_dags/example_latest_only.py
[2025-06-12T12:15:35.475+0000] {processor.py:914} INFO - Processing file /home/airflow/.local/lib/python3.12/site-packages/airflow/example_dags/example_latest_only.py for tasks to queue
[2025-06-12T12:15:35.477+0000] {logging_mixin.py:190} INFO - [2025-06-12T12:15:35.477+0000] {dagbag.py:588} INFO - Filling up the DagBag from /home/airflow/.local/lib/python3.12/site-packages/airflow/example_dags/example_latest_only.py
[2025-06-12T12:15:35.482+0000] {processor.py:925} INFO - DAG(s) 'latest_only' retrieved from /home/airflow/.local/lib/python3.12/site-packages/airflow/example_dags/example_latest_only.py
[2025-06-12T12:15:35.496+0000] {logging_mixin.py:190} INFO - [2025-06-12T12:15:35.495+0000] {dag.py:3239} INFO - Sync 1 DAGs
[2025-06-12T12:15:35.513+0000] {logging_mixin.py:190} INFO - [2025-06-12T12:15:35.513+0000] {dag.py:4180} INFO - Setting next_dagrun for latest_only to 2025-06-12 08:00:00+00:00, run_after=2025-06-12 12:00:00+00:00
[2025-06-12T12:15:35.526+0000] {processor.py:208} INFO - Processing /home/airflow/.local/lib/python3.12/site-packages/airflow/example_dags/example_latest_only.py took 0.056 seconds
[2025-06-12T12:16:05.939+0000] {processor.py:186} INFO - Started process (PID=3807) to work on /home/airflow/.local/lib/python3.12/site-packages/airflow/example_dags/example_latest_only.py
[2025-06-12T12:16:05.939+0000] {processor.py:914} INFO - Processing file /home/airflow/.local/lib/python3.12/site-packages/airflow/example_dags/example_latest_only.py for tasks to queue
[2025-06-12T12:16:05.941+0000] {logging_mixin.py:190} INFO - [2025-06-12T12:16:05.941+0000] {dagbag.py:588} INFO - Filling up the DagBag from /home/airflow/.local/lib/python3.12/site-packages/airflow/example_dags/example_latest_only.py
[2025-06-12T12:16:05.947+0000] {processor.py:925} INFO - DAG(s) 'latest_only' retrieved from /home/airflow/.local/lib/python3.12/site-packages/airflow/example_dags/example_latest_only.py
[2025-06-12T12:16:05.961+0000] {logging_mixin.py:190} INFO - [2025-06-12T12:16:05.961+0000] {dag.py:3239} INFO - Sync 1 DAGs
[2025-06-12T12:16:05.978+0000] {logging_mixin.py:190} INFO - [2025-06-12T12:16:05.978+0000] {dag.py:4180} INFO - Setting next_dagrun for latest_only to 2025-06-12 08:00:00+00:00, run_after=2025-06-12 12:00:00+00:00
[2025-06-12T12:16:05.990+0000] {processor.py:208} INFO - Processing /home/airflow/.local/lib/python3.12/site-packages/airflow/example_dags/example_latest_only.py took 0.056 seconds
[2025-06-12T12:16:36.850+0000] {processor.py:186} INFO - Started process (PID=4103) to work on /home/airflow/.local/lib/python3.12/site-packages/airflow/example_dags/example_latest_only.py
[2025-06-12T12:16:36.851+0000] {processor.py:914} INFO - Processing file /home/airflow/.local/lib/python3.12/site-packages/airflow/example_dags/example_latest_only.py for tasks to queue
[2025-06-12T12:16:36.853+0000] {logging_mixin.py:190} INFO - [2025-06-12T12:16:36.853+0000] {dagbag.py:588} INFO - Filling up the DagBag from /home/airflow/.local/lib/python3.12/site-packages/airflow/example_dags/example_latest_only.py
[2025-06-12T12:16:36.858+0000] {processor.py:925} INFO - DAG(s) 'latest_only' retrieved from /home/airflow/.local/lib/python3.12/site-packages/airflow/example_dags/example_latest_only.py
[2025-06-12T12:16:36.872+0000] {logging_mixin.py:190} INFO - [2025-06-12T12:16:36.872+0000] {dag.py:3239} INFO - Sync 1 DAGs
[2025-06-12T12:16:36.890+0000] {logging_mixin.py:190} INFO - [2025-06-12T12:16:36.890+0000] {dag.py:4180} INFO - Setting next_dagrun for latest_only to 2025-06-12 08:00:00+00:00, run_after=2025-06-12 12:00:00+00:00
[2025-06-12T12:16:36.904+0000] {processor.py:208} INFO - Processing /home/airflow/.local/lib/python3.12/site-packages/airflow/example_dags/example_latest_only.py took 0.059 seconds
[2025-06-12T12:17:07.419+0000] {processor.py:186} INFO - Started process (PID=4397) to work on /home/airflow/.local/lib/python3.12/site-packages/airflow/example_dags/example_latest_only.py
[2025-06-12T12:17:07.420+0000] {processor.py:914} INFO - Processing file /home/airflow/.local/lib/python3.12/site-packages/airflow/example_dags/example_latest_only.py for tasks to queue
[2025-06-12T12:17:07.422+0000] {logging_mixin.py:190} INFO - [2025-06-12T12:17:07.421+0000] {dagbag.py:588} INFO - Filling up the DagBag from /home/airflow/.local/lib/python3.12/site-packages/airflow/example_dags/example_latest_only.py
[2025-06-12T12:17:07.427+0000] {processor.py:925} INFO - DAG(s) 'latest_only' retrieved from /home/airflow/.local/lib/python3.12/site-packages/airflow/example_dags/example_latest_only.py
[2025-06-12T12:17:07.440+0000] {logging_mixin.py:190} INFO - [2025-06-12T12:17:07.440+0000] {dag.py:3239} INFO - Sync 1 DAGs
[2025-06-12T12:17:07.457+0000] {logging_mixin.py:190} INFO - [2025-06-12T12:17:07.457+0000] {dag.py:4180} INFO - Setting next_dagrun for latest_only to 2025-06-12 08:00:00+00:00, run_after=2025-06-12 12:00:00+00:00
[2025-06-12T12:17:07.470+0000] {processor.py:208} INFO - Processing /home/airflow/.local/lib/python3.12/site-packages/airflow/example_dags/example_latest_only.py took 0.055 seconds
[2025-06-12T12:17:38.009+0000] {processor.py:186} INFO - Started process (PID=4693) to work on /home/airflow/.local/lib/python3.12/site-packages/airflow/example_dags/example_latest_only.py
[2025-06-12T12:17:38.010+0000] {processor.py:914} INFO - Processing file /home/airflow/.local/lib/python3.12/site-packages/airflow/example_dags/example_latest_only.py for tasks to queue
[2025-06-12T12:17:38.012+0000] {logging_mixin.py:190} INFO - [2025-06-12T12:17:38.012+0000] {dagbag.py:588} INFO - Filling up the DagBag from /home/airflow/.local/lib/python3.12/site-packages/airflow/example_dags/example_latest_only.py
[2025-06-12T12:17:38.017+0000] {processor.py:925} INFO - DAG(s) 'latest_only' retrieved from /home/airflow/.local/lib/python3.12/site-packages/airflow/example_dags/example_latest_only.py
[2025-06-12T12:17:38.032+0000] {logging_mixin.py:190} INFO - [2025-06-12T12:17:38.032+0000] {dag.py:3239} INFO - Sync 1 DAGs
[2025-06-12T12:17:38.051+0000] {logging_mixin.py:190} INFO - [2025-06-12T12:17:38.051+0000] {dag.py:4180} INFO - Setting next_dagrun for latest_only to 2025-06-12 08:00:00+00:00, run_after=2025-06-12 12:00:00+00:00
[2025-06-12T12:17:38.064+0000] {processor.py:208} INFO - Processing /home/airflow/.local/lib/python3.12/site-packages/airflow/example_dags/example_latest_only.py took 0.059 seconds
[2025-06-12T12:18:08.544+0000] {processor.py:186} INFO - Started process (PID=4991) to work on /home/airflow/.local/lib/python3.12/site-packages/airflow/example_dags/example_latest_only.py
[2025-06-12T12:18:08.545+0000] {processor.py:914} INFO - Processing file /home/airflow/.local/lib/python3.12/site-packages/airflow/example_dags/example_latest_only.py for tasks to queue
[2025-06-12T12:18:08.547+0000] {logging_mixin.py:190} INFO - [2025-06-12T12:18:08.546+0000] {dagbag.py:588} INFO - Filling up the DagBag from /home/airflow/.local/lib/python3.12/site-packages/airflow/example_dags/example_latest_only.py
[2025-06-12T12:18:08.559+0000] {processor.py:925} INFO - DAG(s) 'latest_only' retrieved from /home/airflow/.local/lib/python3.12/site-packages/airflow/example_dags/example_latest_only.py
[2025-06-12T12:18:08.574+0000] {logging_mixin.py:190} INFO - [2025-06-12T12:18:08.574+0000] {dag.py:3239} INFO - Sync 1 DAGs
[2025-06-12T12:18:08.591+0000] {logging_mixin.py:190} INFO - [2025-06-12T12:18:08.591+0000] {dag.py:4180} INFO - Setting next_dagrun for latest_only to 2025-06-12 08:00:00+00:00, run_after=2025-06-12 12:00:00+00:00
[2025-06-12T12:18:08.604+0000] {processor.py:208} INFO - Processing /home/airflow/.local/lib/python3.12/site-packages/airflow/example_dags/example_latest_only.py took 0.066 seconds
[2025-06-12T12:18:39.137+0000] {processor.py:186} INFO - Started process (PID=5285) to work on /home/airflow/.local/lib/python3.12/site-packages/airflow/example_dags/example_latest_only.py
[2025-06-12T12:18:39.138+0000] {processor.py:914} INFO - Processing file /home/airflow/.local/lib/python3.12/site-packages/airflow/example_dags/example_latest_only.py for tasks to queue
[2025-06-12T12:18:39.140+0000] {logging_mixin.py:190} INFO - [2025-06-12T12:18:39.140+0000] {dagbag.py:588} INFO - Filling up the DagBag from /home/airflow/.local/lib/python3.12/site-packages/airflow/example_dags/example_latest_only.py
[2025-06-12T12:18:39.145+0000] {processor.py:925} INFO - DAG(s) 'latest_only' retrieved from /home/airflow/.local/lib/python3.12/site-packages/airflow/example_dags/example_latest_only.py
[2025-06-12T12:18:39.160+0000] {logging_mixin.py:190} INFO - [2025-06-12T12:18:39.160+0000] {dag.py:3239} INFO - Sync 1 DAGs
[2025-06-12T12:18:39.178+0000] {logging_mixin.py:190} INFO - [2025-06-12T12:18:39.178+0000] {dag.py:4180} INFO - Setting next_dagrun for latest_only to 2025-06-12 08:00:00+00:00, run_after=2025-06-12 12:00:00+00:00
[2025-06-12T12:18:39.191+0000] {processor.py:208} INFO - Processing /home/airflow/.local/lib/python3.12/site-packages/airflow/example_dags/example_latest_only.py took 0.059 seconds
[2025-06-12T12:19:09.731+0000] {processor.py:186} INFO - Started process (PID=5583) to work on /home/airflow/.local/lib/python3.12/site-packages/airflow/example_dags/example_latest_only.py
[2025-06-12T12:19:09.732+0000] {processor.py:914} INFO - Processing file /home/airflow/.local/lib/python3.12/site-packages/airflow/example_dags/example_latest_only.py for tasks to queue
[2025-06-12T12:19:09.733+0000] {logging_mixin.py:190} INFO - [2025-06-12T12:19:09.733+0000] {dagbag.py:588} INFO - Filling up the DagBag from /home/airflow/.local/lib/python3.12/site-packages/airflow/example_dags/example_latest_only.py
[2025-06-12T12:19:09.740+0000] {processor.py:925} INFO - DAG(s) 'latest_only' retrieved from /home/airflow/.local/lib/python3.12/site-packages/airflow/example_dags/example_latest_only.py
[2025-06-12T12:19:09.756+0000] {logging_mixin.py:190} INFO - [2025-06-12T12:19:09.756+0000] {dag.py:3239} INFO - Sync 1 DAGs
[2025-06-12T12:19:09.777+0000] {logging_mixin.py:190} INFO - [2025-06-12T12:19:09.777+0000] {dag.py:4180} INFO - Setting next_dagrun for latest_only to 2025-06-12 08:00:00+00:00, run_after=2025-06-12 12:00:00+00:00
[2025-06-12T12:19:09.793+0000] {processor.py:208} INFO - Processing /home/airflow/.local/lib/python3.12/site-packages/airflow/example_dags/example_latest_only.py took 0.067 seconds
[2025-06-12T12:19:39.936+0000] {processor.py:186} INFO - Started process (PID=5879) to work on /home/airflow/.local/lib/python3.12/site-packages/airflow/example_dags/example_latest_only.py
[2025-06-12T12:19:39.937+0000] {processor.py:914} INFO - Processing file /home/airflow/.local/lib/python3.12/site-packages/airflow/example_dags/example_latest_only.py for tasks to queue
[2025-06-12T12:19:39.938+0000] {logging_mixin.py:190} INFO - [2025-06-12T12:19:39.938+0000] {dagbag.py:588} INFO - Filling up the DagBag from /home/airflow/.local/lib/python3.12/site-packages/airflow/example_dags/example_latest_only.py
[2025-06-12T12:19:39.944+0000] {processor.py:925} INFO - DAG(s) 'latest_only' retrieved from /home/airflow/.local/lib/python3.12/site-packages/airflow/example_dags/example_latest_only.py
[2025-06-12T12:19:39.960+0000] {logging_mixin.py:190} INFO - [2025-06-12T12:19:39.960+0000] {dag.py:3239} INFO - Sync 1 DAGs
[2025-06-12T12:19:39.980+0000] {logging_mixin.py:190} INFO - [2025-06-12T12:19:39.980+0000] {dag.py:4180} INFO - Setting next_dagrun for latest_only to 2025-06-12 08:00:00+00:00, run_after=2025-06-12 12:00:00+00:00
[2025-06-12T12:19:39.994+0000] {processor.py:208} INFO - Processing /home/airflow/.local/lib/python3.12/site-packages/airflow/example_dags/example_latest_only.py took 0.062 seconds
