[2025-06-12T12:10:02.931+0000] {processor.py:186} INFO - Started process (PID=378) to work on /home/airflow/.local/lib/python3.12/site-packages/airflow/example_dags/tutorial_dag.py
[2025-06-12T12:10:02.932+0000] {processor.py:914} INFO - Processing file /home/airflow/.local/lib/python3.12/site-packages/airflow/example_dags/tutorial_dag.py for tasks to queue
[2025-06-12T12:10:02.934+0000] {logging_mixin.py:190} INFO - [2025-06-12T12:10:02.934+0000] {dagbag.py:588} INFO - Filling up the DagBag from /home/airflow/.local/lib/python3.12/site-packages/airflow/example_dags/tutorial_dag.py
[2025-06-12T12:10:02.940+0000] {processor.py:925} INFO - DAG(s) 'tutorial_dag' retrieved from /home/airflow/.local/lib/python3.12/site-packages/airflow/example_dags/tutorial_dag.py
[2025-06-12T12:10:02.956+0000] {logging_mixin.py:190} INFO - [2025-06-12T12:10:02.956+0000] {dag.py:3239} INFO - Sync 1 DAGs
[2025-06-12T12:10:02.968+0000] {logging_mixin.py:190} INFO - [2025-06-12T12:10:02.967+0000] {dag.py:4180} INFO - Setting next_dagrun for tutorial_dag to None, run_after=None
[2025-06-12T12:10:02.981+0000] {processor.py:208} INFO - Processing /home/airflow/.local/lib/python3.12/site-packages/airflow/example_dags/tutorial_dag.py took 0.055 seconds
[2025-06-12T12:10:33.922+0000] {processor.py:186} INFO - Started process (PID=674) to work on /home/airflow/.local/lib/python3.12/site-packages/airflow/example_dags/tutorial_dag.py
[2025-06-12T12:10:33.923+0000] {processor.py:914} INFO - Processing file /home/airflow/.local/lib/python3.12/site-packages/airflow/example_dags/tutorial_dag.py for tasks to queue
[2025-06-12T12:10:33.925+0000] {logging_mixin.py:190} INFO - [2025-06-12T12:10:33.925+0000] {dagbag.py:588} INFO - Filling up the DagBag from /home/airflow/.local/lib/python3.12/site-packages/airflow/example_dags/tutorial_dag.py
[2025-06-12T12:10:33.931+0000] {processor.py:925} INFO - DAG(s) 'tutorial_dag' retrieved from /home/airflow/.local/lib/python3.12/site-packages/airflow/example_dags/tutorial_dag.py
[2025-06-12T12:10:33.945+0000] {logging_mixin.py:190} INFO - [2025-06-12T12:10:33.945+0000] {dag.py:3239} INFO - Sync 1 DAGs
[2025-06-12T12:10:33.956+0000] {logging_mixin.py:190} INFO - [2025-06-12T12:10:33.956+0000] {dag.py:4180} INFO - Setting next_dagrun for tutorial_dag to None, run_after=None
[2025-06-12T12:10:33.970+0000] {processor.py:208} INFO - Processing /home/airflow/.local/lib/python3.12/site-packages/airflow/example_dags/tutorial_dag.py took 0.052 seconds
[2025-06-12T12:11:04.472+0000] {processor.py:186} INFO - Started process (PID=970) to work on /home/airflow/.local/lib/python3.12/site-packages/airflow/example_dags/tutorial_dag.py
[2025-06-12T12:11:04.473+0000] {processor.py:914} INFO - Processing file /home/airflow/.local/lib/python3.12/site-packages/airflow/example_dags/tutorial_dag.py for tasks to queue
[2025-06-12T12:11:04.475+0000] {logging_mixin.py:190} INFO - [2025-06-12T12:11:04.475+0000] {dagbag.py:588} INFO - Filling up the DagBag from /home/airflow/.local/lib/python3.12/site-packages/airflow/example_dags/tutorial_dag.py
[2025-06-12T12:11:04.484+0000] {processor.py:925} INFO - DAG(s) 'tutorial_dag' retrieved from /home/airflow/.local/lib/python3.12/site-packages/airflow/example_dags/tutorial_dag.py
[2025-06-12T12:11:04.502+0000] {logging_mixin.py:190} INFO - [2025-06-12T12:11:04.502+0000] {dag.py:3239} INFO - Sync 1 DAGs
[2025-06-12T12:11:04.517+0000] {logging_mixin.py:190} INFO - [2025-06-12T12:11:04.517+0000] {dag.py:4180} INFO - Setting next_dagrun for tutorial_dag to None, run_after=None
[2025-06-12T12:11:04.537+0000] {processor.py:208} INFO - Processing /home/airflow/.local/lib/python3.12/site-packages/airflow/example_dags/tutorial_dag.py took 0.070 seconds
[2025-06-12T12:11:35.090+0000] {processor.py:186} INFO - Started process (PID=1261) to work on /home/airflow/.local/lib/python3.12/site-packages/airflow/example_dags/tutorial_dag.py
[2025-06-12T12:11:35.090+0000] {processor.py:914} INFO - Processing file /home/airflow/.local/lib/python3.12/site-packages/airflow/example_dags/tutorial_dag.py for tasks to queue
[2025-06-12T12:11:35.092+0000] {logging_mixin.py:190} INFO - [2025-06-12T12:11:35.092+0000] {dagbag.py:588} INFO - Filling up the DagBag from /home/airflow/.local/lib/python3.12/site-packages/airflow/example_dags/tutorial_dag.py
[2025-06-12T12:11:35.098+0000] {processor.py:925} INFO - DAG(s) 'tutorial_dag' retrieved from /home/airflow/.local/lib/python3.12/site-packages/airflow/example_dags/tutorial_dag.py
[2025-06-12T12:11:35.112+0000] {logging_mixin.py:190} INFO - [2025-06-12T12:11:35.112+0000] {dag.py:3239} INFO - Sync 1 DAGs
[2025-06-12T12:11:35.122+0000] {logging_mixin.py:190} INFO - [2025-06-12T12:11:35.122+0000] {dag.py:4180} INFO - Setting next_dagrun for tutorial_dag to None, run_after=None
[2025-06-12T12:11:35.135+0000] {processor.py:208} INFO - Processing /home/airflow/.local/lib/python3.12/site-packages/airflow/example_dags/tutorial_dag.py took 0.050 seconds
[2025-06-12T12:12:05.210+0000] {processor.py:186} INFO - Started process (PID=1554) to work on /home/airflow/.local/lib/python3.12/site-packages/airflow/example_dags/tutorial_dag.py
[2025-06-12T12:12:05.211+0000] {processor.py:914} INFO - Processing file /home/airflow/.local/lib/python3.12/site-packages/airflow/example_dags/tutorial_dag.py for tasks to queue
[2025-06-12T12:12:05.212+0000] {logging_mixin.py:190} INFO - [2025-06-12T12:12:05.212+0000] {dagbag.py:588} INFO - Filling up the DagBag from /home/airflow/.local/lib/python3.12/site-packages/airflow/example_dags/tutorial_dag.py
[2025-06-12T12:12:05.218+0000] {processor.py:925} INFO - DAG(s) 'tutorial_dag' retrieved from /home/airflow/.local/lib/python3.12/site-packages/airflow/example_dags/tutorial_dag.py
[2025-06-12T12:12:05.231+0000] {logging_mixin.py:190} INFO - [2025-06-12T12:12:05.231+0000] {dag.py:3239} INFO - Sync 1 DAGs
[2025-06-12T12:12:05.242+0000] {logging_mixin.py:190} INFO - [2025-06-12T12:12:05.242+0000] {dag.py:4180} INFO - Setting next_dagrun for tutorial_dag to None, run_after=None
[2025-06-12T12:12:05.259+0000] {processor.py:208} INFO - Processing /home/airflow/.local/lib/python3.12/site-packages/airflow/example_dags/tutorial_dag.py took 0.053 seconds
[2025-06-12T12:12:35.493+0000] {processor.py:186} INFO - Started process (PID=1850) to work on /home/airflow/.local/lib/python3.12/site-packages/airflow/example_dags/tutorial_dag.py
[2025-06-12T12:12:35.494+0000] {processor.py:914} INFO - Processing file /home/airflow/.local/lib/python3.12/site-packages/airflow/example_dags/tutorial_dag.py for tasks to queue
[2025-06-12T12:12:35.496+0000] {logging_mixin.py:190} INFO - [2025-06-12T12:12:35.496+0000] {dagbag.py:588} INFO - Filling up the DagBag from /home/airflow/.local/lib/python3.12/site-packages/airflow/example_dags/tutorial_dag.py
[2025-06-12T12:12:35.501+0000] {processor.py:925} INFO - DAG(s) 'tutorial_dag' retrieved from /home/airflow/.local/lib/python3.12/site-packages/airflow/example_dags/tutorial_dag.py
[2025-06-12T12:12:35.515+0000] {logging_mixin.py:190} INFO - [2025-06-12T12:12:35.515+0000] {dag.py:3239} INFO - Sync 1 DAGs
[2025-06-12T12:12:35.526+0000] {logging_mixin.py:190} INFO - [2025-06-12T12:12:35.526+0000] {dag.py:4180} INFO - Setting next_dagrun for tutorial_dag to None, run_after=None
[2025-06-12T12:12:35.539+0000] {processor.py:208} INFO - Processing /home/airflow/.local/lib/python3.12/site-packages/airflow/example_dags/tutorial_dag.py took 0.050 seconds
[2025-06-12T12:13:06.490+0000] {processor.py:186} INFO - Started process (PID=2146) to work on /home/airflow/.local/lib/python3.12/site-packages/airflow/example_dags/tutorial_dag.py
[2025-06-12T12:13:06.491+0000] {processor.py:914} INFO - Processing file /home/airflow/.local/lib/python3.12/site-packages/airflow/example_dags/tutorial_dag.py for tasks to queue
[2025-06-12T12:13:06.493+0000] {logging_mixin.py:190} INFO - [2025-06-12T12:13:06.492+0000] {dagbag.py:588} INFO - Filling up the DagBag from /home/airflow/.local/lib/python3.12/site-packages/airflow/example_dags/tutorial_dag.py
[2025-06-12T12:13:06.498+0000] {processor.py:925} INFO - DAG(s) 'tutorial_dag' retrieved from /home/airflow/.local/lib/python3.12/site-packages/airflow/example_dags/tutorial_dag.py
[2025-06-12T12:13:06.513+0000] {logging_mixin.py:190} INFO - [2025-06-12T12:13:06.513+0000] {dag.py:3239} INFO - Sync 1 DAGs
[2025-06-12T12:13:06.524+0000] {logging_mixin.py:190} INFO - [2025-06-12T12:13:06.524+0000] {dag.py:4180} INFO - Setting next_dagrun for tutorial_dag to None, run_after=None
[2025-06-12T12:13:06.537+0000] {processor.py:208} INFO - Processing /home/airflow/.local/lib/python3.12/site-packages/airflow/example_dags/tutorial_dag.py took 0.052 seconds
[2025-06-12T12:13:36.687+0000] {processor.py:186} INFO - Started process (PID=2442) to work on /home/airflow/.local/lib/python3.12/site-packages/airflow/example_dags/tutorial_dag.py
[2025-06-12T12:13:36.688+0000] {processor.py:914} INFO - Processing file /home/airflow/.local/lib/python3.12/site-packages/airflow/example_dags/tutorial_dag.py for tasks to queue
[2025-06-12T12:13:36.690+0000] {logging_mixin.py:190} INFO - [2025-06-12T12:13:36.690+0000] {dagbag.py:588} INFO - Filling up the DagBag from /home/airflow/.local/lib/python3.12/site-packages/airflow/example_dags/tutorial_dag.py
[2025-06-12T12:13:36.696+0000] {processor.py:925} INFO - DAG(s) 'tutorial_dag' retrieved from /home/airflow/.local/lib/python3.12/site-packages/airflow/example_dags/tutorial_dag.py
[2025-06-12T12:13:36.711+0000] {logging_mixin.py:190} INFO - [2025-06-12T12:13:36.711+0000] {dag.py:3239} INFO - Sync 1 DAGs
[2025-06-12T12:13:36.726+0000] {logging_mixin.py:190} INFO - [2025-06-12T12:13:36.726+0000] {dag.py:4180} INFO - Setting next_dagrun for tutorial_dag to None, run_after=None
[2025-06-12T12:13:36.742+0000] {processor.py:208} INFO - Processing /home/airflow/.local/lib/python3.12/site-packages/airflow/example_dags/tutorial_dag.py took 0.059 seconds
[2025-06-12T12:14:07.504+0000] {processor.py:186} INFO - Started process (PID=2738) to work on /home/airflow/.local/lib/python3.12/site-packages/airflow/example_dags/tutorial_dag.py
[2025-06-12T12:14:07.505+0000] {processor.py:914} INFO - Processing file /home/airflow/.local/lib/python3.12/site-packages/airflow/example_dags/tutorial_dag.py for tasks to queue
[2025-06-12T12:14:07.508+0000] {logging_mixin.py:190} INFO - [2025-06-12T12:14:07.508+0000] {dagbag.py:588} INFO - Filling up the DagBag from /home/airflow/.local/lib/python3.12/site-packages/airflow/example_dags/tutorial_dag.py
[2025-06-12T12:14:07.516+0000] {processor.py:925} INFO - DAG(s) 'tutorial_dag' retrieved from /home/airflow/.local/lib/python3.12/site-packages/airflow/example_dags/tutorial_dag.py
[2025-06-12T12:14:07.532+0000] {logging_mixin.py:190} INFO - [2025-06-12T12:14:07.532+0000] {dag.py:3239} INFO - Sync 1 DAGs
[2025-06-12T12:14:07.545+0000] {logging_mixin.py:190} INFO - [2025-06-12T12:14:07.545+0000] {dag.py:4180} INFO - Setting next_dagrun for tutorial_dag to None, run_after=None
[2025-06-12T12:14:07.569+0000] {processor.py:208} INFO - Processing /home/airflow/.local/lib/python3.12/site-packages/airflow/example_dags/tutorial_dag.py took 0.074 seconds
[2025-06-12T12:14:38.239+0000] {processor.py:186} INFO - Started process (PID=3034) to work on /home/airflow/.local/lib/python3.12/site-packages/airflow/example_dags/tutorial_dag.py
[2025-06-12T12:14:38.240+0000] {processor.py:914} INFO - Processing file /home/airflow/.local/lib/python3.12/site-packages/airflow/example_dags/tutorial_dag.py for tasks to queue
[2025-06-12T12:14:38.242+0000] {logging_mixin.py:190} INFO - [2025-06-12T12:14:38.242+0000] {dagbag.py:588} INFO - Filling up the DagBag from /home/airflow/.local/lib/python3.12/site-packages/airflow/example_dags/tutorial_dag.py
[2025-06-12T12:14:38.248+0000] {processor.py:925} INFO - DAG(s) 'tutorial_dag' retrieved from /home/airflow/.local/lib/python3.12/site-packages/airflow/example_dags/tutorial_dag.py
[2025-06-12T12:14:38.262+0000] {logging_mixin.py:190} INFO - [2025-06-12T12:14:38.262+0000] {dag.py:3239} INFO - Sync 1 DAGs
[2025-06-12T12:14:38.274+0000] {logging_mixin.py:190} INFO - [2025-06-12T12:14:38.273+0000] {dag.py:4180} INFO - Setting next_dagrun for tutorial_dag to None, run_after=None
[2025-06-12T12:14:38.288+0000] {processor.py:208} INFO - Processing /home/airflow/.local/lib/python3.12/site-packages/airflow/example_dags/tutorial_dag.py took 0.053 seconds
[2025-06-12T12:15:09.029+0000] {processor.py:186} INFO - Started process (PID=3330) to work on /home/airflow/.local/lib/python3.12/site-packages/airflow/example_dags/tutorial_dag.py
[2025-06-12T12:15:09.029+0000] {processor.py:914} INFO - Processing file /home/airflow/.local/lib/python3.12/site-packages/airflow/example_dags/tutorial_dag.py for tasks to queue
[2025-06-12T12:15:09.031+0000] {logging_mixin.py:190} INFO - [2025-06-12T12:15:09.031+0000] {dagbag.py:588} INFO - Filling up the DagBag from /home/airflow/.local/lib/python3.12/site-packages/airflow/example_dags/tutorial_dag.py
[2025-06-12T12:15:09.037+0000] {processor.py:925} INFO - DAG(s) 'tutorial_dag' retrieved from /home/airflow/.local/lib/python3.12/site-packages/airflow/example_dags/tutorial_dag.py
[2025-06-12T12:15:09.050+0000] {logging_mixin.py:190} INFO - [2025-06-12T12:15:09.050+0000] {dag.py:3239} INFO - Sync 1 DAGs
[2025-06-12T12:15:09.061+0000] {logging_mixin.py:190} INFO - [2025-06-12T12:15:09.061+0000] {dag.py:4180} INFO - Setting next_dagrun for tutorial_dag to None, run_after=None
[2025-06-12T12:15:09.075+0000] {processor.py:208} INFO - Processing /home/airflow/.local/lib/python3.12/site-packages/airflow/example_dags/tutorial_dag.py took 0.051 seconds
[2025-06-12T12:15:39.751+0000] {processor.py:186} INFO - Started process (PID=3626) to work on /home/airflow/.local/lib/python3.12/site-packages/airflow/example_dags/tutorial_dag.py
[2025-06-12T12:15:39.752+0000] {processor.py:914} INFO - Processing file /home/airflow/.local/lib/python3.12/site-packages/airflow/example_dags/tutorial_dag.py for tasks to queue
[2025-06-12T12:15:39.753+0000] {logging_mixin.py:190} INFO - [2025-06-12T12:15:39.753+0000] {dagbag.py:588} INFO - Filling up the DagBag from /home/airflow/.local/lib/python3.12/site-packages/airflow/example_dags/tutorial_dag.py
[2025-06-12T12:15:39.759+0000] {processor.py:925} INFO - DAG(s) 'tutorial_dag' retrieved from /home/airflow/.local/lib/python3.12/site-packages/airflow/example_dags/tutorial_dag.py
[2025-06-12T12:15:39.774+0000] {logging_mixin.py:190} INFO - [2025-06-12T12:15:39.773+0000] {dag.py:3239} INFO - Sync 1 DAGs
[2025-06-12T12:15:39.785+0000] {logging_mixin.py:190} INFO - [2025-06-12T12:15:39.785+0000] {dag.py:4180} INFO - Setting next_dagrun for tutorial_dag to None, run_after=None
[2025-06-12T12:15:39.798+0000] {processor.py:208} INFO - Processing /home/airflow/.local/lib/python3.12/site-packages/airflow/example_dags/tutorial_dag.py took 0.052 seconds
[2025-06-12T12:16:10.055+0000] {processor.py:186} INFO - Started process (PID=3922) to work on /home/airflow/.local/lib/python3.12/site-packages/airflow/example_dags/tutorial_dag.py
[2025-06-12T12:16:10.055+0000] {processor.py:914} INFO - Processing file /home/airflow/.local/lib/python3.12/site-packages/airflow/example_dags/tutorial_dag.py for tasks to queue
[2025-06-12T12:16:10.057+0000] {logging_mixin.py:190} INFO - [2025-06-12T12:16:10.057+0000] {dagbag.py:588} INFO - Filling up the DagBag from /home/airflow/.local/lib/python3.12/site-packages/airflow/example_dags/tutorial_dag.py
[2025-06-12T12:16:10.063+0000] {processor.py:925} INFO - DAG(s) 'tutorial_dag' retrieved from /home/airflow/.local/lib/python3.12/site-packages/airflow/example_dags/tutorial_dag.py
[2025-06-12T12:16:10.077+0000] {logging_mixin.py:190} INFO - [2025-06-12T12:16:10.076+0000] {dag.py:3239} INFO - Sync 1 DAGs
[2025-06-12T12:16:10.087+0000] {logging_mixin.py:190} INFO - [2025-06-12T12:16:10.087+0000] {dag.py:4180} INFO - Setting next_dagrun for tutorial_dag to None, run_after=None
[2025-06-12T12:16:10.109+0000] {processor.py:208} INFO - Processing /home/airflow/.local/lib/python3.12/site-packages/airflow/example_dags/tutorial_dag.py took 0.059 seconds
[2025-06-12T12:16:40.851+0000] {processor.py:186} INFO - Started process (PID=4218) to work on /home/airflow/.local/lib/python3.12/site-packages/airflow/example_dags/tutorial_dag.py
[2025-06-12T12:16:40.852+0000] {processor.py:914} INFO - Processing file /home/airflow/.local/lib/python3.12/site-packages/airflow/example_dags/tutorial_dag.py for tasks to queue
[2025-06-12T12:16:40.853+0000] {logging_mixin.py:190} INFO - [2025-06-12T12:16:40.853+0000] {dagbag.py:588} INFO - Filling up the DagBag from /home/airflow/.local/lib/python3.12/site-packages/airflow/example_dags/tutorial_dag.py
[2025-06-12T12:16:40.859+0000] {processor.py:925} INFO - DAG(s) 'tutorial_dag' retrieved from /home/airflow/.local/lib/python3.12/site-packages/airflow/example_dags/tutorial_dag.py
[2025-06-12T12:16:40.874+0000] {logging_mixin.py:190} INFO - [2025-06-12T12:16:40.874+0000] {dag.py:3239} INFO - Sync 1 DAGs
[2025-06-12T12:16:40.885+0000] {logging_mixin.py:190} INFO - [2025-06-12T12:16:40.885+0000] {dag.py:4180} INFO - Setting next_dagrun for tutorial_dag to None, run_after=None
[2025-06-12T12:16:40.900+0000] {processor.py:208} INFO - Processing /home/airflow/.local/lib/python3.12/site-packages/airflow/example_dags/tutorial_dag.py took 0.053 seconds
[2025-06-12T12:17:11.407+0000] {processor.py:186} INFO - Started process (PID=4514) to work on /home/airflow/.local/lib/python3.12/site-packages/airflow/example_dags/tutorial_dag.py
[2025-06-12T12:17:11.408+0000] {processor.py:914} INFO - Processing file /home/airflow/.local/lib/python3.12/site-packages/airflow/example_dags/tutorial_dag.py for tasks to queue
[2025-06-12T12:17:11.409+0000] {logging_mixin.py:190} INFO - [2025-06-12T12:17:11.409+0000] {dagbag.py:588} INFO - Filling up the DagBag from /home/airflow/.local/lib/python3.12/site-packages/airflow/example_dags/tutorial_dag.py
[2025-06-12T12:17:11.416+0000] {processor.py:925} INFO - DAG(s) 'tutorial_dag' retrieved from /home/airflow/.local/lib/python3.12/site-packages/airflow/example_dags/tutorial_dag.py
[2025-06-12T12:17:11.430+0000] {logging_mixin.py:190} INFO - [2025-06-12T12:17:11.430+0000] {dag.py:3239} INFO - Sync 1 DAGs
[2025-06-12T12:17:11.442+0000] {logging_mixin.py:190} INFO - [2025-06-12T12:17:11.442+0000] {dag.py:4180} INFO - Setting next_dagrun for tutorial_dag to None, run_after=None
[2025-06-12T12:17:11.464+0000] {processor.py:208} INFO - Processing /home/airflow/.local/lib/python3.12/site-packages/airflow/example_dags/tutorial_dag.py took 0.064 seconds
[2025-06-12T12:17:42.017+0000] {processor.py:186} INFO - Started process (PID=4810) to work on /home/airflow/.local/lib/python3.12/site-packages/airflow/example_dags/tutorial_dag.py
[2025-06-12T12:17:42.017+0000] {processor.py:914} INFO - Processing file /home/airflow/.local/lib/python3.12/site-packages/airflow/example_dags/tutorial_dag.py for tasks to queue
[2025-06-12T12:17:42.019+0000] {logging_mixin.py:190} INFO - [2025-06-12T12:17:42.019+0000] {dagbag.py:588} INFO - Filling up the DagBag from /home/airflow/.local/lib/python3.12/site-packages/airflow/example_dags/tutorial_dag.py
[2025-06-12T12:17:42.025+0000] {processor.py:925} INFO - DAG(s) 'tutorial_dag' retrieved from /home/airflow/.local/lib/python3.12/site-packages/airflow/example_dags/tutorial_dag.py
[2025-06-12T12:17:42.039+0000] {logging_mixin.py:190} INFO - [2025-06-12T12:17:42.039+0000] {dag.py:3239} INFO - Sync 1 DAGs
[2025-06-12T12:17:42.050+0000] {logging_mixin.py:190} INFO - [2025-06-12T12:17:42.050+0000] {dag.py:4180} INFO - Setting next_dagrun for tutorial_dag to None, run_after=None
[2025-06-12T12:17:42.064+0000] {processor.py:208} INFO - Processing /home/airflow/.local/lib/python3.12/site-packages/airflow/example_dags/tutorial_dag.py took 0.052 seconds
[2025-06-12T12:18:12.533+0000] {processor.py:186} INFO - Started process (PID=5106) to work on /home/airflow/.local/lib/python3.12/site-packages/airflow/example_dags/tutorial_dag.py
[2025-06-12T12:18:12.533+0000] {processor.py:914} INFO - Processing file /home/airflow/.local/lib/python3.12/site-packages/airflow/example_dags/tutorial_dag.py for tasks to queue
[2025-06-12T12:18:12.535+0000] {logging_mixin.py:190} INFO - [2025-06-12T12:18:12.535+0000] {dagbag.py:588} INFO - Filling up the DagBag from /home/airflow/.local/lib/python3.12/site-packages/airflow/example_dags/tutorial_dag.py
[2025-06-12T12:18:12.541+0000] {processor.py:925} INFO - DAG(s) 'tutorial_dag' retrieved from /home/airflow/.local/lib/python3.12/site-packages/airflow/example_dags/tutorial_dag.py
[2025-06-12T12:18:12.555+0000] {logging_mixin.py:190} INFO - [2025-06-12T12:18:12.555+0000] {dag.py:3239} INFO - Sync 1 DAGs
[2025-06-12T12:18:12.566+0000] {logging_mixin.py:190} INFO - [2025-06-12T12:18:12.566+0000] {dag.py:4180} INFO - Setting next_dagrun for tutorial_dag to None, run_after=None
[2025-06-12T12:18:12.588+0000] {processor.py:208} INFO - Processing /home/airflow/.local/lib/python3.12/site-packages/airflow/example_dags/tutorial_dag.py took 0.060 seconds
[2025-06-12T12:18:43.259+0000] {processor.py:186} INFO - Started process (PID=5402) to work on /home/airflow/.local/lib/python3.12/site-packages/airflow/example_dags/tutorial_dag.py
[2025-06-12T12:18:43.260+0000] {processor.py:914} INFO - Processing file /home/airflow/.local/lib/python3.12/site-packages/airflow/example_dags/tutorial_dag.py for tasks to queue
[2025-06-12T12:18:43.262+0000] {logging_mixin.py:190} INFO - [2025-06-12T12:18:43.261+0000] {dagbag.py:588} INFO - Filling up the DagBag from /home/airflow/.local/lib/python3.12/site-packages/airflow/example_dags/tutorial_dag.py
[2025-06-12T12:18:43.268+0000] {processor.py:925} INFO - DAG(s) 'tutorial_dag' retrieved from /home/airflow/.local/lib/python3.12/site-packages/airflow/example_dags/tutorial_dag.py
[2025-06-12T12:18:43.283+0000] {logging_mixin.py:190} INFO - [2025-06-12T12:18:43.283+0000] {dag.py:3239} INFO - Sync 1 DAGs
[2025-06-12T12:18:43.294+0000] {logging_mixin.py:190} INFO - [2025-06-12T12:18:43.294+0000] {dag.py:4180} INFO - Setting next_dagrun for tutorial_dag to None, run_after=None
[2025-06-12T12:18:43.308+0000] {processor.py:208} INFO - Processing /home/airflow/.local/lib/python3.12/site-packages/airflow/example_dags/tutorial_dag.py took 0.053 seconds
[2025-06-12T12:19:13.853+0000] {processor.py:186} INFO - Started process (PID=5698) to work on /home/airflow/.local/lib/python3.12/site-packages/airflow/example_dags/tutorial_dag.py
[2025-06-12T12:19:13.854+0000] {processor.py:914} INFO - Processing file /home/airflow/.local/lib/python3.12/site-packages/airflow/example_dags/tutorial_dag.py for tasks to queue
[2025-06-12T12:19:13.855+0000] {logging_mixin.py:190} INFO - [2025-06-12T12:19:13.855+0000] {dagbag.py:588} INFO - Filling up the DagBag from /home/airflow/.local/lib/python3.12/site-packages/airflow/example_dags/tutorial_dag.py
[2025-06-12T12:19:13.861+0000] {processor.py:925} INFO - DAG(s) 'tutorial_dag' retrieved from /home/airflow/.local/lib/python3.12/site-packages/airflow/example_dags/tutorial_dag.py
[2025-06-12T12:19:13.876+0000] {logging_mixin.py:190} INFO - [2025-06-12T12:19:13.876+0000] {dag.py:3239} INFO - Sync 1 DAGs
[2025-06-12T12:19:13.887+0000] {logging_mixin.py:190} INFO - [2025-06-12T12:19:13.887+0000] {dag.py:4180} INFO - Setting next_dagrun for tutorial_dag to None, run_after=None
[2025-06-12T12:19:13.899+0000] {processor.py:208} INFO - Processing /home/airflow/.local/lib/python3.12/site-packages/airflow/example_dags/tutorial_dag.py took 0.051 seconds
[2025-06-12T12:19:44.126+0000] {processor.py:186} INFO - Started process (PID=5994) to work on /home/airflow/.local/lib/python3.12/site-packages/airflow/example_dags/tutorial_dag.py
[2025-06-12T12:19:44.127+0000] {processor.py:914} INFO - Processing file /home/airflow/.local/lib/python3.12/site-packages/airflow/example_dags/tutorial_dag.py for tasks to queue
[2025-06-12T12:19:44.129+0000] {logging_mixin.py:190} INFO - [2025-06-12T12:19:44.129+0000] {dagbag.py:588} INFO - Filling up the DagBag from /home/airflow/.local/lib/python3.12/site-packages/airflow/example_dags/tutorial_dag.py
[2025-06-12T12:19:44.135+0000] {processor.py:925} INFO - DAG(s) 'tutorial_dag' retrieved from /home/airflow/.local/lib/python3.12/site-packages/airflow/example_dags/tutorial_dag.py
[2025-06-12T12:19:44.150+0000] {logging_mixin.py:190} INFO - [2025-06-12T12:19:44.150+0000] {dag.py:3239} INFO - Sync 1 DAGs
[2025-06-12T12:19:44.160+0000] {logging_mixin.py:190} INFO - [2025-06-12T12:19:44.160+0000] {dag.py:4180} INFO - Setting next_dagrun for tutorial_dag to None, run_after=None
[2025-06-12T12:19:44.173+0000] {processor.py:208} INFO - Processing /home/airflow/.local/lib/python3.12/site-packages/airflow/example_dags/tutorial_dag.py took 0.052 seconds
