[2025-03-07T18:46:35.379+0000] {local_task_job_runner.py:123} INFO - ::group::Pre task execution logs
[2025-03-07T18:46:35.392+0000] {taskinstance.py:2614} INFO - Dependencies all met for dep_context=non-requeueable deps ti=<TaskInstance: hello_mama_dag.print_hello_mama manual__2025-03-07T18:46:32.182172+00:00 [queued]>
[2025-03-07T18:46:35.407+0000] {taskinstance.py:2614} INFO - Dependencies all met for dep_context=requeueable deps ti=<TaskInstance: hello_mama_dag.print_hello_mama manual__2025-03-07T18:46:32.182172+00:00 [queued]>
[2025-03-07T18:46:35.408+0000] {taskinstance.py:2867} INFO - Starting attempt 1 of 1
[2025-03-07T18:46:35.428+0000] {taskinstance.py:2890} INFO - Executing <Task(PythonOperator): print_hello_mama> on 2025-03-07 18:46:32.182172+00:00
[2025-03-07T18:46:35.435+0000] {warnings.py:112} WARNING - /home/***/.local/lib/python3.12/site-packages/***/task/task_runner/standard_task_runner.py:70: DeprecationWarning: This process (pid=143) is multi-threaded, use of fork() may lead to deadlocks in the child.
  pid = os.fork()

[2025-03-07T18:46:35.437+0000] {standard_task_runner.py:104} INFO - Running: ['***', 'tasks', 'run', 'hello_mama_dag', 'print_hello_mama', 'manual__2025-03-07T18:46:32.182172+00:00', '--job-id', '4', '--raw', '--subdir', 'DAGS_FOLDER/main.py', '--cfg-path', '/tmp/tmpkoyhvn4l']
[2025-03-07T18:46:35.439+0000] {standard_task_runner.py:72} INFO - Started process 146 to run task
[2025-03-07T18:46:35.439+0000] {standard_task_runner.py:105} INFO - Job 4: Subtask print_hello_mama
[2025-03-07T18:46:35.647+0000] {task_command.py:467} INFO - Running <TaskInstance: hello_mama_dag.print_hello_mama manual__2025-03-07T18:46:32.182172+00:00 [running]> on host dc4d7149383f
[2025-03-07T18:46:35.695+0000] {taskinstance.py:3134} INFO - Exporting env vars: AIRFLOW_CTX_DAG_OWNER='***' AIRFLOW_CTX_DAG_ID='hello_mama_dag' AIRFLOW_CTX_TASK_ID='print_hello_mama' AIRFLOW_CTX_EXECUTION_DATE='2025-03-07T18:46:32.182172+00:00' AIRFLOW_CTX_TRY_NUMBER='1' AIRFLOW_CTX_DAG_RUN_ID='manual__2025-03-07T18:46:32.182172+00:00'
[2025-03-07T18:46:35.696+0000] {logging_mixin.py:190} INFO - Task instance is in running state
[2025-03-07T18:46:35.697+0000] {logging_mixin.py:190} INFO -  Previous state of the Task instance: queued
[2025-03-07T18:46:35.697+0000] {logging_mixin.py:190} INFO - Current task name:print_hello_mama state:running start_date:2025-03-07 18:46:35.392918+00:00
[2025-03-07T18:46:35.697+0000] {logging_mixin.py:190} INFO - Dag name:hello_mama_dag and current dag run status:running
[2025-03-07T18:46:35.698+0000] {taskinstance.py:732} INFO - ::endgroup::
[2025-03-07T18:46:35.698+0000] {logging_mixin.py:190} INFO - hello mama
[2025-03-07T18:46:35.699+0000] {python.py:240} INFO - Done. Returned value was: None
[2025-03-07T18:46:35.704+0000] {taskinstance.py:341} INFO - ::group::Post task execution logs
[2025-03-07T18:46:35.705+0000] {taskinstance.py:353} INFO - Marking task as SUCCESS. dag_id=hello_mama_dag, task_id=print_hello_mama, run_id=manual__2025-03-07T18:46:32.182172+00:00, execution_date=20250307T184632, start_date=20250307T184635, end_date=20250307T184635
[2025-03-07T18:46:35.719+0000] {logging_mixin.py:190} INFO - Task instance in success state
[2025-03-07T18:46:35.720+0000] {logging_mixin.py:190} INFO -  Previous state of the Task instance: running
[2025-03-07T18:46:35.720+0000] {logging_mixin.py:190} INFO - Dag name:hello_mama_dag queued_at:2025-03-07 18:46:32.195282+00:00
[2025-03-07T18:46:35.720+0000] {logging_mixin.py:190} INFO - Task hostname:dc4d7149383f operator:PythonOperator
[2025-03-07T18:46:35.732+0000] {local_task_job_runner.py:266} INFO - Task exited with return code 0
[2025-03-07T18:46:35.855+0000] {taskinstance.py:3901} INFO - 0 downstream tasks scheduled from follow-on schedule check
[2025-03-07T18:46:35.857+0000] {local_task_job_runner.py:245} INFO - ::endgroup::
