[2025-04-09T17:05:02.278+0000] {processor.py:186} INFO - Started process (PID=202) to work on /opt/airflow/dags/main.py
[2025-04-09T17:05:02.279+0000] {processor.py:914} INFO - Processing file /opt/airflow/dags/main.py for tasks to queue
[2025-04-09T17:05:02.280+0000] {logging_mixin.py:190} INFO - [2025-04-09T17:05:02.280+0000] {dagbag.py:588} INFO - Filling up the DagBag from /opt/airflow/dags/main.py
[2025-04-09T17:05:02.293+0000] {processor.py:925} INFO - DAG(s) 'data_process' retrieved from /opt/airflow/dags/main.py
[2025-04-09T17:05:02.316+0000] {logging_mixin.py:190} INFO - [2025-04-09T17:05:02.316+0000] {dag.py:3239} INFO - Sync 1 DAGs
[2025-04-09T17:05:02.331+0000] {logging_mixin.py:190} INFO - [2025-04-09T17:05:02.331+0000] {dag.py:4180} INFO - Setting next_dagrun for data_process to None, run_after=None
[2025-04-09T17:05:02.348+0000] {processor.py:208} INFO - Processing /opt/airflow/dags/main.py took 0.075 seconds
[2025-04-09T17:05:32.453+0000] {processor.py:186} INFO - Started process (PID=498) to work on /opt/airflow/dags/main.py
[2025-04-09T17:05:32.454+0000] {processor.py:914} INFO - Processing file /opt/airflow/dags/main.py for tasks to queue
[2025-04-09T17:05:32.455+0000] {logging_mixin.py:190} INFO - [2025-04-09T17:05:32.455+0000] {dagbag.py:588} INFO - Filling up the DagBag from /opt/airflow/dags/main.py
[2025-04-09T17:05:32.466+0000] {processor.py:925} INFO - DAG(s) 'data_process' retrieved from /opt/airflow/dags/main.py
[2025-04-09T17:05:32.481+0000] {logging_mixin.py:190} INFO - [2025-04-09T17:05:32.480+0000] {dag.py:3239} INFO - Sync 1 DAGs
[2025-04-09T17:05:32.493+0000] {logging_mixin.py:190} INFO - [2025-04-09T17:05:32.493+0000] {dag.py:4180} INFO - Setting next_dagrun for data_process to None, run_after=None
[2025-04-09T17:05:32.506+0000] {processor.py:208} INFO - Processing /opt/airflow/dags/main.py took 0.058 seconds
[2025-04-09T17:06:03.468+0000] {processor.py:186} INFO - Started process (PID=794) to work on /opt/airflow/dags/main.py
[2025-04-09T17:06:03.469+0000] {processor.py:914} INFO - Processing file /opt/airflow/dags/main.py for tasks to queue
[2025-04-09T17:06:03.470+0000] {logging_mixin.py:190} INFO - [2025-04-09T17:06:03.470+0000] {dagbag.py:588} INFO - Filling up the DagBag from /opt/airflow/dags/main.py
[2025-04-09T17:06:03.480+0000] {processor.py:925} INFO - DAG(s) 'data_process' retrieved from /opt/airflow/dags/main.py
[2025-04-09T17:06:03.498+0000] {logging_mixin.py:190} INFO - [2025-04-09T17:06:03.498+0000] {dag.py:3239} INFO - Sync 1 DAGs
[2025-04-09T17:06:03.511+0000] {logging_mixin.py:190} INFO - [2025-04-09T17:06:03.511+0000] {dag.py:4180} INFO - Setting next_dagrun for data_process to None, run_after=None
[2025-04-09T17:06:03.524+0000] {processor.py:208} INFO - Processing /opt/airflow/dags/main.py took 0.061 seconds
[2025-04-09T17:06:34.507+0000] {processor.py:186} INFO - Started process (PID=1090) to work on /opt/airflow/dags/main.py
[2025-04-09T17:06:34.508+0000] {processor.py:914} INFO - Processing file /opt/airflow/dags/main.py for tasks to queue
[2025-04-09T17:06:34.511+0000] {logging_mixin.py:190} INFO - [2025-04-09T17:06:34.510+0000] {dagbag.py:588} INFO - Filling up the DagBag from /opt/airflow/dags/main.py
[2025-04-09T17:06:34.523+0000] {processor.py:925} INFO - DAG(s) 'data_process' retrieved from /opt/airflow/dags/main.py
[2025-04-09T17:06:34.540+0000] {logging_mixin.py:190} INFO - [2025-04-09T17:06:34.539+0000] {dag.py:3239} INFO - Sync 1 DAGs
[2025-04-09T17:06:34.551+0000] {logging_mixin.py:190} INFO - [2025-04-09T17:06:34.551+0000] {dag.py:4180} INFO - Setting next_dagrun for data_process to None, run_after=None
[2025-04-09T17:06:34.567+0000] {processor.py:208} INFO - Processing /opt/airflow/dags/main.py took 0.066 seconds
[2025-04-09T17:07:05.424+0000] {processor.py:186} INFO - Started process (PID=1392) to work on /opt/airflow/dags/main.py
[2025-04-09T17:07:05.425+0000] {processor.py:914} INFO - Processing file /opt/airflow/dags/main.py for tasks to queue
[2025-04-09T17:07:05.426+0000] {logging_mixin.py:190} INFO - [2025-04-09T17:07:05.426+0000] {dagbag.py:588} INFO - Filling up the DagBag from /opt/airflow/dags/main.py
[2025-04-09T17:07:05.436+0000] {processor.py:925} INFO - DAG(s) 'data_process' retrieved from /opt/airflow/dags/main.py
[2025-04-09T17:07:05.449+0000] {logging_mixin.py:190} INFO - [2025-04-09T17:07:05.448+0000] {dag.py:3239} INFO - Sync 1 DAGs
[2025-04-09T17:07:05.460+0000] {logging_mixin.py:190} INFO - [2025-04-09T17:07:05.460+0000] {dag.py:4180} INFO - Setting next_dagrun for data_process to None, run_after=None
[2025-04-09T17:07:05.475+0000] {processor.py:208} INFO - Processing /opt/airflow/dags/main.py took 0.055 seconds
[2025-04-09T17:07:36.041+0000] {processor.py:186} INFO - Started process (PID=1688) to work on /opt/airflow/dags/main.py
[2025-04-09T17:07:36.042+0000] {processor.py:914} INFO - Processing file /opt/airflow/dags/main.py for tasks to queue
[2025-04-09T17:07:36.043+0000] {logging_mixin.py:190} INFO - [2025-04-09T17:07:36.043+0000] {dagbag.py:588} INFO - Filling up the DagBag from /opt/airflow/dags/main.py
[2025-04-09T17:07:36.053+0000] {processor.py:925} INFO - DAG(s) 'data_process' retrieved from /opt/airflow/dags/main.py
[2025-04-09T17:07:36.065+0000] {logging_mixin.py:190} INFO - [2025-04-09T17:07:36.065+0000] {dag.py:3239} INFO - Sync 1 DAGs
[2025-04-09T17:07:36.075+0000] {logging_mixin.py:190} INFO - [2025-04-09T17:07:36.075+0000] {dag.py:4180} INFO - Setting next_dagrun for data_process to None, run_after=None
[2025-04-09T17:07:36.087+0000] {processor.py:208} INFO - Processing /opt/airflow/dags/main.py took 0.051 seconds
[2025-04-09T17:08:06.480+0000] {processor.py:186} INFO - Started process (PID=1984) to work on /opt/airflow/dags/main.py
[2025-04-09T17:08:06.480+0000] {processor.py:914} INFO - Processing file /opt/airflow/dags/main.py for tasks to queue
[2025-04-09T17:08:06.482+0000] {logging_mixin.py:190} INFO - [2025-04-09T17:08:06.482+0000] {dagbag.py:588} INFO - Filling up the DagBag from /opt/airflow/dags/main.py
[2025-04-09T17:08:06.491+0000] {processor.py:925} INFO - DAG(s) 'data_process' retrieved from /opt/airflow/dags/main.py
[2025-04-09T17:08:06.503+0000] {logging_mixin.py:190} INFO - [2025-04-09T17:08:06.503+0000] {dag.py:3239} INFO - Sync 1 DAGs
[2025-04-09T17:08:06.514+0000] {logging_mixin.py:190} INFO - [2025-04-09T17:08:06.514+0000] {dag.py:4180} INFO - Setting next_dagrun for data_process to None, run_after=None
[2025-04-09T17:08:06.527+0000] {processor.py:208} INFO - Processing /opt/airflow/dags/main.py took 0.051 seconds
[2025-04-09T17:08:37.370+0000] {processor.py:186} INFO - Started process (PID=2280) to work on /opt/airflow/dags/main.py
[2025-04-09T17:08:37.371+0000] {processor.py:914} INFO - Processing file /opt/airflow/dags/main.py for tasks to queue
[2025-04-09T17:08:37.373+0000] {logging_mixin.py:190} INFO - [2025-04-09T17:08:37.373+0000] {dagbag.py:588} INFO - Filling up the DagBag from /opt/airflow/dags/main.py
[2025-04-09T17:08:37.381+0000] {processor.py:925} INFO - DAG(s) 'data_process' retrieved from /opt/airflow/dags/main.py
[2025-04-09T17:08:37.394+0000] {logging_mixin.py:190} INFO - [2025-04-09T17:08:37.393+0000] {dag.py:3239} INFO - Sync 1 DAGs
[2025-04-09T17:08:37.404+0000] {logging_mixin.py:190} INFO - [2025-04-09T17:08:37.404+0000] {dag.py:4180} INFO - Setting next_dagrun for data_process to None, run_after=None
[2025-04-09T17:08:37.425+0000] {processor.py:208} INFO - Processing /opt/airflow/dags/main.py took 0.059 seconds
[2025-04-09T17:09:08.023+0000] {processor.py:186} INFO - Started process (PID=2576) to work on /opt/airflow/dags/main.py
[2025-04-09T17:09:08.024+0000] {processor.py:914} INFO - Processing file /opt/airflow/dags/main.py for tasks to queue
[2025-04-09T17:09:08.025+0000] {logging_mixin.py:190} INFO - [2025-04-09T17:09:08.025+0000] {dagbag.py:588} INFO - Filling up the DagBag from /opt/airflow/dags/main.py
[2025-04-09T17:09:08.035+0000] {processor.py:925} INFO - DAG(s) 'data_process' retrieved from /opt/airflow/dags/main.py
[2025-04-09T17:09:08.047+0000] {logging_mixin.py:190} INFO - [2025-04-09T17:09:08.047+0000] {dag.py:3239} INFO - Sync 1 DAGs
[2025-04-09T17:09:08.057+0000] {logging_mixin.py:190} INFO - [2025-04-09T17:09:08.057+0000] {dag.py:4180} INFO - Setting next_dagrun for data_process to None, run_after=None
[2025-04-09T17:09:08.071+0000] {processor.py:208} INFO - Processing /opt/airflow/dags/main.py took 0.052 seconds
[2025-04-09T17:09:38.235+0000] {processor.py:186} INFO - Started process (PID=2872) to work on /opt/airflow/dags/main.py
[2025-04-09T17:09:38.235+0000] {processor.py:914} INFO - Processing file /opt/airflow/dags/main.py for tasks to queue
[2025-04-09T17:09:38.237+0000] {logging_mixin.py:190} INFO - [2025-04-09T17:09:38.237+0000] {dagbag.py:588} INFO - Filling up the DagBag from /opt/airflow/dags/main.py
[2025-04-09T17:09:38.246+0000] {processor.py:925} INFO - DAG(s) 'data_process' retrieved from /opt/airflow/dags/main.py
[2025-04-09T17:09:38.259+0000] {logging_mixin.py:190} INFO - [2025-04-09T17:09:38.259+0000] {dag.py:3239} INFO - Sync 1 DAGs
[2025-04-09T17:09:38.270+0000] {logging_mixin.py:190} INFO - [2025-04-09T17:09:38.269+0000] {dag.py:4180} INFO - Setting next_dagrun for data_process to None, run_after=None
[2025-04-09T17:09:38.282+0000] {processor.py:208} INFO - Processing /opt/airflow/dags/main.py took 0.052 seconds
[2025-04-09T17:10:08.784+0000] {processor.py:186} INFO - Started process (PID=3168) to work on /opt/airflow/dags/main.py
[2025-04-09T17:10:08.785+0000] {processor.py:914} INFO - Processing file /opt/airflow/dags/main.py for tasks to queue
[2025-04-09T17:10:08.787+0000] {logging_mixin.py:190} INFO - [2025-04-09T17:10:08.786+0000] {dagbag.py:588} INFO - Filling up the DagBag from /opt/airflow/dags/main.py
[2025-04-09T17:10:08.796+0000] {processor.py:925} INFO - DAG(s) 'data_process' retrieved from /opt/airflow/dags/main.py
[2025-04-09T17:10:08.808+0000] {logging_mixin.py:190} INFO - [2025-04-09T17:10:08.808+0000] {dag.py:3239} INFO - Sync 1 DAGs
[2025-04-09T17:10:08.818+0000] {logging_mixin.py:190} INFO - [2025-04-09T17:10:08.818+0000] {dag.py:4180} INFO - Setting next_dagrun for data_process to None, run_after=None
[2025-04-09T17:10:08.840+0000] {processor.py:208} INFO - Processing /opt/airflow/dags/main.py took 0.061 seconds
[2025-04-09T17:10:39.310+0000] {processor.py:186} INFO - Started process (PID=3464) to work on /opt/airflow/dags/main.py
[2025-04-09T17:10:39.311+0000] {processor.py:914} INFO - Processing file /opt/airflow/dags/main.py for tasks to queue
[2025-04-09T17:10:39.312+0000] {logging_mixin.py:190} INFO - [2025-04-09T17:10:39.312+0000] {dagbag.py:588} INFO - Filling up the DagBag from /opt/airflow/dags/main.py
[2025-04-09T17:10:39.321+0000] {processor.py:925} INFO - DAG(s) 'data_process' retrieved from /opt/airflow/dags/main.py
[2025-04-09T17:10:39.334+0000] {logging_mixin.py:190} INFO - [2025-04-09T17:10:39.333+0000] {dag.py:3239} INFO - Sync 1 DAGs
[2025-04-09T17:10:39.344+0000] {logging_mixin.py:190} INFO - [2025-04-09T17:10:39.344+0000] {dag.py:4180} INFO - Setting next_dagrun for data_process to None, run_after=None
[2025-04-09T17:10:39.364+0000] {processor.py:208} INFO - Processing /opt/airflow/dags/main.py took 0.058 seconds
[2025-04-09T17:11:09.777+0000] {processor.py:186} INFO - Started process (PID=3760) to work on /opt/airflow/dags/main.py
[2025-04-09T17:11:09.777+0000] {processor.py:914} INFO - Processing file /opt/airflow/dags/main.py for tasks to queue
[2025-04-09T17:11:09.779+0000] {logging_mixin.py:190} INFO - [2025-04-09T17:11:09.779+0000] {dagbag.py:588} INFO - Filling up the DagBag from /opt/airflow/dags/main.py
[2025-04-09T17:11:09.788+0000] {processor.py:925} INFO - DAG(s) 'data_process' retrieved from /opt/airflow/dags/main.py
[2025-04-09T17:11:09.800+0000] {logging_mixin.py:190} INFO - [2025-04-09T17:11:09.800+0000] {dag.py:3239} INFO - Sync 1 DAGs
[2025-04-09T17:11:09.811+0000] {logging_mixin.py:190} INFO - [2025-04-09T17:11:09.811+0000] {dag.py:4180} INFO - Setting next_dagrun for data_process to None, run_after=None
[2025-04-09T17:11:09.823+0000] {processor.py:208} INFO - Processing /opt/airflow/dags/main.py took 0.051 seconds
[2025-04-09T17:11:40.345+0000] {processor.py:186} INFO - Started process (PID=4056) to work on /opt/airflow/dags/main.py
[2025-04-09T17:11:40.345+0000] {processor.py:914} INFO - Processing file /opt/airflow/dags/main.py for tasks to queue
[2025-04-09T17:11:40.347+0000] {logging_mixin.py:190} INFO - [2025-04-09T17:11:40.347+0000] {dagbag.py:588} INFO - Filling up the DagBag from /opt/airflow/dags/main.py
[2025-04-09T17:11:40.356+0000] {processor.py:925} INFO - DAG(s) 'data_process' retrieved from /opt/airflow/dags/main.py
[2025-04-09T17:11:40.369+0000] {logging_mixin.py:190} INFO - [2025-04-09T17:11:40.369+0000] {dag.py:3239} INFO - Sync 1 DAGs
[2025-04-09T17:11:40.379+0000] {logging_mixin.py:190} INFO - [2025-04-09T17:11:40.379+0000] {dag.py:4180} INFO - Setting next_dagrun for data_process to None, run_after=None
[2025-04-09T17:11:40.399+0000] {processor.py:208} INFO - Processing /opt/airflow/dags/main.py took 0.058 seconds
[2025-04-09T17:12:10.757+0000] {processor.py:186} INFO - Started process (PID=4352) to work on /opt/airflow/dags/main.py
[2025-04-09T17:12:10.757+0000] {processor.py:914} INFO - Processing file /opt/airflow/dags/main.py for tasks to queue
[2025-04-09T17:12:10.760+0000] {logging_mixin.py:190} INFO - [2025-04-09T17:12:10.760+0000] {dagbag.py:588} INFO - Filling up the DagBag from /opt/airflow/dags/main.py
[2025-04-09T17:12:10.771+0000] {processor.py:925} INFO - DAG(s) 'data_process' retrieved from /opt/airflow/dags/main.py
[2025-04-09T17:12:10.787+0000] {logging_mixin.py:190} INFO - [2025-04-09T17:12:10.787+0000] {dag.py:3239} INFO - Sync 1 DAGs
[2025-04-09T17:12:10.799+0000] {logging_mixin.py:190} INFO - [2025-04-09T17:12:10.798+0000] {dag.py:4180} INFO - Setting next_dagrun for data_process to None, run_after=None
[2025-04-09T17:12:10.813+0000] {processor.py:208} INFO - Processing /opt/airflow/dags/main.py took 0.061 seconds
[2025-04-09T17:12:41.084+0000] {processor.py:186} INFO - Started process (PID=4648) to work on /opt/airflow/dags/main.py
[2025-04-09T17:12:41.084+0000] {processor.py:914} INFO - Processing file /opt/airflow/dags/main.py for tasks to queue
[2025-04-09T17:12:41.086+0000] {logging_mixin.py:190} INFO - [2025-04-09T17:12:41.086+0000] {dagbag.py:588} INFO - Filling up the DagBag from /opt/airflow/dags/main.py
[2025-04-09T17:12:41.097+0000] {processor.py:925} INFO - DAG(s) 'data_process' retrieved from /opt/airflow/dags/main.py
[2025-04-09T17:12:41.111+0000] {logging_mixin.py:190} INFO - [2025-04-09T17:12:41.111+0000] {dag.py:3239} INFO - Sync 1 DAGs
[2025-04-09T17:12:41.123+0000] {logging_mixin.py:190} INFO - [2025-04-09T17:12:41.123+0000] {dag.py:4180} INFO - Setting next_dagrun for data_process to None, run_after=None
[2025-04-09T17:12:41.136+0000] {processor.py:208} INFO - Processing /opt/airflow/dags/main.py took 0.058 seconds
[2025-04-09T17:13:11.182+0000] {processor.py:186} INFO - Started process (PID=4944) to work on /opt/airflow/dags/main.py
[2025-04-09T17:13:11.182+0000] {processor.py:914} INFO - Processing file /opt/airflow/dags/main.py for tasks to queue
[2025-04-09T17:13:11.184+0000] {logging_mixin.py:190} INFO - [2025-04-09T17:13:11.184+0000] {dagbag.py:588} INFO - Filling up the DagBag from /opt/airflow/dags/main.py
[2025-04-09T17:13:11.194+0000] {processor.py:925} INFO - DAG(s) 'data_process' retrieved from /opt/airflow/dags/main.py
[2025-04-09T17:13:11.207+0000] {logging_mixin.py:190} INFO - [2025-04-09T17:13:11.207+0000] {dag.py:3239} INFO - Sync 1 DAGs
[2025-04-09T17:13:11.219+0000] {logging_mixin.py:190} INFO - [2025-04-09T17:13:11.218+0000] {dag.py:4180} INFO - Setting next_dagrun for data_process to None, run_after=None
[2025-04-09T17:13:11.240+0000] {processor.py:208} INFO - Processing /opt/airflow/dags/main.py took 0.063 seconds
[2025-04-09T17:13:41.712+0000] {processor.py:186} INFO - Started process (PID=5240) to work on /opt/airflow/dags/main.py
[2025-04-09T17:13:41.713+0000] {processor.py:914} INFO - Processing file /opt/airflow/dags/main.py for tasks to queue
[2025-04-09T17:13:41.715+0000] {logging_mixin.py:190} INFO - [2025-04-09T17:13:41.714+0000] {dagbag.py:588} INFO - Filling up the DagBag from /opt/airflow/dags/main.py
[2025-04-09T17:13:41.726+0000] {processor.py:925} INFO - DAG(s) 'data_process' retrieved from /opt/airflow/dags/main.py
[2025-04-09T17:13:41.740+0000] {logging_mixin.py:190} INFO - [2025-04-09T17:13:41.740+0000] {dag.py:3239} INFO - Sync 1 DAGs
[2025-04-09T17:13:41.751+0000] {logging_mixin.py:190} INFO - [2025-04-09T17:13:41.751+0000] {dag.py:4180} INFO - Setting next_dagrun for data_process to None, run_after=None
[2025-04-09T17:13:41.765+0000] {processor.py:208} INFO - Processing /opt/airflow/dags/main.py took 0.058 seconds
[2025-04-09T17:14:12.697+0000] {processor.py:186} INFO - Started process (PID=5536) to work on /opt/airflow/dags/main.py
[2025-04-09T17:14:12.698+0000] {processor.py:914} INFO - Processing file /opt/airflow/dags/main.py for tasks to queue
[2025-04-09T17:14:12.700+0000] {logging_mixin.py:190} INFO - [2025-04-09T17:14:12.700+0000] {dagbag.py:588} INFO - Filling up the DagBag from /opt/airflow/dags/main.py
[2025-04-09T17:14:12.710+0000] {processor.py:925} INFO - DAG(s) 'data_process' retrieved from /opt/airflow/dags/main.py
[2025-04-09T17:14:12.724+0000] {logging_mixin.py:190} INFO - [2025-04-09T17:14:12.723+0000] {dag.py:3239} INFO - Sync 1 DAGs
[2025-04-09T17:14:12.736+0000] {logging_mixin.py:190} INFO - [2025-04-09T17:14:12.735+0000] {dag.py:4180} INFO - Setting next_dagrun for data_process to None, run_after=None
[2025-04-09T17:14:12.758+0000] {processor.py:208} INFO - Processing /opt/airflow/dags/main.py took 0.065 seconds
[2025-04-09T17:14:43.269+0000] {processor.py:186} INFO - Started process (PID=5832) to work on /opt/airflow/dags/main.py
[2025-04-09T17:14:43.269+0000] {processor.py:914} INFO - Processing file /opt/airflow/dags/main.py for tasks to queue
[2025-04-09T17:14:43.271+0000] {logging_mixin.py:190} INFO - [2025-04-09T17:14:43.271+0000] {dagbag.py:588} INFO - Filling up the DagBag from /opt/airflow/dags/main.py
[2025-04-09T17:14:43.281+0000] {processor.py:925} INFO - DAG(s) 'data_process' retrieved from /opt/airflow/dags/main.py
[2025-04-09T17:14:43.296+0000] {logging_mixin.py:190} INFO - [2025-04-09T17:14:43.296+0000] {dag.py:3239} INFO - Sync 1 DAGs
[2025-04-09T17:14:43.307+0000] {logging_mixin.py:190} INFO - [2025-04-09T17:14:43.307+0000] {dag.py:4180} INFO - Setting next_dagrun for data_process to None, run_after=None
[2025-04-09T17:14:43.321+0000] {processor.py:208} INFO - Processing /opt/airflow/dags/main.py took 0.057 seconds
[2025-04-09T17:15:13.909+0000] {processor.py:186} INFO - Started process (PID=6128) to work on /opt/airflow/dags/main.py
[2025-04-09T17:15:13.909+0000] {processor.py:914} INFO - Processing file /opt/airflow/dags/main.py for tasks to queue
[2025-04-09T17:15:13.911+0000] {logging_mixin.py:190} INFO - [2025-04-09T17:15:13.911+0000] {dagbag.py:588} INFO - Filling up the DagBag from /opt/airflow/dags/main.py
[2025-04-09T17:15:13.922+0000] {processor.py:925} INFO - DAG(s) 'data_process' retrieved from /opt/airflow/dags/main.py
[2025-04-09T17:15:13.935+0000] {logging_mixin.py:190} INFO - [2025-04-09T17:15:13.935+0000] {dag.py:3239} INFO - Sync 1 DAGs
[2025-04-09T17:15:13.946+0000] {logging_mixin.py:190} INFO - [2025-04-09T17:15:13.946+0000] {dag.py:4180} INFO - Setting next_dagrun for data_process to None, run_after=None
[2025-04-09T17:15:13.960+0000] {processor.py:208} INFO - Processing /opt/airflow/dags/main.py took 0.060 seconds
[2025-04-09T17:15:44.556+0000] {processor.py:186} INFO - Started process (PID=6424) to work on /opt/airflow/dags/main.py
[2025-04-09T17:15:44.557+0000] {processor.py:914} INFO - Processing file /opt/airflow/dags/main.py for tasks to queue
[2025-04-09T17:15:44.559+0000] {logging_mixin.py:190} INFO - [2025-04-09T17:15:44.558+0000] {dagbag.py:588} INFO - Filling up the DagBag from /opt/airflow/dags/main.py
[2025-04-09T17:15:44.570+0000] {processor.py:925} INFO - DAG(s) 'data_process' retrieved from /opt/airflow/dags/main.py
[2025-04-09T17:15:44.584+0000] {logging_mixin.py:190} INFO - [2025-04-09T17:15:44.584+0000] {dag.py:3239} INFO - Sync 1 DAGs
[2025-04-09T17:15:44.596+0000] {logging_mixin.py:190} INFO - [2025-04-09T17:15:44.595+0000] {dag.py:4180} INFO - Setting next_dagrun for data_process to None, run_after=None
[2025-04-09T17:15:44.610+0000] {processor.py:208} INFO - Processing /opt/airflow/dags/main.py took 0.059 seconds
[2025-04-09T17:16:14.721+0000] {processor.py:186} INFO - Started process (PID=6720) to work on /opt/airflow/dags/main.py
[2025-04-09T17:16:14.722+0000] {processor.py:914} INFO - Processing file /opt/airflow/dags/main.py for tasks to queue
[2025-04-09T17:16:14.724+0000] {logging_mixin.py:190} INFO - [2025-04-09T17:16:14.723+0000] {dagbag.py:588} INFO - Filling up the DagBag from /opt/airflow/dags/main.py
[2025-04-09T17:16:14.734+0000] {processor.py:925} INFO - DAG(s) 'data_process' retrieved from /opt/airflow/dags/main.py
[2025-04-09T17:16:14.747+0000] {logging_mixin.py:190} INFO - [2025-04-09T17:16:14.747+0000] {dag.py:3239} INFO - Sync 1 DAGs
[2025-04-09T17:16:14.758+0000] {logging_mixin.py:190} INFO - [2025-04-09T17:16:14.758+0000] {dag.py:4180} INFO - Setting next_dagrun for data_process to None, run_after=None
[2025-04-09T17:16:14.774+0000] {processor.py:208} INFO - Processing /opt/airflow/dags/main.py took 0.059 seconds
[2025-04-09T17:16:44.869+0000] {processor.py:186} INFO - Started process (PID=7016) to work on /opt/airflow/dags/main.py
[2025-04-09T17:16:44.870+0000] {processor.py:914} INFO - Processing file /opt/airflow/dags/main.py for tasks to queue
[2025-04-09T17:16:44.872+0000] {logging_mixin.py:190} INFO - [2025-04-09T17:16:44.871+0000] {dagbag.py:588} INFO - Filling up the DagBag from /opt/airflow/dags/main.py
[2025-04-09T17:16:44.882+0000] {processor.py:925} INFO - DAG(s) 'data_process' retrieved from /opt/airflow/dags/main.py
[2025-04-09T17:16:44.897+0000] {logging_mixin.py:190} INFO - [2025-04-09T17:16:44.896+0000] {dag.py:3239} INFO - Sync 1 DAGs
[2025-04-09T17:16:44.907+0000] {logging_mixin.py:190} INFO - [2025-04-09T17:16:44.907+0000] {dag.py:4180} INFO - Setting next_dagrun for data_process to None, run_after=None
[2025-04-09T17:16:44.921+0000] {processor.py:208} INFO - Processing /opt/airflow/dags/main.py took 0.056 seconds
[2025-04-09T17:17:15.741+0000] {processor.py:186} INFO - Started process (PID=7312) to work on /opt/airflow/dags/main.py
[2025-04-09T17:17:15.742+0000] {processor.py:914} INFO - Processing file /opt/airflow/dags/main.py for tasks to queue
[2025-04-09T17:17:15.744+0000] {logging_mixin.py:190} INFO - [2025-04-09T17:17:15.744+0000] {dagbag.py:588} INFO - Filling up the DagBag from /opt/airflow/dags/main.py
[2025-04-09T17:17:15.753+0000] {processor.py:925} INFO - DAG(s) 'data_process' retrieved from /opt/airflow/dags/main.py
[2025-04-09T17:17:15.766+0000] {logging_mixin.py:190} INFO - [2025-04-09T17:17:15.766+0000] {dag.py:3239} INFO - Sync 1 DAGs
[2025-04-09T17:17:15.777+0000] {logging_mixin.py:190} INFO - [2025-04-09T17:17:15.776+0000] {dag.py:4180} INFO - Setting next_dagrun for data_process to None, run_after=None
[2025-04-09T17:17:15.789+0000] {processor.py:208} INFO - Processing /opt/airflow/dags/main.py took 0.052 seconds
[2025-04-09T17:17:46.516+0000] {processor.py:186} INFO - Started process (PID=7608) to work on /opt/airflow/dags/main.py
[2025-04-09T17:17:46.518+0000] {processor.py:914} INFO - Processing file /opt/airflow/dags/main.py for tasks to queue
[2025-04-09T17:17:46.519+0000] {logging_mixin.py:190} INFO - [2025-04-09T17:17:46.519+0000] {dagbag.py:588} INFO - Filling up the DagBag from /opt/airflow/dags/main.py
[2025-04-09T17:17:46.529+0000] {processor.py:925} INFO - DAG(s) 'data_process' retrieved from /opt/airflow/dags/main.py
[2025-04-09T17:17:46.542+0000] {logging_mixin.py:190} INFO - [2025-04-09T17:17:46.542+0000] {dag.py:3239} INFO - Sync 1 DAGs
[2025-04-09T17:17:46.553+0000] {logging_mixin.py:190} INFO - [2025-04-09T17:17:46.553+0000] {dag.py:4180} INFO - Setting next_dagrun for data_process to None, run_after=None
[2025-04-09T17:17:46.566+0000] {processor.py:208} INFO - Processing /opt/airflow/dags/main.py took 0.054 seconds
[2025-04-09T17:18:17.335+0000] {processor.py:186} INFO - Started process (PID=7904) to work on /opt/airflow/dags/main.py
[2025-04-09T17:18:17.336+0000] {processor.py:914} INFO - Processing file /opt/airflow/dags/main.py for tasks to queue
[2025-04-09T17:18:17.337+0000] {logging_mixin.py:190} INFO - [2025-04-09T17:18:17.337+0000] {dagbag.py:588} INFO - Filling up the DagBag from /opt/airflow/dags/main.py
[2025-04-09T17:18:17.347+0000] {processor.py:925} INFO - DAG(s) 'data_process' retrieved from /opt/airflow/dags/main.py
[2025-04-09T17:18:17.360+0000] {logging_mixin.py:190} INFO - [2025-04-09T17:18:17.360+0000] {dag.py:3239} INFO - Sync 1 DAGs
[2025-04-09T17:18:17.370+0000] {logging_mixin.py:190} INFO - [2025-04-09T17:18:17.370+0000] {dag.py:4180} INFO - Setting next_dagrun for data_process to None, run_after=None
[2025-04-09T17:18:17.393+0000] {processor.py:208} INFO - Processing /opt/airflow/dags/main.py took 0.063 seconds
[2025-04-09T17:18:47.911+0000] {processor.py:186} INFO - Started process (PID=8200) to work on /opt/airflow/dags/main.py
[2025-04-09T17:18:47.912+0000] {processor.py:914} INFO - Processing file /opt/airflow/dags/main.py for tasks to queue
[2025-04-09T17:18:47.914+0000] {logging_mixin.py:190} INFO - [2025-04-09T17:18:47.913+0000] {dagbag.py:588} INFO - Filling up the DagBag from /opt/airflow/dags/main.py
[2025-04-09T17:18:47.923+0000] {processor.py:925} INFO - DAG(s) 'data_process' retrieved from /opt/airflow/dags/main.py
[2025-04-09T17:18:47.936+0000] {logging_mixin.py:190} INFO - [2025-04-09T17:18:47.936+0000] {dag.py:3239} INFO - Sync 1 DAGs
[2025-04-09T17:18:47.947+0000] {logging_mixin.py:190} INFO - [2025-04-09T17:18:47.947+0000] {dag.py:4180} INFO - Setting next_dagrun for data_process to None, run_after=None
[2025-04-09T17:18:47.960+0000] {processor.py:208} INFO - Processing /opt/airflow/dags/main.py took 0.053 seconds
[2025-04-09T17:19:18.750+0000] {processor.py:186} INFO - Started process (PID=8496) to work on /opt/airflow/dags/main.py
[2025-04-09T17:19:18.750+0000] {processor.py:914} INFO - Processing file /opt/airflow/dags/main.py for tasks to queue
[2025-04-09T17:19:18.752+0000] {logging_mixin.py:190} INFO - [2025-04-09T17:19:18.752+0000] {dagbag.py:588} INFO - Filling up the DagBag from /opt/airflow/dags/main.py
[2025-04-09T17:19:18.763+0000] {processor.py:925} INFO - DAG(s) 'data_process' retrieved from /opt/airflow/dags/main.py
[2025-04-09T17:19:18.778+0000] {logging_mixin.py:190} INFO - [2025-04-09T17:19:18.777+0000] {dag.py:3239} INFO - Sync 1 DAGs
[2025-04-09T17:19:18.788+0000] {logging_mixin.py:190} INFO - [2025-04-09T17:19:18.788+0000] {dag.py:4180} INFO - Setting next_dagrun for data_process to None, run_after=None
[2025-04-09T17:19:18.809+0000] {processor.py:208} INFO - Processing /opt/airflow/dags/main.py took 0.064 seconds
[2025-04-09T17:19:49.629+0000] {processor.py:186} INFO - Started process (PID=8792) to work on /opt/airflow/dags/main.py
[2025-04-09T17:19:49.630+0000] {processor.py:914} INFO - Processing file /opt/airflow/dags/main.py for tasks to queue
[2025-04-09T17:19:49.633+0000] {logging_mixin.py:190} INFO - [2025-04-09T17:19:49.632+0000] {dagbag.py:588} INFO - Filling up the DagBag from /opt/airflow/dags/main.py
[2025-04-09T17:19:49.644+0000] {processor.py:925} INFO - DAG(s) 'data_process' retrieved from /opt/airflow/dags/main.py
[2025-04-09T17:19:49.660+0000] {logging_mixin.py:190} INFO - [2025-04-09T17:19:49.660+0000] {dag.py:3239} INFO - Sync 1 DAGs
[2025-04-09T17:19:49.673+0000] {logging_mixin.py:190} INFO - [2025-04-09T17:19:49.672+0000] {dag.py:4180} INFO - Setting next_dagrun for data_process to None, run_after=None
[2025-04-09T17:19:49.694+0000] {processor.py:208} INFO - Processing /opt/airflow/dags/main.py took 0.070 seconds
[2025-04-09T17:20:20.274+0000] {processor.py:186} INFO - Started process (PID=9088) to work on /opt/airflow/dags/main.py
[2025-04-09T17:20:20.275+0000] {processor.py:914} INFO - Processing file /opt/airflow/dags/main.py for tasks to queue
[2025-04-09T17:20:20.277+0000] {logging_mixin.py:190} INFO - [2025-04-09T17:20:20.276+0000] {dagbag.py:588} INFO - Filling up the DagBag from /opt/airflow/dags/main.py
[2025-04-09T17:20:20.289+0000] {processor.py:925} INFO - DAG(s) 'data_process' retrieved from /opt/airflow/dags/main.py
[2025-04-09T17:20:20.305+0000] {logging_mixin.py:190} INFO - [2025-04-09T17:20:20.304+0000] {dag.py:3239} INFO - Sync 1 DAGs
[2025-04-09T17:20:20.316+0000] {logging_mixin.py:190} INFO - [2025-04-09T17:20:20.316+0000] {dag.py:4180} INFO - Setting next_dagrun for data_process to None, run_after=None
[2025-04-09T17:20:20.337+0000] {processor.py:208} INFO - Processing /opt/airflow/dags/main.py took 0.068 seconds
[2025-04-09T17:20:50.832+0000] {processor.py:186} INFO - Started process (PID=9384) to work on /opt/airflow/dags/main.py
[2025-04-09T17:20:50.833+0000] {processor.py:914} INFO - Processing file /opt/airflow/dags/main.py for tasks to queue
[2025-04-09T17:20:50.834+0000] {logging_mixin.py:190} INFO - [2025-04-09T17:20:50.834+0000] {dagbag.py:588} INFO - Filling up the DagBag from /opt/airflow/dags/main.py
[2025-04-09T17:20:50.843+0000] {processor.py:925} INFO - DAG(s) 'data_process' retrieved from /opt/airflow/dags/main.py
[2025-04-09T17:20:50.855+0000] {logging_mixin.py:190} INFO - [2025-04-09T17:20:50.855+0000] {dag.py:3239} INFO - Sync 1 DAGs
[2025-04-09T17:20:50.865+0000] {logging_mixin.py:190} INFO - [2025-04-09T17:20:50.865+0000] {dag.py:4180} INFO - Setting next_dagrun for data_process to None, run_after=None
[2025-04-09T17:20:50.878+0000] {processor.py:208} INFO - Processing /opt/airflow/dags/main.py took 0.051 seconds
[2025-04-09T17:21:21.192+0000] {processor.py:186} INFO - Started process (PID=9680) to work on /opt/airflow/dags/main.py
[2025-04-09T17:21:21.193+0000] {processor.py:914} INFO - Processing file /opt/airflow/dags/main.py for tasks to queue
[2025-04-09T17:21:21.196+0000] {logging_mixin.py:190} INFO - [2025-04-09T17:21:21.195+0000] {dagbag.py:588} INFO - Filling up the DagBag from /opt/airflow/dags/main.py
[2025-04-09T17:21:21.208+0000] {processor.py:925} INFO - DAG(s) 'data_process' retrieved from /opt/airflow/dags/main.py
[2025-04-09T17:21:21.223+0000] {logging_mixin.py:190} INFO - [2025-04-09T17:21:21.223+0000] {dag.py:3239} INFO - Sync 1 DAGs
[2025-04-09T17:21:21.236+0000] {logging_mixin.py:190} INFO - [2025-04-09T17:21:21.236+0000] {dag.py:4180} INFO - Setting next_dagrun for data_process to None, run_after=None
[2025-04-09T17:21:21.256+0000] {processor.py:208} INFO - Processing /opt/airflow/dags/main.py took 0.074 seconds
[2025-04-09T17:21:51.527+0000] {processor.py:186} INFO - Started process (PID=9976) to work on /opt/airflow/dags/main.py
[2025-04-09T17:21:51.528+0000] {processor.py:914} INFO - Processing file /opt/airflow/dags/main.py for tasks to queue
[2025-04-09T17:21:51.529+0000] {logging_mixin.py:190} INFO - [2025-04-09T17:21:51.529+0000] {dagbag.py:588} INFO - Filling up the DagBag from /opt/airflow/dags/main.py
[2025-04-09T17:21:51.539+0000] {processor.py:925} INFO - DAG(s) 'data_process' retrieved from /opt/airflow/dags/main.py
[2025-04-09T17:21:51.551+0000] {logging_mixin.py:190} INFO - [2025-04-09T17:21:51.551+0000] {dag.py:3239} INFO - Sync 1 DAGs
[2025-04-09T17:21:51.561+0000] {logging_mixin.py:190} INFO - [2025-04-09T17:21:51.561+0000] {dag.py:4180} INFO - Setting next_dagrun for data_process to None, run_after=None
[2025-04-09T17:21:51.575+0000] {processor.py:208} INFO - Processing /opt/airflow/dags/main.py took 0.052 seconds
[2025-04-09T17:22:22.224+0000] {processor.py:186} INFO - Started process (PID=10272) to work on /opt/airflow/dags/main.py
[2025-04-09T17:22:22.225+0000] {processor.py:914} INFO - Processing file /opt/airflow/dags/main.py for tasks to queue
[2025-04-09T17:22:22.227+0000] {logging_mixin.py:190} INFO - [2025-04-09T17:22:22.227+0000] {dagbag.py:588} INFO - Filling up the DagBag from /opt/airflow/dags/main.py
[2025-04-09T17:22:22.237+0000] {processor.py:925} INFO - DAG(s) 'data_process' retrieved from /opt/airflow/dags/main.py
[2025-04-09T17:22:22.249+0000] {logging_mixin.py:190} INFO - [2025-04-09T17:22:22.249+0000] {dag.py:3239} INFO - Sync 1 DAGs
[2025-04-09T17:22:22.259+0000] {logging_mixin.py:190} INFO - [2025-04-09T17:22:22.259+0000] {dag.py:4180} INFO - Setting next_dagrun for data_process to None, run_after=None
[2025-04-09T17:22:22.271+0000] {processor.py:208} INFO - Processing /opt/airflow/dags/main.py took 0.053 seconds
[2025-04-09T17:22:52.616+0000] {processor.py:186} INFO - Started process (PID=10568) to work on /opt/airflow/dags/main.py
[2025-04-09T17:22:52.617+0000] {processor.py:914} INFO - Processing file /opt/airflow/dags/main.py for tasks to queue
[2025-04-09T17:22:52.619+0000] {logging_mixin.py:190} INFO - [2025-04-09T17:22:52.619+0000] {dagbag.py:588} INFO - Filling up the DagBag from /opt/airflow/dags/main.py
[2025-04-09T17:22:52.628+0000] {processor.py:925} INFO - DAG(s) 'data_process' retrieved from /opt/airflow/dags/main.py
[2025-04-09T17:22:52.642+0000] {logging_mixin.py:190} INFO - [2025-04-09T17:22:52.642+0000] {dag.py:3239} INFO - Sync 1 DAGs
[2025-04-09T17:22:52.653+0000] {logging_mixin.py:190} INFO - [2025-04-09T17:22:52.652+0000] {dag.py:4180} INFO - Setting next_dagrun for data_process to None, run_after=None
[2025-04-09T17:22:52.664+0000] {processor.py:208} INFO - Processing /opt/airflow/dags/main.py took 0.053 seconds
[2025-04-09T17:23:23.011+0000] {processor.py:186} INFO - Started process (PID=10864) to work on /opt/airflow/dags/main.py
[2025-04-09T17:23:23.012+0000] {processor.py:914} INFO - Processing file /opt/airflow/dags/main.py for tasks to queue
[2025-04-09T17:23:23.014+0000] {logging_mixin.py:190} INFO - [2025-04-09T17:23:23.014+0000] {dagbag.py:588} INFO - Filling up the DagBag from /opt/airflow/dags/main.py
[2025-04-09T17:23:23.023+0000] {processor.py:925} INFO - DAG(s) 'data_process' retrieved from /opt/airflow/dags/main.py
[2025-04-09T17:23:23.037+0000] {logging_mixin.py:190} INFO - [2025-04-09T17:23:23.036+0000] {dag.py:3239} INFO - Sync 1 DAGs
[2025-04-09T17:23:23.047+0000] {logging_mixin.py:190} INFO - [2025-04-09T17:23:23.047+0000] {dag.py:4180} INFO - Setting next_dagrun for data_process to None, run_after=None
[2025-04-09T17:23:23.060+0000] {processor.py:208} INFO - Processing /opt/airflow/dags/main.py took 0.053 seconds
[2025-04-09T17:23:53.859+0000] {processor.py:186} INFO - Started process (PID=11160) to work on /opt/airflow/dags/main.py
[2025-04-09T17:23:53.860+0000] {processor.py:914} INFO - Processing file /opt/airflow/dags/main.py for tasks to queue
[2025-04-09T17:23:53.863+0000] {logging_mixin.py:190} INFO - [2025-04-09T17:23:53.863+0000] {dagbag.py:588} INFO - Filling up the DagBag from /opt/airflow/dags/main.py
[2025-04-09T17:23:53.877+0000] {processor.py:925} INFO - DAG(s) 'data_process' retrieved from /opt/airflow/dags/main.py
[2025-04-09T17:23:53.892+0000] {logging_mixin.py:190} INFO - [2025-04-09T17:23:53.892+0000] {dag.py:3239} INFO - Sync 1 DAGs
[2025-04-09T17:23:53.905+0000] {logging_mixin.py:190} INFO - [2025-04-09T17:23:53.905+0000] {dag.py:4180} INFO - Setting next_dagrun for data_process to None, run_after=None
[2025-04-09T17:23:53.921+0000] {processor.py:208} INFO - Processing /opt/airflow/dags/main.py took 0.068 seconds
[2025-04-09T17:24:24.383+0000] {processor.py:186} INFO - Started process (PID=11456) to work on /opt/airflow/dags/main.py
[2025-04-09T17:24:24.384+0000] {processor.py:914} INFO - Processing file /opt/airflow/dags/main.py for tasks to queue
[2025-04-09T17:24:24.386+0000] {logging_mixin.py:190} INFO - [2025-04-09T17:24:24.385+0000] {dagbag.py:588} INFO - Filling up the DagBag from /opt/airflow/dags/main.py
[2025-04-09T17:24:24.396+0000] {processor.py:925} INFO - DAG(s) 'data_process' retrieved from /opt/airflow/dags/main.py
[2025-04-09T17:24:24.409+0000] {logging_mixin.py:190} INFO - [2025-04-09T17:24:24.409+0000] {dag.py:3239} INFO - Sync 1 DAGs
[2025-04-09T17:24:24.420+0000] {logging_mixin.py:190} INFO - [2025-04-09T17:24:24.420+0000] {dag.py:4180} INFO - Setting next_dagrun for data_process to None, run_after=None
[2025-04-09T17:24:24.434+0000] {processor.py:208} INFO - Processing /opt/airflow/dags/main.py took 0.055 seconds
[2025-04-09T17:24:54.925+0000] {processor.py:186} INFO - Started process (PID=11752) to work on /opt/airflow/dags/main.py
[2025-04-09T17:24:54.926+0000] {processor.py:914} INFO - Processing file /opt/airflow/dags/main.py for tasks to queue
[2025-04-09T17:24:54.927+0000] {logging_mixin.py:190} INFO - [2025-04-09T17:24:54.927+0000] {dagbag.py:588} INFO - Filling up the DagBag from /opt/airflow/dags/main.py
[2025-04-09T17:24:54.937+0000] {processor.py:925} INFO - DAG(s) 'data_process' retrieved from /opt/airflow/dags/main.py
[2025-04-09T17:24:54.949+0000] {logging_mixin.py:190} INFO - [2025-04-09T17:24:54.949+0000] {dag.py:3239} INFO - Sync 1 DAGs
[2025-04-09T17:24:54.960+0000] {logging_mixin.py:190} INFO - [2025-04-09T17:24:54.959+0000] {dag.py:4180} INFO - Setting next_dagrun for data_process to None, run_after=None
[2025-04-09T17:24:54.979+0000] {processor.py:208} INFO - Processing /opt/airflow/dags/main.py took 0.058 seconds
[2025-04-09T17:25:25.724+0000] {processor.py:186} INFO - Started process (PID=12048) to work on /opt/airflow/dags/main.py
[2025-04-09T17:25:25.725+0000] {processor.py:914} INFO - Processing file /opt/airflow/dags/main.py for tasks to queue
[2025-04-09T17:25:25.727+0000] {logging_mixin.py:190} INFO - [2025-04-09T17:25:25.727+0000] {dagbag.py:588} INFO - Filling up the DagBag from /opt/airflow/dags/main.py
[2025-04-09T17:25:25.736+0000] {processor.py:925} INFO - DAG(s) 'data_process' retrieved from /opt/airflow/dags/main.py
[2025-04-09T17:25:25.748+0000] {logging_mixin.py:190} INFO - [2025-04-09T17:25:25.748+0000] {dag.py:3239} INFO - Sync 1 DAGs
[2025-04-09T17:25:25.758+0000] {logging_mixin.py:190} INFO - [2025-04-09T17:25:25.758+0000] {dag.py:4180} INFO - Setting next_dagrun for data_process to None, run_after=None
[2025-04-09T17:25:25.770+0000] {processor.py:208} INFO - Processing /opt/airflow/dags/main.py took 0.050 seconds
[2025-04-09T17:25:56.466+0000] {processor.py:186} INFO - Started process (PID=12345) to work on /opt/airflow/dags/main.py
[2025-04-09T17:25:56.467+0000] {processor.py:914} INFO - Processing file /opt/airflow/dags/main.py for tasks to queue
[2025-04-09T17:25:56.470+0000] {logging_mixin.py:190} INFO - [2025-04-09T17:25:56.469+0000] {dagbag.py:588} INFO - Filling up the DagBag from /opt/airflow/dags/main.py
[2025-04-09T17:25:56.483+0000] {processor.py:925} INFO - DAG(s) 'data_process' retrieved from /opt/airflow/dags/main.py
[2025-04-09T17:25:56.501+0000] {logging_mixin.py:190} INFO - [2025-04-09T17:25:56.500+0000] {dag.py:3239} INFO - Sync 1 DAGs
[2025-04-09T17:25:56.512+0000] {logging_mixin.py:190} INFO - [2025-04-09T17:25:56.512+0000] {dag.py:4180} INFO - Setting next_dagrun for data_process to None, run_after=None
[2025-04-09T17:25:56.534+0000] {processor.py:208} INFO - Processing /opt/airflow/dags/main.py took 0.074 seconds
[2025-04-09T17:26:27.065+0000] {processor.py:186} INFO - Started process (PID=12642) to work on /opt/airflow/dags/main.py
[2025-04-09T17:26:27.066+0000] {processor.py:914} INFO - Processing file /opt/airflow/dags/main.py for tasks to queue
[2025-04-09T17:26:27.068+0000] {logging_mixin.py:190} INFO - [2025-04-09T17:26:27.068+0000] {dagbag.py:588} INFO - Filling up the DagBag from /opt/airflow/dags/main.py
[2025-04-09T17:26:27.083+0000] {processor.py:925} INFO - DAG(s) 'data_process' retrieved from /opt/airflow/dags/main.py
[2025-04-09T17:26:27.105+0000] {logging_mixin.py:190} INFO - [2025-04-09T17:26:27.105+0000] {dag.py:3239} INFO - Sync 1 DAGs
[2025-04-09T17:26:27.123+0000] {logging_mixin.py:190} INFO - [2025-04-09T17:26:27.123+0000] {dag.py:4180} INFO - Setting next_dagrun for data_process to None, run_after=None
[2025-04-09T17:26:27.140+0000] {processor.py:208} INFO - Processing /opt/airflow/dags/main.py took 0.080 seconds
[2025-04-09T17:26:57.834+0000] {processor.py:186} INFO - Started process (PID=12938) to work on /opt/airflow/dags/main.py
[2025-04-09T17:26:57.835+0000] {processor.py:914} INFO - Processing file /opt/airflow/dags/main.py for tasks to queue
[2025-04-09T17:26:57.836+0000] {logging_mixin.py:190} INFO - [2025-04-09T17:26:57.836+0000] {dagbag.py:588} INFO - Filling up the DagBag from /opt/airflow/dags/main.py
[2025-04-09T17:26:57.849+0000] {processor.py:925} INFO - DAG(s) 'data_process' retrieved from /opt/airflow/dags/main.py
[2025-04-09T17:26:57.866+0000] {logging_mixin.py:190} INFO - [2025-04-09T17:26:57.865+0000] {dag.py:3239} INFO - Sync 1 DAGs
[2025-04-09T17:26:57.879+0000] {logging_mixin.py:190} INFO - [2025-04-09T17:26:57.879+0000] {dag.py:4180} INFO - Setting next_dagrun for data_process to None, run_after=None
[2025-04-09T17:26:57.893+0000] {processor.py:208} INFO - Processing /opt/airflow/dags/main.py took 0.064 seconds
[2025-04-09T17:27:28.617+0000] {processor.py:186} INFO - Started process (PID=13234) to work on /opt/airflow/dags/main.py
[2025-04-09T17:27:28.618+0000] {processor.py:914} INFO - Processing file /opt/airflow/dags/main.py for tasks to queue
[2025-04-09T17:27:28.620+0000] {logging_mixin.py:190} INFO - [2025-04-09T17:27:28.620+0000] {dagbag.py:588} INFO - Filling up the DagBag from /opt/airflow/dags/main.py
[2025-04-09T17:27:28.633+0000] {processor.py:925} INFO - DAG(s) 'data_process' retrieved from /opt/airflow/dags/main.py
[2025-04-09T17:27:28.648+0000] {logging_mixin.py:190} INFO - [2025-04-09T17:27:28.648+0000] {dag.py:3239} INFO - Sync 1 DAGs
[2025-04-09T17:27:28.661+0000] {logging_mixin.py:190} INFO - [2025-04-09T17:27:28.661+0000] {dag.py:4180} INFO - Setting next_dagrun for data_process to None, run_after=None
[2025-04-09T17:27:28.678+0000] {processor.py:208} INFO - Processing /opt/airflow/dags/main.py took 0.065 seconds
[2025-04-09T17:27:59.300+0000] {processor.py:186} INFO - Started process (PID=13530) to work on /opt/airflow/dags/main.py
[2025-04-09T17:27:59.300+0000] {processor.py:914} INFO - Processing file /opt/airflow/dags/main.py for tasks to queue
[2025-04-09T17:27:59.302+0000] {logging_mixin.py:190} INFO - [2025-04-09T17:27:59.302+0000] {dagbag.py:588} INFO - Filling up the DagBag from /opt/airflow/dags/main.py
[2025-04-09T17:27:59.311+0000] {processor.py:925} INFO - DAG(s) 'data_process' retrieved from /opt/airflow/dags/main.py
[2025-04-09T17:27:59.323+0000] {logging_mixin.py:190} INFO - [2025-04-09T17:27:59.323+0000] {dag.py:3239} INFO - Sync 1 DAGs
[2025-04-09T17:27:59.333+0000] {logging_mixin.py:190} INFO - [2025-04-09T17:27:59.333+0000] {dag.py:4180} INFO - Setting next_dagrun for data_process to None, run_after=None
[2025-04-09T17:27:59.354+0000] {processor.py:208} INFO - Processing /opt/airflow/dags/main.py took 0.058 seconds
[2025-04-09T17:28:29.985+0000] {processor.py:186} INFO - Started process (PID=13826) to work on /opt/airflow/dags/main.py
[2025-04-09T17:28:29.986+0000] {processor.py:914} INFO - Processing file /opt/airflow/dags/main.py for tasks to queue
[2025-04-09T17:28:29.987+0000] {logging_mixin.py:190} INFO - [2025-04-09T17:28:29.987+0000] {dagbag.py:588} INFO - Filling up the DagBag from /opt/airflow/dags/main.py
[2025-04-09T17:28:29.997+0000] {processor.py:925} INFO - DAG(s) 'data_process' retrieved from /opt/airflow/dags/main.py
[2025-04-09T17:28:30.009+0000] {logging_mixin.py:190} INFO - [2025-04-09T17:28:30.009+0000] {dag.py:3239} INFO - Sync 1 DAGs
[2025-04-09T17:28:30.020+0000] {logging_mixin.py:190} INFO - [2025-04-09T17:28:30.020+0000] {dag.py:4180} INFO - Setting next_dagrun for data_process to None, run_after=None
[2025-04-09T17:28:30.033+0000] {processor.py:208} INFO - Processing /opt/airflow/dags/main.py took 0.053 seconds
[2025-04-09T17:29:00.797+0000] {processor.py:186} INFO - Started process (PID=14122) to work on /opt/airflow/dags/main.py
[2025-04-09T17:29:00.798+0000] {processor.py:914} INFO - Processing file /opt/airflow/dags/main.py for tasks to queue
[2025-04-09T17:29:00.799+0000] {logging_mixin.py:190} INFO - [2025-04-09T17:29:00.799+0000] {dagbag.py:588} INFO - Filling up the DagBag from /opt/airflow/dags/main.py
[2025-04-09T17:29:00.808+0000] {processor.py:925} INFO - DAG(s) 'data_process' retrieved from /opt/airflow/dags/main.py
[2025-04-09T17:29:00.821+0000] {logging_mixin.py:190} INFO - [2025-04-09T17:29:00.821+0000] {dag.py:3239} INFO - Sync 1 DAGs
[2025-04-09T17:29:00.831+0000] {logging_mixin.py:190} INFO - [2025-04-09T17:29:00.831+0000] {dag.py:4180} INFO - Setting next_dagrun for data_process to None, run_after=None
[2025-04-09T17:29:00.843+0000] {processor.py:208} INFO - Processing /opt/airflow/dags/main.py took 0.051 seconds
[2025-04-09T17:29:31.504+0000] {processor.py:186} INFO - Started process (PID=14418) to work on /opt/airflow/dags/main.py
[2025-04-09T17:29:31.505+0000] {processor.py:914} INFO - Processing file /opt/airflow/dags/main.py for tasks to queue
[2025-04-09T17:29:31.506+0000] {logging_mixin.py:190} INFO - [2025-04-09T17:29:31.506+0000] {dagbag.py:588} INFO - Filling up the DagBag from /opt/airflow/dags/main.py
[2025-04-09T17:29:31.515+0000] {processor.py:925} INFO - DAG(s) 'data_process' retrieved from /opt/airflow/dags/main.py
[2025-04-09T17:29:31.528+0000] {logging_mixin.py:190} INFO - [2025-04-09T17:29:31.527+0000] {dag.py:3239} INFO - Sync 1 DAGs
[2025-04-09T17:29:31.538+0000] {logging_mixin.py:190} INFO - [2025-04-09T17:29:31.537+0000] {dag.py:4180} INFO - Setting next_dagrun for data_process to None, run_after=None
[2025-04-09T17:29:31.549+0000] {processor.py:208} INFO - Processing /opt/airflow/dags/main.py took 0.050 seconds
[2025-04-09T17:30:02.190+0000] {processor.py:186} INFO - Started process (PID=14714) to work on /opt/airflow/dags/main.py
[2025-04-09T17:30:02.191+0000] {processor.py:914} INFO - Processing file /opt/airflow/dags/main.py for tasks to queue
[2025-04-09T17:30:02.193+0000] {logging_mixin.py:190} INFO - [2025-04-09T17:30:02.192+0000] {dagbag.py:588} INFO - Filling up the DagBag from /opt/airflow/dags/main.py
[2025-04-09T17:30:02.203+0000] {processor.py:925} INFO - DAG(s) 'data_process' retrieved from /opt/airflow/dags/main.py
[2025-04-09T17:30:02.217+0000] {logging_mixin.py:190} INFO - [2025-04-09T17:30:02.216+0000] {dag.py:3239} INFO - Sync 1 DAGs
[2025-04-09T17:30:02.228+0000] {logging_mixin.py:190} INFO - [2025-04-09T17:30:02.228+0000] {dag.py:4180} INFO - Setting next_dagrun for data_process to None, run_after=None
[2025-04-09T17:30:02.241+0000] {processor.py:208} INFO - Processing /opt/airflow/dags/main.py took 0.056 seconds
[2025-04-09T17:30:33.036+0000] {processor.py:186} INFO - Started process (PID=15010) to work on /opt/airflow/dags/main.py
[2025-04-09T17:30:33.037+0000] {processor.py:914} INFO - Processing file /opt/airflow/dags/main.py for tasks to queue
[2025-04-09T17:30:33.038+0000] {logging_mixin.py:190} INFO - [2025-04-09T17:30:33.038+0000] {dagbag.py:588} INFO - Filling up the DagBag from /opt/airflow/dags/main.py
[2025-04-09T17:30:33.048+0000] {processor.py:925} INFO - DAG(s) 'data_process' retrieved from /opt/airflow/dags/main.py
[2025-04-09T17:30:33.061+0000] {logging_mixin.py:190} INFO - [2025-04-09T17:30:33.061+0000] {dag.py:3239} INFO - Sync 1 DAGs
[2025-04-09T17:30:33.072+0000] {logging_mixin.py:190} INFO - [2025-04-09T17:30:33.072+0000] {dag.py:4180} INFO - Setting next_dagrun for data_process to None, run_after=None
[2025-04-09T17:30:33.092+0000] {processor.py:208} INFO - Processing /opt/airflow/dags/main.py took 0.061 seconds
[2025-04-09T17:31:03.654+0000] {processor.py:186} INFO - Started process (PID=15307) to work on /opt/airflow/dags/main.py
[2025-04-09T17:31:03.655+0000] {processor.py:914} INFO - Processing file /opt/airflow/dags/main.py for tasks to queue
[2025-04-09T17:31:03.657+0000] {logging_mixin.py:190} INFO - [2025-04-09T17:31:03.657+0000] {dagbag.py:588} INFO - Filling up the DagBag from /opt/airflow/dags/main.py
[2025-04-09T17:31:03.667+0000] {processor.py:925} INFO - DAG(s) 'data_process' retrieved from /opt/airflow/dags/main.py
[2025-04-09T17:31:03.680+0000] {logging_mixin.py:190} INFO - [2025-04-09T17:31:03.680+0000] {dag.py:3239} INFO - Sync 1 DAGs
[2025-04-09T17:31:03.691+0000] {logging_mixin.py:190} INFO - [2025-04-09T17:31:03.691+0000] {dag.py:4180} INFO - Setting next_dagrun for data_process to None, run_after=None
[2025-04-09T17:31:03.712+0000] {processor.py:208} INFO - Processing /opt/airflow/dags/main.py took 0.065 seconds
[2025-04-09T17:31:34.410+0000] {processor.py:186} INFO - Started process (PID=15603) to work on /opt/airflow/dags/main.py
[2025-04-09T17:31:34.411+0000] {processor.py:914} INFO - Processing file /opt/airflow/dags/main.py for tasks to queue
[2025-04-09T17:31:34.412+0000] {logging_mixin.py:190} INFO - [2025-04-09T17:31:34.412+0000] {dagbag.py:588} INFO - Filling up the DagBag from /opt/airflow/dags/main.py
[2025-04-09T17:31:34.421+0000] {processor.py:925} INFO - DAG(s) 'data_process' retrieved from /opt/airflow/dags/main.py
[2025-04-09T17:31:34.434+0000] {logging_mixin.py:190} INFO - [2025-04-09T17:31:34.434+0000] {dag.py:3239} INFO - Sync 1 DAGs
[2025-04-09T17:31:34.444+0000] {logging_mixin.py:190} INFO - [2025-04-09T17:31:34.444+0000] {dag.py:4180} INFO - Setting next_dagrun for data_process to None, run_after=None
[2025-04-09T17:31:34.457+0000] {processor.py:208} INFO - Processing /opt/airflow/dags/main.py took 0.051 seconds
[2025-04-09T17:32:05.072+0000] {processor.py:186} INFO - Started process (PID=15899) to work on /opt/airflow/dags/main.py
[2025-04-09T17:32:05.073+0000] {processor.py:914} INFO - Processing file /opt/airflow/dags/main.py for tasks to queue
[2025-04-09T17:32:05.074+0000] {logging_mixin.py:190} INFO - [2025-04-09T17:32:05.074+0000] {dagbag.py:588} INFO - Filling up the DagBag from /opt/airflow/dags/main.py
[2025-04-09T17:32:05.084+0000] {processor.py:925} INFO - DAG(s) 'data_process' retrieved from /opt/airflow/dags/main.py
[2025-04-09T17:32:05.096+0000] {logging_mixin.py:190} INFO - [2025-04-09T17:32:05.096+0000] {dag.py:3239} INFO - Sync 1 DAGs
[2025-04-09T17:32:05.107+0000] {logging_mixin.py:190} INFO - [2025-04-09T17:32:05.107+0000] {dag.py:4180} INFO - Setting next_dagrun for data_process to None, run_after=None
[2025-04-09T17:32:05.119+0000] {processor.py:208} INFO - Processing /opt/airflow/dags/main.py took 0.052 seconds
[2025-04-09T17:32:35.682+0000] {processor.py:186} INFO - Started process (PID=16195) to work on /opt/airflow/dags/main.py
[2025-04-09T17:32:35.683+0000] {processor.py:914} INFO - Processing file /opt/airflow/dags/main.py for tasks to queue
[2025-04-09T17:32:35.685+0000] {logging_mixin.py:190} INFO - [2025-04-09T17:32:35.684+0000] {dagbag.py:588} INFO - Filling up the DagBag from /opt/airflow/dags/main.py
[2025-04-09T17:32:35.694+0000] {processor.py:925} INFO - DAG(s) 'data_process' retrieved from /opt/airflow/dags/main.py
[2025-04-09T17:32:35.706+0000] {logging_mixin.py:190} INFO - [2025-04-09T17:32:35.706+0000] {dag.py:3239} INFO - Sync 1 DAGs
[2025-04-09T17:32:35.716+0000] {logging_mixin.py:190} INFO - [2025-04-09T17:32:35.716+0000] {dag.py:4180} INFO - Setting next_dagrun for data_process to None, run_after=None
[2025-04-09T17:32:35.729+0000] {processor.py:208} INFO - Processing /opt/airflow/dags/main.py took 0.050 seconds
[2025-04-09T17:33:06.533+0000] {processor.py:186} INFO - Started process (PID=16497) to work on /opt/airflow/dags/main.py
[2025-04-09T17:33:06.534+0000] {processor.py:914} INFO - Processing file /opt/airflow/dags/main.py for tasks to queue
[2025-04-09T17:33:06.536+0000] {logging_mixin.py:190} INFO - [2025-04-09T17:33:06.535+0000] {dagbag.py:588} INFO - Filling up the DagBag from /opt/airflow/dags/main.py
[2025-04-09T17:33:06.544+0000] {processor.py:925} INFO - DAG(s) 'data_process' retrieved from /opt/airflow/dags/main.py
[2025-04-09T17:33:06.557+0000] {logging_mixin.py:190} INFO - [2025-04-09T17:33:06.556+0000] {dag.py:3239} INFO - Sync 1 DAGs
[2025-04-09T17:33:06.567+0000] {logging_mixin.py:190} INFO - [2025-04-09T17:33:06.566+0000] {dag.py:4180} INFO - Setting next_dagrun for data_process to None, run_after=None
[2025-04-09T17:33:06.578+0000] {processor.py:208} INFO - Processing /opt/airflow/dags/main.py took 0.050 seconds
[2025-04-09T17:33:37.151+0000] {processor.py:186} INFO - Started process (PID=16793) to work on /opt/airflow/dags/main.py
[2025-04-09T17:33:37.152+0000] {processor.py:914} INFO - Processing file /opt/airflow/dags/main.py for tasks to queue
[2025-04-09T17:33:37.154+0000] {logging_mixin.py:190} INFO - [2025-04-09T17:33:37.153+0000] {dagbag.py:588} INFO - Filling up the DagBag from /opt/airflow/dags/main.py
[2025-04-09T17:33:37.165+0000] {processor.py:925} INFO - DAG(s) 'data_process' retrieved from /opt/airflow/dags/main.py
[2025-04-09T17:33:37.178+0000] {logging_mixin.py:190} INFO - [2025-04-09T17:33:37.178+0000] {dag.py:3239} INFO - Sync 1 DAGs
[2025-04-09T17:33:37.190+0000] {logging_mixin.py:190} INFO - [2025-04-09T17:33:37.189+0000] {dag.py:4180} INFO - Setting next_dagrun for data_process to None, run_after=None
[2025-04-09T17:33:37.212+0000] {processor.py:208} INFO - Processing /opt/airflow/dags/main.py took 0.066 seconds
[2025-04-09T17:34:07.726+0000] {processor.py:186} INFO - Started process (PID=17089) to work on /opt/airflow/dags/main.py
[2025-04-09T17:34:07.726+0000] {processor.py:914} INFO - Processing file /opt/airflow/dags/main.py for tasks to queue
[2025-04-09T17:34:07.728+0000] {logging_mixin.py:190} INFO - [2025-04-09T17:34:07.728+0000] {dagbag.py:588} INFO - Filling up the DagBag from /opt/airflow/dags/main.py
[2025-04-09T17:34:07.737+0000] {processor.py:925} INFO - DAG(s) 'data_process' retrieved from /opt/airflow/dags/main.py
[2025-04-09T17:34:07.751+0000] {logging_mixin.py:190} INFO - [2025-04-09T17:34:07.751+0000] {dag.py:3239} INFO - Sync 1 DAGs
[2025-04-09T17:34:07.762+0000] {logging_mixin.py:190} INFO - [2025-04-09T17:34:07.762+0000] {dag.py:4180} INFO - Setting next_dagrun for data_process to None, run_after=None
[2025-04-09T17:34:07.774+0000] {processor.py:208} INFO - Processing /opt/airflow/dags/main.py took 0.052 seconds
[2025-04-09T17:34:38.194+0000] {processor.py:186} INFO - Started process (PID=17385) to work on /opt/airflow/dags/main.py
[2025-04-09T17:34:38.195+0000] {processor.py:914} INFO - Processing file /opt/airflow/dags/main.py for tasks to queue
[2025-04-09T17:34:38.197+0000] {logging_mixin.py:190} INFO - [2025-04-09T17:34:38.197+0000] {dagbag.py:588} INFO - Filling up the DagBag from /opt/airflow/dags/main.py
[2025-04-09T17:34:38.211+0000] {processor.py:925} INFO - DAG(s) 'data_process' retrieved from /opt/airflow/dags/main.py
[2025-04-09T17:34:38.228+0000] {logging_mixin.py:190} INFO - [2025-04-09T17:34:38.228+0000] {dag.py:3239} INFO - Sync 1 DAGs
[2025-04-09T17:34:38.242+0000] {logging_mixin.py:190} INFO - [2025-04-09T17:34:38.242+0000] {dag.py:4180} INFO - Setting next_dagrun for data_process to None, run_after=None
[2025-04-09T17:34:38.267+0000] {processor.py:208} INFO - Processing /opt/airflow/dags/main.py took 0.079 seconds
[2025-04-09T17:35:08.352+0000] {processor.py:186} INFO - Started process (PID=17681) to work on /opt/airflow/dags/main.py
[2025-04-09T17:35:08.353+0000] {processor.py:914} INFO - Processing file /opt/airflow/dags/main.py for tasks to queue
[2025-04-09T17:35:08.355+0000] {logging_mixin.py:190} INFO - [2025-04-09T17:35:08.354+0000] {dagbag.py:588} INFO - Filling up the DagBag from /opt/airflow/dags/main.py
[2025-04-09T17:35:08.364+0000] {processor.py:925} INFO - DAG(s) 'data_process' retrieved from /opt/airflow/dags/main.py
[2025-04-09T17:35:08.379+0000] {logging_mixin.py:190} INFO - [2025-04-09T17:35:08.378+0000] {dag.py:3239} INFO - Sync 1 DAGs
[2025-04-09T17:35:08.389+0000] {logging_mixin.py:190} INFO - [2025-04-09T17:35:08.389+0000] {dag.py:4180} INFO - Setting next_dagrun for data_process to None, run_after=None
[2025-04-09T17:35:08.404+0000] {processor.py:208} INFO - Processing /opt/airflow/dags/main.py took 0.056 seconds
[2025-04-09T17:35:38.831+0000] {processor.py:186} INFO - Started process (PID=17977) to work on /opt/airflow/dags/main.py
[2025-04-09T17:35:38.832+0000] {processor.py:914} INFO - Processing file /opt/airflow/dags/main.py for tasks to queue
[2025-04-09T17:35:38.833+0000] {logging_mixin.py:190} INFO - [2025-04-09T17:35:38.833+0000] {dagbag.py:588} INFO - Filling up the DagBag from /opt/airflow/dags/main.py
[2025-04-09T17:35:38.843+0000] {processor.py:925} INFO - DAG(s) 'data_process' retrieved from /opt/airflow/dags/main.py
[2025-04-09T17:35:38.857+0000] {logging_mixin.py:190} INFO - [2025-04-09T17:35:38.857+0000] {dag.py:3239} INFO - Sync 1 DAGs
[2025-04-09T17:35:38.867+0000] {logging_mixin.py:190} INFO - [2025-04-09T17:35:38.867+0000] {dag.py:4180} INFO - Setting next_dagrun for data_process to None, run_after=None
[2025-04-09T17:35:38.882+0000] {processor.py:208} INFO - Processing /opt/airflow/dags/main.py took 0.055 seconds
[2025-04-09T17:36:08.946+0000] {processor.py:186} INFO - Started process (PID=18273) to work on /opt/airflow/dags/main.py
[2025-04-09T17:36:08.947+0000] {processor.py:914} INFO - Processing file /opt/airflow/dags/main.py for tasks to queue
[2025-04-09T17:36:08.948+0000] {logging_mixin.py:190} INFO - [2025-04-09T17:36:08.948+0000] {dagbag.py:588} INFO - Filling up the DagBag from /opt/airflow/dags/main.py
[2025-04-09T17:36:08.958+0000] {processor.py:925} INFO - DAG(s) 'data_process' retrieved from /opt/airflow/dags/main.py
[2025-04-09T17:36:08.970+0000] {logging_mixin.py:190} INFO - [2025-04-09T17:36:08.970+0000] {dag.py:3239} INFO - Sync 1 DAGs
[2025-04-09T17:36:08.981+0000] {logging_mixin.py:190} INFO - [2025-04-09T17:36:08.981+0000] {dag.py:4180} INFO - Setting next_dagrun for data_process to None, run_after=None
[2025-04-09T17:36:08.998+0000] {processor.py:208} INFO - Processing /opt/airflow/dags/main.py took 0.059 seconds
[2025-04-09T17:36:39.222+0000] {processor.py:186} INFO - Started process (PID=18569) to work on /opt/airflow/dags/main.py
[2025-04-09T17:36:39.223+0000] {processor.py:914} INFO - Processing file /opt/airflow/dags/main.py for tasks to queue
[2025-04-09T17:36:39.224+0000] {logging_mixin.py:190} INFO - [2025-04-09T17:36:39.224+0000] {dagbag.py:588} INFO - Filling up the DagBag from /opt/airflow/dags/main.py
[2025-04-09T17:36:39.234+0000] {processor.py:925} INFO - DAG(s) 'data_process' retrieved from /opt/airflow/dags/main.py
[2025-04-09T17:36:39.247+0000] {logging_mixin.py:190} INFO - [2025-04-09T17:36:39.247+0000] {dag.py:3239} INFO - Sync 1 DAGs
[2025-04-09T17:36:39.258+0000] {logging_mixin.py:190} INFO - [2025-04-09T17:36:39.258+0000] {dag.py:4180} INFO - Setting next_dagrun for data_process to None, run_after=None
[2025-04-09T17:36:39.271+0000] {processor.py:208} INFO - Processing /opt/airflow/dags/main.py took 0.054 seconds
[2025-04-09T17:37:09.460+0000] {processor.py:186} INFO - Started process (PID=18865) to work on /opt/airflow/dags/main.py
[2025-04-09T17:37:09.461+0000] {processor.py:914} INFO - Processing file /opt/airflow/dags/main.py for tasks to queue
[2025-04-09T17:37:09.462+0000] {logging_mixin.py:190} INFO - [2025-04-09T17:37:09.462+0000] {dagbag.py:588} INFO - Filling up the DagBag from /opt/airflow/dags/main.py
[2025-04-09T17:37:09.473+0000] {processor.py:925} INFO - DAG(s) 'data_process' retrieved from /opt/airflow/dags/main.py
[2025-04-09T17:37:09.488+0000] {logging_mixin.py:190} INFO - [2025-04-09T17:37:09.488+0000] {dag.py:3239} INFO - Sync 1 DAGs
[2025-04-09T17:37:09.500+0000] {logging_mixin.py:190} INFO - [2025-04-09T17:37:09.499+0000] {dag.py:4180} INFO - Setting next_dagrun for data_process to None, run_after=None
[2025-04-09T17:37:09.516+0000] {processor.py:208} INFO - Processing /opt/airflow/dags/main.py took 0.061 seconds
[2025-04-09T17:37:39.830+0000] {processor.py:186} INFO - Started process (PID=19161) to work on /opt/airflow/dags/main.py
[2025-04-09T17:37:39.831+0000] {processor.py:914} INFO - Processing file /opt/airflow/dags/main.py for tasks to queue
[2025-04-09T17:37:39.833+0000] {logging_mixin.py:190} INFO - [2025-04-09T17:37:39.833+0000] {dagbag.py:588} INFO - Filling up the DagBag from /opt/airflow/dags/main.py
[2025-04-09T17:37:39.844+0000] {processor.py:925} INFO - DAG(s) 'data_process' retrieved from /opt/airflow/dags/main.py
[2025-04-09T17:37:39.858+0000] {logging_mixin.py:190} INFO - [2025-04-09T17:37:39.858+0000] {dag.py:3239} INFO - Sync 1 DAGs
[2025-04-09T17:37:39.869+0000] {logging_mixin.py:190} INFO - [2025-04-09T17:37:39.869+0000] {dag.py:4180} INFO - Setting next_dagrun for data_process to None, run_after=None
[2025-04-09T17:37:39.883+0000] {processor.py:208} INFO - Processing /opt/airflow/dags/main.py took 0.058 seconds
[2025-04-09T17:38:10.233+0000] {processor.py:186} INFO - Started process (PID=19457) to work on /opt/airflow/dags/main.py
[2025-04-09T17:38:10.233+0000] {processor.py:914} INFO - Processing file /opt/airflow/dags/main.py for tasks to queue
[2025-04-09T17:38:10.235+0000] {logging_mixin.py:190} INFO - [2025-04-09T17:38:10.235+0000] {dagbag.py:588} INFO - Filling up the DagBag from /opt/airflow/dags/main.py
[2025-04-09T17:38:10.247+0000] {processor.py:925} INFO - DAG(s) 'data_process' retrieved from /opt/airflow/dags/main.py
[2025-04-09T17:38:10.260+0000] {logging_mixin.py:190} INFO - [2025-04-09T17:38:10.260+0000] {dag.py:3239} INFO - Sync 1 DAGs
[2025-04-09T17:38:10.272+0000] {logging_mixin.py:190} INFO - [2025-04-09T17:38:10.272+0000] {dag.py:4180} INFO - Setting next_dagrun for data_process to None, run_after=None
[2025-04-09T17:38:10.289+0000] {processor.py:208} INFO - Processing /opt/airflow/dags/main.py took 0.061 seconds
[2025-04-09T17:38:40.720+0000] {processor.py:186} INFO - Started process (PID=19753) to work on /opt/airflow/dags/main.py
[2025-04-09T17:38:40.720+0000] {processor.py:914} INFO - Processing file /opt/airflow/dags/main.py for tasks to queue
[2025-04-09T17:38:40.722+0000] {logging_mixin.py:190} INFO - [2025-04-09T17:38:40.722+0000] {dagbag.py:588} INFO - Filling up the DagBag from /opt/airflow/dags/main.py
[2025-04-09T17:38:40.732+0000] {processor.py:925} INFO - DAG(s) 'data_process' retrieved from /opt/airflow/dags/main.py
[2025-04-09T17:38:40.748+0000] {logging_mixin.py:190} INFO - [2025-04-09T17:38:40.748+0000] {dag.py:3239} INFO - Sync 1 DAGs
[2025-04-09T17:38:40.761+0000] {logging_mixin.py:190} INFO - [2025-04-09T17:38:40.761+0000] {dag.py:4180} INFO - Setting next_dagrun for data_process to None, run_after=None
[2025-04-09T17:38:40.783+0000] {processor.py:208} INFO - Processing /opt/airflow/dags/main.py took 0.071 seconds
[2025-04-09T17:39:10.870+0000] {processor.py:186} INFO - Started process (PID=20049) to work on /opt/airflow/dags/main.py
[2025-04-09T17:39:10.871+0000] {processor.py:914} INFO - Processing file /opt/airflow/dags/main.py for tasks to queue
[2025-04-09T17:39:10.872+0000] {logging_mixin.py:190} INFO - [2025-04-09T17:39:10.872+0000] {dagbag.py:588} INFO - Filling up the DagBag from /opt/airflow/dags/main.py
[2025-04-09T17:39:10.882+0000] {processor.py:925} INFO - DAG(s) 'data_process' retrieved from /opt/airflow/dags/main.py
[2025-04-09T17:39:10.894+0000] {logging_mixin.py:190} INFO - [2025-04-09T17:39:10.894+0000] {dag.py:3239} INFO - Sync 1 DAGs
[2025-04-09T17:39:10.904+0000] {logging_mixin.py:190} INFO - [2025-04-09T17:39:10.904+0000] {dag.py:4180} INFO - Setting next_dagrun for data_process to None, run_after=None
[2025-04-09T17:39:10.917+0000] {processor.py:208} INFO - Processing /opt/airflow/dags/main.py took 0.052 seconds
[2025-04-09T17:39:41.092+0000] {processor.py:186} INFO - Started process (PID=20345) to work on /opt/airflow/dags/main.py
[2025-04-09T17:39:41.093+0000] {processor.py:914} INFO - Processing file /opt/airflow/dags/main.py for tasks to queue
[2025-04-09T17:39:41.096+0000] {logging_mixin.py:190} INFO - [2025-04-09T17:39:41.095+0000] {dagbag.py:588} INFO - Filling up the DagBag from /opt/airflow/dags/main.py
[2025-04-09T17:39:41.112+0000] {processor.py:925} INFO - DAG(s) 'data_process' retrieved from /opt/airflow/dags/main.py
[2025-04-09T17:39:41.127+0000] {logging_mixin.py:190} INFO - [2025-04-09T17:39:41.127+0000] {dag.py:3239} INFO - Sync 1 DAGs
[2025-04-09T17:39:41.246+0000] {logging_mixin.py:190} INFO - [2025-04-09T17:39:41.246+0000] {dag.py:4180} INFO - Setting next_dagrun for data_process to None, run_after=None
[2025-04-09T17:39:41.268+0000] {processor.py:208} INFO - Processing /opt/airflow/dags/main.py took 0.181 seconds
[2025-04-09T17:40:11.441+0000] {processor.py:186} INFO - Started process (PID=20641) to work on /opt/airflow/dags/main.py
[2025-04-09T17:40:11.442+0000] {processor.py:914} INFO - Processing file /opt/airflow/dags/main.py for tasks to queue
[2025-04-09T17:40:11.444+0000] {logging_mixin.py:190} INFO - [2025-04-09T17:40:11.444+0000] {dagbag.py:588} INFO - Filling up the DagBag from /opt/airflow/dags/main.py
[2025-04-09T17:40:11.454+0000] {processor.py:925} INFO - DAG(s) 'data_process' retrieved from /opt/airflow/dags/main.py
[2025-04-09T17:40:11.467+0000] {logging_mixin.py:190} INFO - [2025-04-09T17:40:11.467+0000] {dag.py:3239} INFO - Sync 1 DAGs
[2025-04-09T17:40:11.478+0000] {logging_mixin.py:190} INFO - [2025-04-09T17:40:11.478+0000] {dag.py:4180} INFO - Setting next_dagrun for data_process to None, run_after=None
[2025-04-09T17:40:11.607+0000] {processor.py:208} INFO - Processing /opt/airflow/dags/main.py took 0.171 seconds
[2025-04-09T17:40:42.089+0000] {processor.py:186} INFO - Started process (PID=20937) to work on /opt/airflow/dags/main.py
[2025-04-09T17:40:42.090+0000] {processor.py:914} INFO - Processing file /opt/airflow/dags/main.py for tasks to queue
[2025-04-09T17:40:42.092+0000] {logging_mixin.py:190} INFO - [2025-04-09T17:40:42.091+0000] {dagbag.py:588} INFO - Filling up the DagBag from /opt/airflow/dags/main.py
[2025-04-09T17:40:42.102+0000] {processor.py:925} INFO - DAG(s) 'data_process' retrieved from /opt/airflow/dags/main.py
[2025-04-09T17:40:42.115+0000] {logging_mixin.py:190} INFO - [2025-04-09T17:40:42.115+0000] {dag.py:3239} INFO - Sync 1 DAGs
[2025-04-09T17:40:42.126+0000] {logging_mixin.py:190} INFO - [2025-04-09T17:40:42.126+0000] {dag.py:4180} INFO - Setting next_dagrun for data_process to None, run_after=None
[2025-04-09T17:40:42.140+0000] {processor.py:208} INFO - Processing /opt/airflow/dags/main.py took 0.056 seconds
[2025-04-09T17:41:12.373+0000] {processor.py:186} INFO - Started process (PID=21233) to work on /opt/airflow/dags/main.py
[2025-04-09T17:41:12.374+0000] {processor.py:914} INFO - Processing file /opt/airflow/dags/main.py for tasks to queue
[2025-04-09T17:41:12.376+0000] {logging_mixin.py:190} INFO - [2025-04-09T17:41:12.376+0000] {dagbag.py:588} INFO - Filling up the DagBag from /opt/airflow/dags/main.py
[2025-04-09T17:41:12.384+0000] {processor.py:925} INFO - DAG(s) 'data_process' retrieved from /opt/airflow/dags/main.py
[2025-04-09T17:41:12.397+0000] {logging_mixin.py:190} INFO - [2025-04-09T17:41:12.397+0000] {dag.py:3239} INFO - Sync 1 DAGs
[2025-04-09T17:41:12.409+0000] {logging_mixin.py:190} INFO - [2025-04-09T17:41:12.408+0000] {dag.py:4180} INFO - Setting next_dagrun for data_process to None, run_after=None
[2025-04-09T17:41:12.432+0000] {processor.py:208} INFO - Processing /opt/airflow/dags/main.py took 0.063 seconds
[2025-04-09T17:41:42.704+0000] {processor.py:186} INFO - Started process (PID=21529) to work on /opt/airflow/dags/main.py
[2025-04-09T17:41:42.705+0000] {processor.py:914} INFO - Processing file /opt/airflow/dags/main.py for tasks to queue
[2025-04-09T17:41:42.708+0000] {logging_mixin.py:190} INFO - [2025-04-09T17:41:42.707+0000] {dagbag.py:588} INFO - Filling up the DagBag from /opt/airflow/dags/main.py
[2025-04-09T17:41:42.723+0000] {processor.py:925} INFO - DAG(s) 'data_process' retrieved from /opt/airflow/dags/main.py
[2025-04-09T17:41:42.743+0000] {logging_mixin.py:190} INFO - [2025-04-09T17:41:42.742+0000] {dag.py:3239} INFO - Sync 1 DAGs
[2025-04-09T17:41:42.758+0000] {logging_mixin.py:190} INFO - [2025-04-09T17:41:42.758+0000] {dag.py:4180} INFO - Setting next_dagrun for data_process to None, run_after=None
[2025-04-09T17:41:42.776+0000] {processor.py:208} INFO - Processing /opt/airflow/dags/main.py took 0.080 seconds
[2025-04-09T17:42:13.388+0000] {processor.py:186} INFO - Started process (PID=21825) to work on /opt/airflow/dags/main.py
[2025-04-09T17:42:13.389+0000] {processor.py:914} INFO - Processing file /opt/airflow/dags/main.py for tasks to queue
[2025-04-09T17:42:13.391+0000] {logging_mixin.py:190} INFO - [2025-04-09T17:42:13.391+0000] {dagbag.py:588} INFO - Filling up the DagBag from /opt/airflow/dags/main.py
[2025-04-09T17:42:13.402+0000] {processor.py:925} INFO - DAG(s) 'data_process' retrieved from /opt/airflow/dags/main.py
[2025-04-09T17:42:13.417+0000] {logging_mixin.py:190} INFO - [2025-04-09T17:42:13.417+0000] {dag.py:3239} INFO - Sync 1 DAGs
[2025-04-09T17:42:13.430+0000] {logging_mixin.py:190} INFO - [2025-04-09T17:42:13.429+0000] {dag.py:4180} INFO - Setting next_dagrun for data_process to None, run_after=None
[2025-04-09T17:42:13.453+0000] {processor.py:208} INFO - Processing /opt/airflow/dags/main.py took 0.070 seconds
[2025-04-09T17:42:43.796+0000] {processor.py:186} INFO - Started process (PID=22121) to work on /opt/airflow/dags/main.py
[2025-04-09T17:42:43.796+0000] {processor.py:914} INFO - Processing file /opt/airflow/dags/main.py for tasks to queue
[2025-04-09T17:42:43.799+0000] {logging_mixin.py:190} INFO - [2025-04-09T17:42:43.799+0000] {dagbag.py:588} INFO - Filling up the DagBag from /opt/airflow/dags/main.py
[2025-04-09T17:42:43.810+0000] {processor.py:925} INFO - DAG(s) 'data_process' retrieved from /opt/airflow/dags/main.py
[2025-04-09T17:42:43.825+0000] {logging_mixin.py:190} INFO - [2025-04-09T17:42:43.825+0000] {dag.py:3239} INFO - Sync 1 DAGs
[2025-04-09T17:42:43.838+0000] {logging_mixin.py:190} INFO - [2025-04-09T17:42:43.838+0000] {dag.py:4180} INFO - Setting next_dagrun for data_process to None, run_after=None
[2025-04-09T17:42:43.864+0000] {processor.py:208} INFO - Processing /opt/airflow/dags/main.py took 0.073 seconds
[2025-04-09T17:43:14.220+0000] {processor.py:186} INFO - Started process (PID=22417) to work on /opt/airflow/dags/main.py
[2025-04-09T17:43:14.221+0000] {processor.py:914} INFO - Processing file /opt/airflow/dags/main.py for tasks to queue
[2025-04-09T17:43:14.224+0000] {logging_mixin.py:190} INFO - [2025-04-09T17:43:14.223+0000] {dagbag.py:588} INFO - Filling up the DagBag from /opt/airflow/dags/main.py
[2025-04-09T17:43:14.239+0000] {processor.py:925} INFO - DAG(s) 'data_process' retrieved from /opt/airflow/dags/main.py
[2025-04-09T17:43:14.256+0000] {logging_mixin.py:190} INFO - [2025-04-09T17:43:14.255+0000] {dag.py:3239} INFO - Sync 1 DAGs
[2025-04-09T17:43:14.269+0000] {logging_mixin.py:190} INFO - [2025-04-09T17:43:14.269+0000] {dag.py:4180} INFO - Setting next_dagrun for data_process to None, run_after=None
[2025-04-09T17:43:14.289+0000] {processor.py:208} INFO - Processing /opt/airflow/dags/main.py took 0.074 seconds
[2025-04-09T17:43:44.391+0000] {processor.py:186} INFO - Started process (PID=22713) to work on /opt/airflow/dags/main.py
[2025-04-09T17:43:44.392+0000] {processor.py:914} INFO - Processing file /opt/airflow/dags/main.py for tasks to queue
[2025-04-09T17:43:44.394+0000] {logging_mixin.py:190} INFO - [2025-04-09T17:43:44.394+0000] {dagbag.py:588} INFO - Filling up the DagBag from /opt/airflow/dags/main.py
[2025-04-09T17:43:44.405+0000] {processor.py:925} INFO - DAG(s) 'data_process' retrieved from /opt/airflow/dags/main.py
[2025-04-09T17:43:44.419+0000] {logging_mixin.py:190} INFO - [2025-04-09T17:43:44.418+0000] {dag.py:3239} INFO - Sync 1 DAGs
[2025-04-09T17:43:44.429+0000] {logging_mixin.py:190} INFO - [2025-04-09T17:43:44.429+0000] {dag.py:4180} INFO - Setting next_dagrun for data_process to None, run_after=None
[2025-04-09T17:43:44.443+0000] {processor.py:208} INFO - Processing /opt/airflow/dags/main.py took 0.056 seconds
[2025-04-09T17:44:14.706+0000] {processor.py:186} INFO - Started process (PID=23009) to work on /opt/airflow/dags/main.py
[2025-04-09T17:44:14.707+0000] {processor.py:914} INFO - Processing file /opt/airflow/dags/main.py for tasks to queue
[2025-04-09T17:44:14.709+0000] {logging_mixin.py:190} INFO - [2025-04-09T17:44:14.709+0000] {dagbag.py:588} INFO - Filling up the DagBag from /opt/airflow/dags/main.py
[2025-04-09T17:44:14.719+0000] {processor.py:925} INFO - DAG(s) 'data_process' retrieved from /opt/airflow/dags/main.py
[2025-04-09T17:44:14.732+0000] {logging_mixin.py:190} INFO - [2025-04-09T17:44:14.731+0000] {dag.py:3239} INFO - Sync 1 DAGs
[2025-04-09T17:44:14.742+0000] {logging_mixin.py:190} INFO - [2025-04-09T17:44:14.742+0000] {dag.py:4180} INFO - Setting next_dagrun for data_process to None, run_after=None
[2025-04-09T17:44:14.755+0000] {processor.py:208} INFO - Processing /opt/airflow/dags/main.py took 0.054 seconds
[2025-04-09T17:44:44.888+0000] {processor.py:186} INFO - Started process (PID=23305) to work on /opt/airflow/dags/main.py
[2025-04-09T17:44:44.888+0000] {processor.py:914} INFO - Processing file /opt/airflow/dags/main.py for tasks to queue
[2025-04-09T17:44:44.891+0000] {logging_mixin.py:190} INFO - [2025-04-09T17:44:44.890+0000] {dagbag.py:588} INFO - Filling up the DagBag from /opt/airflow/dags/main.py
[2025-04-09T17:44:44.901+0000] {processor.py:925} INFO - DAG(s) 'data_process' retrieved from /opt/airflow/dags/main.py
[2025-04-09T17:44:44.916+0000] {logging_mixin.py:190} INFO - [2025-04-09T17:44:44.915+0000] {dag.py:3239} INFO - Sync 1 DAGs
[2025-04-09T17:44:44.927+0000] {logging_mixin.py:190} INFO - [2025-04-09T17:44:44.926+0000] {dag.py:4180} INFO - Setting next_dagrun for data_process to None, run_after=None
[2025-04-09T17:44:44.948+0000] {processor.py:208} INFO - Processing /opt/airflow/dags/main.py took 0.065 seconds
[2025-04-09T17:45:15.311+0000] {processor.py:186} INFO - Started process (PID=23601) to work on /opt/airflow/dags/main.py
[2025-04-09T17:45:15.312+0000] {processor.py:914} INFO - Processing file /opt/airflow/dags/main.py for tasks to queue
[2025-04-09T17:45:15.314+0000] {logging_mixin.py:190} INFO - [2025-04-09T17:45:15.314+0000] {dagbag.py:588} INFO - Filling up the DagBag from /opt/airflow/dags/main.py
[2025-04-09T17:45:15.323+0000] {processor.py:925} INFO - DAG(s) 'data_process' retrieved from /opt/airflow/dags/main.py
[2025-04-09T17:45:15.336+0000] {logging_mixin.py:190} INFO - [2025-04-09T17:45:15.336+0000] {dag.py:3239} INFO - Sync 1 DAGs
[2025-04-09T17:45:15.347+0000] {logging_mixin.py:190} INFO - [2025-04-09T17:45:15.347+0000] {dag.py:4180} INFO - Setting next_dagrun for data_process to None, run_after=None
[2025-04-09T17:45:15.368+0000] {processor.py:208} INFO - Processing /opt/airflow/dags/main.py took 0.061 seconds
[2025-04-09T17:45:45.656+0000] {processor.py:186} INFO - Started process (PID=23897) to work on /opt/airflow/dags/main.py
[2025-04-09T17:45:45.657+0000] {processor.py:914} INFO - Processing file /opt/airflow/dags/main.py for tasks to queue
[2025-04-09T17:45:45.659+0000] {logging_mixin.py:190} INFO - [2025-04-09T17:45:45.659+0000] {dagbag.py:588} INFO - Filling up the DagBag from /opt/airflow/dags/main.py
[2025-04-09T17:45:45.668+0000] {processor.py:925} INFO - DAG(s) 'data_process' retrieved from /opt/airflow/dags/main.py
[2025-04-09T17:45:45.681+0000] {logging_mixin.py:190} INFO - [2025-04-09T17:45:45.680+0000] {dag.py:3239} INFO - Sync 1 DAGs
[2025-04-09T17:45:45.691+0000] {logging_mixin.py:190} INFO - [2025-04-09T17:45:45.691+0000] {dag.py:4180} INFO - Setting next_dagrun for data_process to None, run_after=None
[2025-04-09T17:45:45.718+0000] {processor.py:208} INFO - Processing /opt/airflow/dags/main.py took 0.066 seconds
[2025-04-09T17:46:15.965+0000] {processor.py:186} INFO - Started process (PID=24193) to work on /opt/airflow/dags/main.py
[2025-04-09T17:46:15.966+0000] {processor.py:914} INFO - Processing file /opt/airflow/dags/main.py for tasks to queue
[2025-04-09T17:46:15.968+0000] {logging_mixin.py:190} INFO - [2025-04-09T17:46:15.967+0000] {dagbag.py:588} INFO - Filling up the DagBag from /opt/airflow/dags/main.py
[2025-04-09T17:46:15.977+0000] {processor.py:925} INFO - DAG(s) 'data_process' retrieved from /opt/airflow/dags/main.py
[2025-04-09T17:46:15.990+0000] {logging_mixin.py:190} INFO - [2025-04-09T17:46:15.990+0000] {dag.py:3239} INFO - Sync 1 DAGs
[2025-04-09T17:46:16.001+0000] {logging_mixin.py:190} INFO - [2025-04-09T17:46:16.001+0000] {dag.py:4180} INFO - Setting next_dagrun for data_process to None, run_after=None
[2025-04-09T17:46:16.022+0000] {processor.py:208} INFO - Processing /opt/airflow/dags/main.py took 0.062 seconds
[2025-04-09T17:46:46.241+0000] {processor.py:186} INFO - Started process (PID=24489) to work on /opt/airflow/dags/main.py
[2025-04-09T17:46:46.242+0000] {processor.py:914} INFO - Processing file /opt/airflow/dags/main.py for tasks to queue
[2025-04-09T17:46:46.243+0000] {logging_mixin.py:190} INFO - [2025-04-09T17:46:46.243+0000] {dagbag.py:588} INFO - Filling up the DagBag from /opt/airflow/dags/main.py
[2025-04-09T17:46:46.254+0000] {processor.py:925} INFO - DAG(s) 'data_process' retrieved from /opt/airflow/dags/main.py
[2025-04-09T17:46:46.267+0000] {logging_mixin.py:190} INFO - [2025-04-09T17:46:46.267+0000] {dag.py:3239} INFO - Sync 1 DAGs
[2025-04-09T17:46:46.280+0000] {logging_mixin.py:190} INFO - [2025-04-09T17:46:46.280+0000] {dag.py:4180} INFO - Setting next_dagrun for data_process to None, run_after=None
[2025-04-09T17:46:46.301+0000] {processor.py:208} INFO - Processing /opt/airflow/dags/main.py took 0.065 seconds
[2025-04-09T17:47:16.508+0000] {processor.py:186} INFO - Started process (PID=24785) to work on /opt/airflow/dags/main.py
[2025-04-09T17:47:16.508+0000] {processor.py:914} INFO - Processing file /opt/airflow/dags/main.py for tasks to queue
[2025-04-09T17:47:16.510+0000] {logging_mixin.py:190} INFO - [2025-04-09T17:47:16.510+0000] {dagbag.py:588} INFO - Filling up the DagBag from /opt/airflow/dags/main.py
[2025-04-09T17:47:16.520+0000] {processor.py:925} INFO - DAG(s) 'data_process' retrieved from /opt/airflow/dags/main.py
[2025-04-09T17:47:16.533+0000] {logging_mixin.py:190} INFO - [2025-04-09T17:47:16.533+0000] {dag.py:3239} INFO - Sync 1 DAGs
[2025-04-09T17:47:16.544+0000] {logging_mixin.py:190} INFO - [2025-04-09T17:47:16.544+0000] {dag.py:4180} INFO - Setting next_dagrun for data_process to None, run_after=None
[2025-04-09T17:47:16.567+0000] {processor.py:208} INFO - Processing /opt/airflow/dags/main.py took 0.064 seconds
[2025-04-09T17:47:47.104+0000] {processor.py:186} INFO - Started process (PID=25081) to work on /opt/airflow/dags/main.py
[2025-04-09T17:47:47.104+0000] {processor.py:914} INFO - Processing file /opt/airflow/dags/main.py for tasks to queue
[2025-04-09T17:47:47.106+0000] {logging_mixin.py:190} INFO - [2025-04-09T17:47:47.106+0000] {dagbag.py:588} INFO - Filling up the DagBag from /opt/airflow/dags/main.py
[2025-04-09T17:47:47.116+0000] {processor.py:925} INFO - DAG(s) 'data_process' retrieved from /opt/airflow/dags/main.py
[2025-04-09T17:47:47.129+0000] {logging_mixin.py:190} INFO - [2025-04-09T17:47:47.129+0000] {dag.py:3239} INFO - Sync 1 DAGs
[2025-04-09T17:47:47.139+0000] {logging_mixin.py:190} INFO - [2025-04-09T17:47:47.139+0000] {dag.py:4180} INFO - Setting next_dagrun for data_process to None, run_after=None
[2025-04-09T17:47:47.152+0000] {processor.py:208} INFO - Processing /opt/airflow/dags/main.py took 0.055 seconds
[2025-04-09T17:48:17.224+0000] {processor.py:186} INFO - Started process (PID=25377) to work on /opt/airflow/dags/main.py
[2025-04-09T17:48:17.224+0000] {processor.py:914} INFO - Processing file /opt/airflow/dags/main.py for tasks to queue
[2025-04-09T17:48:17.226+0000] {logging_mixin.py:190} INFO - [2025-04-09T17:48:17.226+0000] {dagbag.py:588} INFO - Filling up the DagBag from /opt/airflow/dags/main.py
[2025-04-09T17:48:17.238+0000] {processor.py:925} INFO - DAG(s) 'data_process' retrieved from /opt/airflow/dags/main.py
[2025-04-09T17:48:17.252+0000] {logging_mixin.py:190} INFO - [2025-04-09T17:48:17.252+0000] {dag.py:3239} INFO - Sync 1 DAGs
[2025-04-09T17:48:17.265+0000] {logging_mixin.py:190} INFO - [2025-04-09T17:48:17.265+0000] {dag.py:4180} INFO - Setting next_dagrun for data_process to None, run_after=None
[2025-04-09T17:48:17.290+0000] {processor.py:208} INFO - Processing /opt/airflow/dags/main.py took 0.071 seconds
[2025-04-09T17:48:47.357+0000] {processor.py:186} INFO - Started process (PID=25673) to work on /opt/airflow/dags/main.py
[2025-04-09T17:48:47.358+0000] {processor.py:914} INFO - Processing file /opt/airflow/dags/main.py for tasks to queue
[2025-04-09T17:48:47.360+0000] {logging_mixin.py:190} INFO - [2025-04-09T17:48:47.360+0000] {dagbag.py:588} INFO - Filling up the DagBag from /opt/airflow/dags/main.py
[2025-04-09T17:48:47.371+0000] {processor.py:925} INFO - DAG(s) 'data_process' retrieved from /opt/airflow/dags/main.py
[2025-04-09T17:48:47.384+0000] {logging_mixin.py:190} INFO - [2025-04-09T17:48:47.383+0000] {dag.py:3239} INFO - Sync 1 DAGs
[2025-04-09T17:48:47.395+0000] {logging_mixin.py:190} INFO - [2025-04-09T17:48:47.395+0000] {dag.py:4180} INFO - Setting next_dagrun for data_process to None, run_after=None
[2025-04-09T17:48:47.408+0000] {processor.py:208} INFO - Processing /opt/airflow/dags/main.py took 0.055 seconds
